[INFO ] 2024-05-20 16:13:07.962 [main] Testhooks - Execution Started
[INFO ] 2024-05-20 16:13:08.916 [main] Testhooks - Browser got launched
[INFO ] 2024-05-20 16:13:13.752 [main] Testhooks - Navigated to url
[INFO ] 2024-05-20 16:13:14.071 [main] Testhooks - Page is zoomed out
[INFO ] 2024-05-20 16:13:15.202 [main] Signinpage - User enters valid email address
[INFO ] 2024-05-20 16:13:15.283 [main] Signinpage - User enters valid password
[INFO ] 2024-05-20 16:13:15.340 [main] Signinpage - User clicks on signin button
[INFO ] 2024-05-20 16:13:15.340 [main] Members - >> Admin/User got logged in >>
[INFO ] 2024-05-20 16:13:15.554 [main] Testhooks - Passed scenario screenshot captured: To verify the members feature personal profile updation
[INFO ] 2024-05-20 16:13:17.791 [main] Memberspage - >> Admin/User got navigated to dashboard page
[INFO ] 2024-05-20 16:13:17.944 [main] Testhooks - Passed scenario screenshot captured: To verify the members feature personal profile updation
[INFO ] 2024-05-20 16:13:19.390 [main] Memberspage - >> Admin/User got navigated to members page
[INFO ] 2024-05-20 16:13:19.474 [main] Testhooks - Passed scenario screenshot captured: To verify the members feature personal profile updation
[INFO ] 2024-05-20 16:13:19.962 [main] Testhooks - Passed scenario screenshot captured: To verify the members feature personal profile updation
[INFO ] 2024-05-20 16:13:20.347 [main] Testhooks - Passed scenario screenshot captured: To verify the members feature personal profile updation
[INFO ] 2024-05-20 16:13:20.674 [main] Testhooks - Passed scenario screenshot captured: To verify the members feature personal profile updation
[INFO ] 2024-05-20 16:13:21.898 [main] Testhooks - Passed scenario screenshot captured: To verify the members feature personal profile updation
[INFO ] 2024-05-20 16:13:22.145 [main] Testhooks - Failed scenario screenshot got capturedTo verify the members feature personal profile updation
[INFO ] 2024-05-20 16:13:22.225 [main] Testhooks - Browser got closed
[INFO ] 2024-05-20 16:25:41.972 [main] Testhooks - Execution Started
[INFO ] 2024-05-20 16:25:42.926 [main] Testhooks - Browser got launched
[INFO ] 2024-05-20 16:25:49.297 [main] Testhooks - Navigated to url
[INFO ] 2024-05-20 16:25:49.433 [main] Testhooks - Page is zoomed out
[INFO ] 2024-05-20 16:25:50.564 [main] Signinpage - User enters valid email address
[INFO ] 2024-05-20 16:25:50.645 [main] Signinpage - User enters valid password
[INFO ] 2024-05-20 16:25:50.704 [main] Signinpage - User clicks on signin button
[INFO ] 2024-05-20 16:25:50.704 [main] Members - >> Admin/User got logged in >>
[INFO ] 2024-05-20 16:25:50.890 [main] Testhooks - Passed scenario screenshot captured: To verify the members feature personal profile updation
[INFO ] 2024-05-20 16:25:53.370 [main] Memberspage - >> Admin/User got navigated to dashboard page
[INFO ] 2024-05-20 16:25:53.503 [main] Testhooks - Passed scenario screenshot captured: To verify the members feature personal profile updation
[INFO ] 2024-05-20 16:25:54.865 [main] Memberspage - >> Admin/User got navigated to members page
[INFO ] 2024-05-20 16:25:54.965 [main] Testhooks - Passed scenario screenshot captured: To verify the members feature personal profile updation
[INFO ] 2024-05-20 16:25:55.439 [main] Testhooks - Passed scenario screenshot captured: To verify the members feature personal profile updation
[INFO ] 2024-05-20 16:25:55.775 [main] Testhooks - Passed scenario screenshot captured: To verify the members feature personal profile updation
[INFO ] 2024-05-20 16:25:56.057 [main] Testhooks - Passed scenario screenshot captured: To verify the members feature personal profile updation
[INFO ] 2024-05-20 16:25:57.221 [main] Testhooks - Passed scenario screenshot captured: To verify the members feature personal profile updation
[INFO ] 2024-05-20 16:25:57.348 [main] Testhooks - Failed scenario screenshot got capturedTo verify the members feature personal profile updation
[INFO ] 2024-05-20 16:25:57.425 [main] Testhooks - Browser got closed
[INFO ] 2024-05-20 16:28:23.464 [main] Testhooks - Execution Started
[INFO ] 2024-05-20 16:28:24.331 [main] Testhooks - Browser got launched
[INFO ] 2024-05-20 16:28:31.143 [main] Testhooks - Navigated to url
[INFO ] 2024-05-20 16:28:31.278 [main] Testhooks - Page is zoomed out
[INFO ] 2024-05-20 16:28:32.405 [main] Signinpage - User enters valid email address
[INFO ] 2024-05-20 16:28:32.503 [main] Signinpage - User enters valid password
[INFO ] 2024-05-20 16:28:32.568 [main] Signinpage - User clicks on signin button
[INFO ] 2024-05-20 16:28:32.569 [main] Members - >> Admin/User got logged in >>
[INFO ] 2024-05-20 16:28:32.753 [main] Testhooks - Passed scenario screenshot captured: To verify the members feature personal profile updation
[INFO ] 2024-05-20 16:28:35.031 [main] Memberspage - >> Admin/User got navigated to dashboard page
[INFO ] 2024-05-20 16:28:35.188 [main] Testhooks - Passed scenario screenshot captured: To verify the members feature personal profile updation
[INFO ] 2024-05-20 16:28:37.578 [main] Memberspage - >> Admin/User got navigated to members page
[INFO ] 2024-05-20 16:28:37.688 [main] Testhooks - Passed scenario screenshot captured: To verify the members feature personal profile updation
[INFO ] 2024-05-20 16:28:38.149 [main] Testhooks - Passed scenario screenshot captured: To verify the members feature personal profile updation
[INFO ] 2024-05-20 16:28:38.515 [main] Testhooks - Passed scenario screenshot captured: To verify the members feature personal profile updation
[INFO ] 2024-05-20 16:28:38.806 [main] Testhooks - Passed scenario screenshot captured: To verify the members feature personal profile updation
[INFO ] 2024-05-20 16:28:39.987 [main] Testhooks - Passed scenario screenshot captured: To verify the members feature personal profile updation
[INFO ] 2024-05-20 16:28:40.118 [main] Testhooks - Failed scenario screenshot got capturedTo verify the members feature personal profile updation
[INFO ] 2024-05-20 16:28:40.196 [main] Testhooks - Browser got closed
[INFO ] 2024-05-20 16:32:26.028 [main] Testhooks - Execution Started
[INFO ] 2024-05-20 16:32:26.925 [main] Testhooks - Browser got launched
[INFO ] 2024-05-20 16:32:31.521 [main] Testhooks - Navigated to url
[INFO ] 2024-05-20 16:32:31.655 [main] Testhooks - Page is zoomed out
[INFO ] 2024-05-20 16:32:32.780 [main] Signinpage - User enters valid email address
[INFO ] 2024-05-20 16:32:32.859 [main] Signinpage - User enters valid password
[INFO ] 2024-05-20 16:32:32.923 [main] Signinpage - User clicks on signin button
[INFO ] 2024-05-20 16:32:32.923 [main] Members - >> Admin/User got logged in >>
[INFO ] 2024-05-20 16:32:33.108 [main] Testhooks - Passed scenario screenshot captured: To verify the members feature personal profile updation
[INFO ] 2024-05-20 16:32:35.389 [main] Memberspage - >> Admin/User got navigated to dashboard page
[INFO ] 2024-05-20 16:32:35.545 [main] Testhooks - Passed scenario screenshot captured: To verify the members feature personal profile updation
[INFO ] 2024-05-20 16:32:37.922 [main] Memberspage - >> Admin/User got navigated to members page
[INFO ] 2024-05-20 16:32:38.018 [main] Testhooks - Passed scenario screenshot captured: To verify the members feature personal profile updation
[INFO ] 2024-05-20 16:32:38.470 [main] Testhooks - Passed scenario screenshot captured: To verify the members feature personal profile updation
[INFO ] 2024-05-20 16:32:38.778 [main] Testhooks - Passed scenario screenshot captured: To verify the members feature personal profile updation
[INFO ] 2024-05-20 16:32:39.104 [main] Testhooks - Passed scenario screenshot captured: To verify the members feature personal profile updation
[INFO ] 2024-05-20 16:32:40.333 [main] Testhooks - Passed scenario screenshot captured: To verify the members feature personal profile updation
[INFO ] 2024-05-20 16:32:40.469 [main] Testhooks - Failed scenario screenshot got capturedTo verify the members feature personal profile updation
[INFO ] 2024-05-20 16:32:40.545 [main] Testhooks - Browser got closed
[INFO ] 2024-05-20 16:35:03.140 [main] Testhooks - Execution Started
[INFO ] 2024-05-20 16:35:04.048 [main] Testhooks - Browser got launched
[INFO ] 2024-05-20 16:35:08.166 [main] Testhooks - Navigated to url
[INFO ] 2024-05-20 16:35:08.300 [main] Testhooks - Page is zoomed out
[INFO ] 2024-05-20 16:35:09.427 [main] Signinpage - User enters valid email address
[INFO ] 2024-05-20 16:35:09.507 [main] Signinpage - User enters valid password
[INFO ] 2024-05-20 16:35:09.563 [main] Signinpage - User clicks on signin button
[INFO ] 2024-05-20 16:35:09.563 [main] Members - >> Admin/User got logged in >>
[INFO ] 2024-05-20 16:35:09.749 [main] Testhooks - Passed scenario screenshot captured: To verify the members feature personal profile updation
[INFO ] 2024-05-20 16:35:12.039 [main] Memberspage - >> Admin/User got navigated to dashboard page
[INFO ] 2024-05-20 16:35:12.200 [main] Testhooks - Passed scenario screenshot captured: To verify the members feature personal profile updation
[INFO ] 2024-05-20 16:35:13.933 [main] Memberspage - >> Admin/User got navigated to members page
[INFO ] 2024-05-20 16:35:14.016 [main] Testhooks - Passed scenario screenshot captured: To verify the members feature personal profile updation
[INFO ] 2024-05-20 16:35:14.486 [main] Testhooks - Passed scenario screenshot captured: To verify the members feature personal profile updation
[INFO ] 2024-05-20 16:35:14.851 [main] Testhooks - Passed scenario screenshot captured: To verify the members feature personal profile updation
[INFO ] 2024-05-20 16:35:15.208 [main] Testhooks - Passed scenario screenshot captured: To verify the members feature personal profile updation
[INFO ] 2024-05-20 16:35:16.404 [main] Testhooks - Passed scenario screenshot captured: To verify the members feature personal profile updation
[INFO ] 2024-05-20 16:35:16.537 [main] Testhooks - Failed scenario screenshot got capturedTo verify the members feature personal profile updation
[INFO ] 2024-05-20 16:35:16.616 [main] Testhooks - Browser got closed
[INFO ] 2024-05-20 16:35:46.631 [main] Testhooks - Execution Started
[INFO ] 2024-05-20 16:35:47.536 [main] Testhooks - Browser got launched
[INFO ] 2024-05-20 16:35:51.593 [main] Testhooks - Navigated to url
[INFO ] 2024-05-20 16:35:51.733 [main] Testhooks - Page is zoomed out
[INFO ] 2024-05-20 16:35:52.861 [main] Signinpage - User enters valid email address
[INFO ] 2024-05-20 16:35:52.943 [main] Signinpage - User enters valid password
[INFO ] 2024-05-20 16:35:53.001 [main] Signinpage - User clicks on signin button
[INFO ] 2024-05-20 16:35:53.001 [main] Members - >> Admin/User got logged in >>
[INFO ] 2024-05-20 16:35:53.192 [main] Testhooks - Passed scenario screenshot captured: To verify the members feature personal profile updation
[INFO ] 2024-05-20 16:35:55.544 [main] Memberspage - >> Admin/User got navigated to dashboard page
[INFO ] 2024-05-20 16:35:55.735 [main] Testhooks - Passed scenario screenshot captured: To verify the members feature personal profile updation
[INFO ] 2024-05-20 16:35:57.223 [main] Memberspage - >> Admin/User got navigated to members page
[INFO ] 2024-05-20 16:35:57.319 [main] Testhooks - Passed scenario screenshot captured: To verify the members feature personal profile updation
[INFO ] 2024-05-20 16:35:57.818 [main] Testhooks - Passed scenario screenshot captured: To verify the members feature personal profile updation
[INFO ] 2024-05-20 16:35:58.121 [main] Testhooks - Passed scenario screenshot captured: To verify the members feature personal profile updation
[INFO ] 2024-05-20 16:35:58.459 [main] Testhooks - Passed scenario screenshot captured: To verify the members feature personal profile updation
[INFO ] 2024-05-20 16:35:59.623 [main] Testhooks - Passed scenario screenshot captured: To verify the members feature personal profile updation
[INFO ] 2024-05-20 16:35:59.754 [main] Testhooks - Failed scenario screenshot got capturedTo verify the members feature personal profile updation
[INFO ] 2024-05-20 16:35:59.831 [main] Testhooks - Browser got closed
[INFO ] 2024-05-20 16:37:04.995 [main] Testhooks - Execution Started
[INFO ] 2024-05-20 16:37:05.888 [main] Testhooks - Browser got launched
[INFO ] 2024-05-20 16:37:09.975 [main] Testhooks - Navigated to url
[INFO ] 2024-05-20 16:37:10.117 [main] Testhooks - Page is zoomed out
[INFO ] 2024-05-20 16:37:11.246 [main] Signinpage - User enters valid email address
[INFO ] 2024-05-20 16:37:11.327 [main] Signinpage - User enters valid password
[INFO ] 2024-05-20 16:37:11.384 [main] Signinpage - User clicks on signin button
[INFO ] 2024-05-20 16:37:11.384 [main] Members - >> Admin/User got logged in >>
[INFO ] 2024-05-20 16:37:11.549 [main] Testhooks - Passed scenario screenshot captured: To verify the members feature personal profile updation
[INFO ] 2024-05-20 16:37:14.035 [main] Memberspage - >> Admin/User got navigated to dashboard page
[INFO ] 2024-05-20 16:37:14.164 [main] Testhooks - Passed scenario screenshot captured: To verify the members feature personal profile updation
[INFO ] 2024-05-20 16:37:15.527 [main] Memberspage - >> Admin/User got navigated to members page
[INFO ] 2024-05-20 16:37:15.609 [main] Testhooks - Passed scenario screenshot captured: To verify the members feature personal profile updation
[INFO ] 2024-05-20 16:37:16.069 [main] Testhooks - Passed scenario screenshot captured: To verify the members feature personal profile updation
[INFO ] 2024-05-20 16:37:16.378 [main] Testhooks - Passed scenario screenshot captured: To verify the members feature personal profile updation
[INFO ] 2024-05-20 16:37:16.701 [main] Testhooks - Passed scenario screenshot captured: To verify the members feature personal profile updation
[INFO ] 2024-05-20 16:37:17.887 [main] Testhooks - Passed scenario screenshot captured: To verify the members feature personal profile updation
[INFO ] 2024-05-20 16:37:18.017 [main] Testhooks - Failed scenario screenshot got capturedTo verify the members feature personal profile updation
[INFO ] 2024-05-20 16:37:18.092 [main] Testhooks - Browser got closed
[INFO ] 2024-05-20 16:40:20.832 [main] Testhooks - Execution Started
[INFO ] 2024-05-20 16:40:21.715 [main] Testhooks - Browser got launched
[INFO ] 2024-05-20 16:40:25.796 [main] Testhooks - Navigated to url
[INFO ] 2024-05-20 16:40:25.939 [main] Testhooks - Page is zoomed out
[INFO ] 2024-05-20 16:40:27.066 [main] Signinpage - User enters valid email address
[INFO ] 2024-05-20 16:40:27.144 [main] Signinpage - User enters valid password
[INFO ] 2024-05-20 16:40:27.201 [main] Signinpage - User clicks on signin button
[INFO ] 2024-05-20 16:40:27.201 [main] Members - >> Admin/User got logged in >>
[INFO ] 2024-05-20 16:40:27.400 [main] Testhooks - Passed scenario screenshot captured: To verify the members feature personal profile updation
[INFO ] 2024-05-20 16:40:29.679 [main] Memberspage - >> Admin/User got navigated to dashboard page
[INFO ] 2024-05-20 16:40:29.800 [main] Testhooks - Passed scenario screenshot captured: To verify the members feature personal profile updation
[INFO ] 2024-05-20 16:40:32.894 [main] Memberspage - >> Admin/User got navigated to members page
[INFO ] 2024-05-20 16:40:32.968 [main] Testhooks - Passed scenario screenshot captured: To verify the members feature personal profile updation
[INFO ] 2024-05-20 16:40:34.504 [main] Testhooks - Passed scenario screenshot captured: To verify the members feature personal profile updation
[INFO ] 2024-05-20 16:40:34.885 [main] Testhooks - Passed scenario screenshot captured: To verify the members feature personal profile updation
[INFO ] 2024-05-20 16:40:35.222 [main] Testhooks - Passed scenario screenshot captured: To verify the members feature personal profile updation
[INFO ] 2024-05-20 16:40:36.392 [main] Testhooks - Passed scenario screenshot captured: To verify the members feature personal profile updation
[INFO ] 2024-05-20 16:40:46.543 [main] Testhooks - Failed scenario screenshot got capturedTo verify the members feature personal profile updation
[INFO ] 2024-05-20 16:40:46.627 [main] Testhooks - Browser got closed
[INFO ] 2024-05-20 17:24:27.630 [main] Testhooks - Execution Started
[INFO ] 2024-05-20 17:24:28.494 [main] Testhooks - Browser got launched
[INFO ] 2024-05-20 17:24:32.653 [main] Testhooks - Navigated to url
[INFO ] 2024-05-20 17:24:32.797 [main] Testhooks - Page is zoomed out
[INFO ] 2024-05-20 17:24:33.915 [main] Signinpage - User enters valid email address
[INFO ] 2024-05-20 17:24:33.997 [main] Signinpage - User enters valid password
[INFO ] 2024-05-20 17:24:34.053 [main] Signinpage - User clicks on signin button
[INFO ] 2024-05-20 17:24:34.053 [main] Members - >> Admin/User got logged in >>
[INFO ] 2024-05-20 17:24:34.269 [main] Testhooks - Passed scenario screenshot captured: To verify the members feature personal profile updation
[INFO ] 2024-05-20 17:24:36.504 [main] Memberspage - >> Admin/User got navigated to dashboard page
[INFO ] 2024-05-20 17:24:36.714 [main] Testhooks - Passed scenario screenshot captured: To verify the members feature personal profile updation
[INFO ] 2024-05-20 17:24:38.192 [main] Memberspage - >> Admin/User got navigated to members page
[INFO ] 2024-05-20 17:24:38.285 [main] Testhooks - Passed scenario screenshot captured: To verify the members feature personal profile updation
[INFO ] 2024-05-20 17:24:38.754 [main] Testhooks - Passed scenario screenshot captured: To verify the members feature personal profile updation
[INFO ] 2024-05-20 17:24:39.020 [main] Testhooks - Passed scenario screenshot captured: To verify the members feature personal profile updation
[INFO ] 2024-05-20 17:24:39.362 [main] Testhooks - Passed scenario screenshot captured: To verify the members feature personal profile updation
[INFO ] 2024-05-20 17:24:40.532 [main] Testhooks - Passed scenario screenshot captured: To verify the members feature personal profile updation
[INFO ] 2024-05-20 17:24:40.664 [main] Testhooks - Failed scenario screenshot got capturedTo verify the members feature personal profile updation
[INFO ] 2024-05-20 17:24:40.741 [main] Testhooks - Browser got closed
[INFO ] 2024-05-20 17:30:04.591 [main] Testhooks - Execution Started
[INFO ] 2024-05-20 17:30:05.481 [main] Testhooks - Browser got launched
[INFO ] 2024-05-20 17:30:09.586 [main] Testhooks - Navigated to url
[INFO ] 2024-05-20 17:30:09.733 [main] Testhooks - Page is zoomed out
[INFO ] 2024-05-20 17:30:10.864 [main] Signinpage - User enters valid email address
[INFO ] 2024-05-20 17:30:10.946 [main] Signinpage - User enters valid password
[INFO ] 2024-05-20 17:30:11.003 [main] Signinpage - User clicks on signin button
[INFO ] 2024-05-20 17:30:11.003 [main] Members - >> Admin/User got logged in >>
[INFO ] 2024-05-20 17:30:11.194 [main] Testhooks - Passed scenario screenshot captured: To verify the members feature personal profile updation
[INFO ] 2024-05-20 17:30:13.577 [main] Memberspage - >> Admin/User got navigated to dashboard page
[INFO ] 2024-05-20 17:30:13.774 [main] Testhooks - Passed scenario screenshot captured: To verify the members feature personal profile updation
[INFO ] 2024-05-20 17:30:15.149 [main] Memberspage - >> Admin/User got navigated to members page
[INFO ] 2024-05-20 17:30:15.255 [main] Testhooks - Passed scenario screenshot captured: To verify the members feature personal profile updation
[INFO ] 2024-05-20 17:30:15.733 [main] Testhooks - Passed scenario screenshot captured: To verify the members feature personal profile updation
[INFO ] 2024-05-20 17:30:16.109 [main] Testhooks - Passed scenario screenshot captured: To verify the members feature personal profile updation
[INFO ] 2024-05-20 17:30:16.435 [main] Testhooks - Passed scenario screenshot captured: To verify the members feature personal profile updation
[INFO ] 2024-05-20 17:30:17.610 [main] Testhooks - Passed scenario screenshot captured: To verify the members feature personal profile updation
[INFO ] 2024-05-20 17:30:17.734 [main] Testhooks - Passed scenario screenshot captured: To verify the members feature personal profile updation
[INFO ] 2024-05-20 17:30:17.812 [main] Testhooks - Browser got closed
[INFO ] 2024-05-20 17:37:36.503 [main] Testhooks - Execution Started
[INFO ] 2024-05-20 17:37:37.365 [main] Testhooks - Browser got launched
[INFO ] 2024-05-20 17:37:41.496 [main] Testhooks - Navigated to url
[INFO ] 2024-05-20 17:37:41.638 [main] Testhooks - Page is zoomed out
[INFO ] 2024-05-20 17:37:42.770 [main] Signinpage - User enters valid email address
[INFO ] 2024-05-20 17:37:42.854 [main] Signinpage - User enters valid password
[INFO ] 2024-05-20 17:37:42.915 [main] Signinpage - User clicks on signin button
[INFO ] 2024-05-20 17:37:42.916 [main] Members - >> Admin/User got logged in >>
[INFO ] 2024-05-20 17:37:43.107 [main] Testhooks - Passed scenario screenshot captured: To verify the members feature personal profile updation
[INFO ] 2024-05-20 17:37:45.494 [main] Memberspage - >> Admin/User got navigated to dashboard page
[INFO ] 2024-05-20 17:37:45.651 [main] Testhooks - Passed scenario screenshot captured: To verify the members feature personal profile updation
[INFO ] 2024-05-20 17:37:47.000 [main] Memberspage - >> Admin/User got navigated to members page
[INFO ] 2024-05-20 17:37:47.087 [main] Testhooks - Passed scenario screenshot captured: To verify the members feature personal profile updation
[INFO ] 2024-05-20 17:37:47.619 [main] Testhooks - Passed scenario screenshot captured: To verify the members feature personal profile updation
[INFO ] 2024-05-20 17:37:48.009 [main] Testhooks - Passed scenario screenshot captured: To verify the members feature personal profile updation
[INFO ] 2024-05-20 17:37:48.362 [main] Testhooks - Passed scenario screenshot captured: To verify the members feature personal profile updation
[INFO ] 2024-05-20 17:37:49.539 [main] Testhooks - Passed scenario screenshot captured: To verify the members feature personal profile updation
[INFO ] 2024-05-20 17:37:49.659 [main] Testhooks - Passed scenario screenshot captured: To verify the members feature personal profile updation
[INFO ] 2024-05-20 17:37:49.736 [main] Testhooks - Browser got closed
[INFO ] 2024-05-20 17:51:00.976 [main] Testhooks - Execution Started
[INFO ] 2024-05-20 17:51:01.877 [main] Testhooks - Browser got launched
[INFO ] 2024-05-20 17:51:05.963 [main] Testhooks - Navigated to url
[INFO ] 2024-05-20 17:51:06.093 [main] Testhooks - Page is zoomed out
[INFO ] 2024-05-20 17:51:07.222 [main] Signinpage - User enters valid email address
[INFO ] 2024-05-20 17:51:07.306 [main] Signinpage - User enters valid password
[INFO ] 2024-05-20 17:51:07.361 [main] Signinpage - User clicks on signin button
[INFO ] 2024-05-20 17:51:07.361 [main] Members - >> Admin/User got logged in >>
[INFO ] 2024-05-20 17:51:07.563 [main] Testhooks - Passed scenario screenshot captured: To verify the members feature personal profile updation
[INFO ] 2024-05-20 17:51:09.941 [main] Memberspage - >> Admin/User got navigated to dashboard page
[INFO ] 2024-05-20 17:51:10.110 [main] Testhooks - Passed scenario screenshot captured: To verify the members feature personal profile updation
[INFO ] 2024-05-20 17:51:11.687 [main] Memberspage - >> Admin/User got navigated to members page
[INFO ] 2024-05-20 17:51:11.773 [main] Testhooks - Passed scenario screenshot captured: To verify the members feature personal profile updation
[INFO ] 2024-05-20 17:51:12.235 [main] Testhooks - Passed scenario screenshot captured: To verify the members feature personal profile updation
[INFO ] 2024-05-20 17:51:12.546 [main] Testhooks - Passed scenario screenshot captured: To verify the members feature personal profile updation
[INFO ] 2024-05-20 17:51:12.890 [main] Testhooks - Passed scenario screenshot captured: To verify the members feature personal profile updation
[INFO ] 2024-05-20 17:51:14.082 [main] Testhooks - Passed scenario screenshot captured: To verify the members feature personal profile updation
[INFO ] 2024-05-20 17:51:14.194 [main] Testhooks - Passed scenario screenshot captured: To verify the members feature personal profile updation
[INFO ] 2024-05-20 17:51:14.271 [main] Testhooks - Browser got closed
[INFO ] 2024-05-20 18:03:19.942 [main] Testhooks - Execution Started
[INFO ] 2024-05-20 18:03:20.825 [main] Testhooks - Browser got launched
[INFO ] 2024-05-20 18:03:25.171 [main] Testhooks - Navigated to url
[INFO ] 2024-05-20 18:03:25.316 [main] Testhooks - Page is zoomed out
[INFO ] 2024-05-20 18:03:26.456 [main] Signinpage - User enters valid email address
[INFO ] 2024-05-20 18:03:26.537 [main] Signinpage - User enters valid password
[INFO ] 2024-05-20 18:03:26.593 [main] Signinpage - User clicks on signin button
[INFO ] 2024-05-20 18:03:26.593 [main] Members - >> Admin/User got logged in >>
[INFO ] 2024-05-20 18:03:26.776 [main] Testhooks - Passed scenario screenshot captured: Check members dashboard page
[INFO ] 2024-05-20 18:03:28.948 [main] Memberspage - >> Admin/User got navigated to dashboard page
[INFO ] 2024-05-20 18:03:29.099 [main] Testhooks - Passed scenario screenshot captured: Check members dashboard page
[INFO ] 2024-05-20 18:03:32.350 [main] Memberspage - >> Admin/User got navigated to members page
[INFO ] 2024-05-20 18:03:32.428 [main] Testhooks - Passed scenario screenshot captured: Check members dashboard page
[INFO ] 2024-05-20 18:03:32.472 [main] Memberspage - >> The members dashboard list page got displayed
[INFO ] 2024-05-20 18:03:32.472 [main] Members - >> Admin/user got the members dashboard page >>
[INFO ] 2024-05-20 18:03:32.551 [main] Testhooks - Passed scenario screenshot captured: Check members dashboard page
[INFO ] 2024-05-20 18:03:32.627 [main] Testhooks - Browser got closed
[INFO ] 2024-05-20 18:03:32.643 [main] Testhooks - Execution Started
[INFO ] 2024-05-20 18:03:33.218 [main] Testhooks - Browser got launched
[INFO ] 2024-05-20 18:03:37.372 [main] Testhooks - Navigated to url
[INFO ] 2024-05-20 18:03:37.376 [main] Testhooks - Page is zoomed out
[INFO ] 2024-05-20 18:03:38.500 [main] Signinpage - User enters valid email address
[INFO ] 2024-05-20 18:03:38.578 [main] Signinpage - User enters valid password
[INFO ] 2024-05-20 18:03:38.639 [main] Signinpage - User clicks on signin button
[INFO ] 2024-05-20 18:03:38.639 [main] Members - >> Admin/User got logged in >>
[INFO ] 2024-05-20 18:03:38.805 [main] Testhooks - Passed scenario screenshot captured: Invite the member with valid inputs
[INFO ] 2024-05-20 18:03:41.318 [main] Memberspage - >> Admin/User got navigated to dashboard page
[INFO ] 2024-05-20 18:03:41.448 [main] Testhooks - Passed scenario screenshot captured: Invite the member with valid inputs
[INFO ] 2024-05-20 18:03:42.689 [main] Memberspage - >> Admin/User got navigated to members page
[INFO ] 2024-05-20 18:03:42.789 [main] Testhooks - Passed scenario screenshot captured: Invite the member with valid inputs
[INFO ] 2024-05-20 18:03:42.888 [main] Memberspage - >> User clicked the invite member button
[INFO ] 2024-05-20 18:03:42.997 [main] Testhooks - Passed scenario screenshot captured: Invite the member with valid inputs
[INFO ] 2024-05-20 18:03:43.214 [main] Memberspage - >> User clicked the invite member button
[INFO ] 2024-05-20 18:03:43.340 [main] Testhooks - Passed scenario screenshot captured: Invite the member with valid inputs
[INFO ] 2024-05-20 18:03:43.469 [main] Memberspage - >> User selected the role:Supervisor
[INFO ] 2024-05-20 18:03:43.577 [main] Testhooks - Passed scenario screenshot captured: Invite the member with valid inputs
[INFO ] 2024-05-20 18:03:43.687 [main] Memberspage - >> User selected the role:Installation
[INFO ] 2024-05-20 18:03:43.785 [main] Testhooks - Passed scenario screenshot captured: Invite the member with valid inputs
[INFO ] 2024-05-20 18:03:43.786 [main] Members - >> User got the invitation mail successfully >>
[INFO ] 2024-05-20 18:03:43.887 [main] Testhooks - Passed scenario screenshot captured: Invite the member with valid inputs
[INFO ] 2024-05-20 18:03:43.957 [main] Testhooks - Browser got closed
[INFO ] 2024-05-20 18:03:43.973 [main] Testhooks - Execution Started
[INFO ] 2024-05-20 18:03:44.590 [main] Testhooks - Browser got launched
[INFO ] 2024-05-20 18:03:48.898 [main] Testhooks - Navigated to url
[INFO ] 2024-05-20 18:03:48.905 [main] Testhooks - Page is zoomed out
[INFO ] 2024-05-20 18:03:50.010 [main] Signinpage - User enters valid email address
[INFO ] 2024-05-20 18:03:50.089 [main] Signinpage - User enters valid password
[INFO ] 2024-05-20 18:03:50.141 [main] Signinpage - User clicks on signin button
[INFO ] 2024-05-20 18:03:50.141 [main] Members - >> Admin/User got logged in >>
[INFO ] 2024-05-20 18:03:50.272 [main] Testhooks - Passed scenario screenshot captured: To verify the members feature search
[INFO ] 2024-05-20 18:03:52.533 [main] Memberspage - >> Admin/User got navigated to dashboard page
[INFO ] 2024-05-20 18:03:52.712 [main] Testhooks - Passed scenario screenshot captured: To verify the members feature search
[INFO ] 2024-05-20 18:03:54.743 [main] Memberspage - >> Admin/User got navigated to members page
[INFO ] 2024-05-20 18:03:54.853 [main] Testhooks - Passed scenario screenshot captured: To verify the members feature search
[INFO ] 2024-05-20 18:03:55.125 [main] Testhooks - Passed scenario screenshot captured: To verify the members feature search
[INFO ] 2024-05-20 18:03:55.307 [main] Testhooks - Passed scenario screenshot captured: To verify the members feature search
[INFO ] 2024-05-20 18:03:55.379 [main] Testhooks - Browser got closed
[INFO ] 2024-05-20 18:03:55.389 [main] Testhooks - Execution Started
[INFO ] 2024-05-20 18:03:55.983 [main] Testhooks - Browser got launched
[INFO ] 2024-05-20 18:04:01.221 [main] Testhooks - Navigated to url
[INFO ] 2024-05-20 18:04:01.226 [main] Testhooks - Page is zoomed out
[INFO ] 2024-05-20 18:04:02.342 [main] Signinpage - User enters valid email address
[INFO ] 2024-05-20 18:04:02.419 [main] Signinpage - User enters valid password
[INFO ] 2024-05-20 18:04:02.481 [main] Signinpage - User clicks on signin button
[INFO ] 2024-05-20 18:04:02.481 [main] Members - >> Admin/User got logged in >>
[INFO ] 2024-05-20 18:04:02.632 [main] Testhooks - Passed scenario screenshot captured: To verify the members feature sort recently updated
[INFO ] 2024-05-20 18:04:04.892 [main] Memberspage - >> Admin/User got navigated to dashboard page
[INFO ] 2024-05-20 18:04:05.083 [main] Testhooks - Passed scenario screenshot captured: To verify the members feature sort recently updated
[INFO ] 2024-05-20 18:04:07.609 [main] Memberspage - >> Admin/User got navigated to members page
[INFO ] 2024-05-20 18:04:07.721 [main] Testhooks - Passed scenario screenshot captured: To verify the members feature sort recently updated
[INFO ] 2024-05-20 18:04:07.985 [main] Testhooks - Passed scenario screenshot captured: To verify the members feature sort recently updated
[INFO ] 2024-05-20 18:04:08.184 [main] Testhooks - Passed scenario screenshot captured: To verify the members feature sort recently updated
[INFO ] 2024-05-20 18:04:08.256 [main] Testhooks - Browser got closed
[INFO ] 2024-05-20 18:04:08.265 [main] Testhooks - Execution Started
[INFO ] 2024-05-20 18:04:08.844 [main] Testhooks - Browser got launched
[INFO ] 2024-05-20 18:04:13.798 [main] Testhooks - Navigated to url
[INFO ] 2024-05-20 18:04:13.805 [main] Testhooks - Page is zoomed out
[INFO ] 2024-05-20 18:04:14.915 [main] Signinpage - User enters valid email address
[INFO ] 2024-05-20 18:04:14.990 [main] Signinpage - User enters valid password
[INFO ] 2024-05-20 18:04:15.049 [main] Signinpage - User clicks on signin button
[INFO ] 2024-05-20 18:04:15.049 [main] Members - >> Admin/User got logged in >>
[INFO ] 2024-05-20 18:04:15.223 [main] Testhooks - Passed scenario screenshot captured: To verify the members feature sort Name - A to Z
[INFO ] 2024-05-20 18:04:17.442 [main] Memberspage - >> Admin/User got navigated to dashboard page
[INFO ] 2024-05-20 18:04:17.658 [main] Testhooks - Passed scenario screenshot captured: To verify the members feature sort Name - A to Z
[INFO ] 2024-05-20 18:04:19.440 [main] Memberspage - >> Admin/User got navigated to members page
[INFO ] 2024-05-20 18:04:19.532 [main] Testhooks - Passed scenario screenshot captured: To verify the members feature sort Name - A to Z
[INFO ] 2024-05-20 18:04:19.792 [main] Testhooks - Passed scenario screenshot captured: To verify the members feature sort Name - A to Z
[INFO ] 2024-05-20 18:04:19.982 [main] Testhooks - Passed scenario screenshot captured: To verify the members feature sort Name - A to Z
[INFO ] 2024-05-20 18:04:20.054 [main] Testhooks - Browser got closed
[INFO ] 2024-05-20 18:04:20.064 [main] Testhooks - Execution Started
[INFO ] 2024-05-20 18:04:20.644 [main] Testhooks - Browser got launched
[INFO ] 2024-05-20 18:04:24.700 [main] Testhooks - Navigated to url
[INFO ] 2024-05-20 18:04:24.704 [main] Testhooks - Page is zoomed out
[INFO ] 2024-05-20 18:04:25.836 [main] Signinpage - User enters valid email address
[INFO ] 2024-05-20 18:04:25.920 [main] Signinpage - User enters valid password
[INFO ] 2024-05-20 18:04:25.972 [main] Signinpage - User clicks on signin button
[INFO ] 2024-05-20 18:04:25.972 [main] Members - >> Admin/User got logged in >>
[INFO ] 2024-05-20 18:04:26.103 [main] Testhooks - Passed scenario screenshot captured: To verify the members feature sort Name - Z to A
[INFO ] 2024-05-20 18:04:28.557 [main] Memberspage - >> Admin/User got navigated to dashboard page
[INFO ] 2024-05-20 18:04:28.695 [main] Testhooks - Passed scenario screenshot captured: To verify the members feature sort Name - Z to A
[INFO ] 2024-05-20 18:04:30.098 [main] Memberspage - >> Admin/User got navigated to members page
[INFO ] 2024-05-20 18:04:30.198 [main] Testhooks - Passed scenario screenshot captured: To verify the members feature sort Name - Z to A
[INFO ] 2024-05-20 18:04:30.492 [main] Testhooks - Passed scenario screenshot captured: To verify the members feature sort Name - Z to A
[INFO ] 2024-05-20 18:04:31.851 [main] Testhooks - Passed scenario screenshot captured: To verify the members feature sort Name - Z to A
[INFO ] 2024-05-20 18:04:31.923 [main] Testhooks - Browser got closed
[INFO ] 2024-05-20 18:04:31.931 [main] Testhooks - Execution Started
[INFO ] 2024-05-20 18:04:32.496 [main] Testhooks - Browser got launched
[INFO ] 2024-05-20 18:04:36.541 [main] Testhooks - Navigated to url
[INFO ] 2024-05-20 18:04:36.545 [main] Testhooks - Page is zoomed out
[INFO ] 2024-05-20 18:04:37.687 [main] Signinpage - User enters valid email address
[INFO ] 2024-05-20 18:04:37.760 [main] Signinpage - User enters valid password
[INFO ] 2024-05-20 18:04:37.819 [main] Signinpage - User clicks on signin button
[INFO ] 2024-05-20 18:04:37.819 [main] Members - >> Admin/User got logged in >>
[INFO ] 2024-05-20 18:04:37.968 [main] Testhooks - Passed scenario screenshot captured: To verify the members feature sort Recently Added
[INFO ] 2024-05-20 18:04:40.151 [main] Memberspage - >> Admin/User got navigated to dashboard page
[INFO ] 2024-05-20 18:04:40.273 [main] Testhooks - Passed scenario screenshot captured: To verify the members feature sort Recently Added
[INFO ] 2024-05-20 18:04:42.093 [main] Memberspage - >> Admin/User got navigated to members page
[INFO ] 2024-05-20 18:04:42.174 [main] Testhooks - Passed scenario screenshot captured: To verify the members feature sort Recently Added
[INFO ] 2024-05-20 18:04:42.387 [main] Testhooks - Passed scenario screenshot captured: To verify the members feature sort Recently Added
[INFO ] 2024-05-20 18:04:42.505 [main] Testhooks - Passed scenario screenshot captured: To verify the members feature sort Recently Added
[INFO ] 2024-05-20 18:04:42.575 [main] Testhooks - Browser got closed
[INFO ] 2024-05-20 18:04:42.586 [main] Testhooks - Execution Started
[INFO ] 2024-05-20 18:04:43.180 [main] Testhooks - Browser got launched
[INFO ] 2024-05-20 18:04:47.747 [main] Testhooks - Navigated to url
[INFO ] 2024-05-20 18:04:47.752 [main] Testhooks - Page is zoomed out
[INFO ] 2024-05-20 18:04:48.875 [main] Signinpage - User enters valid email address
[INFO ] 2024-05-20 18:04:48.958 [main] Signinpage - User enters valid password
[INFO ] 2024-05-20 18:04:49.010 [main] Signinpage - User clicks on signin button
[INFO ] 2024-05-20 18:04:49.010 [main] Members - >> Admin/User got logged in >>
[INFO ] 2024-05-20 18:04:49.183 [main] Testhooks - Passed scenario screenshot captured: To verify the members feature filter active status members
[INFO ] 2024-05-20 18:04:51.720 [main] Memberspage - >> Admin/User got navigated to dashboard page
[INFO ] 2024-05-20 18:04:51.847 [main] Testhooks - Passed scenario screenshot captured: To verify the members feature filter active status members
[INFO ] 2024-05-20 18:04:53.104 [main] Memberspage - >> Admin/User got navigated to members page
[INFO ] 2024-05-20 18:04:53.215 [main] Testhooks - Passed scenario screenshot captured: To verify the members feature filter active status members
[INFO ] 2024-05-20 18:04:53.646 [main] Testhooks - Passed scenario screenshot captured: To verify the members feature filter active status members
[INFO ] 2024-05-20 18:04:53.966 [main] Testhooks - Passed scenario screenshot captured: To verify the members feature filter active status members
[INFO ] 2024-05-20 18:04:54.037 [main] Testhooks - Browser got closed
[INFO ] 2024-05-20 18:04:54.043 [main] Testhooks - Execution Started
[INFO ] 2024-05-20 18:04:54.645 [main] Testhooks - Browser got launched
[INFO ] 2024-05-20 18:05:00.263 [main] Testhooks - Navigated to url
[INFO ] 2024-05-20 18:05:00.269 [main] Testhooks - Page is zoomed out
[INFO ] 2024-05-20 18:05:01.390 [main] Signinpage - User enters valid email address
[INFO ] 2024-05-20 18:05:01.468 [main] Signinpage - User enters valid password
[INFO ] 2024-05-20 18:05:01.735 [main] Signinpage - User clicks on signin button
[INFO ] 2024-05-20 18:05:01.735 [main] Members - >> Admin/User got logged in >>
[INFO ] 2024-05-20 18:05:01.871 [main] Testhooks - Passed scenario screenshot captured: To verify the members feature filter blocked status members
[INFO ] 2024-05-20 18:05:04.584 [main] Memberspage - >> Admin/User got navigated to dashboard page
[INFO ] 2024-05-20 18:05:04.741 [main] Testhooks - Passed scenario screenshot captured: To verify the members feature filter blocked status members
[INFO ] 2024-05-20 18:05:07.002 [main] Memberspage - >> Admin/User got navigated to members page
[INFO ] 2024-05-20 18:05:07.115 [main] Testhooks - Passed scenario screenshot captured: To verify the members feature filter blocked status members
[INFO ] 2024-05-20 18:05:07.608 [main] Testhooks - Passed scenario screenshot captured: To verify the members feature filter blocked status members
[INFO ] 2024-05-20 18:05:07.724 [main] Testhooks - Passed scenario screenshot captured: To verify the members feature filter blocked status members
[INFO ] 2024-05-20 18:05:07.796 [main] Testhooks - Browser got closed
[INFO ] 2024-05-20 18:05:07.801 [main] Testhooks - Execution Started
[INFO ] 2024-05-20 18:05:08.380 [main] Testhooks - Browser got launched
[INFO ] 2024-05-20 18:05:12.890 [main] Testhooks - Navigated to url
[INFO ] 2024-05-20 18:05:12.895 [main] Testhooks - Page is zoomed out
[INFO ] 2024-05-20 18:05:14.010 [main] Signinpage - User enters valid email address
[INFO ] 2024-05-20 18:05:14.089 [main] Signinpage - User enters valid password
[INFO ] 2024-05-20 18:05:14.139 [main] Signinpage - User clicks on signin button
[INFO ] 2024-05-20 18:05:14.139 [main] Members - >> Admin/User got logged in >>
[INFO ] 2024-05-20 18:05:14.314 [main] Testhooks - Passed scenario screenshot captured: To verify the members feature filter expired status members
[INFO ] 2024-05-20 18:05:16.601 [main] Memberspage - >> Admin/User got navigated to dashboard page
[INFO ] 2024-05-20 18:05:16.816 [main] Testhooks - Passed scenario screenshot captured: To verify the members feature filter expired status members
[INFO ] 2024-05-20 18:05:18.401 [main] Memberspage - >> Admin/User got navigated to members page
[INFO ] 2024-05-20 18:05:18.490 [main] Testhooks - Passed scenario screenshot captured: To verify the members feature filter expired status members
[INFO ] 2024-05-20 18:05:18.960 [main] Testhooks - Passed scenario screenshot captured: To verify the members feature filter expired status members
[INFO ] 2024-05-20 18:05:19.138 [main] Testhooks - Passed scenario screenshot captured: To verify the members feature filter expired status members
[INFO ] 2024-05-20 18:05:19.209 [main] Testhooks - Browser got closed
[INFO ] 2024-05-20 18:05:19.213 [main] Testhooks - Execution Started
[INFO ] 2024-05-20 18:05:19.833 [main] Testhooks - Browser got launched
[INFO ] 2024-05-20 18:05:24.653 [main] Testhooks - Navigated to url
[INFO ] 2024-05-20 18:05:24.658 [main] Testhooks - Page is zoomed out
[INFO ] 2024-05-20 18:05:25.786 [main] Signinpage - User enters valid email address
[INFO ] 2024-05-20 18:05:25.862 [main] Signinpage - User enters valid password
[INFO ] 2024-05-20 18:05:25.913 [main] Signinpage - User clicks on signin button
[INFO ] 2024-05-20 18:05:25.913 [main] Members - >> Admin/User got logged in >>
[INFO ] 2024-05-20 18:05:26.080 [main] Testhooks - Passed scenario screenshot captured: To verify the members feature filter pending status members
[INFO ] 2024-05-20 18:05:28.400 [main] Memberspage - >> Admin/User got navigated to dashboard page
[INFO ] 2024-05-20 18:05:28.554 [main] Testhooks - Passed scenario screenshot captured: To verify the members feature filter pending status members
[INFO ] 2024-05-20 18:05:30.016 [main] Memberspage - >> Admin/User got navigated to members page
[INFO ] 2024-05-20 18:05:30.104 [main] Testhooks - Passed scenario screenshot captured: To verify the members feature filter pending status members
[INFO ] 2024-05-20 18:05:31.423 [main] Testhooks - Failed scenario screenshot got capturedTo verify the members feature filter pending status members
[INFO ] 2024-05-20 18:05:31.494 [main] Testhooks - Browser got closed
[INFO ] 2024-05-20 18:05:31.507 [main] Testhooks - Execution Started
[INFO ] 2024-05-20 18:05:32.094 [main] Testhooks - Browser got launched
[INFO ] 2024-05-20 18:05:36.390 [main] Testhooks - Navigated to url
[INFO ] 2024-05-20 18:05:36.394 [main] Testhooks - Page is zoomed out
[INFO ] 2024-05-20 18:05:37.529 [main] Signinpage - User enters valid email address
[INFO ] 2024-05-20 18:05:37.622 [main] Signinpage - User enters valid password
[INFO ] 2024-05-20 18:05:37.677 [main] Signinpage - User clicks on signin button
[INFO ] 2024-05-20 18:05:37.677 [main] Members - >> Admin/User got logged in >>
[INFO ] 2024-05-20 18:05:37.849 [main] Testhooks - Passed scenario screenshot captured: To verify the members feature filter admin role members
[INFO ] 2024-05-20 18:05:40.007 [main] Memberspage - >> Admin/User got navigated to dashboard page
[INFO ] 2024-05-20 18:05:40.164 [main] Testhooks - Passed scenario screenshot captured: To verify the members feature filter admin role members
[INFO ] 2024-05-20 18:05:41.889 [main] Memberspage - >> Admin/User got navigated to members page
[INFO ] 2024-05-20 18:05:41.994 [main] Testhooks - Passed scenario screenshot captured: To verify the members feature filter admin role members
[INFO ] 2024-05-20 18:05:42.776 [main] Testhooks - Passed scenario screenshot captured: To verify the members feature filter admin role members
[INFO ] 2024-05-20 18:05:43.026 [main] Testhooks - Passed scenario screenshot captured: To verify the members feature filter admin role members
[INFO ] 2024-05-20 18:05:43.097 [main] Testhooks - Browser got closed
[INFO ] 2024-05-20 18:05:43.101 [main] Testhooks - Execution Started
[INFO ] 2024-05-20 18:05:43.664 [main] Testhooks - Browser got launched
[INFO ] 2024-05-20 18:05:48.439 [main] Testhooks - Navigated to url
[INFO ] 2024-05-20 18:05:48.443 [main] Testhooks - Page is zoomed out
[INFO ] 2024-05-20 18:05:49.597 [main] Signinpage - User enters valid email address
[INFO ] 2024-05-20 18:05:49.671 [main] Signinpage - User enters valid password
[INFO ] 2024-05-20 18:05:49.730 [main] Signinpage - User clicks on signin button
[INFO ] 2024-05-20 18:05:49.730 [main] Members - >> Admin/User got logged in >>
[INFO ] 2024-05-20 18:05:49.871 [main] Testhooks - Passed scenario screenshot captured: To verify the members feature filter manager role members
[INFO ] 2024-05-20 18:05:52.280 [main] Memberspage - >> Admin/User got navigated to dashboard page
[INFO ] 2024-05-20 18:05:52.427 [main] Testhooks - Passed scenario screenshot captured: To verify the members feature filter manager role members
[INFO ] 2024-05-20 18:05:53.824 [main] Memberspage - >> Admin/User got navigated to members page
[INFO ] 2024-05-20 18:05:53.931 [main] Testhooks - Passed scenario screenshot captured: To verify the members feature filter manager role members
[INFO ] 2024-05-20 18:05:54.368 [main] Testhooks - Passed scenario screenshot captured: To verify the members feature filter manager role members
[INFO ] 2024-05-20 18:05:54.557 [main] Testhooks - Passed scenario screenshot captured: To verify the members feature filter manager role members
[INFO ] 2024-05-20 18:05:54.631 [main] Testhooks - Browser got closed
[INFO ] 2024-05-20 18:05:54.635 [main] Testhooks - Execution Started
[INFO ] 2024-05-20 18:05:55.239 [main] Testhooks - Browser got launched
[INFO ] 2024-05-20 18:05:59.318 [main] Testhooks - Navigated to url
[INFO ] 2024-05-20 18:05:59.323 [main] Testhooks - Page is zoomed out
[INFO ] 2024-05-20 18:06:00.447 [main] Signinpage - User enters valid email address
[INFO ] 2024-05-20 18:06:00.526 [main] Signinpage - User enters valid password
[INFO ] 2024-05-20 18:06:00.581 [main] Signinpage - User clicks on signin button
[INFO ] 2024-05-20 18:06:00.582 [main] Members - >> Admin/User got logged in >>
[INFO ] 2024-05-20 18:06:00.731 [main] Testhooks - Passed scenario screenshot captured: To verify the members feature filter supervisor role members
[INFO ] 2024-05-20 18:06:04.084 [main] Memberspage - >> Admin/User got navigated to dashboard page
[INFO ] 2024-05-20 18:06:04.283 [main] Testhooks - Passed scenario screenshot captured: To verify the members feature filter supervisor role members
[INFO ] 2024-05-20 18:06:05.566 [main] Memberspage - >> Admin/User got navigated to members page
[INFO ] 2024-05-20 18:06:05.676 [main] Testhooks - Passed scenario screenshot captured: To verify the members feature filter supervisor role members
[INFO ] 2024-05-20 18:06:06.157 [main] Testhooks - Passed scenario screenshot captured: To verify the members feature filter supervisor role members
[INFO ] 2024-05-20 18:06:06.457 [main] Testhooks - Passed scenario screenshot captured: To verify the members feature filter supervisor role members
[INFO ] 2024-05-20 18:06:06.529 [main] Testhooks - Browser got closed
[INFO ] 2024-05-20 18:06:06.533 [main] Testhooks - Execution Started
[INFO ] 2024-05-20 18:06:07.117 [main] Testhooks - Browser got launched
[INFO ] 2024-05-20 18:06:12.052 [main] Testhooks - Navigated to url
[INFO ] 2024-05-20 18:06:12.057 [main] Testhooks - Page is zoomed out
[INFO ] 2024-05-20 18:06:13.168 [main] Signinpage - User enters valid email address
[INFO ] 2024-05-20 18:06:13.244 [main] Signinpage - User enters valid password
[INFO ] 2024-05-20 18:06:13.299 [main] Signinpage - User clicks on signin button
[INFO ] 2024-05-20 18:06:13.299 [main] Members - >> Admin/User got logged in >>
[INFO ] 2024-05-20 18:06:13.493 [main] Testhooks - Passed scenario screenshot captured: To verify the members feature filter technician role members
[INFO ] 2024-05-20 18:06:15.632 [main] Memberspage - >> Admin/User got navigated to dashboard page
[INFO ] 2024-05-20 18:06:15.766 [main] Testhooks - Passed scenario screenshot captured: To verify the members feature filter technician role members
[INFO ] 2024-05-20 18:06:17.958 [main] Memberspage - >> Admin/User got navigated to members page
[INFO ] 2024-05-20 18:06:18.060 [main] Testhooks - Passed scenario screenshot captured: To verify the members feature filter technician role members
[INFO ] 2024-05-20 18:06:20.645 [main] Testhooks - Passed scenario screenshot captured: To verify the members feature filter technician role members
[INFO ] 2024-05-20 18:06:20.893 [main] Testhooks - Passed scenario screenshot captured: To verify the members feature filter technician role members
[INFO ] 2024-05-20 18:06:20.964 [main] Testhooks - Browser got closed
[INFO ] 2024-05-20 18:06:20.968 [main] Testhooks - Execution Started
[INFO ] 2024-05-20 18:06:21.557 [main] Testhooks - Browser got launched
[INFO ] 2024-05-20 18:06:25.638 [main] Testhooks - Navigated to url
[INFO ] 2024-05-20 18:06:25.642 [main] Testhooks - Page is zoomed out
[INFO ] 2024-05-20 18:06:26.777 [main] Signinpage - User enters valid email address
[INFO ] 2024-05-20 18:06:26.865 [main] Signinpage - User enters valid password
[INFO ] 2024-05-20 18:06:26.917 [main] Signinpage - User clicks on signin button
[INFO ] 2024-05-20 18:06:26.917 [main] Members - >> Admin/User got logged in >>
[INFO ] 2024-05-20 18:06:27.092 [main] Testhooks - Passed scenario screenshot captured: To verify the members feature filter electrical dept members
[INFO ] 2024-05-20 18:06:29.608 [main] Memberspage - >> Admin/User got navigated to dashboard page
[INFO ] 2024-05-20 18:06:29.731 [main] Testhooks - Passed scenario screenshot captured: To verify the members feature filter electrical dept members
[INFO ] 2024-05-20 18:06:30.924 [main] Testhooks - Failed scenario screenshot got capturedTo verify the members feature filter electrical dept members
[INFO ] 2024-05-20 18:06:30.996 [main] Testhooks - Browser got closed
[INFO ] 2024-05-20 18:06:31.000 [main] Testhooks - Execution Started
[INFO ] 2024-05-20 18:06:31.616 [main] Testhooks - Browser got launched
[INFO ] 2024-05-20 18:06:37.086 [main] Testhooks - Navigated to url
[INFO ] 2024-05-20 18:06:37.091 [main] Testhooks - Page is zoomed out
[INFO ] 2024-05-20 18:06:38.224 [main] Signinpage - User enters valid email address
[INFO ] 2024-05-20 18:06:38.299 [main] Signinpage - User enters valid password
[INFO ] 2024-05-20 18:06:38.349 [main] Signinpage - User clicks on signin button
[INFO ] 2024-05-20 18:06:38.349 [main] Members - >> Admin/User got logged in >>
[INFO ] 2024-05-20 18:06:38.524 [main] Testhooks - Passed scenario screenshot captured: To verify the members feature filter resposible area
[INFO ] 2024-05-20 18:06:40.808 [main] Memberspage - >> Admin/User got navigated to dashboard page
[INFO ] 2024-05-20 18:06:40.958 [main] Testhooks - Passed scenario screenshot captured: To verify the members feature filter resposible area
[INFO ] 2024-05-20 18:06:42.489 [main] Memberspage - >> Admin/User got navigated to members page
[INFO ] 2024-05-20 18:06:42.564 [main] Testhooks - Passed scenario screenshot captured: To verify the members feature filter resposible area
[INFO ] 2024-05-20 18:06:43.132 [main] Testhooks - Passed scenario screenshot captured: To verify the members feature filter resposible area
[INFO ] 2024-05-20 18:06:43.478 [main] Testhooks - Passed scenario screenshot captured: To verify the members feature filter resposible area
[INFO ] 2024-05-20 18:06:43.550 [main] Testhooks - Browser got closed
[INFO ] 2024-05-20 18:06:43.559 [main] Testhooks - Execution Started
[INFO ] 2024-05-20 18:06:44.172 [main] Testhooks - Browser got launched
[INFO ] 2024-05-20 18:06:48.257 [main] Testhooks - Navigated to url
[INFO ] 2024-05-20 18:06:48.262 [main] Testhooks - Page is zoomed out
[INFO ] 2024-05-20 18:06:49.379 [main] Signinpage - User enters valid email address
[INFO ] 2024-05-20 18:06:49.452 [main] Signinpage - User enters valid password
[INFO ] 2024-05-20 18:06:49.502 [main] Signinpage - User clicks on signin button
[INFO ] 2024-05-20 18:06:49.502 [main] Members - >> Admin/User got logged in >>
[INFO ] 2024-05-20 18:06:49.667 [main] Testhooks - Passed scenario screenshot captured: To verify the members feature filter with multiple selected options
[INFO ] 2024-05-20 18:06:52.173 [main] Memberspage - >> Admin/User got navigated to dashboard page
[INFO ] 2024-05-20 18:06:52.272 [main] Testhooks - Passed scenario screenshot captured: To verify the members feature filter with multiple selected options
[INFO ] 2024-05-20 18:06:53.587 [main] Memberspage - >> Admin/User got navigated to members page
[INFO ] 2024-05-20 18:06:53.681 [main] Testhooks - Passed scenario screenshot captured: To verify the members feature filter with multiple selected options
[INFO ] 2024-05-20 18:06:54.029 [main] Testhooks - Passed scenario screenshot captured: To verify the members feature filter with multiple selected options
[INFO ] 2024-05-20 18:06:54.218 [main] Testhooks - Passed scenario screenshot captured: To verify the members feature filter with multiple selected options
[INFO ] 2024-05-20 18:06:54.521 [main] Testhooks - Passed scenario screenshot captured: To verify the members feature filter with multiple selected options
[INFO ] 2024-05-20 18:06:54.784 [main] Testhooks - Passed scenario screenshot captured: To verify the members feature filter with multiple selected options
[INFO ] 2024-05-20 18:07:14.973 [main] Testhooks - Passed scenario screenshot captured: To verify the members feature filter with multiple selected options
[INFO ] 2024-05-20 18:07:15.045 [main] Testhooks - Browser got closed
[INFO ] 2024-05-20 18:07:15.049 [main] Testhooks - Execution Started
[INFO ] 2024-05-20 18:07:15.617 [main] Testhooks - Browser got launched
[INFO ] 2024-05-20 18:07:19.952 [main] Testhooks - Navigated to url
[INFO ] 2024-05-20 18:07:19.957 [main] Testhooks - Page is zoomed out
[INFO ] 2024-05-20 18:07:21.062 [main] Signinpage - User enters valid email address
[INFO ] 2024-05-20 18:07:21.132 [main] Signinpage - User enters valid password
[INFO ] 2024-05-20 18:07:21.189 [main] Signinpage - User clicks on signin button
[INFO ] 2024-05-20 18:07:21.189 [main] Members - >> Admin/User got logged in >>
[INFO ] 2024-05-20 18:07:21.335 [main] Testhooks - Passed scenario screenshot captured: To verify the members feature download members list excel
[INFO ] 2024-05-20 18:07:23.756 [main] Memberspage - >> Admin/User got navigated to dashboard page
[INFO ] 2024-05-20 18:07:23.909 [main] Testhooks - Passed scenario screenshot captured: To verify the members feature download members list excel
[INFO ] 2024-05-20 18:07:25.257 [main] Memberspage - >> Admin/User got navigated to members page
[INFO ] 2024-05-20 18:07:25.352 [main] Testhooks - Passed scenario screenshot captured: To verify the members feature download members list excel
[INFO ] 2024-05-20 18:07:25.542 [main] Testhooks - Passed scenario screenshot captured: To verify the members feature download members list excel
[INFO ] 2024-05-20 18:07:25.728 [main] Testhooks - Passed scenario screenshot captured: To verify the members feature download members list excel
[INFO ] 2024-05-20 18:07:25.853 [main] Testhooks - Passed scenario screenshot captured: To verify the members feature download members list excel
[INFO ] 2024-05-20 18:07:25.924 [main] Testhooks - Browser got closed
[INFO ] 2024-05-20 18:07:25.928 [main] Testhooks - Execution Started
[INFO ] 2024-05-20 18:07:26.508 [main] Testhooks - Browser got launched
[INFO ] 2024-05-20 18:07:30.554 [main] Testhooks - Navigated to url
[INFO ] 2024-05-20 18:07:30.558 [main] Testhooks - Page is zoomed out
[INFO ] 2024-05-20 18:07:31.691 [main] Signinpage - User enters valid email address
[INFO ] 2024-05-20 18:07:31.771 [main] Signinpage - User enters valid password
[INFO ] 2024-05-20 18:07:31.834 [main] Signinpage - User clicks on signin button
[INFO ] 2024-05-20 18:07:31.834 [main] Members - >> Admin/User got logged in >>
[INFO ] 2024-05-20 18:07:31.946 [main] Testhooks - Passed scenario screenshot captured: To verify the members feature download members list pdf
[INFO ] 2024-05-20 18:07:34.428 [main] Memberspage - >> Admin/User got navigated to dashboard page
[INFO ] 2024-05-20 18:07:34.649 [main] Testhooks - Passed scenario screenshot captured: To verify the members feature download members list pdf
[INFO ] 2024-05-20 18:07:35.960 [main] Memberspage - >> Admin/User got navigated to members page
[INFO ] 2024-05-20 18:07:36.068 [main] Testhooks - Passed scenario screenshot captured: To verify the members feature download members list pdf
[INFO ] 2024-05-20 18:07:36.268 [main] Testhooks - Passed scenario screenshot captured: To verify the members feature download members list pdf
[INFO ] 2024-05-20 18:07:36.416 [main] Testhooks - Passed scenario screenshot captured: To verify the members feature download members list pdf
[INFO ] 2024-05-20 18:07:36.509 [main] Testhooks - Passed scenario screenshot captured: To verify the members feature download members list pdf
[INFO ] 2024-05-20 18:07:36.581 [main] Testhooks - Browser got closed
[INFO ] 2024-05-20 18:07:36.586 [main] Testhooks - Execution Started
[INFO ] 2024-05-20 18:07:37.166 [main] Testhooks - Browser got launched
[INFO ] 2024-05-20 18:07:41.216 [main] Testhooks - Navigated to url
[INFO ] 2024-05-20 18:07:41.219 [main] Testhooks - Page is zoomed out
[INFO ] 2024-05-20 18:07:42.327 [main] Signinpage - User enters valid email address
[INFO ] 2024-05-20 18:07:42.400 [main] Signinpage - User enters valid password
[INFO ] 2024-05-20 18:07:42.451 [main] Signinpage - User clicks on signin button
[INFO ] 2024-05-20 18:07:42.451 [main] Members - >> Admin/User got logged in >>
[INFO ] 2024-05-20 18:07:42.599 [main] Testhooks - Passed scenario screenshot captured: To verify the members feature download popup closing
[INFO ] 2024-05-20 18:07:45.158 [main] Memberspage - >> Admin/User got navigated to dashboard page
[INFO ] 2024-05-20 18:07:45.327 [main] Testhooks - Passed scenario screenshot captured: To verify the members feature download popup closing
[INFO ] 2024-05-20 18:07:46.585 [main] Memberspage - >> Admin/User got navigated to members page
[INFO ] 2024-05-20 18:07:46.668 [main] Testhooks - Passed scenario screenshot captured: To verify the members feature download popup closing
[INFO ] 2024-05-20 18:07:46.858 [main] Testhooks - Passed scenario screenshot captured: To verify the members feature download popup closing
[INFO ] 2024-05-20 18:07:47.013 [main] Testhooks - Passed scenario screenshot captured: To verify the members feature download popup closing
[INFO ] 2024-05-20 18:07:47.137 [main] Testhooks - Passed scenario screenshot captured: To verify the members feature download popup closing
[INFO ] 2024-05-20 18:07:47.207 [main] Testhooks - Browser got closed
[INFO ] 2024-05-20 18:07:47.211 [main] Testhooks - Execution Started
[INFO ] 2024-05-20 18:07:47.799 [main] Testhooks - Browser got launched
[INFO ] 2024-05-20 18:07:51.857 [main] Testhooks - Navigated to url
[INFO ] 2024-05-20 18:07:51.862 [main] Testhooks - Page is zoomed out
[INFO ] 2024-05-20 18:07:52.975 [main] Signinpage - User enters valid email address
[INFO ] 2024-05-20 18:07:53.049 [main] Signinpage - User enters valid password
[INFO ] 2024-05-20 18:07:53.099 [main] Signinpage - User clicks on signin button
[INFO ] 2024-05-20 18:07:53.100 [main] Members - >> Admin/User got logged in >>
[INFO ] 2024-05-20 18:07:53.244 [main] Testhooks - Passed scenario screenshot captured: To verify the members feature pagination 1st to 2nd page
[INFO ] 2024-05-20 18:07:55.640 [main] Memberspage - >> Admin/User got navigated to dashboard page
[INFO ] 2024-05-20 18:07:55.759 [main] Testhooks - Passed scenario screenshot captured: To verify the members feature pagination 1st to 2nd page
[INFO ] 2024-05-20 18:07:57.136 [main] Memberspage - >> Admin/User got navigated to members page
[INFO ] 2024-05-20 18:07:57.232 [main] Testhooks - Passed scenario screenshot captured: To verify the members feature pagination 1st to 2nd page
[INFO ] 2024-05-20 18:07:57.700 [main] Testhooks - Passed scenario screenshot captured: To verify the members feature pagination 1st to 2nd page
[INFO ] 2024-05-20 18:07:57.843 [main] Testhooks - Passed scenario screenshot captured: To verify the members feature pagination 1st to 2nd page
[INFO ] 2024-05-20 18:07:57.914 [main] Testhooks - Browser got closed
[INFO ] 2024-05-20 18:07:57.917 [main] Testhooks - Execution Started
[INFO ] 2024-05-20 18:07:58.495 [main] Testhooks - Browser got launched
[INFO ] 2024-05-20 18:08:02.580 [main] Testhooks - Navigated to url
[INFO ] 2024-05-20 18:08:02.586 [main] Testhooks - Page is zoomed out
[INFO ] 2024-05-20 18:08:03.690 [main] Signinpage - User enters valid email address
[INFO ] 2024-05-20 18:08:03.770 [main] Signinpage - User enters valid password
[INFO ] 2024-05-20 18:08:03.821 [main] Signinpage - User clicks on signin button
[INFO ] 2024-05-20 18:08:03.821 [main] Members - >> Admin/User got logged in >>
[INFO ] 2024-05-20 18:08:03.986 [main] Testhooks - Passed scenario screenshot captured: To verify the members feature particular members profile page
[INFO ] 2024-05-20 18:08:06.292 [main] Memberspage - >> Admin/User got navigated to dashboard page
[INFO ] 2024-05-20 18:08:06.488 [main] Testhooks - Passed scenario screenshot captured: To verify the members feature particular members profile page
[INFO ] 2024-05-20 18:08:07.823 [main] Memberspage - >> Admin/User got navigated to members page
[INFO ] 2024-05-20 18:08:07.898 [main] Testhooks - Passed scenario screenshot captured: To verify the members feature particular members profile page
[INFO ] 2024-05-20 18:08:08.346 [main] Testhooks - Passed scenario screenshot captured: To verify the members feature particular members profile page
[INFO ] 2024-05-20 18:08:08.626 [main] Testhooks - Passed scenario screenshot captured: To verify the members feature particular members profile page
[INFO ] 2024-05-20 18:08:08.949 [main] Testhooks - Passed scenario screenshot captured: To verify the members feature particular members profile page
[INFO ] 2024-05-20 18:08:09.072 [main] Testhooks - Passed scenario screenshot captured: To verify the members feature particular members profile page
[INFO ] 2024-05-20 18:08:09.143 [main] Testhooks - Browser got closed
[INFO ] 2024-05-20 18:08:09.153 [main] Testhooks - Execution Started
[INFO ] 2024-05-20 18:08:09.736 [main] Testhooks - Browser got launched
[INFO ] 2024-05-20 18:08:14.093 [main] Testhooks - Navigated to url
[INFO ] 2024-05-20 18:08:14.096 [main] Testhooks - Page is zoomed out
[INFO ] 2024-05-20 18:08:15.208 [main] Signinpage - User enters valid email address
[INFO ] 2024-05-20 18:08:15.284 [main] Signinpage - User enters valid password
[INFO ] 2024-05-20 18:08:15.334 [main] Signinpage - User clicks on signin button
[INFO ] 2024-05-20 18:08:15.335 [main] Members - >> Admin/User got logged in >>
[INFO ] 2024-05-20 18:08:15.476 [main] Testhooks - Passed scenario screenshot captured: To verify the members feature personal profile updation
[INFO ] 2024-05-20 18:08:17.998 [main] Memberspage - >> Admin/User got navigated to dashboard page
[INFO ] 2024-05-20 18:08:18.142 [main] Testhooks - Passed scenario screenshot captured: To verify the members feature personal profile updation
[INFO ] 2024-05-20 18:08:19.368 [main] Memberspage - >> Admin/User got navigated to members page
[INFO ] 2024-05-20 18:08:19.437 [main] Testhooks - Passed scenario screenshot captured: To verify the members feature personal profile updation
[INFO ] 2024-05-20 18:08:19.896 [main] Testhooks - Passed scenario screenshot captured: To verify the members feature personal profile updation
[INFO ] 2024-05-20 18:08:20.210 [main] Testhooks - Passed scenario screenshot captured: To verify the members feature personal profile updation
[INFO ] 2024-05-20 18:08:20.564 [main] Testhooks - Passed scenario screenshot captured: To verify the members feature personal profile updation
[INFO ] 2024-05-20 18:08:21.696 [main] Testhooks - Passed scenario screenshot captured: To verify the members feature personal profile updation
[INFO ] 2024-05-20 18:08:21.816 [main] Testhooks - Passed scenario screenshot captured: To verify the members feature personal profile updation
[INFO ] 2024-05-20 18:08:21.887 [main] Testhooks - Browser got closed
[INFO ] 2024-05-20 18:09:51.441 [main] Testhooks - Execution Started
[INFO ] 2024-05-20 18:09:52.297 [main] Testhooks - Browser got launched
[INFO ] 2024-05-20 18:09:57.284 [main] Testhooks - Navigated to url
[INFO ] 2024-05-20 18:09:57.422 [main] Testhooks - Page is zoomed out
[INFO ] 2024-05-20 18:09:58.554 [main] Signinpage - User enters valid email address
[INFO ] 2024-05-20 18:09:58.636 [main] Signinpage - User enters valid password
[INFO ] 2024-05-20 18:09:58.692 [main] Signinpage - User clicks on signin button
[INFO ] 2024-05-20 18:09:58.692 [main] Members - >> Admin/User got logged in >>
[INFO ] 2024-05-20 18:09:58.883 [main] Testhooks - Passed scenario screenshot captured: To verify the members feature filter electrical dept members
[INFO ] 2024-05-20 18:10:01.055 [main] Memberspage - >> Admin/User got navigated to dashboard page
[INFO ] 2024-05-20 18:10:01.172 [main] Testhooks - Passed scenario screenshot captured: To verify the members feature filter electrical dept members
[INFO ] 2024-05-20 18:10:03.122 [main] Memberspage - >> Admin/User got navigated to members page
[INFO ] 2024-05-20 18:10:03.219 [main] Testhooks - Passed scenario screenshot captured: To verify the members feature filter electrical dept members
[INFO ] 2024-05-20 18:10:03.800 [main] Testhooks - Passed scenario screenshot captured: To verify the members feature filter electrical dept members
[INFO ] 2024-05-20 18:10:03.989 [main] Testhooks - Passed scenario screenshot captured: To verify the members feature filter electrical dept members
[INFO ] 2024-05-20 18:10:04.068 [main] Testhooks - Browser got closed
