[INFO ] 2024-09-06 00:31:56.185 [main] Testhooks - Execution Started
[INFO ] 2024-09-06 00:31:57.089 [main] Testhooks - Browser got launched
[INFO ] 2024-09-06 00:31:58.618 [main] Testhooks - Navigated to url
[INFO ] 2024-09-06 00:31:59.850 [main] Signinpage - User enters valid email address
[INFO ] 2024-09-06 00:31:59.999 [main] Signinpage - User enters valid password
[INFO ] 2024-09-06 00:32:00.107 [main] Signinpage - User clicks on signin button
[INFO ] 2024-09-06 00:32:00.107 [main] Members - >> Admin/User got logged in >>
[INFO ] 2024-09-06 00:32:04.711 [main] Memberspage - >> Admin/User got navigated to dashboard page
[INFO ] 2024-09-06 00:32:06.525 [main] Testhooks - Failed scenario screenshot got capturedT_DamageRec.supplier20_To verify the DamageRecSupplier feature pagination last page to first page
[INFO ] 2024-09-06 00:32:33.671 [main] Testhooks - Execution Started
[INFO ] 2024-09-06 00:32:34.559 [main] Testhooks - Browser got launched
[INFO ] 2024-09-06 00:32:36.547 [main] Testhooks - Navigated to url
[INFO ] 2024-09-06 00:32:37.762 [main] Signinpage - User enters valid email address
[INFO ] 2024-09-06 00:32:37.904 [main] Signinpage - User enters valid password
[INFO ] 2024-09-06 00:32:38.015 [main] Signinpage - User clicks on signin button
[INFO ] 2024-09-06 00:32:38.015 [main] Members - >> Admin/User got logged in >>
[INFO ] 2024-09-06 00:32:45.608 [main] Memberspage - >> Admin/User got navigated to dashboard page
[INFO ] 2024-09-06 00:32:46.188 [main] Inventorypage - >> Admin/User got navigated to inventory page
[INFO ] 2024-09-06 00:33:12.190 [main] Testhooks - Failed scenario screenshot got capturedT_DamageRec.supplier20_To verify the DamageRecSupplier feature pagination last page to first page
[INFO ] 2024-09-06 00:33:34.475 [main] Testhooks - Execution Started
[INFO ] 2024-09-06 00:33:35.399 [main] Testhooks - Browser got launched
[INFO ] 2024-09-06 00:33:37.482 [main] Testhooks - Navigated to url
[INFO ] 2024-09-06 00:33:38.695 [main] Signinpage - User enters valid email address
[INFO ] 2024-09-06 00:33:38.834 [main] Signinpage - User enters valid password
[INFO ] 2024-09-06 00:33:38.948 [main] Signinpage - User clicks on signin button
[INFO ] 2024-09-06 00:33:38.948 [main] Members - >> Admin/User got logged in >>
[INFO ] 2024-09-06 00:33:46.157 [main] Memberspage - >> Admin/User got navigated to dashboard page
[INFO ] 2024-09-06 00:33:46.869 [main] Inventorypage - >> Admin/User got navigated to inventory page
[INFO ] 2024-09-06 00:34:12.997 [main] Testhooks - Failed scenario screenshot got capturedT_DamageRec.supplier20_To verify the DamageRecSupplier feature pagination last page to first page
[INFO ] 2024-09-06 00:35:30.250 [main] Testhooks - Execution Started
[INFO ] 2024-09-06 00:35:32.111 [main] Testhooks - Browser got launched
[INFO ] 2024-09-06 00:35:33.778 [main] Testhooks - Navigated to url
[INFO ] 2024-09-06 00:35:34.994 [main] Signinpage - User enters valid email address
[INFO ] 2024-09-06 00:35:35.147 [main] Signinpage - User enters valid password
[INFO ] 2024-09-06 00:35:35.256 [main] Signinpage - User clicks on signin button
[INFO ] 2024-09-06 00:35:35.256 [main] Members - >> Admin/User got logged in >>
[INFO ] 2024-09-06 00:35:39.767 [main] Memberspage - >> Admin/User got navigated to dashboard page
[INFO ] 2024-09-06 00:35:41.391 [main] Testhooks - Failed scenario screenshot got capturedT_DamageRec.supplier20_To verify the DamageRecSupplier feature pagination last page to first page
[INFO ] 2024-09-06 00:35:57.363 [main] Testhooks - Execution Started
[INFO ] 2024-09-06 00:35:58.258 [main] Testhooks - Browser got launched
[INFO ] 2024-09-06 00:36:03.173 [main] Testhooks - Navigated to url
[INFO ] 2024-09-06 00:36:04.399 [main] Signinpage - User enters valid email address
[INFO ] 2024-09-06 00:36:04.538 [main] Signinpage - User enters valid password
[INFO ] 2024-09-06 00:36:04.649 [main] Signinpage - User clicks on signin button
[INFO ] 2024-09-06 00:36:04.650 [main] Members - >> Admin/User got logged in >>
[INFO ] 2024-09-06 00:36:09.429 [main] Memberspage - >> Admin/User got navigated to dashboard page
[INFO ] 2024-09-06 00:36:11.295 [main] Testhooks - Failed scenario screenshot got capturedT_DamageRec.supplier20_To verify the DamageRecSupplier feature pagination last page to first page
[INFO ] 2024-09-06 00:36:34.484 [main] Testhooks - Execution Started
[INFO ] 2024-09-06 00:36:35.371 [main] Testhooks - Browser got launched
[INFO ] 2024-09-06 00:36:37.611 [main] Testhooks - Navigated to url
[INFO ] 2024-09-06 00:36:38.822 [main] Signinpage - User enters valid email address
[INFO ] 2024-09-06 00:36:38.962 [main] Signinpage - User enters valid password
[INFO ] 2024-09-06 00:36:39.076 [main] Signinpage - User clicks on signin button
[INFO ] 2024-09-06 00:36:39.076 [main] Members - >> Admin/User got logged in >>
[INFO ] 2024-09-06 00:36:48.417 [main] Memberspage - >> Admin/User got navigated to dashboard page
[INFO ] 2024-09-06 00:36:49.161 [main] Inventorypage - >> Admin/User got navigated to inventory page
[INFO ] 2024-09-06 01:01:26.272 [main] Testhooks - Execution Started
[INFO ] 2024-09-06 01:01:27.216 [main] Testhooks - Browser got launched
[INFO ] 2024-09-06 01:01:28.834 [main] Testhooks - Navigated to url
[INFO ] 2024-09-06 01:01:30.041 [main] Signinpage - User enters valid email address
[INFO ] 2024-09-06 01:01:30.182 [main] Signinpage - User enters valid password
[INFO ] 2024-09-06 01:01:30.300 [main] Signinpage - User clicks on signin button
[INFO ] 2024-09-06 01:01:30.301 [main] Members - >> Admin/User got logged in >>
[INFO ] 2024-09-06 01:01:34.455 [main] Memberspage - >> Admin/User got navigated to dashboard page
[INFO ] 2024-09-06 01:01:36.218 [main] Testhooks - Failed scenario screenshot got capturedT_DamageRec.supplier20_To verify the Report page
[INFO ] 2024-09-06 01:01:36.300 [main] Testhooks - Execution Started
[INFO ] 2024-09-06 01:01:36.949 [main] Testhooks - Browser got launched
[INFO ] 2024-09-06 01:01:38.714 [main] Testhooks - Navigated to url
[INFO ] 2024-09-06 01:01:40.293 [main] Signinpage - User enters valid email address
[INFO ] 2024-09-06 01:01:40.470 [main] Signinpage - User enters valid password
[INFO ] 2024-09-06 01:01:40.590 [main] Signinpage - User clicks on signin button
[INFO ] 2024-09-06 01:01:40.590 [main] Members - >> Admin/User got logged in >>
[INFO ] 2024-09-06 01:01:45.591 [main] Memberspage - >> Admin/User got navigated to dashboard page
[INFO ] 2024-09-06 01:01:46.968 [main] Inventorypage - >> Admin/User got navigated to inventory page
[INFO ] 2024-09-06 01:02:02.649 [main] Testhooks - Failed scenario screenshot got capturedT_DamageRec.supplier20_To verify the Stock based Report
[INFO ] 2024-09-06 01:03:33.782 [main] Testhooks - Execution Started
[INFO ] 2024-09-06 01:03:34.651 [main] Testhooks - Browser got launched
[INFO ] 2024-09-06 01:03:36.478 [main] Testhooks - Navigated to url
[INFO ] 2024-09-06 01:03:37.704 [main] Signinpage - User enters valid email address
[INFO ] 2024-09-06 01:03:37.845 [main] Signinpage - User enters valid password
[INFO ] 2024-09-06 01:03:37.955 [main] Signinpage - User clicks on signin button
[INFO ] 2024-09-06 01:03:37.956 [main] Members - >> Admin/User got logged in >>
[INFO ] 2024-09-06 01:03:44.394 [main] Memberspage - >> Admin/User got navigated to dashboard page
[INFO ] 2024-09-06 01:03:45.756 [main] Inventorypage - >> Admin/User got navigated to inventory page
[INFO ] 2024-09-06 01:03:51.844 [main] Testhooks - Execution Started
[INFO ] 2024-09-06 01:03:52.399 [main] Testhooks - Browser got launched
[INFO ] 2024-09-06 01:03:53.837 [main] Testhooks - Navigated to url
[INFO ] 2024-09-06 01:03:55.068 [main] Signinpage - User enters valid email address
[INFO ] 2024-09-06 01:03:55.204 [main] Signinpage - User enters valid password
[INFO ] 2024-09-06 01:03:55.311 [main] Signinpage - User clicks on signin button
[INFO ] 2024-09-06 01:03:55.311 [main] Members - >> Admin/User got logged in >>
[INFO ] 2024-09-06 01:03:58.216 [main] Memberspage - >> Admin/User got navigated to dashboard page
[INFO ] 2024-09-06 01:03:59.750 [main] Inventorypage - >> Admin/User got navigated to inventory page
[INFO ] 2024-09-06 01:05:09.424 [main] Testhooks - Execution Started
[INFO ] 2024-09-06 01:05:10.309 [main] Testhooks - Browser got launched
[INFO ] 2024-09-06 01:05:12.444 [main] Testhooks - Navigated to url
[INFO ] 2024-09-06 01:05:13.666 [main] Signinpage - User enters valid email address
[INFO ] 2024-09-06 01:05:13.810 [main] Signinpage - User enters valid password
[INFO ] 2024-09-06 01:05:13.919 [main] Signinpage - User clicks on signin button
[INFO ] 2024-09-06 01:05:13.920 [main] Members - >> Admin/User got logged in >>
[INFO ] 2024-09-06 01:05:16.815 [main] Memberspage - >> Admin/User got navigated to dashboard page
[INFO ] 2024-09-06 01:05:17.392 [main] Inventorypage - >> Admin/User got navigated to inventory page
[INFO ] 2024-09-06 01:05:23.322 [main] Testhooks - Execution Started
[INFO ] 2024-09-06 01:05:23.901 [main] Testhooks - Browser got launched
[INFO ] 2024-09-06 01:05:25.455 [main] Testhooks - Navigated to url
[INFO ] 2024-09-06 01:05:26.685 [main] Signinpage - User enters valid email address
[INFO ] 2024-09-06 01:05:26.824 [main] Signinpage - User enters valid password
[INFO ] 2024-09-06 01:05:26.937 [main] Signinpage - User clicks on signin button
[INFO ] 2024-09-06 01:05:26.937 [main] Members - >> Admin/User got logged in >>
[INFO ] 2024-09-06 01:05:29.777 [main] Memberspage - >> Admin/User got navigated to dashboard page
[INFO ] 2024-09-06 01:05:30.353 [main] Inventorypage - >> Admin/User got navigated to inventory page
[INFO ] 2024-09-06 01:06:48.479 [main] Testhooks - Execution Started
[INFO ] 2024-09-06 01:06:49.385 [main] Testhooks - Browser got launched
[INFO ] 2024-09-06 01:06:50.997 [main] Testhooks - Navigated to url
[INFO ] 2024-09-06 01:06:52.220 [main] Signinpage - User enters valid email address
[INFO ] 2024-09-06 01:06:52.354 [main] Signinpage - User enters valid password
[INFO ] 2024-09-06 01:06:52.465 [main] Signinpage - User clicks on signin button
[INFO ] 2024-09-06 01:06:52.465 [main] Members - >> Admin/User got logged in >>
[INFO ] 2024-09-06 01:06:55.247 [main] Memberspage - >> Admin/User got navigated to dashboard page
[INFO ] 2024-09-06 01:06:55.746 [main] Inventorypage - >> Admin/User got navigated to inventory page
[INFO ] 2024-09-06 01:07:02.271 [main] Testhooks - Execution Started
[INFO ] 2024-09-06 01:07:03.090 [main] Testhooks - Browser got launched
[INFO ] 2024-09-06 01:07:04.824 [main] Testhooks - Navigated to url
[INFO ] 2024-09-06 01:07:06.044 [main] Signinpage - User enters valid email address
[INFO ] 2024-09-06 01:07:06.195 [main] Signinpage - User enters valid password
[INFO ] 2024-09-06 01:07:06.330 [main] Signinpage - User clicks on signin button
[INFO ] 2024-09-06 01:07:06.330 [main] Members - >> Admin/User got logged in >>
[INFO ] 2024-09-06 01:07:16.087 [main] Memberspage - >> Admin/User got navigated to dashboard page
[INFO ] 2024-09-06 01:07:17.375 [main] Inventorypage - >> Admin/User got navigated to inventory page
[INFO ] 2024-09-06 02:18:30.070 [main] Testhooks - Execution Started
[INFO ] 2024-09-06 02:18:31.247 [main] Testhooks - Browser got launched
[INFO ] 2024-09-06 02:18:32.780 [main] Testhooks - Navigated to url
[INFO ] 2024-09-06 02:18:33.985 [main] Signinpage - User enters valid email address
[INFO ] 2024-09-06 02:18:34.127 [main] Signinpage - User enters valid password
[INFO ] 2024-09-06 02:18:34.235 [main] Signinpage - User clicks on signin button
[INFO ] 2024-09-06 02:18:34.235 [main] Members - >> Admin/User got logged in >>
[INFO ] 2024-09-06 02:18:44.032 [main] Memberspage - >> Admin/User got navigated to dashboard page
[INFO ] 2024-09-06 02:18:44.677 [main] Inventorypage - >> Admin/User got navigated to inventory page
[INFO ] 2024-09-06 11:34:49.472 [main] Testhooks - Execution Started
[INFO ] 2024-09-06 11:34:50.345 [main] Testhooks - Browser got launched
[INFO ] 2024-09-06 11:34:52.164 [main] Testhooks - Navigated to url
[INFO ] 2024-09-06 11:34:53.372 [main] Signinpage - User enters valid email address
[INFO ] 2024-09-06 11:34:53.500 [main] Signinpage - User enters valid password
[INFO ] 2024-09-06 11:34:53.616 [main] Signinpage - User clicks on signin button
[INFO ] 2024-09-06 11:34:53.616 [main] Members - >> Admin/User got logged in >>
[INFO ] 2024-09-06 11:34:56.367 [main] Memberspage - >> Admin/User got navigated to dashboard page
[INFO ] 2024-09-06 11:34:56.878 [main] Inventorypage - >> Admin/User got navigated to inventory page
[INFO ] 2024-09-06 11:35:53.145 [main] Testhooks - Execution Started
[INFO ] 2024-09-06 11:35:53.938 [main] Testhooks - Browser got launched
[INFO ] 2024-09-06 11:35:55.558 [main] Testhooks - Navigated to url
[INFO ] 2024-09-06 11:35:56.758 [main] Signinpage - User enters valid email address
[INFO ] 2024-09-06 11:35:56.888 [main] Signinpage - User enters valid password
[INFO ] 2024-09-06 11:35:56.996 [main] Signinpage - User clicks on signin button
[INFO ] 2024-09-06 11:35:56.996 [main] Members - >> Admin/User got logged in >>
[INFO ] 2024-09-06 11:35:59.561 [main] Memberspage - >> Admin/User got navigated to dashboard page
[INFO ] 2024-09-06 11:36:00.168 [main] Inventorypage - >> Admin/User got navigated to inventory page
[INFO ] 2024-09-06 11:36:29.378 [main] Testhooks - Failed scenario screenshot got capturedT_StockAdjustment02_Create the New Return with valid inputs
[INFO ] 2024-09-06 11:36:42.126 [main] Testhooks - Execution Started
[INFO ] 2024-09-06 11:36:42.921 [main] Testhooks - Browser got launched
[INFO ] 2024-09-06 11:36:45.376 [main] Testhooks - Navigated to url
[INFO ] 2024-09-06 11:36:46.566 [main] Signinpage - User enters valid email address
[INFO ] 2024-09-06 11:36:46.691 [main] Signinpage - User enters valid password
[INFO ] 2024-09-06 11:36:46.795 [main] Signinpage - User clicks on signin button
[INFO ] 2024-09-06 11:36:46.796 [main] Members - >> Admin/User got logged in >>
[INFO ] 2024-09-06 11:36:49.472 [main] Memberspage - >> Admin/User got navigated to dashboard page
[INFO ] 2024-09-06 11:36:50.037 [main] Inventorypage - >> Admin/User got navigated to inventory page
[INFO ] 2024-09-06 11:37:19.044 [main] Testhooks - Failed scenario screenshot got capturedT_StockAdjustment02_Create the New Return with valid inputs
[INFO ] 2024-09-06 11:37:30.194 [main] Testhooks - Execution Started
[INFO ] 2024-09-06 11:37:31.086 [main] Testhooks - Browser got launched
[INFO ] 2024-09-06 11:37:33.311 [main] Testhooks - Navigated to url
[INFO ] 2024-09-06 11:37:34.510 [main] Signinpage - User enters valid email address
[INFO ] 2024-09-06 11:37:34.638 [main] Signinpage - User enters valid password
[INFO ] 2024-09-06 11:37:34.744 [main] Signinpage - User clicks on signin button
[INFO ] 2024-09-06 11:37:34.745 [main] Members - >> Admin/User got logged in >>
[INFO ] 2024-09-06 11:37:44.899 [main] Memberspage - >> Admin/User got navigated to dashboard page
[INFO ] 2024-09-06 11:37:45.440 [main] Inventorypage - >> Admin/User got navigated to inventory page
[INFO ] 2024-09-06 11:38:14.453 [main] Testhooks - Failed scenario screenshot got capturedT_StockAdjustment02_Create the New Return with valid inputs
[INFO ] 2024-09-06 11:38:42.024 [main] Testhooks - Execution Started
[INFO ] 2024-09-06 11:38:42.846 [main] Testhooks - Browser got launched
[INFO ] 2024-09-06 11:38:44.779 [main] Testhooks - Navigated to url
[INFO ] 2024-09-06 11:38:46.002 [main] Signinpage - User enters valid email address
[INFO ] 2024-09-06 11:38:46.134 [main] Signinpage - User enters valid password
[INFO ] 2024-09-06 11:38:46.244 [main] Signinpage - User clicks on signin button
[INFO ] 2024-09-06 11:38:46.244 [main] Members - >> Admin/User got logged in >>
[INFO ] 2024-09-06 11:38:48.732 [main] Memberspage - >> Admin/User got navigated to dashboard page
[INFO ] 2024-09-06 11:38:49.286 [main] Inventorypage - >> Admin/User got navigated to inventory page
