[INFO ] 2024-08-27 01:14:28.736 [main] Testhooks - Execution Started
[INFO ] 2024-08-27 01:14:29.642 [main] Testhooks - Browser got launched
[INFO ] 2024-08-27 01:14:32.176 [main] Testhooks - Navigated to url
[INFO ] 2024-08-27 01:14:33.392 [main] Signinpage - User enters valid email address
[INFO ] 2024-08-27 01:14:33.527 [main] Signinpage - User enters valid password
[INFO ] 2024-08-27 01:14:33.640 [main] Signinpage - User clicks on signin button
[INFO ] 2024-08-27 01:14:33.641 [main] Members - >> Admin/User got logged in >>
[INFO ] 2024-08-27 01:14:44.972 [main] Memberspage - >> Admin/User got navigated to dashboard page
[INFO ] 2024-08-27 01:14:46.076 [main] Cleaningpage - >> Admin/User got navigated to cleaning page
[INFO ] 2024-08-27 01:14:46.840 [main] Testhooks - Failed scenario screenshot got capturedT018_To verify the Cleaning feature filter by Assignee
[INFO ] 2024-08-27 01:35:12.744 [main] Testhooks - Execution Started
[INFO ] 2024-08-27 01:35:13.708 [main] Testhooks - Browser got launched
[INFO ] 2024-08-27 01:35:16.142 [main] Testhooks - Navigated to url
[INFO ] 2024-08-27 01:35:17.365 [main] Signinpage - User enters valid email address
[INFO ] 2024-08-27 01:35:17.506 [main] Signinpage - User enters valid password
[INFO ] 2024-08-27 01:35:17.622 [main] Signinpage - User clicks on signin button
[INFO ] 2024-08-27 01:35:17.622 [main] Members - >> Admin/User got logged in >>
[INFO ] 2024-08-27 01:35:20.393 [main] Memberspage - >> Admin/User got navigated to dashboard page
[INFO ] 2024-08-27 01:35:20.891 [main] Cleaningpage - >> Admin/User got navigated to cleaning page
[INFO ] 2024-08-27 01:37:02.881 [main] Testhooks - Execution Started
[INFO ] 2024-08-27 01:37:03.847 [main] Testhooks - Browser got launched
[INFO ] 2024-08-27 01:37:05.594 [main] Testhooks - Navigated to url
[INFO ] 2024-08-27 01:37:06.814 [main] Signinpage - User enters valid email address
[INFO ] 2024-08-27 01:37:06.950 [main] Signinpage - User enters valid password
[INFO ] 2024-08-27 01:37:07.059 [main] Signinpage - User clicks on signin button
[INFO ] 2024-08-27 01:37:07.059 [main] Members - >> Admin/User got logged in >>
[INFO ] 2024-08-27 01:37:15.513 [main] Memberspage - >> Admin/User got navigated to dashboard page
[INFO ] 2024-08-27 01:37:16.050 [main] Cleaningpage - >> Admin/User got navigated to cleaning page
[INFO ] 2024-08-27 01:37:36.950 [main] Testhooks - Failed scenario screenshot got capturedT018_To verify the Cleaning feature filter by Assignee
[INFO ] 2024-08-27 01:39:20.587 [main] Testhooks - Execution Started
[INFO ] 2024-08-27 01:39:21.514 [main] Testhooks - Browser got launched
[INFO ] 2024-08-27 01:39:22.967 [main] Testhooks - Navigated to url
[INFO ] 2024-08-27 01:39:24.176 [main] Signinpage - User enters valid email address
[INFO ] 2024-08-27 01:39:24.313 [main] Signinpage - User enters valid password
[INFO ] 2024-08-27 01:39:24.425 [main] Signinpage - User clicks on signin button
[INFO ] 2024-08-27 01:39:24.425 [main] Members - >> Admin/User got logged in >>
[INFO ] 2024-08-27 01:39:27.220 [main] Memberspage - >> Admin/User got navigated to dashboard page
[INFO ] 2024-08-27 01:39:27.676 [main] Cleaningpage - >> Admin/User got navigated to cleaning page
[INFO ] 2024-08-27 01:39:28.468 [main] Cleaningpage - User updated the Group 
[INFO ] 2024-08-27 12:18:28.814 [main] Testhooks - Execution Started
[INFO ] 2024-08-27 12:18:29.748 [main] Testhooks - Browser got launched
[INFO ] 2024-08-27 12:18:31.762 [main] Testhooks - Navigated to url
[INFO ] 2024-08-27 12:18:32.984 [main] Signinpage - User enters valid email address
[INFO ] 2024-08-27 12:18:33.119 [main] Signinpage - User enters valid password
[INFO ] 2024-08-27 12:18:33.304 [main] Signinpage - User clicks on signin button
[INFO ] 2024-08-27 12:18:33.305 [main] Members - >> Admin/User got logged in >>
[INFO ] 2024-08-27 12:18:46.671 [main] Memberspage - >> Admin/User got navigated to dashboard page
[INFO ] 2024-08-27 12:18:47.239 [main] Cleaningpage - >> Admin/User got navigated to cleaning page
[INFO ] 2024-08-27 12:39:32.178 [main] Testhooks - Execution Started
[INFO ] 2024-08-27 12:39:32.980 [main] Testhooks - Browser got launched
[INFO ] 2024-08-27 12:39:34.842 [main] Testhooks - Navigated to url
[INFO ] 2024-08-27 12:39:36.052 [main] Signinpage - User enters valid email address
[INFO ] 2024-08-27 12:39:36.176 [main] Signinpage - User enters valid password
[INFO ] 2024-08-27 12:39:36.281 [main] Signinpage - User clicks on signin button
[INFO ] 2024-08-27 12:39:36.281 [main] Members - >> Admin/User got logged in >>
[INFO ] 2024-08-27 12:39:44.739 [main] Memberspage - >> Admin/User got navigated to dashboard page
[INFO ] 2024-08-27 12:39:45.405 [main] Cleaningpage - >> Admin/User got navigated to cleaning page
[INFO ] 2024-08-27 12:40:43.718 [main] Testhooks - Execution Started
[INFO ] 2024-08-27 12:40:44.522 [main] Testhooks - Browser got launched
[INFO ] 2024-08-27 12:40:46.418 [main] Testhooks - Navigated to url
[INFO ] 2024-08-27 12:40:47.619 [main] Signinpage - User enters valid email address
[INFO ] 2024-08-27 12:40:47.745 [main] Signinpage - User enters valid password
[INFO ] 2024-08-27 12:40:47.851 [main] Signinpage - User clicks on signin button
[INFO ] 2024-08-27 12:40:47.851 [main] Members - >> Admin/User got logged in >>
[INFO ] 2024-08-27 12:40:54.852 [main] Memberspage - >> Admin/User got navigated to dashboard page
[INFO ] 2024-08-27 12:40:55.362 [main] Cleaningpage - >> Admin/User got navigated to cleaning page
[INFO ] 2024-08-27 12:41:26.389 [main] Testhooks - Failed scenario screenshot got capturedT026_To verify the Cleaning feature upload photos videos and voice
[INFO ] 2024-08-27 12:42:10.434 [main] Testhooks - Execution Started
[INFO ] 2024-08-27 12:42:11.247 [main] Testhooks - Browser got launched
[INFO ] 2024-08-27 12:42:13.177 [main] Testhooks - Navigated to url
[INFO ] 2024-08-27 12:42:14.382 [main] Signinpage - User enters valid email address
[INFO ] 2024-08-27 12:42:14.510 [main] Signinpage - User enters valid password
[INFO ] 2024-08-27 12:42:14.621 [main] Signinpage - User clicks on signin button
[INFO ] 2024-08-27 12:42:14.621 [main] Members - >> Admin/User got logged in >>
[INFO ] 2024-08-27 12:42:17.234 [main] Memberspage - >> Admin/User got navigated to dashboard page
[INFO ] 2024-08-27 12:42:17.661 [main] Cleaningpage - >> Admin/User got navigated to cleaning page
[INFO ] 2024-08-27 12:42:20.906 [main] Testhooks - Failed scenario screenshot got capturedT026_To verify the Cleaning feature upload photos videos and voice
[INFO ] 2024-08-27 12:56:04.420 [main] Testhooks - Execution Started
[INFO ] 2024-08-27 12:56:05.217 [main] Testhooks - Browser got launched
[INFO ] 2024-08-27 12:56:08.386 [main] Testhooks - Navigated to url
[INFO ] 2024-08-27 12:56:09.590 [main] Signinpage - User enters valid email address
[INFO ] 2024-08-27 12:56:09.718 [main] Signinpage - User enters valid password
[INFO ] 2024-08-27 12:56:09.826 [main] Signinpage - User clicks on signin button
[INFO ] 2024-08-27 12:56:09.826 [main] Members - >> Admin/User got logged in >>
[INFO ] 2024-08-27 12:56:15.831 [main] Memberspage - >> Admin/User got navigated to dashboard page
[INFO ] 2024-08-27 12:56:16.440 [main] Cleaningpage - >> Admin/User got navigated to cleaning page
[INFO ] 2024-08-27 12:56:27.544 [main] Testhooks - Failed scenario screenshot got capturedT027_To verify the Cleaning feature clicks close button of uploaded photo in view ticket page
[INFO ] 2024-08-27 14:21:01.720 [main] Testhooks - Execution Started
[INFO ] 2024-08-27 14:21:02.545 [main] Testhooks - Browser got launched
[INFO ] 2024-08-27 14:21:04.528 [main] Testhooks - Navigated to url
[INFO ] 2024-08-27 14:21:05.733 [main] Signinpage - User enters valid email address
[INFO ] 2024-08-27 14:21:05.865 [main] Signinpage - User enters valid password
[INFO ] 2024-08-27 14:21:05.970 [main] Signinpage - User clicks on signin button
[INFO ] 2024-08-27 14:21:05.970 [main] Members - >> Admin/User got logged in >>
[INFO ] 2024-08-27 14:21:24.915 [main] Memberspage - >> Admin/User got navigated to dashboard page
[INFO ] 2024-08-27 14:21:25.414 [main] Cleaningpage - >> Admin/User got navigated to cleaning page
[INFO ] 2024-08-27 14:27:49.188 [main] Testhooks - Execution Started
[INFO ] 2024-08-27 14:27:50.014 [main] Testhooks - Browser got launched
[INFO ] 2024-08-27 14:27:51.454 [main] Testhooks - Navigated to url
[INFO ] 2024-08-27 14:27:52.650 [main] Signinpage - User enters valid email address
[INFO ] 2024-08-27 14:27:52.781 [main] Signinpage - User enters valid password
[INFO ] 2024-08-27 14:27:52.885 [main] Signinpage - User clicks on signin button
[INFO ] 2024-08-27 14:27:52.885 [main] Members - >> Admin/User got logged in >>
[INFO ] 2024-08-27 14:27:55.429 [main] Memberspage - >> Admin/User got navigated to dashboard page
[INFO ] 2024-08-27 14:27:55.965 [main] Cleaningpage - >> Admin/User got navigated to cleaning page
[INFO ] 2024-08-27 18:27:37.255 [main] Testhooks - Execution Started
[INFO ] 2024-08-27 18:27:38.081 [main] Testhooks - Browser got launched
[INFO ] 2024-08-27 18:27:40.112 [main] Testhooks - Navigated to url
[INFO ] 2024-08-27 18:27:41.318 [main] Signinpage - User enters valid email address
[INFO ] 2024-08-27 18:27:41.439 [main] Signinpage - User enters valid password
[INFO ] 2024-08-27 18:27:41.551 [main] Signinpage - User clicks on signin button
[INFO ] 2024-08-27 18:27:41.552 [main] Members - >> Admin/User got logged in >>
[INFO ] 2024-08-27 18:27:46.190 [main] Memberspage - >> Admin/User got navigated to dashboard page
[INFO ] 2024-08-27 18:27:46.761 [main] Cleaningpage - >> Admin/User got navigated to cleaning page
[INFO ] 2024-08-27 18:27:50.969 [main] Cleaningpage - Chat page displayed
[INFO ] 2024-08-27 18:53:31.766 [main] Testhooks - Execution Started
[INFO ] 2024-08-27 18:53:32.677 [main] Testhooks - Browser got launched
[INFO ] 2024-08-27 18:53:34.108 [main] Testhooks - Navigated to url
[INFO ] 2024-08-27 18:53:35.332 [main] Signinpage - User enters valid email address
[INFO ] 2024-08-27 18:53:35.468 [main] Signinpage - User enters valid password
[INFO ] 2024-08-27 18:53:35.579 [main] Signinpage - User clicks on signin button
[INFO ] 2024-08-27 18:53:35.580 [main] Members - >> Admin/User got logged in >>
[INFO ] 2024-08-27 18:53:45.950 [main] Memberspage - >> Admin/User got navigated to dashboard page
[INFO ] 2024-08-27 18:53:46.507 [main] Cleaningpage - >> Admin/User got navigated to cleaning page
[INFO ] 2024-08-27 19:02:29.085 [main] Testhooks - Execution Started
[INFO ] 2024-08-27 19:02:29.967 [main] Testhooks - Browser got launched
[INFO ] 2024-08-27 19:02:32.159 [main] Testhooks - Navigated to url
[INFO ] 2024-08-27 19:02:33.373 [main] Signinpage - User enters valid email address
[INFO ] 2024-08-27 19:02:33.509 [main] Signinpage - User enters valid password
[INFO ] 2024-08-27 19:02:33.619 [main] Signinpage - User clicks on signin button
[INFO ] 2024-08-27 19:02:33.619 [main] Members - >> Admin/User got logged in >>
[INFO ] 2024-08-27 19:02:48.257 [main] Memberspage - >> Admin/User got navigated to dashboard page
[INFO ] 2024-08-27 19:02:48.862 [main] Cleaningpage - >> Admin/User got navigated to cleaning page
[INFO ] 2024-08-27 19:07:20.541 [main] Testhooks - Execution Started
[INFO ] 2024-08-27 19:07:21.409 [main] Testhooks - Browser got launched
[INFO ] 2024-08-27 19:07:22.906 [main] Testhooks - Navigated to url
[INFO ] 2024-08-27 19:07:24.123 [main] Signinpage - User enters valid email address
[INFO ] 2024-08-27 19:07:24.260 [main] Signinpage - User enters valid password
[INFO ] 2024-08-27 19:07:24.375 [main] Signinpage - User clicks on signin button
[INFO ] 2024-08-27 19:07:24.375 [main] Members - >> Admin/User got logged in >>
[INFO ] 2024-08-27 19:07:27.186 [main] Memberspage - >> Admin/User got navigated to dashboard page
[INFO ] 2024-08-27 19:07:27.697 [main] Cleaningpage - >> Admin/User got navigated to cleaning page
[INFO ] 2024-08-27 19:12:16.166 [main] Testhooks - Execution Started
[INFO ] 2024-08-27 19:12:17.026 [main] Testhooks - Browser got launched
[INFO ] 2024-08-27 19:12:18.513 [main] Testhooks - Navigated to url
[INFO ] 2024-08-27 19:12:19.731 [main] Signinpage - User enters valid email address
[INFO ] 2024-08-27 19:12:19.863 [main] Signinpage - User enters valid password
[INFO ] 2024-08-27 19:12:19.972 [main] Signinpage - User clicks on signin button
[INFO ] 2024-08-27 19:12:19.973 [main] Members - >> Admin/User got logged in >>
[INFO ] 2024-08-27 19:12:22.442 [main] Memberspage - >> Admin/User got navigated to dashboard page
[INFO ] 2024-08-27 19:12:23.039 [main] Cleaningpage - >> Admin/User got navigated to cleaning page
[INFO ] 2024-08-27 19:23:33.242 [main] Testhooks - Execution Started
[INFO ] 2024-08-27 19:23:34.131 [main] Testhooks - Browser got launched
[INFO ] 2024-08-27 19:23:36.179 [main] Testhooks - Navigated to url
[INFO ] 2024-08-27 19:23:37.396 [main] Signinpage - User enters valid email address
[INFO ] 2024-08-27 19:23:37.536 [main] Signinpage - User enters valid password
[INFO ] 2024-08-27 19:23:37.651 [main] Signinpage - User clicks on signin button
[INFO ] 2024-08-27 19:23:37.651 [main] Members - >> Admin/User got logged in >>
[INFO ] 2024-08-27 19:23:45.003 [main] Memberspage - >> Admin/User got navigated to dashboard page
[INFO ] 2024-08-27 19:23:45.593 [main] Cleaningpage - >> Admin/User got navigated to cleaning page
[INFO ] 2024-08-27 19:24:55.870 [main] Testhooks - Execution Started
[INFO ] 2024-08-27 19:24:56.755 [main] Testhooks - Browser got launched
[INFO ] 2024-08-27 19:24:58.198 [main] Testhooks - Navigated to url
[INFO ] 2024-08-27 19:24:59.412 [main] Signinpage - User enters valid email address
[INFO ] 2024-08-27 19:24:59.544 [main] Signinpage - User enters valid password
[INFO ] 2024-08-27 19:24:59.655 [main] Signinpage - User clicks on signin button
[INFO ] 2024-08-27 19:24:59.655 [main] Members - >> Admin/User got logged in >>
[INFO ] 2024-08-27 19:25:02.094 [main] Memberspage - >> Admin/User got navigated to dashboard page
[INFO ] 2024-08-27 19:25:03.020 [main] Cleaningpage - >> Admin/User got navigated to cleaning page
[INFO ] 2024-08-27 19:25:14.334 [main] Testhooks - Failed scenario screenshot got capturedT034_To verify the Tickets feature click 'Reassigned' Tab  in view ticket page
[INFO ] 2024-08-27 19:25:27.684 [main] Testhooks - Execution Started
[INFO ] 2024-08-27 19:25:28.520 [main] Testhooks - Browser got launched
[INFO ] 2024-08-27 19:25:30.013 [main] Testhooks - Navigated to url
[INFO ] 2024-08-27 19:25:31.236 [main] Signinpage - User enters valid email address
[INFO ] 2024-08-27 19:25:31.396 [main] Signinpage - User enters valid password
[INFO ] 2024-08-27 19:25:31.553 [main] Signinpage - User clicks on signin button
[INFO ] 2024-08-27 19:25:31.553 [main] Members - >> Admin/User got logged in >>
[INFO ] 2024-08-27 19:25:34.090 [main] Memberspage - >> Admin/User got navigated to dashboard page
[INFO ] 2024-08-27 19:25:35.800 [main] Testhooks - Failed scenario screenshot got capturedT034_To verify the Tickets feature click 'Reassigned' Tab  in view ticket page
[INFO ] 2024-08-27 19:28:55.926 [main] Testhooks - Execution Started
[INFO ] 2024-08-27 19:28:56.681 [main] Testhooks - Browser got launched
[INFO ] 2024-08-27 19:28:58.274 [main] Testhooks - Navigated to url
[INFO ] 2024-08-27 19:28:59.478 [main] Signinpage - User enters valid email address
[INFO ] 2024-08-27 19:28:59.602 [main] Signinpage - User enters valid password
[INFO ] 2024-08-27 19:28:59.703 [main] Signinpage - User clicks on signin button
[INFO ] 2024-08-27 19:28:59.703 [main] Members - >> Admin/User got logged in >>
[INFO ] 2024-08-27 19:29:02.184 [main] Memberspage - >> Admin/User got navigated to dashboard page
[INFO ] 2024-08-27 19:29:03.022 [main] Cleaningpage - >> Admin/User got navigated to cleaning page
[INFO ] 2024-08-27 19:32:25.252 [main] Testhooks - Execution Started
[INFO ] 2024-08-27 19:32:26.149 [main] Testhooks - Browser got launched
[INFO ] 2024-08-27 19:32:27.663 [main] Testhooks - Navigated to url
[INFO ] 2024-08-27 19:32:28.873 [main] Signinpage - User enters valid email address
[INFO ] 2024-08-27 19:32:29.011 [main] Signinpage - User enters valid password
[INFO ] 2024-08-27 19:32:29.125 [main] Signinpage - User clicks on signin button
[INFO ] 2024-08-27 19:32:29.125 [main] Members - >> Admin/User got logged in >>
[INFO ] 2024-08-27 19:32:31.785 [main] Memberspage - >> Admin/User got navigated to dashboard page
[INFO ] 2024-08-27 19:32:32.603 [main] Cleaningpage - >> Admin/User got navigated to cleaning page
[INFO ] 2024-08-27 22:52:41.251 [main] Testhooks - Execution Started
[INFO ] 2024-08-27 22:52:42.125 [main] Testhooks - Browser got launched
[INFO ] 2024-08-27 22:52:44.335 [main] Testhooks - Navigated to url
[INFO ] 2024-08-27 22:52:45.552 [main] Signinpage - User enters valid email address
[INFO ] 2024-08-27 22:52:45.687 [main] Signinpage - User enters valid password
[INFO ] 2024-08-27 22:52:45.800 [main] Signinpage - User clicks on signin button
[INFO ] 2024-08-27 22:52:45.800 [main] Members - >> Admin/User got logged in >>
[INFO ] 2024-08-27 22:52:48.395 [main] Memberspage - >> Admin/User got navigated to dashboard page
[INFO ] 2024-08-27 22:52:48.937 [main] Cleaningpage - >> Admin/User got navigated to cleaning page
[INFO ] 2024-08-27 22:53:02.201 [main] Testhooks - Execution Started
[INFO ] 2024-08-27 22:53:03.123 [main] Testhooks - Browser got launched
[INFO ] 2024-08-27 22:53:05.062 [main] Testhooks - Navigated to url
[INFO ] 2024-08-27 22:53:06.288 [main] Signinpage - User enters valid email address
[INFO ] 2024-08-27 22:53:06.423 [main] Signinpage - User enters valid password
[INFO ] 2024-08-27 22:53:06.536 [main] Signinpage - User clicks on signin button
[INFO ] 2024-08-27 22:53:06.536 [main] Members - >> Admin/User got logged in >>
[INFO ] 2024-08-27 22:53:16.488 [main] Memberspage - >> Admin/User got navigated to dashboard page
[INFO ] 2024-08-27 22:53:17.014 [main] Cleaningpage - >> Admin/User got navigated to cleaning page
[INFO ] 2024-08-27 22:53:34.716 [main] Testhooks - Execution Started
[INFO ] 2024-08-27 22:53:35.658 [main] Testhooks - Browser got launched
[INFO ] 2024-08-27 22:53:38.003 [main] Testhooks - Navigated to url
[INFO ] 2024-08-27 22:53:39.227 [main] Signinpage - User enters valid email address
[INFO ] 2024-08-27 22:53:39.373 [main] Signinpage - User enters valid password
[INFO ] 2024-08-27 22:53:39.486 [main] Signinpage - User clicks on signin button
[INFO ] 2024-08-27 22:53:39.486 [main] Members - >> Admin/User got logged in >>
[INFO ] 2024-08-27 22:53:46.639 [main] Memberspage - >> Admin/User got navigated to dashboard page
[INFO ] 2024-08-27 22:53:48.012 [main] Cleaningpage - >> Admin/User got navigated to cleaning page
[INFO ] 2024-08-27 22:53:59.737 [main] Testhooks - Execution Started
[INFO ] 2024-08-27 22:54:00.890 [main] Testhooks - Browser got launched
[INFO ] 2024-08-27 22:54:03.035 [main] Testhooks - Navigated to url
[INFO ] 2024-08-27 22:54:04.283 [main] Signinpage - User enters valid email address
[INFO ] 2024-08-27 22:54:04.429 [main] Signinpage - User enters valid password
[INFO ] 2024-08-27 22:54:04.545 [main] Signinpage - User clicks on signin button
[INFO ] 2024-08-27 22:54:04.545 [main] Members - >> Admin/User got logged in >>
[INFO ] 2024-08-27 22:54:16.781 [main] Memberspage - >> Admin/User got navigated to dashboard page
[INFO ] 2024-08-27 22:54:17.263 [main] Cleaningpage - >> Admin/User got navigated to cleaning page
[INFO ] 2024-08-27 22:54:28.616 [main] Testhooks - Failed scenario screenshot got capturedT038_To verify the Cleaning feature pagination previous page
[INFO ] 2024-08-27 22:55:56.572 [main] Testhooks - Execution Started
[INFO ] 2024-08-27 22:55:57.495 [main] Testhooks - Browser got launched
[INFO ] 2024-08-27 22:55:59.044 [main] Testhooks - Navigated to url
[INFO ] 2024-08-27 22:56:00.251 [main] Signinpage - User enters valid email address
[INFO ] 2024-08-27 22:56:00.401 [main] Signinpage - User enters valid password
[INFO ] 2024-08-27 22:56:00.612 [main] Signinpage - User clicks on signin button
[INFO ] 2024-08-27 22:56:00.613 [main] Members - >> Admin/User got logged in >>
[INFO ] 2024-08-27 22:56:03.695 [main] Memberspage - >> Admin/User got navigated to dashboard page
[INFO ] 2024-08-27 22:56:05.443 [main] Testhooks - Failed scenario screenshot got capturedT039_To verify the Cleaning feature pagination last page
[INFO ] 2024-08-27 22:56:20.865 [main] Testhooks - Execution Started
[INFO ] 2024-08-27 22:56:21.736 [main] Testhooks - Browser got launched
[INFO ] 2024-08-27 22:56:23.203 [main] Testhooks - Navigated to url
[INFO ] 2024-08-27 22:56:24.427 [main] Signinpage - User enters valid email address
[INFO ] 2024-08-27 22:56:24.559 [main] Signinpage - User enters valid password
[INFO ] 2024-08-27 22:56:24.665 [main] Signinpage - User clicks on signin button
[INFO ] 2024-08-27 22:56:24.665 [main] Members - >> Admin/User got logged in >>
[INFO ] 2024-08-27 22:56:27.283 [main] Memberspage - >> Admin/User got navigated to dashboard page
[INFO ] 2024-08-27 22:56:27.832 [main] Cleaningpage - >> Admin/User got navigated to cleaning page
[INFO ] 2024-08-27 22:56:43.844 [main] Testhooks - Execution Started
[INFO ] 2024-08-27 22:56:44.817 [main] Testhooks - Browser got launched
[INFO ] 2024-08-27 22:56:46.342 [main] Testhooks - Navigated to url
[INFO ] 2024-08-27 22:56:47.561 [main] Signinpage - User enters valid email address
[INFO ] 2024-08-27 22:56:47.701 [main] Signinpage - User enters valid password
[INFO ] 2024-08-27 22:56:47.813 [main] Signinpage - User clicks on signin button
[INFO ] 2024-08-27 22:56:47.813 [main] Members - >> Admin/User got logged in >>
[INFO ] 2024-08-27 22:56:50.459 [main] Memberspage - >> Admin/User got navigated to dashboard page
[INFO ] 2024-08-27 22:56:51.045 [main] Cleaningpage - >> Admin/User got navigated to cleaning page
[INFO ] 2024-08-27 22:57:02.477 [main] Testhooks - Failed scenario screenshot got capturedT040_To verify the Cleaning feature pagination last page to first page
[INFO ] 2024-08-27 22:59:55.437 [main] Testhooks - Execution Started
[INFO ] 2024-08-27 22:59:56.358 [main] Testhooks - Browser got launched
[INFO ] 2024-08-27 22:59:57.906 [main] Testhooks - Navigated to url
[INFO ] 2024-08-27 22:59:59.131 [main] Signinpage - User enters valid email address
[INFO ] 2024-08-27 22:59:59.275 [main] Signinpage - User enters valid password
[INFO ] 2024-08-27 22:59:59.390 [main] Signinpage - User clicks on signin button
[INFO ] 2024-08-27 22:59:59.391 [main] Members - >> Admin/User got logged in >>
[INFO ] 2024-08-27 23:00:02.308 [main] Memberspage - >> Admin/User got navigated to dashboard page
[INFO ] 2024-08-27 23:00:02.903 [main] Cleaningpage - >> Admin/User got navigated to cleaning page
[INFO ] 2024-08-27 23:00:14.434 [main] Testhooks - Failed scenario screenshot got capturedT040_To verify the Cleaning feature pagination last page to first page
[INFO ] 2024-08-27 23:02:02.104 [main] Testhooks - Execution Started
[INFO ] 2024-08-27 23:02:02.994 [main] Testhooks - Browser got launched
[INFO ] 2024-08-27 23:02:04.909 [main] Testhooks - Navigated to url
[INFO ] 2024-08-27 23:02:06.126 [main] Signinpage - User enters valid email address
[INFO ] 2024-08-27 23:02:06.264 [main] Signinpage - User enters valid password
[INFO ] 2024-08-27 23:02:06.372 [main] Signinpage - User clicks on signin button
[INFO ] 2024-08-27 23:02:06.372 [main] Members - >> Admin/User got logged in >>
[INFO ] 2024-08-27 23:02:15.325 [main] Memberspage - >> Admin/User got navigated to dashboard page
[INFO ] 2024-08-27 23:02:16.003 [main] Cleaningpage - >> Admin/User got navigated to cleaning page
