[INFO ] 2024-05-06 12:42:19.509 [main] Testhooks - Execution Started
[INFO ] 2024-05-06 12:42:20.414 [main] Testhooks - Browser got launched
[INFO ] 2024-05-06 12:42:21.936 [main] Testhooks - Navigated to url
[INFO ] 2024-05-06 12:42:23.054 [main] Testhooks - Page is zoomed out
[INFO ] 2024-05-06 12:42:25.166 [main] Signin - >> User enters valid email address
[INFO ] 2024-05-06 12:42:25.317 [main] Testhooks - Passed scenario screenshot captured: Login with valid credentials
[INFO ] 2024-05-06 12:42:25.388 [main] Signin - >> User enters valid password
[INFO ] 2024-05-06 12:42:25.516 [main] Testhooks - Passed scenario screenshot captured: Login with valid credentials
[INFO ] 2024-05-06 12:42:25.573 [main] Signin - >> User clicks on signin button
[INFO ] 2024-05-06 12:42:25.690 [main] Testhooks - Passed scenario screenshot captured: Login with valid credentials
[INFO ] 2024-05-06 12:42:28.727 [main] Signin - >> User got signed in successfully
[INFO ] 2024-05-06 12:42:28.864 [main] Testhooks - Passed scenario screenshot captured: Login with valid credentials
[INFO ] 2024-05-06 12:42:29.062 [main] Testhooks - Passed scenario screenshot captured: Login with valid credentials
[INFO ] 2024-05-06 12:42:30.148 [main] Testhooks - Browser got closed
[INFO ] 2024-05-06 12:42:30.166 [main] Testhooks - Execution Started
[INFO ] 2024-05-06 12:42:30.756 [main] Testhooks - Browser got launched
[INFO ] 2024-05-06 12:42:31.167 [main] Testhooks - Navigated to url
[INFO ] 2024-05-06 12:42:32.174 [main] Testhooks - Page is zoomed out
[INFO ] 2024-05-06 12:42:34.393 [main] Testhooks - Passed scenario screenshot captured: Login with invalid credentials
[INFO ] 2024-05-06 12:42:34.575 [main] Testhooks - Passed scenario screenshot captured: Login with invalid credentials
[INFO ] 2024-05-06 12:42:34.630 [main] Signin - >> User clicks on signin button
[INFO ] 2024-05-06 12:42:34.733 [main] Testhooks - Passed scenario screenshot captured: Login with invalid credentials
[INFO ] 2024-05-06 12:42:35.182 [main] Testhooks - Passed scenario screenshot captured: Login with invalid credentials
[INFO ] 2024-05-06 12:42:36.255 [main] Testhooks - Browser got closed
[INFO ] 2024-05-06 12:43:20.933 [main] Testhooks - Execution Started
[INFO ] 2024-05-06 12:43:21.863 [main] Testhooks - Browser got launched
[INFO ] 2024-05-06 12:43:22.738 [main] Testhooks - Navigated to url
[INFO ] 2024-05-06 12:43:23.865 [main] Testhooks - Page is zoomed out
[INFO ] 2024-05-06 12:43:25.991 [main] Signin - >> User enters valid email address
[INFO ] 2024-05-06 12:43:26.132 [main] Testhooks - Passed scenario screenshot captured: Login with valid credentials
[INFO ] 2024-05-06 12:43:26.203 [main] Signin - >> User enters valid password
[INFO ] 2024-05-06 12:43:26.325 [main] Testhooks - Passed scenario screenshot captured: Login with valid credentials
[INFO ] 2024-05-06 12:43:26.386 [main] Signin - >> User clicks on signin button
[INFO ] 2024-05-06 12:43:26.509 [main] Testhooks - Passed scenario screenshot captured: Login with valid credentials
[INFO ] 2024-05-06 12:43:29.577 [main] Signin - >> User got signed in successfully
[INFO ] 2024-05-06 12:43:29.716 [main] Testhooks - Passed scenario screenshot captured: Login with valid credentials
[INFO ] 2024-05-06 12:43:29.858 [main] Testhooks - Passed scenario screenshot captured: Login with valid credentials
[INFO ] 2024-05-06 12:43:30.939 [main] Testhooks - Browser got closed
[INFO ] 2024-05-06 12:43:30.954 [main] Testhooks - Execution Started
[INFO ] 2024-05-06 12:43:31.544 [main] Testhooks - Browser got launched
[INFO ] 2024-05-06 12:43:32.188 [main] Testhooks - Navigated to url
[INFO ] 2024-05-06 12:43:33.193 [main] Testhooks - Page is zoomed out
[INFO ] 2024-05-06 12:43:35.449 [main] Testhooks - Passed scenario screenshot captured: Login with invalid credentials
[INFO ] 2024-05-06 12:43:35.657 [main] Testhooks - Passed scenario screenshot captured: Login with invalid credentials
[INFO ] 2024-05-06 12:43:35.711 [main] Signin - >> User clicks on signin button
[INFO ] 2024-05-06 12:43:35.828 [main] Testhooks - Passed scenario screenshot captured: Login with invalid credentials
[INFO ] 2024-05-06 12:43:36.108 [main] Testhooks - Passed scenario screenshot captured: Login with invalid credentials
[INFO ] 2024-05-06 12:43:37.181 [main] Testhooks - Browser got closed
