[INFO ] 2024-10-15 10:18:15.488 [main] Testhooks - Execution Started
[INFO ] 2024-10-15 10:18:16.364 [main] Testhooks - Browser got launched
[INFO ] 2024-10-15 10:18:30.335 [main] Testhooks - Navigated to url
[INFO ] 2024-10-15 10:18:31.671 [main] Signinpage - User enters valid email address
[INFO ] 2024-10-15 10:18:31.820 [main] Signinpage - User enters valid password
[INFO ] 2024-10-15 10:18:31.961 [main] Signinpage - User clicks on signin button
[INFO ] 2024-10-15 10:18:31.961 [main] Members - >> Admin/User got logged in >>
[INFO ] 2024-10-15 10:18:38.758 [main] Memberspage - >> Admin/User got navigated to dashboard page
[INFO ] 2024-10-15 10:18:45.197 [main] Testhooks - Failed scenario screenshot got capturedT008_To verify the Department Edit
[INFO ] 2024-10-15 10:21:00.120 [main] Testhooks - Execution Started
[INFO ] 2024-10-15 10:21:01.174 [main] Testhooks - Browser got launched
[INFO ] 2024-10-15 10:22:01.165 [main] Testhooks - Navigated to url
[INFO ] 2024-10-15 10:23:22.811 [main] Testhooks - Execution Started
[INFO ] 2024-10-15 10:23:23.623 [main] Testhooks - Browser got launched
[INFO ] 2024-10-15 10:23:40.276 [main] Testhooks - Navigated to url
[INFO ] 2024-10-15 10:23:41.494 [main] Signinpage - User enters valid email address
[INFO ] 2024-10-15 10:23:41.626 [main] Signinpage - User enters valid password
[INFO ] 2024-10-15 10:23:41.732 [main] Signinpage - User clicks on signin button
[INFO ] 2024-10-15 10:23:41.732 [main] Members - >> Admin/User got logged in >>
[INFO ] 2024-10-15 10:23:44.690 [main] Memberspage - >> Admin/User got navigated to dashboard page
[INFO ] 2024-10-15 10:23:51.089 [main] Testhooks - Failed scenario screenshot got capturedT008_To verify the Department Edit
[INFO ] 2024-10-15 10:26:09.200 [main] Testhooks - Execution Started
[INFO ] 2024-10-15 10:26:10.063 [main] Testhooks - Browser got launched
[INFO ] 2024-10-15 10:26:23.675 [main] Testhooks - Navigated to url
[INFO ] 2024-10-15 10:26:24.911 [main] Signinpage - User enters valid email address
[INFO ] 2024-10-15 10:26:25.095 [main] Signinpage - User enters valid password
[INFO ] 2024-10-15 10:26:25.221 [main] Signinpage - User clicks on signin button
[INFO ] 2024-10-15 10:26:25.222 [main] Members - >> Admin/User got logged in >>
[INFO ] 2024-10-15 10:26:27.781 [main] Memberspage - >> Admin/User got navigated to dashboard page
[INFO ] 2024-10-15 10:26:34.461 [main] Testhooks - Failed scenario screenshot got capturedT008_To verify the Department Edit
[INFO ] 2024-10-15 10:27:34.277 [main] Testhooks - Execution Started
[INFO ] 2024-10-15 10:27:35.192 [main] Testhooks - Browser got launched
[INFO ] 2024-10-15 10:27:48.937 [main] Testhooks - Navigated to url
[INFO ] 2024-10-15 10:27:50.169 [main] Signinpage - User enters valid email address
[INFO ] 2024-10-15 10:27:50.343 [main] Signinpage - User enters valid password
[INFO ] 2024-10-15 10:27:50.470 [main] Signinpage - User clicks on signin button
[INFO ] 2024-10-15 10:27:50.470 [main] Members - >> Admin/User got logged in >>
[INFO ] 2024-10-15 10:27:53.182 [main] Memberspage - >> Admin/User got navigated to dashboard page
[INFO ] 2024-10-15 10:28:09.842 [main] Testhooks - Failed scenario screenshot got capturedT008_To verify the Department Edit
[INFO ] 2024-10-15 10:30:03.863 [main] Testhooks - Execution Started
[INFO ] 2024-10-15 10:30:04.768 [main] Testhooks - Browser got launched
[INFO ] 2024-10-15 10:30:18.403 [main] Testhooks - Navigated to url
[INFO ] 2024-10-15 10:30:19.630 [main] Signinpage - User enters valid email address
[INFO ] 2024-10-15 10:30:19.772 [main] Signinpage - User enters valid password
[INFO ] 2024-10-15 10:30:19.892 [main] Signinpage - User clicks on signin button
[INFO ] 2024-10-15 10:30:19.893 [main] Members - >> Admin/User got logged in >>
[INFO ] 2024-10-15 10:30:22.601 [main] Memberspage - >> Admin/User got navigated to dashboard page
[INFO ] 2024-10-15 10:52:48.628 [main] Testhooks - Execution Started
[INFO ] 2024-10-15 10:52:49.504 [main] Testhooks - Browser got launched
[INFO ] 2024-10-15 10:52:52.441 [main] Testhooks - Navigated to url
[INFO ] 2024-10-15 10:52:53.664 [main] Signinpage - User enters valid email address
[INFO ] 2024-10-15 10:52:53.829 [main] Signinpage - User enters valid password
[INFO ] 2024-10-15 10:52:53.957 [main] Signinpage - User clicks on signin button
[INFO ] 2024-10-15 10:52:53.957 [main] Members - >> Admin/User got logged in >>
[INFO ] 2024-10-15 10:52:56.753 [main] Memberspage - >> Admin/User got navigated to dashboard page
[INFO ] 2024-10-15 10:54:35.164 [main] Testhooks - Execution Started
[INFO ] 2024-10-15 10:54:36.093 [main] Testhooks - Browser got launched
[INFO ] 2024-10-15 10:54:51.082 [main] Testhooks - Navigated to url
[INFO ] 2024-10-15 10:54:52.303 [main] Signinpage - User enters valid email address
[INFO ] 2024-10-15 10:54:52.435 [main] Signinpage - User enters valid password
[INFO ] 2024-10-15 10:54:52.550 [main] Signinpage - User clicks on signin button
[INFO ] 2024-10-15 10:54:52.551 [main] Members - >> Admin/User got logged in >>
[INFO ] 2024-10-15 10:54:55.100 [main] Memberspage - >> Admin/User got navigated to dashboard page
[INFO ] 2024-10-15 10:56:05.868 [main] Testhooks - Execution Started
[INFO ] 2024-10-15 10:56:06.841 [main] Testhooks - Browser got launched
[INFO ] 2024-10-15 10:56:20.409 [main] Testhooks - Navigated to url
[INFO ] 2024-10-15 10:56:21.646 [main] Signinpage - User enters valid email address
[INFO ] 2024-10-15 10:56:21.802 [main] Signinpage - User enters valid password
[INFO ] 2024-10-15 10:56:21.938 [main] Signinpage - User clicks on signin button
[INFO ] 2024-10-15 10:56:21.938 [main] Members - >> Admin/User got logged in >>
[INFO ] 2024-10-15 10:56:24.623 [main] Memberspage - >> Admin/User got navigated to dashboard page
[INFO ] 2024-10-15 11:06:05.527 [main] Testhooks - Execution Started
[INFO ] 2024-10-15 11:06:06.393 [main] Testhooks - Browser got launched
[INFO ] 2024-10-15 11:06:08.573 [main] Testhooks - Navigated to url
[INFO ] 2024-10-15 11:06:09.796 [main] Signinpage - User enters valid email address
[INFO ] 2024-10-15 11:06:09.926 [main] Signinpage - User enters valid password
[INFO ] 2024-10-15 11:06:10.036 [main] Signinpage - User clicks on signin button
[INFO ] 2024-10-15 11:06:10.036 [main] Members - >> Admin/User got logged in >>
[INFO ] 2024-10-15 11:06:12.726 [main] Memberspage - >> Admin/User got navigated to dashboard page
[INFO ] 2024-10-15 11:08:09.582 [main] Testhooks - Execution Started
[INFO ] 2024-10-15 11:08:10.466 [main] Testhooks - Browser got launched
[INFO ] 2024-10-15 11:08:12.501 [main] Testhooks - Navigated to url
[INFO ] 2024-10-15 11:08:13.726 [main] Signinpage - User enters valid email address
[INFO ] 2024-10-15 11:08:13.862 [main] Signinpage - User enters valid password
[INFO ] 2024-10-15 11:08:13.975 [main] Signinpage - User clicks on signin button
[INFO ] 2024-10-15 11:08:13.975 [main] Members - >> Admin/User got logged in >>
[INFO ] 2024-10-15 11:08:16.671 [main] Memberspage - >> Admin/User got navigated to dashboard page
[INFO ] 2024-10-15 11:09:26.590 [main] Testhooks - Execution Started
[INFO ] 2024-10-15 11:09:27.454 [main] Testhooks - Browser got launched
[INFO ] 2024-10-15 11:09:41.647 [main] Testhooks - Navigated to url
[INFO ] 2024-10-15 11:09:42.903 [main] Signinpage - User enters valid email address
[INFO ] 2024-10-15 11:09:43.057 [main] Signinpage - User enters valid password
[INFO ] 2024-10-15 11:09:43.177 [main] Signinpage - User clicks on signin button
[INFO ] 2024-10-15 11:09:43.178 [main] Members - >> Admin/User got logged in >>
[INFO ] 2024-10-15 11:09:46.138 [main] Memberspage - >> Admin/User got navigated to dashboard page
[INFO ] 2024-10-15 11:09:52.728 [main] Testhooks - Failed scenario screenshot got capturedT008_To verify the Department Edit
[INFO ] 2024-10-15 11:10:51.598 [main] Testhooks - Execution Started
[INFO ] 2024-10-15 11:10:52.450 [main] Testhooks - Browser got launched
[INFO ] 2024-10-15 11:10:55.248 [main] Testhooks - Navigated to url
[INFO ] 2024-10-15 11:10:56.475 [main] Signinpage - User enters valid email address
[INFO ] 2024-10-15 11:10:56.614 [main] Signinpage - User enters valid password
[INFO ] 2024-10-15 11:10:56.728 [main] Signinpage - User clicks on signin button
[INFO ] 2024-10-15 11:10:56.728 [main] Members - >> Admin/User got logged in >>
[INFO ] 2024-10-15 11:10:59.566 [main] Memberspage - >> Admin/User got navigated to dashboard page
[INFO ] 2024-10-15 11:15:54.242 [main] Testhooks - Execution Started
[INFO ] 2024-10-15 11:15:55.184 [main] Testhooks - Browser got launched
[INFO ] 2024-10-15 11:15:57.278 [main] Testhooks - Navigated to url
[INFO ] 2024-10-15 11:15:58.483 [main] Signinpage - User enters valid email address
[INFO ] 2024-10-15 11:15:58.629 [main] Signinpage - User enters valid password
[INFO ] 2024-10-15 11:15:58.748 [main] Signinpage - User clicks on signin button
[INFO ] 2024-10-15 11:15:58.748 [main] Members - >> Admin/User got logged in >>
[INFO ] 2024-10-15 11:16:33.436 [main] Testhooks - Execution Started
[INFO ] 2024-10-15 11:16:34.347 [main] Testhooks - Browser got launched
[INFO ] 2024-10-15 11:16:36.853 [main] Testhooks - Navigated to url
[INFO ] 2024-10-15 11:16:38.081 [main] Signinpage - User enters valid email address
[INFO ] 2024-10-15 11:16:38.223 [main] Signinpage - User enters valid password
[INFO ] 2024-10-15 11:16:38.335 [main] Signinpage - User clicks on signin button
[INFO ] 2024-10-15 11:16:38.335 [main] Members - >> Admin/User got logged in >>
[INFO ] 2024-10-15 11:16:41.215 [main] Memberspage - >> Admin/User got navigated to dashboard page
[INFO ] 2024-10-15 11:29:19.019 [main] Testhooks - Execution Started
[INFO ] 2024-10-15 11:29:19.942 [main] Testhooks - Browser got launched
[INFO ] 2024-10-15 11:29:22.078 [main] Testhooks - Navigated to url
[INFO ] 2024-10-15 11:29:23.312 [main] Signinpage - User enters valid email address
[INFO ] 2024-10-15 11:29:23.444 [main] Signinpage - User enters valid password
[INFO ] 2024-10-15 11:29:23.548 [main] Signinpage - User clicks on signin button
[INFO ] 2024-10-15 11:29:23.549 [main] Members - >> Admin/User got logged in >>
[INFO ] 2024-10-15 11:29:26.293 [main] Memberspage - >> Admin/User got navigated to dashboard page
[INFO ] 2024-10-15 11:29:42.383 [main] Testhooks - Failed scenario screenshot got capturedT008_To verify the Department Edit
[INFO ] 2024-10-15 11:31:49.664 [main] Testhooks - Execution Started
[INFO ] 2024-10-15 11:31:50.584 [main] Testhooks - Browser got launched
[INFO ] 2024-10-15 11:31:53.072 [main] Testhooks - Navigated to url
[INFO ] 2024-10-15 11:32:48.090 [main] Testhooks - Execution Started
[INFO ] 2024-10-15 11:32:48.970 [main] Testhooks - Browser got launched
[INFO ] 2024-10-15 11:32:55.482 [main] Testhooks - Navigated to url
[INFO ] 2024-10-15 11:32:56.680 [main] Signinpage - User enters valid email address
[INFO ] 2024-10-15 11:32:56.821 [main] Signinpage - User enters valid password
[INFO ] 2024-10-15 11:32:56.934 [main] Signinpage - User clicks on signin button
[INFO ] 2024-10-15 11:32:56.934 [main] Members - >> Admin/User got logged in >>
[INFO ] 2024-10-15 11:32:59.684 [main] Memberspage - >> Admin/User got navigated to dashboard page
[INFO ] 2024-10-15 11:33:15.409 [main] Testhooks - Failed scenario screenshot got capturedT010_To verify the Department Delete
[INFO ] 2024-10-15 11:34:56.983 [main] Testhooks - Execution Started
[INFO ] 2024-10-15 11:34:57.906 [main] Testhooks - Browser got launched
[INFO ] 2024-10-15 11:35:08.805 [main] Testhooks - Navigated to url
[INFO ] 2024-10-15 11:35:10.119 [main] Signinpage - User enters valid email address
[INFO ] 2024-10-15 11:35:10.271 [main] Signinpage - User enters valid password
[INFO ] 2024-10-15 11:35:10.396 [main] Signinpage - User clicks on signin button
[INFO ] 2024-10-15 11:35:10.396 [main] Members - >> Admin/User got logged in >>
[INFO ] 2024-10-15 11:35:14.544 [main] Memberspage - >> Admin/User got navigated to dashboard page
[INFO ] 2024-10-15 11:35:19.109 [main] Testhooks - Failed scenario screenshot got capturedT010_To verify the Department Delete
[INFO ] 2024-10-15 11:46:52.824 [main] Testhooks - Execution Started
[INFO ] 2024-10-15 11:46:53.640 [main] Testhooks - Browser got launched
[INFO ] 2024-10-15 11:46:56.967 [main] Testhooks - Navigated to url
[INFO ] 2024-10-15 11:46:58.174 [main] Signinpage - User enters valid email address
[INFO ] 2024-10-15 11:46:58.312 [main] Signinpage - User enters valid password
[INFO ] 2024-10-15 11:46:58.434 [main] Signinpage - User clicks on signin button
[INFO ] 2024-10-15 11:46:58.434 [main] Members - >> Admin/User got logged in >>
[INFO ] 2024-10-15 11:47:00.973 [main] Memberspage - >> Admin/User got navigated to dashboard page
[INFO ] 2024-10-15 12:25:48.883 [main] Testhooks - Execution Started
[INFO ] 2024-10-15 12:25:49.811 [main] Testhooks - Browser got launched
[INFO ] 2024-10-15 12:25:53.502 [main] Testhooks - Navigated to url
[INFO ] 2024-10-15 12:25:54.720 [main] Signinpage - User enters valid email address
[INFO ] 2024-10-15 12:25:54.860 [main] Signinpage - User enters valid password
[INFO ] 2024-10-15 12:25:54.976 [main] Signinpage - User clicks on signin button
[INFO ] 2024-10-15 12:25:54.976 [main] Members - >> Admin/User got logged in >>
[INFO ] 2024-10-15 12:25:57.777 [main] Memberspage - >> Admin/User got navigated to dashboard page
[INFO ] 2024-10-15 12:25:58.212 [main] Testhooks - Failed scenario screenshot got capturedT001_Verify Supplier page display
[INFO ] 2024-10-15 12:33:35.356 [main] Testhooks - Execution Started
[INFO ] 2024-10-15 12:33:36.271 [main] Testhooks - Browser got launched
[INFO ] 2024-10-15 12:33:39.167 [main] Testhooks - Navigated to url
[INFO ] 2024-10-15 12:33:40.384 [main] Signinpage - User enters valid email address
[INFO ] 2024-10-15 12:33:40.523 [main] Signinpage - User enters valid password
[INFO ] 2024-10-15 12:33:40.639 [main] Signinpage - User clicks on signin button
[INFO ] 2024-10-15 12:33:40.639 [main] Members - >> Admin/User got logged in >>
[INFO ] 2024-10-15 12:33:43.180 [main] Memberspage - >> Admin/User got navigated to dashboard page
[INFO ] 2024-10-15 12:33:45.482 [main] Testhooks - Failed scenario screenshot got capturedT001_Verify Supplier page display
[INFO ] 2024-10-15 14:47:39.080 [main] Testhooks - Execution Started
[INFO ] 2024-10-15 14:47:39.895 [main] Testhooks - Browser got launched
[INFO ] 2024-10-15 14:47:55.520 [main] Testhooks - Navigated to url
[INFO ] 2024-10-15 14:47:56.714 [main] Signinpage - User enters valid email address
[INFO ] 2024-10-15 14:47:56.859 [main] Signinpage - User enters valid password
[INFO ] 2024-10-15 14:47:56.972 [main] Signinpage - User clicks on signin button
[INFO ] 2024-10-15 14:47:56.972 [main] Members - >> Admin/User got logged in >>
[INFO ] 2024-10-15 14:47:59.777 [main] Memberspage - >> Admin/User got navigated to dashboard page
[INFO ] 2024-10-15 14:50:41.245 [main] Testhooks - Execution Started
[INFO ] 2024-10-15 14:50:42.139 [main] Testhooks - Browser got launched
[INFO ] 2024-10-15 14:50:44.848 [main] Testhooks - Navigated to url
[INFO ] 2024-10-15 14:50:46.045 [main] Signinpage - User enters valid email address
[INFO ] 2024-10-15 14:50:46.195 [main] Signinpage - User enters valid password
[INFO ] 2024-10-15 14:50:46.313 [main] Signinpage - User clicks on signin button
[INFO ] 2024-10-15 14:50:46.313 [main] Members - >> Admin/User got logged in >>
[INFO ] 2024-10-15 14:50:48.914 [main] Memberspage - >> Admin/User got navigated to dashboard page
[INFO ] 2024-10-15 14:50:52.528 [main] Masterpage - >> The Supplier page got displayed
[INFO ] 2024-10-15 14:52:12.425 [main] Testhooks - Execution Started
[INFO ] 2024-10-15 14:52:13.323 [main] Testhooks - Browser got launched
[INFO ] 2024-10-15 14:52:19.494 [main] Testhooks - Navigated to url
[INFO ] 2024-10-15 14:52:20.748 [main] Signinpage - User enters valid email address
[INFO ] 2024-10-15 14:52:20.893 [main] Signinpage - User enters valid password
[INFO ] 2024-10-15 14:52:21.003 [main] Signinpage - User clicks on signin button
[INFO ] 2024-10-15 14:52:21.003 [main] Members - >> Admin/User got logged in >>
[INFO ] 2024-10-15 14:52:23.741 [main] Memberspage - >> Admin/User got navigated to dashboard page
[INFO ] 2024-10-15 14:58:49.786 [main] Testhooks - Execution Started
[INFO ] 2024-10-15 14:58:50.682 [main] Testhooks - Browser got launched
[INFO ] 2024-10-15 14:58:57.271 [main] Testhooks - Navigated to url
[INFO ] 2024-10-15 14:58:58.480 [main] Signinpage - User enters valid email address
[INFO ] 2024-10-15 14:58:58.614 [main] Signinpage - User enters valid password
[INFO ] 2024-10-15 14:58:58.723 [main] Signinpage - User clicks on signin button
[INFO ] 2024-10-15 14:58:58.724 [main] Members - >> Admin/User got logged in >>
[INFO ] 2024-10-15 14:59:01.355 [main] Memberspage - >> Admin/User got navigated to dashboard page
[INFO ] 2024-10-15 14:59:05.391 [main] Testhooks - Failed scenario screenshot got capturedT002_Create the Ticket with valid inputs
[INFO ] 2024-10-15 15:00:01.228 [main] Testhooks - Execution Started
[INFO ] 2024-10-15 15:00:02.158 [main] Testhooks - Browser got launched
[INFO ] 2024-10-15 15:00:06.534 [main] Testhooks - Navigated to url
[INFO ] 2024-10-15 15:00:07.770 [main] Signinpage - User enters valid email address
[INFO ] 2024-10-15 15:00:07.904 [main] Signinpage - User enters valid password
[INFO ] 2024-10-15 15:00:08.013 [main] Signinpage - User clicks on signin button
[INFO ] 2024-10-15 15:00:08.013 [main] Members - >> Admin/User got logged in >>
[INFO ] 2024-10-15 15:00:11.418 [main] Memberspage - >> Admin/User got navigated to dashboard page
[INFO ] 2024-10-15 15:00:20.104 [main] Testhooks - Failed scenario screenshot got capturedT002_Create the Ticket with valid inputs
[INFO ] 2024-10-15 15:01:38.781 [main] Testhooks - Execution Started
[INFO ] 2024-10-15 15:01:39.636 [main] Testhooks - Browser got launched
[INFO ] 2024-10-15 15:01:56.186 [main] Testhooks - Navigated to url
[INFO ] 2024-10-15 15:01:57.376 [main] Signinpage - User enters valid email address
[INFO ] 2024-10-15 15:01:57.511 [main] Signinpage - User enters valid password
[INFO ] 2024-10-15 15:01:57.620 [main] Signinpage - User clicks on signin button
[INFO ] 2024-10-15 15:01:57.620 [main] Members - >> Admin/User got logged in >>
[INFO ] 2024-10-15 15:02:00.325 [main] Memberspage - >> Admin/User got navigated to dashboard page
[INFO ] 2024-10-15 15:02:06.980 [main] Testhooks - Failed scenario screenshot got capturedT002_Create the Ticket with valid inputs
[INFO ] 2024-10-15 15:03:26.058 [main] Testhooks - Execution Started
[INFO ] 2024-10-15 15:03:26.936 [main] Testhooks - Browser got launched
[INFO ] 2024-10-15 15:03:38.628 [main] Testhooks - Navigated to url
[INFO ] 2024-10-15 15:03:39.849 [main] Signinpage - User enters valid email address
[INFO ] 2024-10-15 15:03:39.979 [main] Signinpage - User enters valid password
[INFO ] 2024-10-15 15:03:40.096 [main] Signinpage - User clicks on signin button
[INFO ] 2024-10-15 15:03:40.096 [main] Members - >> Admin/User got logged in >>
[INFO ] 2024-10-15 15:03:42.849 [main] Memberspage - >> Admin/User got navigated to dashboard page
[INFO ] 2024-10-15 15:03:53.798 [main] Testhooks - Failed scenario screenshot got capturedT002_Create the Ticket with valid inputs
[INFO ] 2024-10-15 15:07:17.384 [main] Testhooks - Execution Started
[INFO ] 2024-10-15 15:07:18.253 [main] Testhooks - Browser got launched
[INFO ] 2024-10-15 15:07:25.214 [main] Testhooks - Navigated to url
[INFO ] 2024-10-15 15:07:26.444 [main] Signinpage - User enters valid email address
[INFO ] 2024-10-15 15:07:26.574 [main] Signinpage - User enters valid password
[INFO ] 2024-10-15 15:07:26.685 [main] Signinpage - User clicks on signin button
[INFO ] 2024-10-15 15:07:26.686 [main] Members - >> Admin/User got logged in >>
[INFO ] 2024-10-15 15:07:29.444 [main] Memberspage - >> Admin/User got navigated to dashboard page
[INFO ] 2024-10-15 15:07:40.033 [main] Testhooks - Failed scenario screenshot got capturedT002_Create the Ticket with valid inputs
[INFO ] 2024-10-15 15:08:57.398 [main] Testhooks - Execution Started
[INFO ] 2024-10-15 15:08:58.290 [main] Testhooks - Browser got launched
[INFO ] 2024-10-15 15:09:07.032 [main] Testhooks - Navigated to url
[INFO ] 2024-10-15 15:09:08.269 [main] Signinpage - User enters valid email address
[INFO ] 2024-10-15 15:09:08.425 [main] Signinpage - User enters valid password
[INFO ] 2024-10-15 15:09:08.540 [main] Signinpage - User clicks on signin button
[INFO ] 2024-10-15 15:09:08.540 [main] Members - >> Admin/User got logged in >>
[INFO ] 2024-10-15 15:09:11.302 [main] Memberspage - >> Admin/User got navigated to dashboard page
[INFO ] 2024-10-15 15:09:21.919 [main] Testhooks - Failed scenario screenshot got capturedT002_Create the Ticket with valid inputs
[INFO ] 2024-10-15 15:11:30.922 [main] Testhooks - Execution Started
[INFO ] 2024-10-15 15:11:31.813 [main] Testhooks - Browser got launched
[INFO ] 2024-10-15 15:11:35.394 [main] Testhooks - Navigated to url
[INFO ] 2024-10-15 15:11:36.635 [main] Signinpage - User enters valid email address
[INFO ] 2024-10-15 15:11:36.772 [main] Signinpage - User enters valid password
[INFO ] 2024-10-15 15:11:36.881 [main] Signinpage - User clicks on signin button
[INFO ] 2024-10-15 15:11:36.882 [main] Members - >> Admin/User got logged in >>
[INFO ] 2024-10-15 15:11:39.438 [main] Memberspage - >> Admin/User got navigated to dashboard page
[INFO ] 2024-10-15 15:18:08.961 [main] Testhooks - Execution Started
[INFO ] 2024-10-15 15:18:09.814 [main] Testhooks - Browser got launched
[INFO ] 2024-10-15 15:18:26.578 [main] Testhooks - Navigated to url
[INFO ] 2024-10-15 15:18:27.803 [main] Signinpage - User enters valid email address
[INFO ] 2024-10-15 15:18:27.942 [main] Signinpage - User enters valid password
[INFO ] 2024-10-15 15:18:28.043 [main] Signinpage - User clicks on signin button
[INFO ] 2024-10-15 15:18:28.043 [main] Members - >> Admin/User got logged in >>
[INFO ] 2024-10-15 15:18:30.577 [main] Memberspage - >> Admin/User got navigated to dashboard page
[INFO ] 2024-10-15 15:18:32.276 [main] Testhooks - Failed scenario screenshot got capturedT002_Create the New Supplier with valid inputs
[INFO ] 2024-10-15 15:18:59.025 [main] Testhooks - Execution Started
[INFO ] 2024-10-15 15:18:59.861 [main] Testhooks - Browser got launched
[INFO ] 2024-10-15 15:19:07.164 [main] Testhooks - Navigated to url
[INFO ] 2024-10-15 15:19:08.381 [main] Signinpage - User enters valid email address
[INFO ] 2024-10-15 15:19:08.510 [main] Signinpage - User enters valid password
[INFO ] 2024-10-15 15:19:08.615 [main] Signinpage - User clicks on signin button
[INFO ] 2024-10-15 15:19:08.615 [main] Members - >> Admin/User got logged in >>
[INFO ] 2024-10-15 15:19:11.126 [main] Memberspage - >> Admin/User got navigated to dashboard page
[INFO ] 2024-10-15 15:19:24.065 [main] Testhooks - Failed scenario screenshot got capturedT002_Create the New Supplier with valid inputs
[INFO ] 2024-10-15 15:21:09.598 [main] Testhooks - Execution Started
[INFO ] 2024-10-15 15:21:10.449 [main] Testhooks - Browser got launched
[INFO ] 2024-10-15 15:21:13.668 [main] Testhooks - Navigated to url
[INFO ] 2024-10-15 15:21:14.908 [main] Signinpage - User enters valid email address
[INFO ] 2024-10-15 15:21:15.044 [main] Signinpage - User enters valid password
[INFO ] 2024-10-15 15:21:15.163 [main] Signinpage - User clicks on signin button
[INFO ] 2024-10-15 15:21:15.163 [main] Members - >> Admin/User got logged in >>
[INFO ] 2024-10-15 15:21:17.841 [main] Memberspage - >> Admin/User got navigated to dashboard page
[INFO ] 2024-10-15 15:21:30.558 [main] Testhooks - Failed scenario screenshot got capturedT002_Create the New Supplier with valid inputs
[INFO ] 2024-10-15 15:26:04.876 [main] Testhooks - Execution Started
[INFO ] 2024-10-15 15:26:05.816 [main] Testhooks - Browser got launched
[INFO ] 2024-10-15 15:26:29.317 [main] Testhooks - Navigated to url
[INFO ] 2024-10-15 15:26:30.590 [main] Signinpage - User enters valid email address
[INFO ] 2024-10-15 15:26:30.737 [main] Signinpage - User enters valid password
[INFO ] 2024-10-15 15:26:30.859 [main] Signinpage - User clicks on signin button
[INFO ] 2024-10-15 15:26:30.859 [main] Members - >> Admin/User got logged in >>
[INFO ] 2024-10-15 15:26:38.847 [main] Memberspage - >> Admin/User got navigated to dashboard page
[INFO ] 2024-10-15 15:26:54.043 [main] Testhooks - Failed scenario screenshot got capturedT002_Create the New Supplier with valid inputs
[INFO ] 2024-10-15 18:38:59.204 [main] Testhooks - Execution Started
[INFO ] 2024-10-15 18:39:00.039 [main] Testhooks - Browser got launched
[INFO ] 2024-10-15 18:39:01.557 [main] Testhooks - Navigated to url
[INFO ] 2024-10-15 18:39:02.783 [main] Signinpage - User enters valid email address
[INFO ] 2024-10-15 18:39:02.912 [main] Signinpage - User enters valid password
[INFO ] 2024-10-15 18:39:03.012 [main] Signinpage - User clicks on signin button
[INFO ] 2024-10-15 18:39:03.012 [main] Members - >> Admin/User got logged in >>
[INFO ] 2024-10-15 18:39:08.817 [main] Memberspage - >> Admin/User got navigated to dashboard page
