[INFO ] 2024-08-26 14:28:55.450 [main] Testhooks - Execution Started
[INFO ] 2024-08-26 14:28:56.350 [main] Testhooks - Browser got launched
[INFO ] 2024-08-26 14:28:57.913 [main] Testhooks - Navigated to url
[INFO ] 2024-08-26 14:28:59.153 [main] Signinpage - User enters valid email address
[INFO ] 2024-08-26 14:28:59.300 [main] Signinpage - User enters valid password
[INFO ] 2024-08-26 14:28:59.427 [main] Signinpage - User clicks on signin button
[INFO ] 2024-08-26 14:28:59.427 [main] Members - >> Admin/User got logged in >>
[INFO ] 2024-08-26 14:29:03.044 [main] Memberspage - >> Admin/User got navigated to dashboard page
[INFO ] 2024-08-26 14:29:04.646 [main] Testhooks - Failed scenario screenshot got capturedT018_To verify the Cleaning feature filter by Assignee
[INFO ] 2024-08-26 14:29:19.322 [main] Testhooks - Execution Started
[INFO ] 2024-08-26 14:29:20.187 [main] Testhooks - Browser got launched
[INFO ] 2024-08-26 14:29:21.639 [main] Testhooks - Navigated to url
[INFO ] 2024-08-26 14:29:22.844 [main] Signinpage - User enters valid email address
[INFO ] 2024-08-26 14:29:22.971 [main] Signinpage - User enters valid password
[INFO ] 2024-08-26 14:29:23.082 [main] Signinpage - User clicks on signin button
[INFO ] 2024-08-26 14:29:23.082 [main] Members - >> Admin/User got logged in >>
[INFO ] 2024-08-26 14:29:25.648 [main] Memberspage - >> Admin/User got navigated to dashboard page
[INFO ] 2024-08-26 14:29:26.185 [main] Cleaningpage - >> Admin/User got navigated to cleaning page
[INFO ] 2024-08-26 14:29:28.639 [main] Testhooks - Failed scenario screenshot got capturedT018_To verify the Cleaning feature filter by Assignee
[INFO ] 2024-08-26 14:30:06.694 [main] Testhooks - Execution Started
[INFO ] 2024-08-26 14:30:07.519 [main] Testhooks - Browser got launched
[INFO ] 2024-08-26 14:30:09.399 [main] Testhooks - Navigated to url
[INFO ] 2024-08-26 14:30:10.602 [main] Signinpage - User enters valid email address
[INFO ] 2024-08-26 14:30:10.725 [main] Signinpage - User enters valid password
[INFO ] 2024-08-26 14:30:10.829 [main] Signinpage - User clicks on signin button
[INFO ] 2024-08-26 14:30:10.829 [main] Members - >> Admin/User got logged in >>
[INFO ] 2024-08-26 14:30:17.836 [main] Memberspage - >> Admin/User got navigated to dashboard page
[INFO ] 2024-08-26 14:30:18.369 [main] Cleaningpage - >> Admin/User got navigated to cleaning page
[INFO ] 2024-08-26 14:30:19.313 [main] Cleaningpage - >> User selected the assignee:
[INFO ] 2024-08-26 14:38:01.488 [main] Testhooks - Execution Started
[INFO ] 2024-08-26 14:38:02.367 [main] Testhooks - Browser got launched
[INFO ] 2024-08-26 14:38:03.825 [main] Testhooks - Navigated to url
[INFO ] 2024-08-26 14:38:05.033 [main] Signinpage - User enters valid email address
[INFO ] 2024-08-26 14:38:05.163 [main] Signinpage - User enters valid password
[INFO ] 2024-08-26 14:38:05.275 [main] Signinpage - User clicks on signin button
[INFO ] 2024-08-26 14:38:05.275 [main] Members - >> Admin/User got logged in >>
[INFO ] 2024-08-26 14:38:14.399 [main] Memberspage - >> Admin/User got navigated to dashboard page
[INFO ] 2024-08-26 14:38:14.976 [main] Cleaningpage - >> Admin/User got navigated to cleaning page
[INFO ] 2024-08-26 14:38:15.782 [main] Cleaningpage - >> User selected the assignee:
[INFO ] 2024-08-26 14:40:17.568 [main] Testhooks - Execution Started
[INFO ] 2024-08-26 14:40:18.372 [main] Testhooks - Browser got launched
[INFO ] 2024-08-26 14:40:19.753 [main] Testhooks - Navigated to url
[INFO ] 2024-08-26 14:40:20.941 [main] Signinpage - User enters valid email address
[INFO ] 2024-08-26 14:40:21.069 [main] Signinpage - User enters valid password
[INFO ] 2024-08-26 14:40:21.173 [main] Signinpage - User clicks on signin button
[INFO ] 2024-08-26 14:40:21.173 [main] Members - >> Admin/User got logged in >>
[INFO ] 2024-08-26 14:40:23.868 [main] Memberspage - >> Admin/User got navigated to dashboard page
[INFO ] 2024-08-26 14:40:24.441 [main] Cleaningpage - >> Admin/User got navigated to cleaning page
[INFO ] 2024-08-26 14:40:28.126 [main] Cleaningpage - >> User selected the assignee:
[INFO ] 2024-08-26 14:41:09.974 [main] Testhooks - Execution Started
[INFO ] 2024-08-26 14:41:10.781 [main] Testhooks - Browser got launched
[INFO ] 2024-08-26 14:41:12.599 [main] Testhooks - Navigated to url
[INFO ] 2024-08-26 14:41:13.791 [main] Signinpage - User enters valid email address
[INFO ] 2024-08-26 14:41:13.916 [main] Signinpage - User enters valid password
[INFO ] 2024-08-26 14:41:14.023 [main] Signinpage - User clicks on signin button
[INFO ] 2024-08-26 14:41:14.023 [main] Members - >> Admin/User got logged in >>
[INFO ] 2024-08-26 14:41:16.732 [main] Memberspage - >> Admin/User got navigated to dashboard page
[INFO ] 2024-08-26 14:41:17.209 [main] Cleaningpage - >> Admin/User got navigated to cleaning page
[INFO ] 2024-08-26 14:41:24.028 [main] Cleaningpage - >> User selected the assignee:
[INFO ] 2024-08-26 14:42:16.034 [main] Testhooks - Execution Started
[INFO ] 2024-08-26 14:42:16.897 [main] Testhooks - Browser got launched
[INFO ] 2024-08-26 14:42:18.273 [main] Testhooks - Navigated to url
[INFO ] 2024-08-26 14:42:19.455 [main] Signinpage - User enters valid email address
[INFO ] 2024-08-26 14:42:19.583 [main] Signinpage - User enters valid password
[INFO ] 2024-08-26 14:42:19.685 [main] Signinpage - User clicks on signin button
[INFO ] 2024-08-26 14:42:19.685 [main] Members - >> Admin/User got logged in >>
[INFO ] 2024-08-26 14:42:22.427 [main] Memberspage - >> Admin/User got navigated to dashboard page
[INFO ] 2024-08-26 14:42:22.902 [main] Cleaningpage - >> Admin/User got navigated to cleaning page
[INFO ] 2024-08-26 14:42:30.566 [main] Cleaningpage - >> User selected the assignee:
[INFO ] 2024-08-26 14:42:49.332 [main] Testhooks - Execution Started
[INFO ] 2024-08-26 14:42:50.161 [main] Testhooks - Browser got launched
[INFO ] 2024-08-26 14:42:51.704 [main] Testhooks - Navigated to url
[INFO ] 2024-08-26 14:42:52.894 [main] Signinpage - User enters valid email address
[INFO ] 2024-08-26 14:42:53.021 [main] Signinpage - User enters valid password
[INFO ] 2024-08-26 14:42:53.125 [main] Signinpage - User clicks on signin button
[INFO ] 2024-08-26 14:42:53.125 [main] Members - >> Admin/User got logged in >>
[INFO ] 2024-08-26 14:42:55.892 [main] Memberspage - >> Admin/User got navigated to dashboard page
[INFO ] 2024-08-26 14:42:56.392 [main] Cleaningpage - >> Admin/User got navigated to cleaning page
[INFO ] 2024-08-26 14:43:04.295 [main] Cleaningpage - >> User selected the assignee:
[INFO ] 2024-08-26 14:43:33.480 [main] Testhooks - Execution Started
[INFO ] 2024-08-26 14:43:34.321 [main] Testhooks - Browser got launched
[INFO ] 2024-08-26 14:43:36.136 [main] Testhooks - Navigated to url
[INFO ] 2024-08-26 14:43:37.333 [main] Signinpage - User enters valid email address
[INFO ] 2024-08-26 14:43:37.461 [main] Signinpage - User enters valid password
[INFO ] 2024-08-26 14:43:37.566 [main] Signinpage - User clicks on signin button
[INFO ] 2024-08-26 14:43:37.567 [main] Members - >> Admin/User got logged in >>
[INFO ] 2024-08-26 14:43:43.937 [main] Memberspage - >> Admin/User got navigated to dashboard page
[INFO ] 2024-08-26 14:43:44.424 [main] Cleaningpage - >> Admin/User got navigated to cleaning page
[INFO ] 2024-08-26 14:43:52.209 [main] Cleaningpage - >> User selected the assignee:
[INFO ] 2024-08-26 14:45:09.493 [main] Testhooks - Execution Started
[INFO ] 2024-08-26 14:45:10.316 [main] Testhooks - Browser got launched
[INFO ] 2024-08-26 14:45:12.038 [main] Testhooks - Navigated to url
[INFO ] 2024-08-26 14:45:13.220 [main] Signinpage - User enters valid email address
[INFO ] 2024-08-26 14:45:13.344 [main] Signinpage - User enters valid password
[INFO ] 2024-08-26 14:45:13.454 [main] Signinpage - User clicks on signin button
[INFO ] 2024-08-26 14:45:13.454 [main] Members - >> Admin/User got logged in >>
[INFO ] 2024-08-26 14:45:18.194 [main] Memberspage - >> Admin/User got navigated to dashboard page
[INFO ] 2024-08-26 14:45:18.710 [main] Cleaningpage - >> Admin/User got navigated to cleaning page
[INFO ] 2024-08-26 14:45:29.878 [main] Cleaningpage - >> User selected the assignee:
[INFO ] 2024-08-26 14:46:25.758 [main] Testhooks - Execution Started
[INFO ] 2024-08-26 14:46:26.641 [main] Testhooks - Browser got launched
[INFO ] 2024-08-26 14:46:28.025 [main] Testhooks - Navigated to url
[INFO ] 2024-08-26 14:46:29.219 [main] Signinpage - User enters valid email address
[INFO ] 2024-08-26 14:46:29.367 [main] Signinpage - User enters valid password
[INFO ] 2024-08-26 14:46:29.485 [main] Signinpage - User clicks on signin button
[INFO ] 2024-08-26 14:46:29.485 [main] Members - >> Admin/User got logged in >>
[INFO ] 2024-08-26 14:46:32.911 [main] Memberspage - >> Admin/User got navigated to dashboard page
[INFO ] 2024-08-26 14:46:34.537 [main] Testhooks - Failed scenario screenshot got capturedT018_To verify the Cleaning feature filter by Assignee
[INFO ] 2024-08-26 14:46:51.110 [main] Testhooks - Execution Started
[INFO ] 2024-08-26 14:46:51.941 [main] Testhooks - Browser got launched
[INFO ] 2024-08-26 14:46:53.339 [main] Testhooks - Navigated to url
[INFO ] 2024-08-26 14:46:54.531 [main] Signinpage - User enters valid email address
[INFO ] 2024-08-26 14:46:54.658 [main] Signinpage - User enters valid password
[INFO ] 2024-08-26 14:46:54.763 [main] Signinpage - User clicks on signin button
[INFO ] 2024-08-26 14:46:54.763 [main] Members - >> Admin/User got logged in >>
[INFO ] 2024-08-26 14:46:57.435 [main] Memberspage - >> Admin/User got navigated to dashboard page
[INFO ] 2024-08-26 14:46:57.909 [main] Cleaningpage - >> Admin/User got navigated to cleaning page
[INFO ] 2024-08-26 14:47:04.581 [main] Cleaningpage - >> User selected the assignee:
[INFO ] 2024-08-26 14:47:29.607 [main] Testhooks - Execution Started
[INFO ] 2024-08-26 14:47:30.494 [main] Testhooks - Browser got launched
[INFO ] 2024-08-26 14:47:31.955 [main] Testhooks - Navigated to url
[INFO ] 2024-08-26 14:47:33.139 [main] Signinpage - User enters valid email address
[INFO ] 2024-08-26 14:47:33.270 [main] Signinpage - User enters valid password
[INFO ] 2024-08-26 14:47:33.375 [main] Signinpage - User clicks on signin button
[INFO ] 2024-08-26 14:47:33.375 [main] Members - >> Admin/User got logged in >>
[INFO ] 2024-08-26 14:47:45.056 [main] Memberspage - >> Admin/User got navigated to dashboard page
[INFO ] 2024-08-26 14:47:45.584 [main] Cleaningpage - >> Admin/User got navigated to cleaning page
[INFO ] 2024-08-26 14:47:52.629 [main] Cleaningpage - >> User selected the assignee:
[INFO ] 2024-08-26 14:52:08.100 [main] Testhooks - Execution Started
[INFO ] 2024-08-26 14:52:08.925 [main] Testhooks - Browser got launched
[INFO ] 2024-08-26 14:52:10.963 [main] Testhooks - Navigated to url
[INFO ] 2024-08-26 14:52:12.145 [main] Signinpage - User enters valid email address
[INFO ] 2024-08-26 14:52:12.271 [main] Signinpage - User enters valid password
[INFO ] 2024-08-26 14:52:12.373 [main] Signinpage - User clicks on signin button
[INFO ] 2024-08-26 14:52:12.373 [main] Members - >> Admin/User got logged in >>
[INFO ] 2024-08-26 14:52:15.614 [main] Memberspage - >> Admin/User got navigated to dashboard page
[INFO ] 2024-08-26 14:52:16.205 [main] Cleaningpage - >> Admin/User got navigated to cleaning page
[INFO ] 2024-08-26 14:52:20.036 [main] Cleaningpage - >> User selected the assignee:
[INFO ] 2024-08-26 14:53:44.059 [main] Testhooks - Execution Started
[INFO ] 2024-08-26 14:53:44.898 [main] Testhooks - Browser got launched
[INFO ] 2024-08-26 14:53:46.791 [main] Testhooks - Navigated to url
[INFO ] 2024-08-26 14:53:47.979 [main] Signinpage - User enters valid email address
[INFO ] 2024-08-26 14:53:48.108 [main] Signinpage - User enters valid password
[INFO ] 2024-08-26 14:53:48.221 [main] Signinpage - User clicks on signin button
[INFO ] 2024-08-26 14:53:48.221 [main] Members - >> Admin/User got logged in >>
[INFO ] 2024-08-26 14:53:50.941 [main] Memberspage - >> Admin/User got navigated to dashboard page
[INFO ] 2024-08-26 14:53:51.501 [main] Cleaningpage - >> Admin/User got navigated to cleaning page
[INFO ] 2024-08-26 14:53:57.266 [main] Cleaningpage - >> User selected the assignee:
[INFO ] 2024-08-26 14:54:54.614 [main] Testhooks - Execution Started
[INFO ] 2024-08-26 14:54:55.461 [main] Testhooks - Browser got launched
[INFO ] 2024-08-26 14:54:56.890 [main] Testhooks - Navigated to url
[INFO ] 2024-08-26 14:54:58.083 [main] Signinpage - User enters valid email address
[INFO ] 2024-08-26 14:54:58.210 [main] Signinpage - User enters valid password
[INFO ] 2024-08-26 14:54:58.316 [main] Signinpage - User clicks on signin button
[INFO ] 2024-08-26 14:54:58.316 [main] Members - >> Admin/User got logged in >>
[INFO ] 2024-08-26 14:55:00.833 [main] Memberspage - >> Admin/User got navigated to dashboard page
[INFO ] 2024-08-26 14:55:02.546 [main] Testhooks - Failed scenario screenshot got capturedT018_To verify the Cleaning feature filter by Assignee
[INFO ] 2024-08-26 14:57:28.113 [main] Testhooks - Execution Started
[INFO ] 2024-08-26 14:57:28.940 [main] Testhooks - Browser got launched
[INFO ] 2024-08-26 14:57:30.690 [main] Testhooks - Navigated to url
[INFO ] 2024-08-26 14:57:31.931 [main] Signinpage - User enters valid email address
[INFO ] 2024-08-26 14:57:32.072 [main] Signinpage - User enters valid password
[INFO ] 2024-08-26 14:57:32.182 [main] Signinpage - User clicks on signin button
[INFO ] 2024-08-26 14:57:32.182 [main] Members - >> Admin/User got logged in >>
[INFO ] 2024-08-26 14:57:34.680 [main] Memberspage - >> Admin/User got navigated to dashboard page
[INFO ] 2024-08-26 14:57:36.361 [main] Testhooks - Failed scenario screenshot got capturedT018_To verify the Cleaning feature filter by Assignee
[INFO ] 2024-08-26 14:57:55.700 [main] Testhooks - Execution Started
[INFO ] 2024-08-26 14:57:56.523 [main] Testhooks - Browser got launched
[INFO ] 2024-08-26 14:57:58.470 [main] Testhooks - Navigated to url
[INFO ] 2024-08-26 14:57:59.649 [main] Signinpage - User enters valid email address
[INFO ] 2024-08-26 14:57:59.774 [main] Signinpage - User enters valid password
[INFO ] 2024-08-26 14:57:59.885 [main] Signinpage - User clicks on signin button
[INFO ] 2024-08-26 14:57:59.885 [main] Members - >> Admin/User got logged in >>
[INFO ] 2024-08-26 14:58:04.697 [main] Memberspage - >> Admin/User got navigated to dashboard page
[INFO ] 2024-08-26 14:58:06.382 [main] Testhooks - Failed scenario screenshot got capturedT018_To verify the Cleaning feature filter by Assignee
[INFO ] 2024-08-26 14:58:20.490 [main] Testhooks - Execution Started
[INFO ] 2024-08-26 14:58:21.314 [main] Testhooks - Browser got launched
[INFO ] 2024-08-26 14:58:23.156 [main] Testhooks - Navigated to url
[INFO ] 2024-08-26 14:58:24.372 [main] Signinpage - User enters valid email address
[INFO ] 2024-08-26 14:58:24.501 [main] Signinpage - User enters valid password
[INFO ] 2024-08-26 14:58:24.608 [main] Signinpage - User clicks on signin button
[INFO ] 2024-08-26 14:58:24.609 [main] Members - >> Admin/User got logged in >>
[INFO ] 2024-08-26 14:58:27.234 [main] Memberspage - >> Admin/User got navigated to dashboard page
[INFO ] 2024-08-26 14:58:27.740 [main] Cleaningpage - >> Admin/User got navigated to cleaning page
[INFO ] 2024-08-26 14:58:33.485 [main] Cleaningpage - >> User selected the assignee:
[INFO ] 2024-08-26 15:02:17.721 [main] Testhooks - Execution Started
[INFO ] 2024-08-26 15:02:18.613 [main] Testhooks - Browser got launched
[INFO ] 2024-08-26 15:02:20.260 [main] Testhooks - Navigated to url
[INFO ] 2024-08-26 15:02:21.474 [main] Signinpage - User enters valid email address
[INFO ] 2024-08-26 15:02:21.616 [main] Signinpage - User enters valid password
[INFO ] 2024-08-26 15:02:21.728 [main] Signinpage - User clicks on signin button
[INFO ] 2024-08-26 15:02:21.728 [main] Members - >> Admin/User got logged in >>
[INFO ] 2024-08-26 15:02:24.348 [main] Memberspage - >> Admin/User got navigated to dashboard page
[INFO ] 2024-08-26 15:02:24.951 [main] Cleaningpage - >> Admin/User got navigated to cleaning page
[INFO ] 2024-08-26 15:03:40.267 [main] Testhooks - Execution Started
[INFO ] 2024-08-26 15:03:41.216 [main] Testhooks - Browser got launched
[INFO ] 2024-08-26 15:03:43.341 [main] Testhooks - Navigated to url
[INFO ] 2024-08-26 15:03:44.559 [main] Signinpage - User enters valid email address
[INFO ] 2024-08-26 15:03:44.694 [main] Signinpage - User enters valid password
[INFO ] 2024-08-26 15:03:44.801 [main] Signinpage - User clicks on signin button
[INFO ] 2024-08-26 15:03:44.802 [main] Members - >> Admin/User got logged in >>
[INFO ] 2024-08-26 15:03:47.560 [main] Memberspage - >> Admin/User got navigated to dashboard page
[INFO ] 2024-08-26 15:03:48.032 [main] Cleaningpage - >> Admin/User got navigated to cleaning page
[INFO ] 2024-08-26 15:04:35.514 [main] Testhooks - Execution Started
[INFO ] 2024-08-26 15:04:36.422 [main] Testhooks - Browser got launched
[INFO ] 2024-08-26 15:04:37.943 [main] Testhooks - Navigated to url
[INFO ] 2024-08-26 15:04:39.152 [main] Signinpage - User enters valid email address
[INFO ] 2024-08-26 15:04:39.286 [main] Signinpage - User enters valid password
[INFO ] 2024-08-26 15:04:39.394 [main] Signinpage - User clicks on signin button
[INFO ] 2024-08-26 15:04:39.394 [main] Members - >> Admin/User got logged in >>
[INFO ] 2024-08-26 15:04:48.448 [main] Memberspage - >> Admin/User got navigated to dashboard page
[INFO ] 2024-08-26 15:04:48.987 [main] Cleaningpage - >> Admin/User got navigated to cleaning page
[INFO ] 2024-08-26 15:10:29.997 [main] Testhooks - Execution Started
[INFO ] 2024-08-26 15:10:30.883 [main] Testhooks - Browser got launched
[INFO ] 2024-08-26 15:10:32.631 [main] Testhooks - Navigated to url
[INFO ] 2024-08-26 15:10:33.842 [main] Signinpage - User enters valid email address
[INFO ] 2024-08-26 15:10:33.972 [main] Signinpage - User enters valid password
[INFO ] 2024-08-26 15:10:34.083 [main] Signinpage - User clicks on signin button
[INFO ] 2024-08-26 15:10:34.083 [main] Members - >> Admin/User got logged in >>
[INFO ] 2024-08-26 15:10:46.278 [main] Memberspage - >> Admin/User got navigated to dashboard page
[INFO ] 2024-08-26 15:10:46.784 [main] Cleaningpage - >> Admin/User got navigated to cleaning page
[INFO ] 2024-08-26 15:11:27.032 [main] Testhooks - Execution Started
[INFO ] 2024-08-26 15:11:27.864 [main] Testhooks - Browser got launched
[INFO ] 2024-08-26 15:11:29.254 [main] Testhooks - Navigated to url
[INFO ] 2024-08-26 15:11:30.472 [main] Signinpage - User enters valid email address
[INFO ] 2024-08-26 15:11:30.629 [main] Signinpage - User enters valid password
[INFO ] 2024-08-26 15:11:30.754 [main] Signinpage - User clicks on signin button
[INFO ] 2024-08-26 15:11:30.754 [main] Members - >> Admin/User got logged in >>
[INFO ] 2024-08-26 15:11:34.218 [main] Memberspage - >> Admin/User got navigated to dashboard page
[INFO ] 2024-08-26 15:11:35.795 [main] Testhooks - Failed scenario screenshot got capturedT018_To verify the Cleaning feature filter by Assignee
[INFO ] 2024-08-26 15:11:52.463 [main] Testhooks - Execution Started
[INFO ] 2024-08-26 15:11:53.327 [main] Testhooks - Browser got launched
[INFO ] 2024-08-26 15:11:54.784 [main] Testhooks - Navigated to url
[INFO ] 2024-08-26 15:11:56.000 [main] Signinpage - User enters valid email address
[INFO ] 2024-08-26 15:11:56.133 [main] Signinpage - User enters valid password
[INFO ] 2024-08-26 15:11:56.239 [main] Signinpage - User clicks on signin button
[INFO ] 2024-08-26 15:11:56.239 [main] Members - >> Admin/User got logged in >>
[INFO ] 2024-08-26 15:11:58.914 [main] Memberspage - >> Admin/User got navigated to dashboard page
[INFO ] 2024-08-26 15:11:59.421 [main] Cleaningpage - >> Admin/User got navigated to cleaning page
[INFO ] 2024-08-26 15:12:59.465 [main] Testhooks - Execution Started
[INFO ] 2024-08-26 15:13:00.282 [main] Testhooks - Browser got launched
[INFO ] 2024-08-26 15:13:02.163 [main] Testhooks - Navigated to url
[INFO ] 2024-08-26 15:13:03.380 [main] Signinpage - User enters valid email address
[INFO ] 2024-08-26 15:13:03.513 [main] Signinpage - User enters valid password
[INFO ] 2024-08-26 15:13:03.619 [main] Signinpage - User clicks on signin button
[INFO ] 2024-08-26 15:13:03.619 [main] Members - >> Admin/User got logged in >>
[INFO ] 2024-08-26 15:13:16.488 [main] Memberspage - >> Admin/User got navigated to dashboard page
[INFO ] 2024-08-26 15:13:17.053 [main] Cleaningpage - >> Admin/User got navigated to cleaning page
[INFO ] 2024-08-26 15:13:36.118 [main] Testhooks - Execution Started
[INFO ] 2024-08-26 15:13:37.107 [main] Testhooks - Browser got launched
[INFO ] 2024-08-26 15:13:38.856 [main] Testhooks - Navigated to url
[INFO ] 2024-08-26 15:13:40.071 [main] Signinpage - User enters valid email address
[INFO ] 2024-08-26 15:13:40.199 [main] Signinpage - User enters valid password
[INFO ] 2024-08-26 15:13:40.306 [main] Signinpage - User clicks on signin button
[INFO ] 2024-08-26 15:13:40.306 [main] Members - >> Admin/User got logged in >>
[INFO ] 2024-08-26 15:13:46.042 [main] Memberspage - >> Admin/User got navigated to dashboard page
[INFO ] 2024-08-26 15:13:46.565 [main] Cleaningpage - >> Admin/User got navigated to cleaning page
[INFO ] 2024-08-26 15:13:48.481 [main] Testhooks - Failed scenario screenshot got capturedT018_To verify the Cleaning feature filter by Assignee
[INFO ] 2024-08-26 15:13:48.549 [main] Testhooks - Execution Started
[INFO ] 2024-08-26 15:13:49.154 [main] Testhooks - Browser got launched
[INFO ] 2024-08-26 15:13:50.585 [main] Testhooks - Navigated to url
[INFO ] 2024-08-26 15:13:51.788 [main] Signinpage - User enters valid email address
[INFO ] 2024-08-26 15:13:51.930 [main] Signinpage - User enters valid password
[INFO ] 2024-08-26 15:13:52.046 [main] Signinpage - User clicks on signin button
[INFO ] 2024-08-26 15:13:52.046 [main] Members - >> Admin/User got logged in >>
[INFO ] 2024-08-26 15:14:22.752 [main] Testhooks - Execution Started
[INFO ] 2024-08-26 15:14:23.564 [main] Testhooks - Browser got launched
[INFO ] 2024-08-26 15:14:25.039 [main] Testhooks - Navigated to url
[INFO ] 2024-08-26 15:14:26.236 [main] Signinpage - User enters valid email address
[INFO ] 2024-08-26 15:14:26.367 [main] Signinpage - User enters valid password
[INFO ] 2024-08-26 15:14:26.470 [main] Signinpage - User clicks on signin button
[INFO ] 2024-08-26 15:14:26.470 [main] Members - >> Admin/User got logged in >>
[INFO ] 2024-08-26 15:14:29.228 [main] Memberspage - >> Admin/User got navigated to dashboard page
[INFO ] 2024-08-26 15:14:29.717 [main] Cleaningpage - >> Admin/User got navigated to cleaning page
[INFO ] 2024-08-26 15:14:31.706 [main] Testhooks - Failed scenario screenshot got capturedT018_To verify the Cleaning feature filter by Assignee
[INFO ] 2024-08-26 15:16:01.499 [main] Testhooks - Execution Started
[INFO ] 2024-08-26 15:16:02.595 [main] Testhooks - Browser got launched
[INFO ] 2024-08-26 15:16:04.051 [main] Testhooks - Navigated to url
[INFO ] 2024-08-26 15:16:05.260 [main] Signinpage - User enters valid email address
[INFO ] 2024-08-26 15:16:05.389 [main] Signinpage - User enters valid password
[INFO ] 2024-08-26 15:16:05.504 [main] Signinpage - User clicks on signin button
[INFO ] 2024-08-26 15:16:05.504 [main] Members - >> Admin/User got logged in >>
[INFO ] 2024-08-26 15:16:17.347 [main] Memberspage - >> Admin/User got navigated to dashboard page
[INFO ] 2024-08-26 15:16:17.903 [main] Cleaningpage - >> Admin/User got navigated to cleaning page
[INFO ] 2024-08-26 15:16:19.714 [main] Testhooks - Failed scenario screenshot got capturedT018_To verify the Cleaning feature filter by Assignee
[INFO ] 2024-08-26 15:19:35.122 [main] Testhooks - Execution Started
[INFO ] 2024-08-26 15:19:35.960 [main] Testhooks - Browser got launched
[INFO ] 2024-08-26 15:19:37.517 [main] Testhooks - Navigated to url
[INFO ] 2024-08-26 15:19:38.728 [main] Signinpage - User enters valid email address
[INFO ] 2024-08-26 15:19:38.854 [main] Signinpage - User enters valid password
[INFO ] 2024-08-26 15:19:38.960 [main] Signinpage - User clicks on signin button
[INFO ] 2024-08-26 15:19:38.960 [main] Members - >> Admin/User got logged in >>
[INFO ] 2024-08-26 15:19:45.431 [main] Memberspage - >> Admin/User got navigated to dashboard page
[INFO ] 2024-08-26 15:19:46.015 [main] Cleaningpage - >> Admin/User got navigated to cleaning page
[INFO ] 2024-08-26 15:20:17.299 [main] Testhooks - Execution Started
[INFO ] 2024-08-26 15:20:18.142 [main] Testhooks - Browser got launched
[INFO ] 2024-08-26 15:20:19.528 [main] Testhooks - Navigated to url
[INFO ] 2024-08-26 15:20:20.739 [main] Signinpage - User enters valid email address
[INFO ] 2024-08-26 15:20:20.868 [main] Signinpage - User enters valid password
[INFO ] 2024-08-26 15:20:20.981 [main] Signinpage - User clicks on signin button
[INFO ] 2024-08-26 15:20:20.982 [main] Members - >> Admin/User got logged in >>
[INFO ] 2024-08-26 15:20:23.570 [main] Memberspage - >> Admin/User got navigated to dashboard page
[INFO ] 2024-08-26 15:20:24.160 [main] Cleaningpage - >> Admin/User got navigated to cleaning page
[INFO ] 2024-08-26 15:21:12.086 [main] Testhooks - Execution Started
[INFO ] 2024-08-26 15:21:13.053 [main] Testhooks - Browser got launched
[INFO ] 2024-08-26 15:21:14.797 [main] Testhooks - Navigated to url
[INFO ] 2024-08-26 15:21:16.006 [main] Signinpage - User enters valid email address
[INFO ] 2024-08-26 15:21:16.140 [main] Signinpage - User enters valid password
[INFO ] 2024-08-26 15:21:16.253 [main] Signinpage - User clicks on signin button
[INFO ] 2024-08-26 15:21:16.253 [main] Members - >> Admin/User got logged in >>
[INFO ] 2024-08-26 15:21:18.952 [main] Memberspage - >> Admin/User got navigated to dashboard page
[INFO ] 2024-08-26 15:21:19.520 [main] Cleaningpage - >> Admin/User got navigated to cleaning page
[INFO ] 2024-08-26 15:21:58.015 [main] Testhooks - Execution Started
[INFO ] 2024-08-26 15:21:58.865 [main] Testhooks - Browser got launched
[INFO ] 2024-08-26 15:22:00.256 [main] Testhooks - Navigated to url
[INFO ] 2024-08-26 15:22:01.506 [main] Signinpage - User enters valid email address
[INFO ] 2024-08-26 15:22:01.669 [main] Signinpage - User enters valid password
[INFO ] 2024-08-26 15:22:01.797 [main] Signinpage - User clicks on signin button
[INFO ] 2024-08-26 15:22:01.797 [main] Members - >> Admin/User got logged in >>
[INFO ] 2024-08-26 15:22:05.560 [main] Memberspage - >> Admin/User got navigated to dashboard page
[INFO ] 2024-08-26 15:22:07.211 [main] Testhooks - Failed scenario screenshot got capturedT018_To verify the Cleaning feature filter by Assignee
[INFO ] 2024-08-26 15:22:27.141 [main] Testhooks - Execution Started
[INFO ] 2024-08-26 15:22:28.038 [main] Testhooks - Browser got launched
[INFO ] 2024-08-26 15:22:29.726 [main] Testhooks - Navigated to url
[INFO ] 2024-08-26 15:22:31.020 [main] Signinpage - User enters valid email address
[INFO ] 2024-08-26 15:22:31.176 [main] Signinpage - User enters valid password
[INFO ] 2024-08-26 15:22:31.317 [main] Signinpage - User clicks on signin button
[INFO ] 2024-08-26 15:22:31.317 [main] Members - >> Admin/User got logged in >>
[INFO ] 2024-08-26 15:22:34.461 [main] Memberspage - >> Admin/User got navigated to dashboard page
[INFO ] 2024-08-26 15:22:36.310 [main] Testhooks - Failed scenario screenshot got capturedT018_To verify the Cleaning feature filter by Assignee
[INFO ] 2024-08-26 15:22:50.801 [main] Testhooks - Execution Started
[INFO ] 2024-08-26 15:22:51.660 [main] Testhooks - Browser got launched
[INFO ] 2024-08-26 15:22:53.182 [main] Testhooks - Navigated to url
[INFO ] 2024-08-26 15:22:54.388 [main] Signinpage - User enters valid email address
[INFO ] 2024-08-26 15:22:54.518 [main] Signinpage - User enters valid password
[INFO ] 2024-08-26 15:22:54.629 [main] Signinpage - User clicks on signin button
[INFO ] 2024-08-26 15:22:54.630 [main] Members - >> Admin/User got logged in >>
[INFO ] 2024-08-26 15:22:57.290 [main] Memberspage - >> Admin/User got navigated to dashboard page
[INFO ] 2024-08-26 15:22:57.843 [main] Cleaningpage - >> Admin/User got navigated to cleaning page
[INFO ] 2024-08-26 15:23:25.359 [main] Testhooks - Execution Started
[INFO ] 2024-08-26 15:23:26.195 [main] Testhooks - Browser got launched
[INFO ] 2024-08-26 15:23:27.647 [main] Testhooks - Navigated to url
[INFO ] 2024-08-26 15:23:28.855 [main] Signinpage - User enters valid email address
[INFO ] 2024-08-26 15:23:28.986 [main] Signinpage - User enters valid password
[INFO ] 2024-08-26 15:23:29.096 [main] Signinpage - User clicks on signin button
[INFO ] 2024-08-26 15:23:29.096 [main] Members - >> Admin/User got logged in >>
[INFO ] 2024-08-26 15:23:31.773 [main] Memberspage - >> Admin/User got navigated to dashboard page
[INFO ] 2024-08-26 15:23:32.573 [main] Cleaningpage - >> Admin/User got navigated to cleaning page
[INFO ] 2024-08-26 15:24:09.537 [main] Testhooks - Execution Started
[INFO ] 2024-08-26 15:24:10.420 [main] Testhooks - Browser got launched
[INFO ] 2024-08-26 15:24:12.354 [main] Testhooks - Navigated to url
[INFO ] 2024-08-26 15:24:13.569 [main] Signinpage - User enters valid email address
[INFO ] 2024-08-26 15:24:13.699 [main] Signinpage - User enters valid password
[INFO ] 2024-08-26 15:24:13.804 [main] Signinpage - User clicks on signin button
[INFO ] 2024-08-26 15:24:13.805 [main] Members - >> Admin/User got logged in >>
[INFO ] 2024-08-26 15:24:16.469 [main] Memberspage - >> Admin/User got navigated to dashboard page
[INFO ] 2024-08-26 15:24:17.041 [main] Cleaningpage - >> Admin/User got navigated to cleaning page
[INFO ] 2024-08-26 15:24:35.740 [main] Testhooks - Execution Started
[INFO ] 2024-08-26 15:24:36.633 [main] Testhooks - Browser got launched
[INFO ] 2024-08-26 15:24:38.285 [main] Testhooks - Navigated to url
[INFO ] 2024-08-26 15:24:39.495 [main] Signinpage - User enters valid email address
[INFO ] 2024-08-26 15:24:39.623 [main] Signinpage - User enters valid password
[INFO ] 2024-08-26 15:24:39.730 [main] Signinpage - User clicks on signin button
[INFO ] 2024-08-26 15:24:39.731 [main] Members - >> Admin/User got logged in >>
[INFO ] 2024-08-26 15:24:46.710 [main] Memberspage - >> Admin/User got navigated to dashboard page
[INFO ] 2024-08-26 15:24:47.201 [main] Cleaningpage - >> Admin/User got navigated to cleaning page
[INFO ] 2024-08-26 15:25:37.495 [main] Testhooks - Execution Started
[INFO ] 2024-08-26 15:25:38.320 [main] Testhooks - Browser got launched
[INFO ] 2024-08-26 15:25:40.046 [main] Testhooks - Navigated to url
[INFO ] 2024-08-26 15:25:41.262 [main] Signinpage - User enters valid email address
[INFO ] 2024-08-26 15:25:41.393 [main] Signinpage - User enters valid password
[INFO ] 2024-08-26 15:25:41.503 [main] Signinpage - User clicks on signin button
[INFO ] 2024-08-26 15:25:41.503 [main] Members - >> Admin/User got logged in >>
[INFO ] 2024-08-26 15:25:46.059 [main] Memberspage - >> Admin/User got navigated to dashboard page
[INFO ] 2024-08-26 15:25:46.576 [main] Cleaningpage - >> Admin/User got navigated to cleaning page
[INFO ] 2024-08-26 15:26:23.064 [main] Testhooks - Execution Started
[INFO ] 2024-08-26 15:26:23.905 [main] Testhooks - Browser got launched
[INFO ] 2024-08-26 15:26:26.261 [main] Testhooks - Navigated to url
[INFO ] 2024-08-26 15:26:27.466 [main] Signinpage - User enters valid email address
[INFO ] 2024-08-26 15:26:27.595 [main] Signinpage - User enters valid password
[INFO ] 2024-08-26 15:26:27.701 [main] Signinpage - User clicks on signin button
[INFO ] 2024-08-26 15:26:27.701 [main] Members - >> Admin/User got logged in >>
[INFO ] 2024-08-26 15:26:30.156 [main] Memberspage - >> Admin/User got navigated to dashboard page
[INFO ] 2024-08-26 15:26:31.778 [main] Testhooks - Failed scenario screenshot got capturedT018_To verify the Cleaning feature filter by Assignee
[INFO ] 2024-08-26 15:26:42.429 [main] Testhooks - Execution Started
[INFO ] 2024-08-26 15:26:43.297 [main] Testhooks - Browser got launched
[INFO ] 2024-08-26 15:26:44.667 [main] Testhooks - Navigated to url
[INFO ] 2024-08-26 15:26:45.885 [main] Signinpage - User enters valid email address
[INFO ] 2024-08-26 15:26:46.020 [main] Signinpage - User enters valid password
[INFO ] 2024-08-26 15:26:46.129 [main] Signinpage - User clicks on signin button
[INFO ] 2024-08-26 15:26:46.129 [main] Members - >> Admin/User got logged in >>
[INFO ] 2024-08-26 15:26:48.820 [main] Memberspage - >> Admin/User got navigated to dashboard page
[INFO ] 2024-08-26 15:26:49.420 [main] Cleaningpage - >> Admin/User got navigated to cleaning page
