[INFO ] 2024-07-31 12:55:49.892 [main] Testhooks - Execution Started
[INFO ] 2024-07-31 12:55:50.745 [main] Testhooks - Browser got launched
[INFO ] 2024-07-31 12:55:52.054 [main] Testhooks - Navigated to url
[INFO ] 2024-07-31 12:55:53.257 [main] Signinpage - User enters valid email address
[INFO ] 2024-07-31 12:55:53.389 [main] Signinpage - User enters valid password
[INFO ] 2024-07-31 12:55:53.497 [main] Signinpage - User clicks on signin button
[INFO ] 2024-07-31 12:55:53.497 [main] Members - >> Admin/User got logged in >>
[INFO ] 2024-07-31 12:55:56.066 [main] Memberspage - >> Admin/User got navigated to dashboard page
[INFO ] 2024-07-31 12:55:57.097 [main] Ticketspage - >> Admin/User got navigated to Tickets page
[INFO ] 2024-07-31 12:56:07.891 [main] Testhooks - Failed scenario screenshot got capturedT033_To verify the Tickets feature clicks close button of uploaded videos
[INFO ] 2024-07-31 12:56:51.425 [main] Testhooks - Execution Started
[INFO ] 2024-07-31 12:56:52.364 [main] Testhooks - Browser got launched
[INFO ] 2024-07-31 12:56:53.607 [main] Testhooks - Navigated to url
[INFO ] 2024-07-31 12:56:54.793 [main] Signinpage - User enters valid email address
[INFO ] 2024-07-31 12:56:54.926 [main] Signinpage - User enters valid password
[INFO ] 2024-07-31 12:56:55.032 [main] Signinpage - User clicks on signin button
[INFO ] 2024-07-31 12:56:55.033 [main] Members - >> Admin/User got logged in >>
[INFO ] 2024-07-31 12:56:57.871 [main] Memberspage - >> Admin/User got navigated to dashboard page
[INFO ] 2024-07-31 12:56:58.833 [main] Ticketspage - >> Admin/User got navigated to Tickets page
[INFO ] 2024-07-31 12:57:09.728 [main] Testhooks - Failed scenario screenshot got capturedT033_To verify the Tickets feature clicks close button of uploaded videos
[INFO ] 2024-07-31 13:55:24.222 [main] Testhooks - Execution Started
[INFO ] 2024-07-31 13:55:25.065 [main] Testhooks - Browser got launched
[INFO ] 2024-07-31 13:55:26.316 [main] Testhooks - Navigated to url
[INFO ] 2024-07-31 13:55:27.505 [main] Signinpage - User enters valid email address
[INFO ] 2024-07-31 13:55:27.638 [main] Signinpage - User enters valid password
[INFO ] 2024-07-31 13:55:27.745 [main] Signinpage - User clicks on signin button
[INFO ] 2024-07-31 13:55:27.745 [main] Members - >> Admin/User got logged in >>
[INFO ] 2024-07-31 13:55:30.230 [main] Memberspage - >> Admin/User got navigated to dashboard page
[INFO ] 2024-07-31 13:55:31.973 [main] Testhooks - Failed scenario screenshot got capturedT033_To verify the Tickets feature clicks close button of uploaded videos
[INFO ] 2024-07-31 13:57:30.187 [main] Testhooks - Execution Started
[INFO ] 2024-07-31 13:57:31.196 [main] Testhooks - Browser got launched
[INFO ] 2024-07-31 13:57:32.632 [main] Testhooks - Navigated to url
[INFO ] 2024-07-31 13:57:33.841 [main] Signinpage - User enters valid email address
[INFO ] 2024-07-31 13:57:33.976 [main] Signinpage - User enters valid password
[INFO ] 2024-07-31 13:57:34.082 [main] Signinpage - User clicks on signin button
[INFO ] 2024-07-31 13:57:34.082 [main] Members - >> Admin/User got logged in >>
[INFO ] 2024-07-31 13:57:46.356 [main] Memberspage - >> Admin/User got navigated to dashboard page
[INFO ] 2024-07-31 13:57:47.417 [main] Ticketspage - >> Admin/User got navigated to Tickets page
[INFO ] 2024-07-31 13:58:12.900 [main] Testhooks - Failed scenario screenshot got capturedT033_To verify the Tickets feature clicks close button of uploaded videos
[INFO ] 2024-07-31 14:06:08.761 [main] Testhooks - Execution Started
[INFO ] 2024-07-31 14:06:09.588 [main] Testhooks - Browser got launched
[INFO ] 2024-07-31 14:06:11.866 [main] Testhooks - Navigated to url
[INFO ] 2024-07-31 14:06:13.077 [main] Signinpage - User enters valid email address
[INFO ] 2024-07-31 14:06:13.209 [main] Signinpage - User enters valid password
[INFO ] 2024-07-31 14:06:13.314 [main] Signinpage - User clicks on signin button
[INFO ] 2024-07-31 14:06:13.314 [main] Members - >> Admin/User got logged in >>
[INFO ] 2024-07-31 14:06:16.972 [main] Memberspage - >> Admin/User got navigated to dashboard page
[INFO ] 2024-07-31 14:06:18.117 [main] Ticketspage - >> Admin/User got navigated to Tickets page
[INFO ] 2024-07-31 14:06:33.361 [main] Testhooks - Failed scenario screenshot got capturedT033_To verify the Tickets feature clicks close button of uploaded videos
[INFO ] 2024-07-31 14:08:47.348 [main] Testhooks - Execution Started
[INFO ] 2024-07-31 14:08:48.113 [main] Testhooks - Browser got launched
[INFO ] 2024-07-31 14:08:49.447 [main] Testhooks - Navigated to url
[INFO ] 2024-07-31 14:08:50.658 [main] Signinpage - User enters valid email address
[INFO ] 2024-07-31 14:08:50.788 [main] Signinpage - User enters valid password
[INFO ] 2024-07-31 14:08:50.895 [main] Signinpage - User clicks on signin button
[INFO ] 2024-07-31 14:08:50.895 [main] Members - >> Admin/User got logged in >>
[INFO ] 2024-07-31 14:08:53.624 [main] Memberspage - >> Admin/User got navigated to dashboard page
[INFO ] 2024-07-31 14:08:54.366 [main] Ticketspage - >> Admin/User got navigated to Tickets page
[INFO ] 2024-07-31 14:08:54.610 [main] Ticketspage - >> Admin/User clicked New Ticket btn
[INFO ] 2024-07-31 14:11:36.601 [main] Testhooks - Execution Started
[INFO ] 2024-07-31 14:11:37.395 [main] Testhooks - Browser got launched
[INFO ] 2024-07-31 14:11:38.928 [main] Testhooks - Navigated to url
[INFO ] 2024-07-31 14:11:40.122 [main] Signinpage - User enters valid email address
[INFO ] 2024-07-31 14:11:40.258 [main] Signinpage - User enters valid password
[INFO ] 2024-07-31 14:11:40.364 [main] Signinpage - User clicks on signin button
[INFO ] 2024-07-31 14:11:40.364 [main] Members - >> Admin/User got logged in >>
[INFO ] 2024-07-31 14:11:46.042 [main] Memberspage - >> Admin/User got navigated to dashboard page
[INFO ] 2024-07-31 14:11:47.037 [main] Ticketspage - >> Admin/User got navigated to Tickets page
[INFO ] 2024-07-31 14:12:02.245 [main] Testhooks - Failed scenario screenshot got capturedT033_To verify the Tickets feature clicks close button of uploaded videos
[INFO ] 2024-07-31 14:14:06.944 [main] Testhooks - Execution Started
[INFO ] 2024-07-31 14:14:07.750 [main] Testhooks - Browser got launched
[INFO ] 2024-07-31 14:14:09.622 [main] Testhooks - Navigated to url
[INFO ] 2024-07-31 14:14:10.815 [main] Signinpage - User enters valid email address
[INFO ] 2024-07-31 14:14:10.943 [main] Signinpage - User enters valid password
[INFO ] 2024-07-31 14:14:11.046 [main] Signinpage - User clicks on signin button
[INFO ] 2024-07-31 14:14:11.047 [main] Members - >> Admin/User got logged in >>
[INFO ] 2024-07-31 14:14:18.646 [main] Memberspage - >> Admin/User got navigated to dashboard page
[INFO ] 2024-07-31 14:14:19.697 [main] Ticketspage - >> Admin/User got navigated to Tickets page
[INFO ] 2024-07-31 14:14:35.819 [main] Testhooks - Failed scenario screenshot got capturedT033_To verify the Tickets feature clicks close button of uploaded videos
[INFO ] 2024-07-31 14:24:33.682 [main] Testhooks - Execution Started
[INFO ] 2024-07-31 14:24:34.651 [main] Testhooks - Browser got launched
[INFO ] 2024-07-31 14:24:36.369 [main] Testhooks - Navigated to url
[INFO ] 2024-07-31 14:24:37.589 [main] Signinpage - User enters valid email address
[INFO ] 2024-07-31 14:24:37.727 [main] Signinpage - User enters valid password
[INFO ] 2024-07-31 14:24:37.843 [main] Signinpage - User clicks on signin button
[INFO ] 2024-07-31 14:24:37.843 [main] Members - >> Admin/User got logged in >>
[INFO ] 2024-07-31 14:24:46.892 [main] Memberspage - >> Admin/User got navigated to dashboard page
[INFO ] 2024-07-31 14:24:47.939 [main] Ticketspage - >> Admin/User got navigated to Tickets page
[INFO ] 2024-07-31 14:27:15.358 [main] Testhooks - Execution Started
[INFO ] 2024-07-31 14:27:16.275 [main] Testhooks - Browser got launched
[INFO ] 2024-07-31 14:27:17.745 [main] Testhooks - Navigated to url
[INFO ] 2024-07-31 14:27:18.969 [main] Signinpage - User enters valid email address
[INFO ] 2024-07-31 14:27:19.111 [main] Signinpage - User enters valid password
[INFO ] 2024-07-31 14:27:19.225 [main] Signinpage - User clicks on signin button
[INFO ] 2024-07-31 14:27:19.225 [main] Members - >> Admin/User got logged in >>
[INFO ] 2024-07-31 14:27:22.059 [main] Memberspage - >> Admin/User got navigated to dashboard page
[INFO ] 2024-07-31 14:27:22.946 [main] Ticketspage - >> Admin/User got navigated to Tickets page
[INFO ] 2024-07-31 21:13:52.109 [main] Testhooks - Execution Started
[INFO ] 2024-07-31 21:13:53.135 [main] Testhooks - Browser got launched
[INFO ] 2024-07-31 21:13:55.059 [main] Testhooks - Navigated to url
[INFO ] 2024-07-31 21:13:56.275 [main] Signinpage - User enters valid email address
[INFO ] 2024-07-31 21:13:56.421 [main] Signinpage - User enters valid password
[INFO ] 2024-07-31 21:13:56.535 [main] Signinpage - User clicks on signin button
[INFO ] 2024-07-31 21:13:56.535 [main] Members - >> Admin/User got logged in >>
[INFO ] 2024-07-31 21:13:59.377 [main] Memberspage - >> Admin/User got navigated to dashboard page
[INFO ] 2024-07-31 21:14:03.313 [main] Ticketspage - >> Admin/User got navigated to Tickets page
[INFO ] 2024-07-31 21:14:35.452 [main] Testhooks - Failed scenario screenshot got capturedT045_To verify the Tickets features 'Created' Tick mark displayed on Progress bar in View Tickets page
[INFO ] 2024-07-31 21:15:50.942 [main] Testhooks - Execution Started
[INFO ] 2024-07-31 21:15:51.889 [main] Testhooks - Browser got launched
[INFO ] 2024-07-31 21:15:53.649 [main] Testhooks - Navigated to url
[INFO ] 2024-07-31 21:15:54.874 [main] Signinpage - User enters valid email address
[INFO ] 2024-07-31 21:15:55.017 [main] Signinpage - User enters valid password
[INFO ] 2024-07-31 21:15:55.131 [main] Signinpage - User clicks on signin button
[INFO ] 2024-07-31 21:15:55.131 [main] Members - >> Admin/User got logged in >>
[INFO ] 2024-07-31 21:15:57.968 [main] Memberspage - >> Admin/User got navigated to dashboard page
[INFO ] 2024-07-31 21:15:59.012 [main] Ticketspage - >> Admin/User got navigated to Tickets page
[INFO ] 2024-07-31 21:16:01.614 [main] Testhooks - Failed scenario screenshot got capturedT045_To verify the Tickets features 'Created' Tick mark displayed on Progress bar in View Tickets page
[INFO ] 2024-07-31 21:17:56.443 [main] Testhooks - Execution Started
[INFO ] 2024-07-31 21:17:57.539 [main] Testhooks - Browser got launched
[INFO ] 2024-07-31 21:17:59.427 [main] Testhooks - Navigated to url
[INFO ] 2024-07-31 21:18:00.856 [main] Signinpage - User enters valid email address
[INFO ] 2024-07-31 21:18:01.135 [main] Signinpage - User enters valid password
[INFO ] 2024-07-31 21:18:01.314 [main] Signinpage - User clicks on signin button
[INFO ] 2024-07-31 21:18:01.315 [main] Members - >> Admin/User got logged in >>
[INFO ] 2024-07-31 21:18:05.167 [main] Memberspage - >> Admin/User got navigated to dashboard page
[INFO ] 2024-07-31 21:18:06.928 [main] Testhooks - Failed scenario screenshot got capturedT045_To verify the Tickets features 'Created' Tick mark displayed on Progress bar in View Tickets page
[INFO ] 2024-07-31 21:18:26.419 [main] Testhooks - Execution Started
[INFO ] 2024-07-31 21:18:27.396 [main] Testhooks - Browser got launched
[INFO ] 2024-07-31 21:18:28.941 [main] Testhooks - Navigated to url
[INFO ] 2024-07-31 21:18:30.738 [main] Signinpage - User enters valid email address
[INFO ] 2024-07-31 21:18:31.266 [main] Signinpage - User enters valid password
[INFO ] 2024-07-31 21:18:31.680 [main] Signinpage - User clicks on signin button
[INFO ] 2024-07-31 21:18:31.681 [main] Members - >> Admin/User got logged in >>
[INFO ] 2024-07-31 21:18:35.065 [main] Memberspage - >> Admin/User got navigated to dashboard page
[INFO ] 2024-07-31 21:18:36.862 [main] Testhooks - Failed scenario screenshot got capturedT045_To verify the Tickets features 'Created' Tick mark displayed on Progress bar in View Tickets page
[INFO ] 2024-07-31 21:19:27.924 [main] Testhooks - Execution Started
[INFO ] 2024-07-31 21:19:28.962 [main] Testhooks - Browser got launched
[INFO ] 2024-07-31 21:19:31.421 [main] Testhooks - Navigated to url
[INFO ] 2024-07-31 21:19:32.699 [main] Signinpage - User enters valid email address
[INFO ] 2024-07-31 21:19:32.848 [main] Signinpage - User enters valid password
[INFO ] 2024-07-31 21:19:32.963 [main] Signinpage - User clicks on signin button
[INFO ] 2024-07-31 21:19:32.963 [main] Members - >> Admin/User got logged in >>
[INFO ] 2024-07-31 21:19:35.580 [main] Memberspage - >> Admin/User got navigated to dashboard page
[INFO ] 2024-07-31 21:19:37.332 [main] Testhooks - Failed scenario screenshot got capturedT045_To verify the Tickets features 'Created' Tick mark displayed on Progress bar in View Tickets page
[INFO ] 2024-07-31 21:20:04.484 [main] Testhooks - Execution Started
[INFO ] 2024-07-31 21:20:05.411 [main] Testhooks - Browser got launched
[INFO ] 2024-07-31 21:20:07.672 [main] Testhooks - Navigated to url
[INFO ] 2024-07-31 21:20:08.903 [main] Signinpage - User enters valid email address
[INFO ] 2024-07-31 21:20:09.047 [main] Signinpage - User enters valid password
[INFO ] 2024-07-31 21:20:09.166 [main] Signinpage - User clicks on signin button
[INFO ] 2024-07-31 21:20:09.166 [main] Members - >> Admin/User got logged in >>
[INFO ] 2024-07-31 21:20:17.603 [main] Memberspage - >> Admin/User got navigated to dashboard page
[INFO ] 2024-07-31 21:20:19.341 [main] Ticketspage - >> Admin/User got navigated to Tickets page
[INFO ] 2024-07-31 21:20:51.595 [main] Testhooks - Failed scenario screenshot got capturedT045_To verify the Tickets features 'Created' Tick mark displayed on Progress bar in View Tickets page
[INFO ] 2024-07-31 21:21:26.871 [main] Testhooks - Execution Started
[INFO ] 2024-07-31 21:21:27.850 [main] Testhooks - Browser got launched
[INFO ] 2024-07-31 21:21:29.459 [main] Testhooks - Navigated to url
[INFO ] 2024-07-31 21:21:30.887 [main] Signinpage - User enters valid email address
[INFO ] 2024-07-31 21:21:31.265 [main] Signinpage - User enters valid password
[INFO ] 2024-07-31 21:21:31.484 [main] Signinpage - User clicks on signin button
[INFO ] 2024-07-31 21:21:31.484 [main] Members - >> Admin/User got logged in >>
[INFO ] 2024-07-31 21:21:35.220 [main] Memberspage - >> Admin/User got navigated to dashboard page
[INFO ] 2024-07-31 21:21:37.107 [main] Testhooks - Failed scenario screenshot got capturedT045_To verify the Tickets features 'Created' Tick mark displayed on Progress bar in View Tickets page
[INFO ] 2024-07-31 21:27:05.492 [main] Testhooks - Execution Started
[INFO ] 2024-07-31 21:27:06.465 [main] Testhooks - Browser got launched
[INFO ] 2024-07-31 21:27:08.564 [main] Testhooks - Navigated to url
[INFO ] 2024-07-31 21:27:09.793 [main] Signinpage - User enters valid email address
[INFO ] 2024-07-31 21:27:09.956 [main] Signinpage - User enters valid password
[INFO ] 2024-07-31 21:27:10.072 [main] Signinpage - User clicks on signin button
[INFO ] 2024-07-31 21:27:10.072 [main] Members - >> Admin/User got logged in >>
[INFO ] 2024-07-31 21:27:16.795 [main] Memberspage - >> Admin/User got navigated to dashboard page
[INFO ] 2024-07-31 21:27:17.685 [main] Ticketspage - >> Admin/User got navigated to Tickets page
[INFO ] 2024-07-31 21:27:49.793 [main] Testhooks - Failed scenario screenshot got capturedT045_To verify the Tickets features 'Created' Tick mark displayed on Progress bar in View Tickets page
[INFO ] 2024-07-31 21:28:49.139 [main] Testhooks - Execution Started
[INFO ] 2024-07-31 21:28:50.125 [main] Testhooks - Browser got launched
[INFO ] 2024-07-31 21:28:52.352 [main] Testhooks - Navigated to url
[INFO ] 2024-07-31 21:28:53.588 [main] Signinpage - User enters valid email address
[INFO ] 2024-07-31 21:28:53.734 [main] Signinpage - User enters valid password
[INFO ] 2024-07-31 21:28:53.845 [main] Signinpage - User clicks on signin button
[INFO ] 2024-07-31 21:28:53.845 [main] Members - >> Admin/User got logged in >>
[INFO ] 2024-07-31 21:28:56.587 [main] Memberspage - >> Admin/User got navigated to dashboard page
[INFO ] 2024-07-31 21:28:57.587 [main] Ticketspage - >> Admin/User got navigated to Tickets page
[INFO ] 2024-07-31 21:38:02.005 [main] Testhooks - Execution Started
[INFO ] 2024-07-31 21:38:03.802 [main] Testhooks - Browser got launched
[INFO ] 2024-07-31 21:38:05.883 [main] Testhooks - Navigated to url
[INFO ] 2024-07-31 21:38:07.115 [main] Signinpage - User enters valid email address
[INFO ] 2024-07-31 21:38:07.261 [main] Signinpage - User enters valid password
[INFO ] 2024-07-31 21:38:07.372 [main] Signinpage - User clicks on signin button
[INFO ] 2024-07-31 21:38:07.372 [main] Members - >> Admin/User got logged in >>
[INFO ] 2024-07-31 21:38:17.417 [main] Memberspage - >> Admin/User got navigated to dashboard page
[INFO ] 2024-07-31 21:38:18.332 [main] Ticketspage - >> Admin/User got navigated to Tickets page
[INFO ] 2024-07-31 21:43:24.820 [main] Testhooks - Execution Started
[INFO ] 2024-07-31 21:43:25.795 [main] Testhooks - Browser got launched
[INFO ] 2024-07-31 21:43:28.344 [main] Testhooks - Navigated to url
[INFO ] 2024-07-31 21:43:29.585 [main] Signinpage - User enters valid email address
[INFO ] 2024-07-31 21:43:29.746 [main] Signinpage - User enters valid password
[INFO ] 2024-07-31 21:43:29.864 [main] Signinpage - User clicks on signin button
[INFO ] 2024-07-31 21:43:29.864 [main] Members - >> Admin/User got logged in >>
[INFO ] 2024-07-31 21:43:35.708 [main] Memberspage - >> Admin/User got navigated to dashboard page
[INFO ] 2024-07-31 21:43:37.642 [main] Testhooks - Failed scenario screenshot got capturedT046_To verify the Tickets features 'Viewed' Tick mark displayed on Progress bar in View Tickets page
[INFO ] 2024-07-31 21:44:35.107 [main] Testhooks - Execution Started
[INFO ] 2024-07-31 21:44:36.077 [main] Testhooks - Browser got launched
[INFO ] 2024-07-31 21:44:39.232 [main] Testhooks - Navigated to url
[INFO ] 2024-07-31 21:44:40.481 [main] Signinpage - User enters valid email address
[INFO ] 2024-07-31 21:44:40.628 [main] Signinpage - User enters valid password
[INFO ] 2024-07-31 21:44:40.742 [main] Signinpage - User clicks on signin button
[INFO ] 2024-07-31 21:44:40.743 [main] Members - >> Admin/User got logged in >>
[INFO ] 2024-07-31 21:44:46.265 [main] Memberspage - >> Admin/User got navigated to dashboard page
[INFO ] 2024-07-31 21:44:47.973 [main] Ticketspage - >> Admin/User got navigated to Tickets page
[INFO ] 2024-07-31 21:50:47.889 [main] Testhooks - Execution Started
[INFO ] 2024-07-31 21:50:48.878 [main] Testhooks - Browser got launched
[INFO ] 2024-07-31 21:50:53.591 [main] Testhooks - Navigated to url
[INFO ] 2024-07-31 21:50:54.826 [main] Signinpage - User enters valid email address
[INFO ] 2024-07-31 21:50:54.969 [main] Signinpage - User enters valid password
[INFO ] 2024-07-31 21:50:55.111 [main] Signinpage - User clicks on signin button
[INFO ] 2024-07-31 21:50:55.112 [main] Members - >> Admin/User got logged in >>
[INFO ] 2024-07-31 21:50:57.917 [main] Memberspage - >> Admin/User got navigated to dashboard page
[INFO ] 2024-07-31 21:50:58.912 [main] Ticketspage - >> Admin/User got navigated to Tickets page
[INFO ] 2024-07-31 21:51:02.976 [main] Testhooks - Failed scenario screenshot got capturedT046_To verify the Tickets features 'Viewed' Tick mark displayed on Progress bar in View Tickets page
[INFO ] 2024-07-31 21:52:35.249 [main] Testhooks - Execution Started
[INFO ] 2024-07-31 21:52:36.191 [main] Testhooks - Browser got launched
[INFO ] 2024-07-31 21:52:39.626 [main] Testhooks - Navigated to url
[INFO ] 2024-07-31 21:52:40.860 [main] Signinpage - User enters valid email address
[INFO ] 2024-07-31 21:52:41.008 [main] Signinpage - User enters valid password
[INFO ] 2024-07-31 21:52:41.137 [main] Signinpage - User clicks on signin button
[INFO ] 2024-07-31 21:52:41.137 [main] Members - >> Admin/User got logged in >>
[INFO ] 2024-07-31 21:52:46.093 [main] Memberspage - >> Admin/User got navigated to dashboard page
[INFO ] 2024-07-31 21:52:47.063 [main] Ticketspage - >> Admin/User got navigated to Tickets page
[INFO ] 2024-07-31 21:53:08.518 [main] Testhooks - Execution Started
[INFO ] 2024-07-31 21:53:09.478 [main] Testhooks - Browser got launched
[INFO ] 2024-07-31 21:53:12.281 [main] Testhooks - Navigated to url
[INFO ] 2024-07-31 21:53:13.521 [main] Signinpage - User enters valid email address
[INFO ] 2024-07-31 21:53:13.671 [main] Signinpage - User enters valid password
[INFO ] 2024-07-31 21:53:13.785 [main] Signinpage - User clicks on signin button
[INFO ] 2024-07-31 21:53:13.785 [main] Members - >> Admin/User got logged in >>
[INFO ] 2024-07-31 21:53:16.913 [main] Memberspage - >> Admin/User got navigated to dashboard page
[INFO ] 2024-07-31 21:53:18.465 [main] Ticketspage - >> Admin/User got navigated to Tickets page
[INFO ] 2024-07-31 22:05:05.253 [main] Testhooks - Execution Started
[INFO ] 2024-07-31 22:05:06.159 [main] Testhooks - Browser got launched
[INFO ] 2024-07-31 22:05:09.642 [main] Testhooks - Navigated to url
[INFO ] 2024-07-31 22:05:10.882 [main] Signinpage - User enters valid email address
[INFO ] 2024-07-31 22:05:11.026 [main] Signinpage - User enters valid password
[INFO ] 2024-07-31 22:05:11.141 [main] Signinpage - User clicks on signin button
[INFO ] 2024-07-31 22:05:11.141 [main] Members - >> Admin/User got logged in >>
[INFO ] 2024-07-31 22:05:17.701 [main] Memberspage - >> Admin/User got navigated to dashboard page
[INFO ] 2024-07-31 22:05:19.393 [main] Ticketspage - >> Admin/User got navigated to Tickets page
[INFO ] 2024-07-31 22:05:40.475 [main] Testhooks - Execution Started
[INFO ] 2024-07-31 22:05:41.552 [main] Testhooks - Browser got launched
[INFO ] 2024-07-31 22:05:44.192 [main] Testhooks - Navigated to url
[INFO ] 2024-07-31 22:05:45.422 [main] Signinpage - User enters valid email address
[INFO ] 2024-07-31 22:05:45.565 [main] Signinpage - User enters valid password
[INFO ] 2024-07-31 22:05:45.677 [main] Signinpage - User clicks on signin button
[INFO ] 2024-07-31 22:05:45.677 [main] Members - >> Admin/User got logged in >>
[INFO ] 2024-07-31 22:05:48.770 [main] Memberspage - >> Admin/User got navigated to dashboard page
[INFO ] 2024-07-31 22:05:49.588 [main] Ticketspage - >> Admin/User got navigated to Tickets page
[INFO ] 2024-07-31 22:06:05.970 [main] Testhooks - Execution Started
[INFO ] 2024-07-31 22:06:07.027 [main] Testhooks - Browser got launched
[INFO ] 2024-07-31 22:06:09.590 [main] Testhooks - Navigated to url
[INFO ] 2024-07-31 22:06:10.904 [main] Signinpage - User enters valid email address
[INFO ] 2024-07-31 22:06:11.071 [main] Signinpage - User enters valid password
[INFO ] 2024-07-31 22:06:11.222 [main] Signinpage - User clicks on signin button
[INFO ] 2024-07-31 22:06:11.223 [main] Members - >> Admin/User got logged in >>
[INFO ] 2024-07-31 22:06:18.470 [main] Memberspage - >> Admin/User got navigated to dashboard page
[INFO ] 2024-07-31 22:06:20.435 [main] Ticketspage - >> Admin/User got navigated to Tickets page
[INFO ] 2024-07-31 22:06:53.573 [main] Testhooks - Failed scenario screenshot got capturedT047_To verify the Tickets features 'Submitted' Tick mark displayed on Progress bar in View Tickets page
[INFO ] 2024-07-31 22:07:29.152 [main] Testhooks - Execution Started
[INFO ] 2024-07-31 22:07:30.182 [main] Testhooks - Browser got launched
[INFO ] 2024-07-31 22:07:35.717 [main] Testhooks - Navigated to url
[INFO ] 2024-07-31 22:07:36.994 [main] Signinpage - User enters valid email address
[INFO ] 2024-07-31 22:07:37.153 [main] Signinpage - User enters valid password
[INFO ] 2024-07-31 22:07:37.276 [main] Signinpage - User clicks on signin button
[INFO ] 2024-07-31 22:07:37.276 [main] Members - >> Admin/User got logged in >>
[INFO ] 2024-07-31 22:07:46.915 [main] Memberspage - >> Admin/User got navigated to dashboard page
[INFO ] 2024-07-31 22:07:48.084 [main] Ticketspage - >> Admin/User got navigated to Tickets page
[INFO ] 2024-07-31 22:14:28.571 [main] Testhooks - Execution Started
[INFO ] 2024-07-31 22:14:29.543 [main] Testhooks - Browser got launched
[INFO ] 2024-07-31 22:14:33.704 [main] Testhooks - Navigated to url
[INFO ] 2024-07-31 22:14:34.946 [main] Signinpage - User enters valid email address
[INFO ] 2024-07-31 22:14:35.109 [main] Signinpage - User enters valid password
[INFO ] 2024-07-31 22:14:35.238 [main] Signinpage - User clicks on signin button
[INFO ] 2024-07-31 22:14:35.239 [main] Members - >> Admin/User got logged in >>
[INFO ] 2024-07-31 22:14:47.143 [main] Memberspage - >> Admin/User got navigated to dashboard page
[INFO ] 2024-07-31 22:14:48.136 [main] Ticketspage - >> Admin/User got navigated to Tickets page
