[INFO ] 2024-08-31 00:47:54.313 [main] Testhooks - Execution Started
[INFO ] 2024-08-31 00:47:55.516 [main] Testhooks - Browser got launched
[INFO ] 2024-08-31 00:48:00.351 [main] Testhooks - Navigated to url
[INFO ] 2024-08-31 00:48:01.581 [main] Signinpage - User enters valid email address
[INFO ] 2024-08-31 00:48:01.712 [main] Signinpage - User enters valid password
[INFO ] 2024-08-31 00:48:01.822 [main] Signinpage - User clicks on signin button
[INFO ] 2024-08-31 00:48:01.823 [main] Members - >> Admin/User got logged in >>
[INFO ] 2024-08-31 00:48:13.747 [main] Memberspage - >> Admin/User got navigated to dashboard page
[INFO ] 2024-08-31 00:48:14.130 [main] Inventorypage - >> Admin/User got navigated to inventory page
[INFO ] 2024-08-31 00:48:15.929 [main] Testhooks - Failed scenario screenshot got capturedT036_To verify Material edit of any field
[INFO ] 2024-08-31 00:48:36.860 [main] Testhooks - Execution Started
[INFO ] 2024-08-31 00:48:37.640 [main] Testhooks - Browser got launched
[INFO ] 2024-08-31 00:48:40.605 [main] Testhooks - Navigated to url
[INFO ] 2024-08-31 00:48:41.815 [main] Signinpage - User enters valid email address
[INFO ] 2024-08-31 00:48:41.954 [main] Signinpage - User enters valid password
[INFO ] 2024-08-31 00:48:42.062 [main] Signinpage - User clicks on signin button
[INFO ] 2024-08-31 00:48:42.062 [main] Members - >> Admin/User got logged in >>
[INFO ] 2024-08-31 00:48:44.671 [main] Memberspage - >> Admin/User got navigated to dashboard page
[INFO ] 2024-08-31 00:48:45.342 [main] Inventorypage - >> Admin/User got navigated to inventory page
[INFO ] 2024-08-31 00:53:19.986 [main] Testhooks - Execution Started
[INFO ] 2024-08-31 00:53:20.783 [main] Testhooks - Browser got launched
[INFO ] 2024-08-31 00:53:25.212 [main] Testhooks - Navigated to url
[INFO ] 2024-08-31 00:53:26.415 [main] Signinpage - User enters valid email address
[INFO ] 2024-08-31 00:53:26.540 [main] Signinpage - User enters valid password
[INFO ] 2024-08-31 00:53:26.647 [main] Signinpage - User clicks on signin button
[INFO ] 2024-08-31 00:53:26.647 [main] Members - >> Admin/User got logged in >>
[INFO ] 2024-08-31 00:53:29.259 [main] Memberspage - >> Admin/User got navigated to dashboard page
[INFO ] 2024-08-31 00:53:30.971 [main] Testhooks - Failed scenario screenshot got capturedT036_To verify Material edit of any field
[INFO ] 2024-08-31 00:53:45.273 [main] Testhooks - Execution Started
[INFO ] 2024-08-31 00:53:46.053 [main] Testhooks - Browser got launched
[INFO ] 2024-08-31 00:53:51.493 [main] Testhooks - Navigated to url
[INFO ] 2024-08-31 00:53:52.697 [main] Signinpage - User enters valid email address
[INFO ] 2024-08-31 00:53:52.825 [main] Signinpage - User enters valid password
[INFO ] 2024-08-31 00:53:52.930 [main] Signinpage - User clicks on signin button
[INFO ] 2024-08-31 00:53:52.930 [main] Members - >> Admin/User got logged in >>
[INFO ] 2024-08-31 00:53:55.912 [main] Memberspage - >> Admin/User got navigated to dashboard page
[INFO ] 2024-08-31 00:53:56.475 [main] Inventorypage - >> Admin/User got navigated to inventory page
[INFO ] 2024-08-31 00:53:58.946 [main] Testhooks - Failed scenario screenshot got capturedT036_To verify Material edit of any field
[INFO ] 2024-08-31 00:54:24.233 [main] Testhooks - Execution Started
[INFO ] 2024-08-31 00:54:25.008 [main] Testhooks - Browser got launched
[INFO ] 2024-08-31 00:54:27.306 [main] Testhooks - Navigated to url
[INFO ] 2024-08-31 00:54:28.516 [main] Signinpage - User enters valid email address
[INFO ] 2024-08-31 00:54:28.646 [main] Signinpage - User enters valid password
[INFO ] 2024-08-31 00:54:28.750 [main] Signinpage - User clicks on signin button
[INFO ] 2024-08-31 00:54:28.751 [main] Members - >> Admin/User got logged in >>
[INFO ] 2024-08-31 00:54:31.654 [main] Memberspage - >> Admin/User got navigated to dashboard page
[INFO ] 2024-08-31 00:54:33.351 [main] Testhooks - Failed scenario screenshot got capturedT036_To verify Material edit of any field
[INFO ] 2024-08-31 00:54:51.089 [main] Testhooks - Execution Started
[INFO ] 2024-08-31 00:54:51.954 [main] Testhooks - Browser got launched
[INFO ] 2024-08-31 00:54:55.627 [main] Testhooks - Navigated to url
[INFO ] 2024-08-31 00:54:56.843 [main] Signinpage - User enters valid email address
[INFO ] 2024-08-31 00:54:56.970 [main] Signinpage - User enters valid password
[INFO ] 2024-08-31 00:54:57.075 [main] Signinpage - User clicks on signin button
[INFO ] 2024-08-31 00:54:57.075 [main] Members - >> Admin/User got logged in >>
[INFO ] 2024-08-31 00:54:59.596 [main] Memberspage - >> Admin/User got navigated to dashboard page
[INFO ] 2024-08-31 00:55:00.242 [main] Inventorypage - >> Admin/User got navigated to inventory page
[INFO ] 2024-08-31 00:55:04.346 [main] Testhooks - Failed scenario screenshot got capturedT036_To verify Material edit of any field
[INFO ] 2024-08-31 00:59:43.020 [main] Testhooks - Execution Started
[INFO ] 2024-08-31 00:59:43.884 [main] Testhooks - Browser got launched
[INFO ] 2024-08-31 00:59:48.356 [main] Testhooks - Navigated to url
[INFO ] 2024-08-31 00:59:49.593 [main] Signinpage - User enters valid email address
[INFO ] 2024-08-31 00:59:49.729 [main] Signinpage - User enters valid password
[INFO ] 2024-08-31 00:59:49.859 [main] Signinpage - User clicks on signin button
[INFO ] 2024-08-31 00:59:49.859 [main] Members - >> Admin/User got logged in >>
[INFO ] 2024-08-31 00:59:52.356 [main] Memberspage - >> Admin/User got navigated to dashboard page
[INFO ] 2024-08-31 00:59:52.809 [main] Inventorypage - >> Admin/User got navigated to inventory page
[INFO ] 2024-08-31 01:02:05.472 [main] Testhooks - Execution Started
[INFO ] 2024-08-31 01:02:06.360 [main] Testhooks - Browser got launched
[INFO ] 2024-08-31 01:02:12.871 [main] Testhooks - Navigated to url
[INFO ] 2024-08-31 01:02:14.078 [main] Signinpage - User enters valid email address
[INFO ] 2024-08-31 01:02:14.223 [main] Signinpage - User enters valid password
[INFO ] 2024-08-31 01:02:14.346 [main] Signinpage - User clicks on signin button
[INFO ] 2024-08-31 01:02:14.346 [main] Members - >> Admin/User got logged in >>
[INFO ] 2024-08-31 01:02:17.164 [main] Memberspage - >> Admin/User got navigated to dashboard page
[INFO ] 2024-08-31 01:02:17.699 [main] Inventorypage - >> Admin/User got navigated to inventory page
[INFO ] 2024-08-31 01:04:07.074 [main] Testhooks - Execution Started
[INFO ] 2024-08-31 01:04:07.917 [main] Testhooks - Browser got launched
[INFO ] 2024-08-31 01:04:18.073 [main] Testhooks - Navigated to url
[INFO ] 2024-08-31 01:04:19.296 [main] Signinpage - User enters valid email address
[INFO ] 2024-08-31 01:04:19.445 [main] Signinpage - User enters valid password
[INFO ] 2024-08-31 01:04:19.555 [main] Signinpage - User clicks on signin button
[INFO ] 2024-08-31 01:04:19.556 [main] Members - >> Admin/User got logged in >>
[INFO ] 2024-08-31 01:04:26.932 [main] Memberspage - >> Admin/User got navigated to dashboard page
[INFO ] 2024-08-31 01:04:27.739 [main] Inventorypage - >> Admin/User got navigated to inventory page
[INFO ] 2024-08-31 01:06:42.456 [main] Testhooks - Execution Started
[INFO ] 2024-08-31 01:06:43.332 [main] Testhooks - Browser got launched
[INFO ] 2024-08-31 01:06:47.301 [main] Testhooks - Navigated to url
[INFO ] 2024-08-31 01:06:48.517 [main] Signinpage - User enters valid email address
[INFO ] 2024-08-31 01:06:48.652 [main] Signinpage - User enters valid password
[INFO ] 2024-08-31 01:06:48.762 [main] Signinpage - User clicks on signin button
[INFO ] 2024-08-31 01:06:48.763 [main] Members - >> Admin/User got logged in >>
[INFO ] 2024-08-31 01:06:51.491 [main] Memberspage - >> Admin/User got navigated to dashboard page
[INFO ] 2024-08-31 01:06:51.982 [main] Inventorypage - >> Admin/User got navigated to inventory page
[INFO ] 2024-08-31 01:07:14.169 [main] Testhooks - Failed scenario screenshot got capturedT036_To verify Material edit of any field
[INFO ] 2024-08-31 01:08:18.714 [main] Testhooks - Execution Started
[INFO ] 2024-08-31 01:08:19.562 [main] Testhooks - Browser got launched
[INFO ] 2024-08-31 01:08:22.433 [main] Testhooks - Navigated to url
[INFO ] 2024-08-31 01:08:23.663 [main] Signinpage - User enters valid email address
[INFO ] 2024-08-31 01:08:23.797 [main] Signinpage - User enters valid password
[INFO ] 2024-08-31 01:08:23.907 [main] Signinpage - User clicks on signin button
[INFO ] 2024-08-31 01:08:23.907 [main] Members - >> Admin/User got logged in >>
[INFO ] 2024-08-31 01:08:26.669 [main] Memberspage - >> Admin/User got navigated to dashboard page
[INFO ] 2024-08-31 01:08:27.143 [main] Inventorypage - >> Admin/User got navigated to inventory page
[INFO ] 2024-08-31 01:08:50.313 [main] Testhooks - Failed scenario screenshot got capturedT036_To verify Material edit of any field
[INFO ] 2024-08-31 01:10:19.807 [main] Testhooks - Execution Started
[INFO ] 2024-08-31 01:10:20.677 [main] Testhooks - Browser got launched
[INFO ] 2024-08-31 01:10:54.428 [main] Testhooks - Navigated to url
[INFO ] 2024-08-31 01:10:55.662 [main] Signinpage - User enters valid email address
[INFO ] 2024-08-31 01:10:55.800 [main] Signinpage - User enters valid password
[INFO ] 2024-08-31 01:10:55.924 [main] Signinpage - User clicks on signin button
[INFO ] 2024-08-31 01:10:55.924 [main] Members - >> Admin/User got logged in >>
[INFO ] 2024-08-31 01:10:58.601 [main] Memberspage - >> Admin/User got navigated to dashboard page
[INFO ] 2024-08-31 01:11:00.157 [main] Testhooks - Failed scenario screenshot got capturedT036_To verify Material edit of any field
[INFO ] 2024-08-31 01:11:46.965 [main] Testhooks - Execution Started
[INFO ] 2024-08-31 01:11:47.821 [main] Testhooks - Browser got launched
[INFO ] 2024-08-31 01:11:52.284 [main] Testhooks - Navigated to url
[INFO ] 2024-08-31 01:11:53.501 [main] Signinpage - User enters valid email address
[INFO ] 2024-08-31 01:11:53.637 [main] Signinpage - User enters valid password
[INFO ] 2024-08-31 01:11:53.760 [main] Signinpage - User clicks on signin button
[INFO ] 2024-08-31 01:11:53.761 [main] Members - >> Admin/User got logged in >>
[INFO ] 2024-08-31 01:11:56.157 [main] Memberspage - >> Admin/User got navigated to dashboard page
[INFO ] 2024-08-31 01:11:57.782 [main] Testhooks - Failed scenario screenshot got capturedT036_To verify Material edit of any field
[INFO ] 2024-08-31 01:12:10.242 [main] Testhooks - Execution Started
[INFO ] 2024-08-31 01:12:11.168 [main] Testhooks - Browser got launched
[INFO ] 2024-08-31 01:12:13.633 [main] Testhooks - Navigated to url
[INFO ] 2024-08-31 01:12:14.855 [main] Signinpage - User enters valid email address
[INFO ] 2024-08-31 01:12:14.992 [main] Signinpage - User enters valid password
[INFO ] 2024-08-31 01:12:15.134 [main] Signinpage - User clicks on signin button
[INFO ] 2024-08-31 01:12:15.135 [main] Members - >> Admin/User got logged in >>
[INFO ] 2024-08-31 01:12:17.817 [main] Memberspage - >> Admin/User got navigated to dashboard page
[INFO ] 2024-08-31 01:12:18.284 [main] Inventorypage - >> Admin/User got navigated to inventory page
