[INFO ] 2024-08-02 15:59:57.931 [main] Testhooks - Execution Started
[INFO ] 2024-08-02 15:59:58.793 [main] Testhooks - Browser got launched
[INFO ] 2024-08-02 16:00:05.641 [main] Testhooks - Navigated to url
[INFO ] 2024-08-02 16:00:06.841 [main] Signinpage - User enters valid email address
[INFO ] 2024-08-02 16:00:06.972 [main] Signinpage - User enters valid password
[INFO ] 2024-08-02 16:00:07.086 [main] Signinpage - User clicks on signin button
[INFO ] 2024-08-02 16:00:07.087 [main] Members - >> Admin/User got logged in >>
[INFO ] 2024-08-02 16:00:18.328 [main] Memberspage - >> Admin/User got navigated to dashboard page
[INFO ] 2024-08-02 16:00:20.581 [main] Ticketspage - >> Admin/User got navigated to Tickets page
[INFO ] 2024-08-02 16:43:12.485 [main] Testhooks - Execution Started
[INFO ] 2024-08-02 16:43:13.557 [main] Testhooks - Browser got launched
[INFO ] 2024-08-02 16:43:21.235 [main] Testhooks - Navigated to url
[INFO ] 2024-08-02 16:43:22.443 [main] Signinpage - User enters valid email address
[INFO ] 2024-08-02 16:43:22.573 [main] Signinpage - User enters valid password
[INFO ] 2024-08-02 16:43:22.692 [main] Signinpage - User clicks on signin button
[INFO ] 2024-08-02 16:43:22.692 [main] Members - >> Admin/User got logged in >>
[INFO ] 2024-08-02 16:43:25.236 [main] Memberspage - >> Admin/User got navigated to dashboard page
[INFO ] 2024-08-02 16:43:26.791 [main] Ticketspage - >> Admin/User got navigated to Tickets page
[INFO ] 2024-08-02 16:43:27.081 [main] Ticketspage - >> Admin/User clicked New Ticket btn
[INFO ] 2024-08-02 16:44:07.355 [main] Testhooks - Execution Started
[INFO ] 2024-08-02 16:44:08.178 [main] Testhooks - Browser got launched
[INFO ] 2024-08-02 16:44:15.990 [main] Testhooks - Navigated to url
[INFO ] 2024-08-02 16:44:17.191 [main] Signinpage - User enters valid email address
[INFO ] 2024-08-02 16:44:17.311 [main] Signinpage - User enters valid password
[INFO ] 2024-08-02 16:44:17.414 [main] Signinpage - User clicks on signin button
[INFO ] 2024-08-02 16:44:17.415 [main] Members - >> Admin/User got logged in >>
[INFO ] 2024-08-02 16:44:20.373 [main] Memberspage - >> Admin/User got navigated to dashboard page
[INFO ] 2024-08-02 16:44:22.032 [main] Ticketspage - >> Admin/User got navigated to Tickets page
[INFO ] 2024-08-02 16:44:22.388 [main] Ticketspage - >> Admin/User clicked New Ticket btn
[INFO ] 2024-08-02 17:03:13.356 [main] Testhooks - Execution Started
[INFO ] 2024-08-02 17:03:14.148 [main] Testhooks - Browser got launched
[INFO ] 2024-08-02 17:03:16.808 [main] Testhooks - Navigated to url
[INFO ] 2024-08-02 17:03:18.005 [main] Signinpage - User enters valid email address
[INFO ] 2024-08-02 17:03:18.131 [main] Signinpage - User enters valid password
[INFO ] 2024-08-02 17:03:18.242 [main] Signinpage - User clicks on signin button
[INFO ] 2024-08-02 17:03:18.242 [main] Members - >> Admin/User got logged in >>
[INFO ] 2024-08-02 17:03:20.757 [main] Memberspage - >> Admin/User got navigated to dashboard page
[INFO ] 2024-08-02 17:03:22.805 [main] Ticketspage - >> Admin/User got navigated to Tickets page
[INFO ] 2024-08-02 17:03:23.091 [main] Ticketspage - >> The Tickets page got displayed
[INFO ] 2024-08-02 17:03:23.091 [main] Tickets - >> Admin/user got the Tickets page >>
[INFO ] 2024-08-02 17:03:23.339 [main] Testhooks - Browser got closed
[INFO ] 2024-08-02 17:03:23.390 [main] Testhooks - Execution Started
[INFO ] 2024-08-02 17:03:23.910 [main] Testhooks - Browser got launched
[INFO ] 2024-08-02 17:03:26.805 [main] Testhooks - Navigated to url
[INFO ] 2024-08-02 17:03:28.032 [main] Signinpage - User enters valid email address
[INFO ] 2024-08-02 17:03:28.181 [main] Signinpage - User enters valid password
[INFO ] 2024-08-02 17:03:28.283 [main] Signinpage - User clicks on signin button
[INFO ] 2024-08-02 17:03:28.283 [main] Members - >> Admin/User got logged in >>
[INFO ] 2024-08-02 17:03:30.764 [main] Memberspage - >> Admin/User got navigated to dashboard page
[INFO ] 2024-08-02 17:03:32.248 [main] Testhooks - Failed scenario screenshot got capturedT002_Create the Ticket with valid inputs
[INFO ] 2024-08-02 17:03:32.331 [main] Testhooks - Browser got closed
[INFO ] 2024-08-02 17:03:32.382 [main] Testhooks - Execution Started
[INFO ] 2024-08-02 17:03:33.028 [main] Testhooks - Browser got launched
[INFO ] 2024-08-02 17:03:37.406 [main] Testhooks - Navigated to url
[INFO ] 2024-08-02 17:03:38.625 [main] Signinpage - User enters valid email address
[INFO ] 2024-08-02 17:03:38.758 [main] Signinpage - User enters valid password
[INFO ] 2024-08-02 17:03:38.867 [main] Signinpage - User clicks on signin button
[INFO ] 2024-08-02 17:03:38.868 [main] Members - >> Admin/User got logged in >>
[INFO ] 2024-08-02 17:03:49.372 [main] Memberspage - >> Admin/User got navigated to dashboard page
[INFO ] 2024-08-02 17:03:51.425 [main] Ticketspage - >> Admin/User got navigated to Tickets page
[INFO ] 2024-08-02 17:03:52.028 [main] Ticketspage - >> Admin/User clicked new ticket btn
[INFO ] 2024-08-02 17:03:52.349 [main] Testhooks - Browser got closed
[INFO ] 2024-08-02 17:03:52.367 [main] Testhooks - Execution Started
[INFO ] 2024-08-02 17:03:52.899 [main] Testhooks - Browser got launched
[INFO ] 2024-08-02 17:03:57.778 [main] Testhooks - Navigated to url
[INFO ] 2024-08-02 17:03:58.974 [main] Signinpage - User enters valid email address
[INFO ] 2024-08-02 17:03:59.094 [main] Signinpage - User enters valid password
[INFO ] 2024-08-02 17:03:59.201 [main] Signinpage - User clicks on signin button
[INFO ] 2024-08-02 17:03:59.201 [main] Members - >> Admin/User got logged in >>
[INFO ] 2024-08-02 17:04:01.832 [main] Memberspage - >> Admin/User got navigated to dashboard page
[INFO ] 2024-08-02 17:04:15.064 [main] Ticketspage - >> Admin/User got navigated to Tickets page
[INFO ] 2024-08-02 17:04:15.673 [main] Ticketspage - >> Admin/User clicked new ticket btn
[INFO ] 2024-08-02 17:04:15.954 [main] Testhooks - Browser got closed
[INFO ] 2024-08-02 17:04:15.979 [main] Testhooks - Execution Started
[INFO ] 2024-08-02 17:04:16.518 [main] Testhooks - Browser got launched
[INFO ] 2024-08-02 17:04:19.863 [main] Testhooks - Navigated to url
[INFO ] 2024-08-02 17:04:21.106 [main] Signinpage - User enters valid email address
[INFO ] 2024-08-02 17:04:21.237 [main] Signinpage - User enters valid password
[INFO ] 2024-08-02 17:04:21.338 [main] Signinpage - User clicks on signin button
[INFO ] 2024-08-02 17:04:21.338 [main] Members - >> Admin/User got logged in >>
[INFO ] 2024-08-02 17:04:24.005 [main] Memberspage - >> Admin/User got navigated to dashboard page
[INFO ] 2024-08-02 17:04:25.932 [main] Ticketspage - >> Admin/User got navigated to Tickets page
[INFO ] 2024-08-02 17:04:26.440 [main] Ticketspage - >> Admin/User clicked new ticket btn
[INFO ] 2024-08-02 17:04:26.761 [main] Testhooks - Browser got closed
[INFO ] 2024-08-02 17:04:26.784 [main] Testhooks - Execution Started
[INFO ] 2024-08-02 17:04:27.263 [main] Testhooks - Browser got launched
[INFO ] 2024-08-02 17:04:30.313 [main] Testhooks - Navigated to url
[INFO ] 2024-08-02 17:04:31.517 [main] Signinpage - User enters valid email address
[INFO ] 2024-08-02 17:04:31.651 [main] Signinpage - User enters valid password
[INFO ] 2024-08-02 17:04:31.756 [main] Signinpage - User clicks on signin button
[INFO ] 2024-08-02 17:04:31.756 [main] Members - >> Admin/User got logged in >>
[INFO ] 2024-08-02 17:04:46.104 [main] Memberspage - >> Admin/User got navigated to dashboard page
[INFO ] 2024-08-02 17:04:48.072 [main] Ticketspage - >> Admin/User got navigated to Tickets page
[INFO ] 2024-08-02 17:04:48.715 [main] Ticketspage - >> Admin/User clicked new ticket btn
[INFO ] 2024-08-02 17:04:49.030 [main] Testhooks - Browser got closed
[INFO ] 2024-08-02 17:04:49.050 [main] Testhooks - Execution Started
[INFO ] 2024-08-02 17:04:49.553 [main] Testhooks - Browser got launched
[INFO ] 2024-08-02 17:04:53.371 [main] Testhooks - Navigated to url
[INFO ] 2024-08-02 17:04:54.545 [main] Signinpage - User enters valid email address
[INFO ] 2024-08-02 17:04:54.668 [main] Signinpage - User enters valid password
[INFO ] 2024-08-02 17:04:54.768 [main] Signinpage - User clicks on signin button
[INFO ] 2024-08-02 17:04:54.768 [main] Members - >> Admin/User got logged in >>
[INFO ] 2024-08-02 17:04:57.343 [main] Memberspage - >> Admin/User got navigated to dashboard page
[INFO ] 2024-08-02 17:05:00.292 [main] Ticketspage - >> Admin/User got navigated to Tickets page
[INFO ] 2024-08-02 17:05:00.858 [main] Ticketspage - >> Admin/User clicked new ticket btn
[INFO ] 2024-08-02 17:05:01.095 [main] Testhooks - Browser got closed
[INFO ] 2024-08-02 17:05:01.115 [main] Testhooks - Execution Started
[INFO ] 2024-08-02 17:05:01.748 [main] Testhooks - Browser got launched
[INFO ] 2024-08-02 17:05:06.000 [main] Testhooks - Navigated to url
[INFO ] 2024-08-02 17:05:07.167 [main] Signinpage - User enters valid email address
[INFO ] 2024-08-02 17:05:07.294 [main] Signinpage - User enters valid password
[INFO ] 2024-08-02 17:05:07.394 [main] Signinpage - User clicks on signin button
[INFO ] 2024-08-02 17:05:07.394 [main] Members - >> Admin/User got logged in >>
[INFO ] 2024-08-02 17:05:19.401 [main] Memberspage - >> Admin/User got navigated to dashboard page
[INFO ] 2024-08-02 17:05:20.949 [main] Testhooks - Failed scenario screenshot got capturedT008_To verify the Tickets feature sort decending
[INFO ] 2024-08-02 17:05:21.033 [main] Testhooks - Browser got closed
[INFO ] 2024-08-02 17:05:21.049 [main] Testhooks - Execution Started
[INFO ] 2024-08-02 17:05:21.523 [main] Testhooks - Browser got launched
[INFO ] 2024-08-02 17:05:26.025 [main] Testhooks - Navigated to url
[INFO ] 2024-08-02 17:05:27.219 [main] Signinpage - User enters valid email address
[INFO ] 2024-08-02 17:05:27.338 [main] Signinpage - User enters valid password
[INFO ] 2024-08-02 17:05:27.435 [main] Signinpage - User clicks on signin button
[INFO ] 2024-08-02 17:05:27.435 [main] Members - >> Admin/User got logged in >>
[INFO ] 2024-08-02 17:05:30.159 [main] Memberspage - >> Admin/User got navigated to dashboard page
[INFO ] 2024-08-02 17:05:31.689 [main] Testhooks - Failed scenario screenshot got capturedT009_To verify the Tickets feature filter Closed status Tickets
[INFO ] 2024-08-02 17:05:31.775 [main] Testhooks - Browser got closed
[INFO ] 2024-08-02 17:05:31.793 [main] Testhooks - Execution Started
[INFO ] 2024-08-02 17:05:32.341 [main] Testhooks - Browser got launched
[INFO ] 2024-08-02 17:05:37.880 [main] Testhooks - Navigated to url
[INFO ] 2024-08-02 17:05:39.071 [main] Signinpage - User enters valid email address
[INFO ] 2024-08-02 17:05:39.191 [main] Signinpage - User enters valid password
[INFO ] 2024-08-02 17:05:39.295 [main] Signinpage - User clicks on signin button
[INFO ] 2024-08-02 17:05:39.295 [main] Members - >> Admin/User got logged in >>
[INFO ] 2024-08-02 17:05:46.368 [main] Memberspage - >> Admin/User got navigated to dashboard page
[INFO ] 2024-08-02 17:05:48.855 [main] Ticketspage - >> Admin/User got navigated to Tickets page
[INFO ] 2024-08-02 17:05:50.670 [main] Testhooks - Browser got closed
[INFO ] 2024-08-02 17:05:50.682 [main] Testhooks - Execution Started
[INFO ] 2024-08-02 17:05:51.249 [main] Testhooks - Browser got launched
[INFO ] 2024-08-02 17:05:56.948 [main] Testhooks - Navigated to url
[INFO ] 2024-08-02 17:05:58.123 [main] Signinpage - User enters valid email address
[INFO ] 2024-08-02 17:05:58.242 [main] Signinpage - User enters valid password
[INFO ] 2024-08-02 17:05:58.337 [main] Signinpage - User clicks on signin button
[INFO ] 2024-08-02 17:05:58.337 [main] Members - >> Admin/User got logged in >>
[INFO ] 2024-08-02 17:06:00.983 [main] Memberspage - >> Admin/User got navigated to dashboard page
[INFO ] 2024-08-02 17:06:02.547 [main] Testhooks - Failed scenario screenshot got capturedT0011_To verify the Tickets feature filter Reassigned status Tickets
[INFO ] 2024-08-02 17:06:02.627 [main] Testhooks - Browser got closed
[INFO ] 2024-08-02 17:06:02.647 [main] Testhooks - Execution Started
[INFO ] 2024-08-02 17:06:03.265 [main] Testhooks - Browser got launched
[INFO ] 2024-08-02 17:06:07.794 [main] Testhooks - Navigated to url
[INFO ] 2024-08-02 17:06:09.041 [main] Signinpage - User enters valid email address
[INFO ] 2024-08-02 17:06:09.159 [main] Signinpage - User enters valid password
[INFO ] 2024-08-02 17:06:09.258 [main] Signinpage - User clicks on signin button
[INFO ] 2024-08-02 17:06:09.258 [main] Members - >> Admin/User got logged in >>
[INFO ] 2024-08-02 17:06:17.797 [main] Memberspage - >> Admin/User got navigated to dashboard page
[INFO ] 2024-08-02 17:06:21.455 [main] Ticketspage - >> Admin/User got navigated to Tickets page
[INFO ] 2024-08-02 17:06:23.122 [main] Testhooks - Browser got closed
[INFO ] 2024-08-02 17:06:23.136 [main] Testhooks - Execution Started
[INFO ] 2024-08-02 17:06:23.638 [main] Testhooks - Browser got launched
[INFO ] 2024-08-02 17:06:25.870 [main] Testhooks - Navigated to url
[INFO ] 2024-08-02 17:06:27.082 [main] Signinpage - User enters valid email address
[INFO ] 2024-08-02 17:06:27.201 [main] Signinpage - User enters valid password
[INFO ] 2024-08-02 17:06:27.294 [main] Signinpage - User clicks on signin button
[INFO ] 2024-08-02 17:06:27.294 [main] Members - >> Admin/User got logged in >>
[INFO ] 2024-08-02 17:06:29.793 [main] Memberspage - >> Admin/User got navigated to dashboard page
[INFO ] 2024-08-02 17:06:45.310 [main] Ticketspage - >> Admin/User got navigated to Tickets page
[INFO ] 2024-08-02 17:06:46.880 [main] Testhooks - Browser got closed
[INFO ] 2024-08-02 17:06:46.896 [main] Testhooks - Execution Started
[INFO ] 2024-08-02 17:06:47.380 [main] Testhooks - Browser got launched
[INFO ] 2024-08-02 17:06:50.343 [main] Testhooks - Navigated to url
[INFO ] 2024-08-02 17:06:51.543 [main] Signinpage - User enters valid email address
[INFO ] 2024-08-02 17:06:51.664 [main] Signinpage - User enters valid password
[INFO ] 2024-08-02 17:06:51.759 [main] Signinpage - User clicks on signin button
[INFO ] 2024-08-02 17:06:51.760 [main] Members - >> Admin/User got logged in >>
[INFO ] 2024-08-02 17:06:54.378 [main] Memberspage - >> Admin/User got navigated to dashboard page
[INFO ] 2024-08-02 17:06:57.265 [main] Ticketspage - >> Admin/User got navigated to Tickets page
[INFO ] 2024-08-02 17:06:58.446 [main] Testhooks - Browser got closed
[INFO ] 2024-08-02 17:06:58.462 [main] Testhooks - Execution Started
[INFO ] 2024-08-02 17:06:58.975 [main] Testhooks - Browser got launched
[INFO ] 2024-08-02 17:07:01.686 [main] Testhooks - Navigated to url
[INFO ] 2024-08-02 17:07:02.850 [main] Signinpage - User enters valid email address
[INFO ] 2024-08-02 17:07:02.962 [main] Signinpage - User enters valid password
[INFO ] 2024-08-02 17:07:03.062 [main] Signinpage - User clicks on signin button
[INFO ] 2024-08-02 17:07:03.062 [main] Members - >> Admin/User got logged in >>
[INFO ] 2024-08-02 17:07:15.535 [main] Memberspage - >> Admin/User got navigated to dashboard page
[INFO ] 2024-08-02 17:07:17.024 [main] Ticketspage - >> Admin/User got navigated to Tickets page
[INFO ] 2024-08-02 17:07:18.325 [main] Testhooks - Browser got closed
[INFO ] 2024-08-02 17:07:18.345 [main] Testhooks - Execution Started
[INFO ] 2024-08-02 17:07:18.903 [main] Testhooks - Browser got launched
[INFO ] 2024-08-02 17:07:25.999 [main] Testhooks - Navigated to url
[INFO ] 2024-08-02 17:07:27.213 [main] Signinpage - User enters valid email address
[INFO ] 2024-08-02 17:07:27.369 [main] Signinpage - User enters valid password
[INFO ] 2024-08-02 17:07:27.474 [main] Signinpage - User clicks on signin button
[INFO ] 2024-08-02 17:07:27.474 [main] Members - >> Admin/User got logged in >>
[INFO ] 2024-08-02 17:07:30.429 [main] Memberspage - >> Admin/User got navigated to dashboard page
[INFO ] 2024-08-02 17:07:32.082 [main] Testhooks - Failed scenario screenshot got capturedT0016_To verify the Tickets feature filter multiple status Tickets
[INFO ] 2024-08-02 17:07:32.168 [main] Testhooks - Browser got closed
[INFO ] 2024-08-02 17:07:32.186 [main] Testhooks - Execution Started
[INFO ] 2024-08-02 17:07:32.780 [main] Testhooks - Browser got launched
[INFO ] 2024-08-02 17:07:37.673 [main] Testhooks - Navigated to url
[INFO ] 2024-08-02 17:07:38.837 [main] Signinpage - User enters valid email address
[INFO ] 2024-08-02 17:07:38.954 [main] Signinpage - User enters valid password
[INFO ] 2024-08-02 17:07:39.047 [main] Signinpage - User clicks on signin button
[INFO ] 2024-08-02 17:07:39.048 [main] Members - >> Admin/User got logged in >>
[INFO ] 2024-08-02 17:07:47.939 [main] Memberspage - >> Admin/User got navigated to dashboard page
[INFO ] 2024-08-02 17:07:51.226 [main] Ticketspage - >> Admin/User got navigated to Tickets page
[INFO ] 2024-08-02 17:07:52.065 [main] Ticketspage - >> User selected the Billboard number:
[INFO ] 2024-08-02 17:07:52.855 [main] Testhooks - Browser got closed
[INFO ] 2024-08-02 17:07:52.866 [main] Testhooks - Execution Started
[INFO ] 2024-08-02 17:07:53.433 [main] Testhooks - Browser got launched
[INFO ] 2024-08-02 17:07:56.539 [main] Testhooks - Navigated to url
[INFO ] 2024-08-02 17:07:57.748 [main] Signinpage - User enters valid email address
[INFO ] 2024-08-02 17:07:57.873 [main] Signinpage - User enters valid password
[INFO ] 2024-08-02 17:07:57.970 [main] Signinpage - User clicks on signin button
[INFO ] 2024-08-02 17:07:57.970 [main] Members - >> Admin/User got logged in >>
[INFO ] 2024-08-02 17:08:00.517 [main] Memberspage - >> Admin/User got navigated to dashboard page
[INFO ] 2024-08-02 17:08:02.018 [main] Testhooks - Failed scenario screenshot got capturedT018_To verify the Tickets feature filter select Assignee
[INFO ] 2024-08-02 17:08:02.102 [main] Testhooks - Browser got closed
[INFO ] 2024-08-02 17:08:02.175 [main] Testhooks - Execution Started
[INFO ] 2024-08-02 17:08:02.832 [main] Testhooks - Browser got launched
[INFO ] 2024-08-02 17:08:06.803 [main] Testhooks - Navigated to url
[INFO ] 2024-08-02 17:08:08.004 [main] Signinpage - User enters valid email address
[INFO ] 2024-08-02 17:08:08.121 [main] Signinpage - User enters valid password
[INFO ] 2024-08-02 17:08:08.217 [main] Signinpage - User clicks on signin button
[INFO ] 2024-08-02 17:08:08.218 [main] Members - >> Admin/User got logged in >>
[INFO ] 2024-08-02 17:08:18.284 [main] Memberspage - >> Admin/User got navigated to dashboard page
[INFO ] 2024-08-02 17:08:21.128 [main] Ticketspage - >> Admin/User got navigated to Tickets page
[INFO ] 2024-08-02 17:08:21.718 [main] Ticketspage - >> User selected the city:
[INFO ] 2024-08-02 17:08:22.342 [main] Testhooks - Browser got closed
[INFO ] 2024-08-02 17:08:22.375 [main] Testhooks - Execution Started
[INFO ] 2024-08-02 17:08:22.883 [main] Testhooks - Browser got launched
[INFO ] 2024-08-02 17:08:26.394 [main] Testhooks - Navigated to url
[INFO ] 2024-08-02 17:08:27.588 [main] Signinpage - User enters valid email address
[INFO ] 2024-08-02 17:08:27.702 [main] Signinpage - User enters valid password
[INFO ] 2024-08-02 17:08:27.794 [main] Signinpage - User clicks on signin button
[INFO ] 2024-08-02 17:08:27.794 [main] Members - >> Admin/User got logged in >>
[INFO ] 2024-08-02 17:08:30.311 [main] Memberspage - >> Admin/User got navigated to dashboard page
[INFO ] 2024-08-02 17:08:31.879 [main] Testhooks - Failed scenario screenshot got capturedT020_To verify the Tickets feature filter select Department
[INFO ] 2024-08-02 17:08:31.960 [main] Testhooks - Browser got closed
[INFO ] 2024-08-02 17:08:31.978 [main] Testhooks - Execution Started
[INFO ] 2024-08-02 17:08:32.626 [main] Testhooks - Browser got launched
[INFO ] 2024-08-02 17:08:37.687 [main] Testhooks - Navigated to url
[INFO ] 2024-08-02 17:08:38.873 [main] Signinpage - User enters valid email address
[INFO ] 2024-08-02 17:08:38.988 [main] Signinpage - User enters valid password
[INFO ] 2024-08-02 17:08:39.090 [main] Signinpage - User clicks on signin button
[INFO ] 2024-08-02 17:08:39.090 [main] Members - >> Admin/User got logged in >>
[INFO ] 2024-08-02 17:08:48.058 [main] Memberspage - >> Admin/User got navigated to dashboard page
[INFO ] 2024-08-02 17:08:50.169 [main] Ticketspage - >> Admin/User got navigated to Tickets page
[INFO ] 2024-08-02 17:08:51.729 [main] Testhooks - Failed scenario screenshot got capturedT021_To verify the Tickets feature filter Cleaning
[INFO ] 2024-08-02 17:08:51.808 [main] Testhooks - Browser got closed
[INFO ] 2024-08-02 17:08:51.819 [main] Testhooks - Execution Started
[INFO ] 2024-08-02 17:08:52.313 [main] Testhooks - Browser got launched
[INFO ] 2024-08-02 17:08:55.237 [main] Testhooks - Navigated to url
[INFO ] 2024-08-02 17:08:56.430 [main] Signinpage - User enters valid email address
[INFO ] 2024-08-02 17:08:56.556 [main] Signinpage - User enters valid password
[INFO ] 2024-08-02 17:08:56.664 [main] Signinpage - User clicks on signin button
[INFO ] 2024-08-02 17:08:56.664 [main] Members - >> Admin/User got logged in >>
[INFO ] 2024-08-02 17:08:59.180 [main] Memberspage - >> Admin/User got navigated to dashboard page
[INFO ] 2024-08-02 17:09:00.715 [main] Testhooks - Failed scenario screenshot got capturedT022_To verify the Tickets feature filter Non Cleaning
[INFO ] 2024-08-02 17:09:00.795 [main] Testhooks - Browser got closed
[INFO ] 2024-08-02 17:09:00.807 [main] Testhooks - Execution Started
[INFO ] 2024-08-02 17:09:01.447 [main] Testhooks - Browser got launched
[INFO ] 2024-08-02 17:09:05.317 [main] Testhooks - Navigated to url
[INFO ] 2024-08-02 17:09:06.531 [main] Signinpage - User enters valid email address
[INFO ] 2024-08-02 17:09:06.673 [main] Signinpage - User enters valid password
[INFO ] 2024-08-02 17:09:06.773 [main] Signinpage - User clicks on signin button
[INFO ] 2024-08-02 17:09:06.773 [main] Members - >> Admin/User got logged in >>
[INFO ] 2024-08-02 17:09:19.954 [main] Memberspage - >> Admin/User got navigated to dashboard page
[INFO ] 2024-08-02 17:09:21.931 [main] Ticketspage - >> Admin/User got navigated to Tickets page
[INFO ] 2024-08-02 17:09:22.456 [main] Ticketspage - >> The Download Popup got displayed
[INFO ] 2024-08-02 17:09:22.704 [main] Testhooks - Browser got closed
[INFO ] 2024-08-02 17:09:22.714 [main] Testhooks - Execution Started
[INFO ] 2024-08-02 17:09:23.194 [main] Testhooks - Browser got launched
[INFO ] 2024-08-02 17:09:26.770 [main] Testhooks - Navigated to url
[INFO ] 2024-08-02 17:09:27.977 [main] Signinpage - User enters valid email address
[INFO ] 2024-08-02 17:09:28.122 [main] Signinpage - User enters valid password
[INFO ] 2024-08-02 17:09:28.223 [main] Signinpage - User clicks on signin button
[INFO ] 2024-08-02 17:09:28.224 [main] Members - >> Admin/User got logged in >>
[INFO ] 2024-08-02 17:09:30.939 [main] Memberspage - >> Admin/User got navigated to dashboard page
[INFO ] 2024-08-02 17:09:32.446 [main] Testhooks - Failed scenario screenshot got capturedT024_To verify the billboards feature Download as Excel
[INFO ] 2024-08-02 17:09:32.528 [main] Testhooks - Browser got closed
[INFO ] 2024-08-02 17:09:32.541 [main] Testhooks - Execution Started
[INFO ] 2024-08-02 17:09:33.062 [main] Testhooks - Browser got launched
[INFO ] 2024-08-02 17:09:36.603 [main] Testhooks - Navigated to url
[INFO ] 2024-08-02 17:09:37.829 [main] Signinpage - User enters valid email address
[INFO ] 2024-08-02 17:09:37.955 [main] Signinpage - User enters valid password
[INFO ] 2024-08-02 17:09:38.057 [main] Signinpage - User clicks on signin button
[INFO ] 2024-08-02 17:09:38.058 [main] Members - >> Admin/User got logged in >>
[INFO ] 2024-08-02 17:09:49.529 [main] Memberspage - >> Admin/User got navigated to dashboard page
[INFO ] 2024-08-02 17:09:51.239 [main] Testhooks - Failed scenario screenshot got capturedT025_To verify the billboards feature Download as PDF
[INFO ] 2024-08-02 17:09:51.368 [main] Testhooks - Browser got closed
[INFO ] 2024-08-02 17:09:51.382 [main] Testhooks - Execution Started
[INFO ] 2024-08-02 17:09:51.883 [main] Testhooks - Browser got launched
[INFO ] 2024-08-02 17:09:57.496 [main] Testhooks - Navigated to url
[INFO ] 2024-08-02 17:09:58.700 [main] Signinpage - User enters valid email address
[INFO ] 2024-08-02 17:09:58.817 [main] Signinpage - User enters valid password
[INFO ] 2024-08-02 17:09:58.906 [main] Signinpage - User clicks on signin button
[INFO ] 2024-08-02 17:09:58.906 [main] Members - >> Admin/User got logged in >>
[INFO ] 2024-08-02 17:10:01.915 [main] Memberspage - >> Admin/User got navigated to dashboard page
[INFO ] 2024-08-02 17:10:03.761 [main] Testhooks - Failed scenario screenshot got capturedT026_To verify the Tickets feature Download popup close
[INFO ] 2024-08-02 17:10:03.842 [main] Testhooks - Browser got closed
[INFO ] 2024-08-02 17:10:03.852 [main] Testhooks - Execution Started
[INFO ] 2024-08-02 17:10:04.462 [main] Testhooks - Browser got launched
[INFO ] 2024-08-02 17:10:09.917 [main] Testhooks - Navigated to url
[INFO ] 2024-08-02 17:10:11.159 [main] Signinpage - User enters valid email address
[INFO ] 2024-08-02 17:10:11.279 [main] Signinpage - User enters valid password
[INFO ] 2024-08-02 17:10:11.376 [main] Signinpage - User clicks on signin button
[INFO ] 2024-08-02 17:10:11.376 [main] Members - >> Admin/User got logged in >>
[INFO ] 2024-08-02 17:10:18.747 [main] Memberspage - >> Admin/User got navigated to dashboard page
[INFO ] 2024-08-02 17:10:20.665 [main] Ticketspage - >> Admin/User got navigated to Tickets page
[INFO ] 2024-08-02 17:10:51.631 [main] Testhooks - Failed scenario screenshot got capturedT027_To verify the Tickets feature Edit button in Tickets page
[INFO ] 2024-08-02 17:10:51.711 [main] Testhooks - Browser got closed
[INFO ] 2024-08-02 17:10:51.724 [main] Testhooks - Execution Started
[INFO ] 2024-08-02 17:10:52.191 [main] Testhooks - Browser got launched
[INFO ] 2024-08-02 17:10:55.844 [main] Testhooks - Navigated to url
[INFO ] 2024-08-02 17:10:57.089 [main] Signinpage - User enters valid email address
[INFO ] 2024-08-02 17:10:57.207 [main] Signinpage - User enters valid password
[INFO ] 2024-08-02 17:10:57.297 [main] Signinpage - User clicks on signin button
[INFO ] 2024-08-02 17:10:57.298 [main] Members - >> Admin/User got logged in >>
[INFO ] 2024-08-02 17:10:59.814 [main] Memberspage - >> Admin/User got navigated to dashboard page
[INFO ] 2024-08-02 17:11:04.215 [main] Ticketspage - >> Admin/User got navigated to Tickets page
[INFO ] 2024-08-02 17:11:04.641 [main] Ticketspage - >> Admin/User clicked New Ticket btn
[INFO ] 2024-08-02 17:11:48.523 [main] Testhooks - Failed scenario screenshot got capturedT028_To verify the Tickets feature Delete button in Tickets page
[INFO ] 2024-08-02 17:11:48.604 [main] Testhooks - Browser got closed
[INFO ] 2024-08-02 17:11:48.615 [main] Testhooks - Execution Started
[INFO ] 2024-08-02 17:11:49.110 [main] Testhooks - Browser got launched
[INFO ] 2024-08-02 17:11:52.213 [main] Testhooks - Navigated to url
[INFO ] 2024-08-02 17:11:53.429 [main] Signinpage - User enters valid email address
[INFO ] 2024-08-02 17:11:53.544 [main] Signinpage - User enters valid password
[INFO ] 2024-08-02 17:11:53.640 [main] Signinpage - User clicks on signin button
[INFO ] 2024-08-02 17:11:53.640 [main] Members - >> Admin/User got logged in >>
[INFO ] 2024-08-02 17:11:56.209 [main] Memberspage - >> Admin/User got navigated to dashboard page
[INFO ] 2024-08-02 17:11:59.172 [main] Ticketspage - >> Admin/User got navigated to Tickets page
[INFO ] 2024-08-02 17:12:30.231 [main] Testhooks - Failed scenario screenshot got capturedT029_To verify the Tickets features Update a Ticket
[INFO ] 2024-08-02 17:12:30.312 [main] Testhooks - Browser got closed
[INFO ] 2024-08-02 17:12:30.321 [main] Testhooks - Execution Started
[INFO ] 2024-08-02 17:12:30.896 [main] Testhooks - Browser got launched
[INFO ] 2024-08-02 17:12:33.764 [main] Testhooks - Navigated to url
[INFO ] 2024-08-02 17:12:34.943 [main] Signinpage - User enters valid email address
[INFO ] 2024-08-02 17:12:35.066 [main] Signinpage - User enters valid password
[INFO ] 2024-08-02 17:12:35.160 [main] Signinpage - User clicks on signin button
[INFO ] 2024-08-02 17:12:35.160 [main] Members - >> Admin/User got logged in >>
[INFO ] 2024-08-02 17:12:46.499 [main] Memberspage - >> Admin/User got navigated to dashboard page
[INFO ] 2024-08-02 17:12:48.178 [main] Ticketspage - >> Admin/User got navigated to Tickets page
[INFO ] 2024-08-02 17:13:19.249 [main] Testhooks - Failed scenario screenshot got capturedT030_To verify the Tickets feature Display Activity Feed in Edit Ticket page
[INFO ] 2024-08-02 17:13:19.333 [main] Testhooks - Browser got closed
[INFO ] 2024-08-02 17:13:19.348 [main] Testhooks - Execution Started
[INFO ] 2024-08-02 17:13:19.827 [main] Testhooks - Browser got launched
[INFO ] 2024-08-02 17:13:22.799 [main] Testhooks - Navigated to url
[INFO ] 2024-08-02 17:13:23.980 [main] Signinpage - User enters valid email address
[INFO ] 2024-08-02 17:13:24.102 [main] Signinpage - User enters valid password
[INFO ] 2024-08-02 17:13:24.196 [main] Signinpage - User clicks on signin button
[INFO ] 2024-08-02 17:13:24.196 [main] Members - >> Admin/User got logged in >>
[INFO ] 2024-08-02 17:13:26.658 [main] Memberspage - >> Admin/User got navigated to dashboard page
[INFO ] 2024-08-02 17:13:28.431 [main] Ticketspage - >> Admin/User got navigated to Tickets page
[INFO ] 2024-08-02 17:13:59.457 [main] Testhooks - Failed scenario screenshot got capturedT031_To verify the Tickets feature upload photos videos and voice
[INFO ] 2024-08-02 17:13:59.539 [main] Testhooks - Browser got closed
[INFO ] 2024-08-02 17:13:59.547 [main] Testhooks - Execution Started
[INFO ] 2024-08-02 17:14:00.036 [main] Testhooks - Browser got launched
[INFO ] 2024-08-02 17:14:03.495 [main] Testhooks - Navigated to url
[INFO ] 2024-08-02 17:14:04.677 [main] Signinpage - User enters valid email address
[INFO ] 2024-08-02 17:14:04.791 [main] Signinpage - User enters valid password
[INFO ] 2024-08-02 17:14:04.887 [main] Signinpage - User clicks on signin button
[INFO ] 2024-08-02 17:14:04.887 [main] Members - >> Admin/User got logged in >>
[INFO ] 2024-08-02 17:14:16.666 [main] Memberspage - >> Admin/User got navigated to dashboard page
[INFO ] 2024-08-02 17:14:18.415 [main] Ticketspage - >> Admin/User got navigated to Tickets page
[INFO ] 2024-08-02 17:14:49.501 [main] Testhooks - Failed scenario screenshot got capturedT032_To verify the Tickets feature clicks close button of uploaded photo
[INFO ] 2024-08-02 17:14:49.635 [main] Testhooks - Browser got closed
[INFO ] 2024-08-02 17:14:49.648 [main] Testhooks - Execution Started
[INFO ] 2024-08-02 17:14:50.106 [main] Testhooks - Browser got launched
[INFO ] 2024-08-02 17:14:54.247 [main] Testhooks - Navigated to url
[INFO ] 2024-08-02 17:14:55.430 [main] Signinpage - User enters valid email address
[INFO ] 2024-08-02 17:14:55.546 [main] Signinpage - User enters valid password
[INFO ] 2024-08-02 17:14:55.646 [main] Signinpage - User clicks on signin button
[INFO ] 2024-08-02 17:14:55.647 [main] Members - >> Admin/User got logged in >>
[INFO ] 2024-08-02 17:14:58.160 [main] Memberspage - >> Admin/User got navigated to dashboard page
[INFO ] 2024-08-02 17:15:00.195 [main] Ticketspage - >> Admin/User got navigated to Tickets page
[INFO ] 2024-08-02 17:15:01.750 [main] Testhooks - Failed scenario screenshot got capturedT033_To verify the Tickets feature clicks close button of uploaded videos
[INFO ] 2024-08-02 17:15:01.839 [main] Testhooks - Browser got closed
[INFO ] 2024-08-02 17:15:01.853 [main] Testhooks - Execution Started
[INFO ] 2024-08-02 17:15:02.546 [main] Testhooks - Browser got launched
[INFO ] 2024-08-02 17:15:06.688 [main] Testhooks - Navigated to url
[INFO ] 2024-08-02 17:15:07.927 [main] Signinpage - User enters valid email address
[INFO ] 2024-08-02 17:15:08.061 [main] Signinpage - User enters valid password
[INFO ] 2024-08-02 17:15:08.160 [main] Signinpage - User clicks on signin button
[INFO ] 2024-08-02 17:15:08.160 [main] Members - >> Admin/User got logged in >>
[INFO ] 2024-08-02 17:15:17.137 [main] Memberspage - >> Admin/User got navigated to dashboard page
[INFO ] 2024-08-02 17:15:19.604 [main] Ticketspage - >> Admin/User got navigated to Tickets page
[INFO ] 2024-08-02 17:15:51.520 [main] Testhooks - Failed scenario screenshot got capturedT033_To validate the Tickets feature 'verify'
[INFO ] 2024-08-02 17:15:51.601 [main] Testhooks - Browser got closed
[INFO ] 2024-08-02 17:15:51.613 [main] Testhooks - Execution Started
[INFO ] 2024-08-02 17:15:52.127 [main] Testhooks - Browser got launched
[INFO ] 2024-08-02 17:15:55.314 [main] Testhooks - Navigated to url
[INFO ] 2024-08-02 17:15:56.497 [main] Signinpage - User enters valid email address
[INFO ] 2024-08-02 17:15:56.620 [main] Signinpage - User enters valid password
[INFO ] 2024-08-02 17:15:56.721 [main] Signinpage - User clicks on signin button
[INFO ] 2024-08-02 17:15:56.721 [main] Members - >> Admin/User got logged in >>
[INFO ] 2024-08-02 17:15:59.244 [main] Memberspage - >> Admin/User got navigated to dashboard page
[INFO ] 2024-08-02 17:16:03.224 [main] Ticketspage - >> Admin/User got navigated to Tickets page
[INFO ] 2024-08-02 17:16:36.037 [main] Testhooks - Browser got closed
[INFO ] 2024-08-02 17:16:36.044 [main] Testhooks - Execution Started
[INFO ] 2024-08-02 17:16:36.490 [main] Testhooks - Browser got launched
[INFO ] 2024-08-02 17:16:39.419 [main] Testhooks - Navigated to url
[INFO ] 2024-08-02 17:17:44.441 [main] Testhooks - Execution Started
[INFO ] 2024-08-02 17:17:45.241 [main] Testhooks - Browser got launched
[INFO ] 2024-08-02 17:17:46.735 [main] Testhooks - Navigated to url
[INFO ] 2024-08-02 17:17:47.941 [main] Signinpage - User enters valid email address
[INFO ] 2024-08-02 17:17:48.063 [main] Signinpage - User enters valid password
[INFO ] 2024-08-02 17:17:48.165 [main] Signinpage - User clicks on signin button
[INFO ] 2024-08-02 17:17:48.165 [main] Members - >> Admin/User got logged in >>
[INFO ] 2024-08-02 17:17:50.941 [main] Memberspage - >> Admin/User got navigated to dashboard page
[INFO ] 2024-08-02 17:17:52.407 [main] Ticketspage - >> Admin/User got navigated to Tickets page
[INFO ] 2024-08-02 17:17:52.640 [main] Ticketspage - >> The Tickets page got displayed
[INFO ] 2024-08-02 17:17:52.640 [main] Tickets - >> Admin/user got the Tickets page >>
[INFO ] 2024-08-02 17:17:52.886 [main] Testhooks - Browser got closed
[INFO ] 2024-08-02 17:17:52.944 [main] Testhooks - Execution Started
[INFO ] 2024-08-02 17:17:53.437 [main] Testhooks - Browser got launched
[INFO ] 2024-08-02 17:17:54.737 [main] Testhooks - Navigated to url
[INFO ] 2024-08-02 17:17:55.919 [main] Signinpage - User enters valid email address
[INFO ] 2024-08-02 17:17:56.051 [main] Signinpage - User enters valid password
[INFO ] 2024-08-02 17:17:56.157 [main] Signinpage - User clicks on signin button
[INFO ] 2024-08-02 17:17:56.157 [main] Members - >> Admin/User got logged in >>
[INFO ] 2024-08-02 17:17:58.874 [main] Memberspage - >> Admin/User got navigated to dashboard page
[INFO ] 2024-08-02 17:17:59.861 [main] Ticketspage - >> Admin/User got navigated to Tickets page
[INFO ] 2024-08-02 17:18:00.167 [main] Ticketspage - >> Admin/User clicked New Ticket btn
[INFO ] 2024-08-02 17:18:23.224 [main] Testhooks - Execution Started
[INFO ] 2024-08-02 17:18:23.995 [main] Testhooks - Browser got launched
[INFO ] 2024-08-02 17:18:25.336 [main] Testhooks - Navigated to url
[INFO ] 2024-08-02 17:18:26.511 [main] Signinpage - User enters valid email address
[INFO ] 2024-08-02 17:18:26.635 [main] Signinpage - User enters valid password
[INFO ] 2024-08-02 17:18:26.739 [main] Signinpage - User clicks on signin button
[INFO ] 2024-08-02 17:18:26.740 [main] Members - >> Admin/User got logged in >>
[INFO ] 2024-08-02 17:18:29.472 [main] Memberspage - >> Admin/User got navigated to dashboard page
[INFO ] 2024-08-02 17:18:31.927 [main] Ticketspage - >> Admin/User got navigated to Tickets page
[INFO ] 2024-08-02 17:18:32.138 [main] Ticketspage - >> The Tickets page got displayed
[INFO ] 2024-08-02 17:18:32.138 [main] Tickets - >> Admin/user got the Tickets page >>
[INFO ] 2024-08-02 17:18:32.381 [main] Testhooks - Browser got closed
[INFO ] 2024-08-02 17:18:32.449 [main] Testhooks - Execution Started
[INFO ] 2024-08-02 17:18:32.942 [main] Testhooks - Browser got launched
[INFO ] 2024-08-02 17:18:34.196 [main] Testhooks - Navigated to url
[INFO ] 2024-08-02 17:18:35.374 [main] Signinpage - User enters valid email address
[INFO ] 2024-08-02 17:18:35.507 [main] Signinpage - User enters valid password
[INFO ] 2024-08-02 17:18:35.608 [main] Signinpage - User clicks on signin button
[INFO ] 2024-08-02 17:18:35.608 [main] Members - >> Admin/User got logged in >>
[INFO ] 2024-08-02 17:18:45.537 [main] Memberspage - >> Admin/User got navigated to dashboard page
[INFO ] 2024-08-02 17:18:46.612 [main] Ticketspage - >> Admin/User got navigated to Tickets page
[INFO ] 2024-08-02 17:18:46.952 [main] Ticketspage - >> Admin/User clicked New Ticket btn
[INFO ] 2024-08-02 17:19:00.028 [main] Testhooks - Failed scenario screenshot got capturedT002_Create the Ticket with valid inputs
[INFO ] 2024-08-02 17:19:00.114 [main] Testhooks - Browser got closed
[INFO ] 2024-08-02 17:19:00.157 [main] Testhooks - Execution Started
[INFO ] 2024-08-02 17:19:00.830 [main] Testhooks - Browser got launched
[INFO ] 2024-08-02 17:19:02.401 [main] Testhooks - Navigated to url
[INFO ] 2024-08-02 17:19:03.595 [main] Signinpage - User enters valid email address
[INFO ] 2024-08-02 17:19:03.715 [main] Signinpage - User enters valid password
[INFO ] 2024-08-02 17:19:03.816 [main] Signinpage - User clicks on signin button
[INFO ] 2024-08-02 17:19:03.816 [main] Members - >> Admin/User got logged in >>
[INFO ] 2024-08-02 17:19:15.428 [main] Memberspage - >> Admin/User got navigated to dashboard page
[INFO ] 2024-08-02 17:19:16.638 [main] Ticketspage - >> Admin/User got navigated to Tickets page
[INFO ] 2024-08-02 17:19:48.086 [main] Testhooks - Failed scenario screenshot got capturedT003_ the Tickets feature search
[INFO ] 2024-08-02 17:19:48.170 [main] Testhooks - Browser got closed
[INFO ] 2024-08-02 17:19:48.201 [main] Testhooks - Execution Started
[INFO ] 2024-08-02 17:19:48.726 [main] Testhooks - Browser got launched
[INFO ] 2024-08-02 17:19:50.520 [main] Testhooks - Navigated to url
[INFO ] 2024-08-02 17:19:51.727 [main] Signinpage - User enters valid email address
[INFO ] 2024-08-02 17:19:51.845 [main] Signinpage - User enters valid password
[INFO ] 2024-08-02 17:19:51.945 [main] Signinpage - User clicks on signin button
[INFO ] 2024-08-02 17:19:51.946 [main] Members - >> Admin/User got logged in >>
[INFO ] 2024-08-02 17:19:54.674 [main] Memberspage - >> Admin/User got navigated to dashboard page
[INFO ] 2024-08-02 17:19:55.713 [main] Ticketspage - >> Admin/User got navigated to Tickets page
[INFO ] 2024-08-02 17:19:56.272 [main] Ticketspage - >> Admin/User clicked new ticket btn
[INFO ] 2024-08-02 17:19:56.548 [main] Testhooks - Browser got closed
[INFO ] 2024-08-02 17:19:56.565 [main] Testhooks - Execution Started
[INFO ] 2024-08-02 17:19:57.057 [main] Testhooks - Browser got launched
[INFO ] 2024-08-02 17:19:58.299 [main] Testhooks - Navigated to url
[INFO ] 2024-08-02 17:19:59.476 [main] Signinpage - User enters valid email address
[INFO ] 2024-08-02 17:19:59.598 [main] Signinpage - User enters valid password
[INFO ] 2024-08-02 17:19:59.692 [main] Signinpage - User clicks on signin button
[INFO ] 2024-08-02 17:19:59.693 [main] Members - >> Admin/User got logged in >>
[INFO ] 2024-08-02 17:20:02.462 [main] Memberspage - >> Admin/User got navigated to dashboard page
[INFO ] 2024-08-02 17:20:15.907 [main] Ticketspage - >> Admin/User got navigated to Tickets page
[INFO ] 2024-08-02 17:20:16.495 [main] Ticketspage - >> Admin/User clicked new ticket btn
[INFO ] 2024-08-02 17:20:16.737 [main] Testhooks - Browser got closed
[INFO ] 2024-08-02 17:20:16.759 [main] Testhooks - Execution Started
[INFO ] 2024-08-02 17:20:17.228 [main] Testhooks - Browser got launched
[INFO ] 2024-08-02 17:20:18.502 [main] Testhooks - Navigated to url
[INFO ] 2024-08-02 17:20:19.688 [main] Signinpage - User enters valid email address
[INFO ] 2024-08-02 17:20:19.808 [main] Signinpage - User enters valid password
[INFO ] 2024-08-02 17:20:19.908 [main] Signinpage - User clicks on signin button
[INFO ] 2024-08-02 17:20:19.908 [main] Members - >> Admin/User got logged in >>
[INFO ] 2024-08-02 17:20:22.656 [main] Memberspage - >> Admin/User got navigated to dashboard page
[INFO ] 2024-08-02 17:20:23.684 [main] Ticketspage - >> Admin/User got navigated to Tickets page
[INFO ] 2024-08-02 17:20:24.265 [main] Ticketspage - >> Admin/User clicked new ticket btn
[INFO ] 2024-08-02 17:20:24.507 [main] Testhooks - Browser got closed
[INFO ] 2024-08-02 17:20:24.523 [main] Testhooks - Execution Started
[INFO ] 2024-08-02 17:20:25.001 [main] Testhooks - Browser got launched
[INFO ] 2024-08-02 17:20:26.311 [main] Testhooks - Navigated to url
[INFO ] 2024-08-02 17:20:27.491 [main] Signinpage - User enters valid email address
[INFO ] 2024-08-02 17:20:27.612 [main] Signinpage - User enters valid password
[INFO ] 2024-08-02 17:20:27.710 [main] Signinpage - User clicks on signin button
[INFO ] 2024-08-02 17:20:27.710 [main] Members - >> Admin/User got logged in >>
[INFO ] 2024-08-02 17:20:30.167 [main] Memberspage - >> Admin/User got navigated to dashboard page
[INFO ] 2024-08-02 17:20:32.838 [main] Ticketspage - >> Admin/User got navigated to Tickets page
[INFO ] 2024-08-02 17:20:33.315 [main] Ticketspage - >> Admin/User clicked new ticket btn
[INFO ] 2024-08-02 17:20:33.555 [main] Testhooks - Browser got closed
[INFO ] 2024-08-02 17:20:33.576 [main] Testhooks - Execution Started
[INFO ] 2024-08-02 17:20:34.085 [main] Testhooks - Browser got launched
[INFO ] 2024-08-02 17:20:35.689 [main] Testhooks - Navigated to url
[INFO ] 2024-08-02 17:20:36.891 [main] Signinpage - User enters valid email address
[INFO ] 2024-08-02 17:20:37.010 [main] Signinpage - User enters valid password
[INFO ] 2024-08-02 17:20:37.103 [main] Signinpage - User clicks on signin button
[INFO ] 2024-08-02 17:20:37.103 [main] Members - >> Admin/User got logged in >>
[INFO ] 2024-08-02 17:20:48.626 [main] Memberspage - >> Admin/User got navigated to dashboard page
[INFO ] 2024-08-02 17:20:49.307 [main] Ticketspage - >> Admin/User got navigated to Tickets page
[INFO ] 2024-08-02 17:20:49.862 [main] Ticketspage - >> Admin/User clicked new ticket btn
[INFO ] 2024-08-02 17:20:50.069 [main] Testhooks - Browser got closed
[INFO ] 2024-08-02 17:20:50.088 [main] Testhooks - Execution Started
[INFO ] 2024-08-02 17:20:50.594 [main] Testhooks - Browser got launched
[INFO ] 2024-08-02 17:20:51.891 [main] Testhooks - Navigated to url
[INFO ] 2024-08-02 17:20:53.128 [main] Signinpage - User enters valid email address
[INFO ] 2024-08-02 17:20:53.261 [main] Signinpage - User enters valid password
[INFO ] 2024-08-02 17:20:53.363 [main] Signinpage - User clicks on signin button
[INFO ] 2024-08-02 17:20:53.363 [main] Members - >> Admin/User got logged in >>
[INFO ] 2024-08-02 17:20:56.010 [main] Memberspage - >> Admin/User got navigated to dashboard page
[INFO ] 2024-08-02 17:20:56.833 [main] Ticketspage - >> Admin/User got navigated to Tickets page
[INFO ] 2024-08-02 17:20:57.911 [main] Testhooks - Browser got closed
[INFO ] 2024-08-02 17:20:57.924 [main] Testhooks - Execution Started
[INFO ] 2024-08-02 17:20:58.452 [main] Testhooks - Browser got launched
[INFO ] 2024-08-02 17:20:59.720 [main] Testhooks - Navigated to url
[INFO ] 2024-08-02 17:21:00.899 [main] Signinpage - User enters valid email address
[INFO ] 2024-08-02 17:21:01.071 [main] Signinpage - User enters valid password
[INFO ] 2024-08-02 17:21:01.201 [main] Signinpage - User clicks on signin button
[INFO ] 2024-08-02 17:21:01.201 [main] Members - >> Admin/User got logged in >>
[INFO ] 2024-08-02 17:21:04.106 [main] Memberspage - >> Admin/User got navigated to dashboard page
[INFO ] 2024-08-02 17:21:05.670 [main] Testhooks - Failed scenario screenshot got capturedT0010_To verify the Tickets feature filter Created status Tickets
[INFO ] 2024-08-02 17:21:05.753 [main] Testhooks - Browser got closed
[INFO ] 2024-08-02 17:21:05.766 [main] Testhooks - Execution Started
[INFO ] 2024-08-02 17:21:06.260 [main] Testhooks - Browser got launched
[INFO ] 2024-08-02 17:21:07.703 [main] Testhooks - Navigated to url
[INFO ] 2024-08-02 17:21:08.924 [main] Signinpage - User enters valid email address
[INFO ] 2024-08-02 17:21:09.070 [main] Signinpage - User enters valid password
[INFO ] 2024-08-02 17:21:09.160 [main] Signinpage - User clicks on signin button
[INFO ] 2024-08-02 17:21:09.160 [main] Members - >> Admin/User got logged in >>
[INFO ] 2024-08-02 17:21:17.883 [main] Memberspage - >> Admin/User got navigated to dashboard page
[INFO ] 2024-08-02 17:21:19.356 [main] Ticketspage - >> Admin/User got navigated to Tickets page
[INFO ] 2024-08-02 17:21:20.470 [main] Testhooks - Browser got closed
[INFO ] 2024-08-02 17:21:20.485 [main] Testhooks - Execution Started
[INFO ] 2024-08-02 17:21:20.970 [main] Testhooks - Browser got launched
[INFO ] 2024-08-02 17:21:22.268 [main] Testhooks - Navigated to url
[INFO ] 2024-08-02 17:21:23.431 [main] Signinpage - User enters valid email address
[INFO ] 2024-08-02 17:21:23.549 [main] Signinpage - User enters valid password
[INFO ] 2024-08-02 17:21:23.649 [main] Signinpage - User clicks on signin button
[INFO ] 2024-08-02 17:21:23.649 [main] Members - >> Admin/User got logged in >>
[INFO ] 2024-08-02 17:21:26.328 [main] Memberspage - >> Admin/User got navigated to dashboard page
[INFO ] 2024-08-02 17:21:27.643 [main] Ticketspage - >> Admin/User got navigated to Tickets page
[INFO ] 2024-08-02 17:21:28.729 [main] Testhooks - Browser got closed
[INFO ] 2024-08-02 17:21:28.747 [main] Testhooks - Execution Started
[INFO ] 2024-08-02 17:21:29.219 [main] Testhooks - Browser got launched
[INFO ] 2024-08-02 17:21:30.512 [main] Testhooks - Navigated to url
[INFO ] 2024-08-02 17:21:31.776 [main] Signinpage - User enters valid email address
[INFO ] 2024-08-02 17:21:31.891 [main] Signinpage - User enters valid password
[INFO ] 2024-08-02 17:21:31.980 [main] Signinpage - User clicks on signin button
[INFO ] 2024-08-02 17:21:31.980 [main] Members - >> Admin/User got logged in >>
[INFO ] 2024-08-02 17:21:34.419 [main] Memberspage - >> Admin/User got navigated to dashboard page
[INFO ] 2024-08-02 17:21:36.039 [main] Testhooks - Failed scenario screenshot got capturedT0013_To verify the Tickets feature filter Verified status Tickets
[INFO ] 2024-08-02 17:21:36.117 [main] Testhooks - Browser got closed
[INFO ] 2024-08-02 17:21:36.131 [main] Testhooks - Execution Started
[INFO ] 2024-08-02 17:21:36.623 [main] Testhooks - Browser got launched
[INFO ] 2024-08-02 17:21:38.004 [main] Testhooks - Navigated to url
[INFO ] 2024-08-02 17:21:39.359 [main] Signinpage - User enters valid email address
[INFO ] 2024-08-02 17:21:39.476 [main] Signinpage - User enters valid password
[INFO ] 2024-08-02 17:21:39.572 [main] Signinpage - User clicks on signin button
[INFO ] 2024-08-02 17:21:39.572 [main] Members - >> Admin/User got logged in >>
[INFO ] 2024-08-02 17:21:45.326 [main] Memberspage - >> Admin/User got navigated to dashboard page
[INFO ] 2024-08-02 17:21:46.360 [main] Ticketspage - >> Admin/User got navigated to Tickets page
[INFO ] 2024-08-02 17:21:47.396 [main] Testhooks - Browser got closed
[INFO ] 2024-08-02 17:21:47.409 [main] Testhooks - Execution Started
[INFO ] 2024-08-02 17:21:47.901 [main] Testhooks - Browser got launched
[INFO ] 2024-08-02 17:21:49.193 [main] Testhooks - Navigated to url
[INFO ] 2024-08-02 17:21:50.402 [main] Signinpage - User enters valid email address
[INFO ] 2024-08-02 17:21:50.519 [main] Signinpage - User enters valid password
[INFO ] 2024-08-02 17:21:50.613 [main] Signinpage - User clicks on signin button
[INFO ] 2024-08-02 17:21:50.613 [main] Members - >> Admin/User got logged in >>
[INFO ] 2024-08-02 17:21:53.387 [main] Memberspage - >> Admin/User got navigated to dashboard page
[INFO ] 2024-08-02 17:21:54.223 [main] Ticketspage - >> Admin/User got navigated to Tickets page
[INFO ] 2024-08-02 17:21:55.297 [main] Testhooks - Browser got closed
[INFO ] 2024-08-02 17:21:55.310 [main] Testhooks - Execution Started
[INFO ] 2024-08-02 17:21:55.788 [main] Testhooks - Browser got launched
[INFO ] 2024-08-02 17:21:57.067 [main] Testhooks - Navigated to url
[INFO ] 2024-08-02 17:21:58.265 [main] Signinpage - User enters valid email address
[INFO ] 2024-08-02 17:21:58.387 [main] Signinpage - User enters valid password
[INFO ] 2024-08-02 17:21:58.480 [main] Signinpage - User clicks on signin button
[INFO ] 2024-08-02 17:21:58.480 [main] Members - >> Admin/User got logged in >>
[INFO ] 2024-08-02 17:22:01.072 [main] Memberspage - >> Admin/User got navigated to dashboard page
[INFO ] 2024-08-02 17:22:02.871 [main] Ticketspage - >> Admin/User got navigated to Tickets page
[INFO ] 2024-08-02 17:22:04.561 [main] Testhooks - Failed scenario screenshot got capturedT0016_To verify the Tickets feature filter multiple status Tickets
[INFO ] 2024-08-02 17:22:04.641 [main] Testhooks - Browser got closed
[INFO ] 2024-08-02 17:22:04.655 [main] Testhooks - Execution Started
[INFO ] 2024-08-02 17:22:05.131 [main] Testhooks - Browser got launched
[INFO ] 2024-08-02 17:22:06.832 [main] Testhooks - Navigated to url
[INFO ] 2024-08-02 17:22:08.055 [main] Signinpage - User enters valid email address
[INFO ] 2024-08-02 17:22:08.173 [main] Signinpage - User enters valid password
[INFO ] 2024-08-02 17:22:08.271 [main] Signinpage - User clicks on signin button
[INFO ] 2024-08-02 17:22:08.271 [main] Members - >> Admin/User got logged in >>
[INFO ] 2024-08-02 17:22:16.455 [main] Memberspage - >> Admin/User got navigated to dashboard page
[INFO ] 2024-08-02 17:22:17.369 [main] Ticketspage - >> Admin/User got navigated to Tickets page
[INFO ] 2024-08-02 17:22:17.964 [main] Ticketspage - >> User selected the Billboard number:
[INFO ] 2024-08-02 17:22:18.601 [main] Testhooks - Browser got closed
[INFO ] 2024-08-02 17:22:18.613 [main] Testhooks - Execution Started
[INFO ] 2024-08-02 17:22:19.084 [main] Testhooks - Browser got launched
[INFO ] 2024-08-02 17:22:20.336 [main] Testhooks - Navigated to url
[INFO ] 2024-08-02 17:22:21.629 [main] Signinpage - User enters valid email address
[INFO ] 2024-08-02 17:22:21.743 [main] Signinpage - User enters valid password
[INFO ] 2024-08-02 17:22:21.837 [main] Signinpage - User clicks on signin button
[INFO ] 2024-08-02 17:22:21.837 [main] Members - >> Admin/User got logged in >>
[INFO ] 2024-08-02 17:22:24.790 [main] Memberspage - >> Admin/User got navigated to dashboard page
[INFO ] 2024-08-02 17:22:25.425 [main] Ticketspage - >> Admin/User got navigated to Tickets page
[INFO ] 2024-08-02 17:22:26.075 [main] Ticketspage - >> User selected the assignee:
[INFO ] 2024-08-02 17:22:26.762 [main] Testhooks - Browser got closed
[INFO ] 2024-08-02 17:22:26.773 [main] Testhooks - Execution Started
[INFO ] 2024-08-02 17:22:27.222 [main] Testhooks - Browser got launched
[INFO ] 2024-08-02 17:22:28.507 [main] Testhooks - Navigated to url
[INFO ] 2024-08-02 17:22:29.810 [main] Signinpage - User enters valid email address
[INFO ] 2024-08-02 17:22:29.922 [main] Signinpage - User enters valid password
[INFO ] 2024-08-02 17:22:30.011 [main] Signinpage - User clicks on signin button
[INFO ] 2024-08-02 17:22:30.012 [main] Members - >> Admin/User got logged in >>
[INFO ] 2024-08-02 17:22:33.834 [main] Memberspage - >> Admin/User got navigated to dashboard page
[INFO ] 2024-08-02 17:22:35.428 [main] Testhooks - Failed scenario screenshot got capturedT019_To verify the Tickets feature filter select city
[INFO ] 2024-08-02 17:22:35.506 [main] Testhooks - Browser got closed
[INFO ] 2024-08-02 17:22:35.517 [main] Testhooks - Execution Started
[INFO ] 2024-08-02 17:22:35.976 [main] Testhooks - Browser got launched
[INFO ] 2024-08-02 17:22:37.521 [main] Testhooks - Navigated to url
[INFO ] 2024-08-02 17:22:38.726 [main] Signinpage - User enters valid email address
[INFO ] 2024-08-02 17:22:38.842 [main] Signinpage - User enters valid password
[INFO ] 2024-08-02 17:22:38.935 [main] Signinpage - User clicks on signin button
[INFO ] 2024-08-02 17:22:38.935 [main] Members - >> Admin/User got logged in >>
[INFO ] 2024-08-02 17:22:46.942 [main] Memberspage - >> Admin/User got navigated to dashboard page
[INFO ] 2024-08-02 17:22:48.253 [main] Ticketspage - >> Admin/User got navigated to Tickets page
[INFO ] 2024-08-02 17:22:49.969 [main] Testhooks - Failed scenario screenshot got capturedT020_To verify the Tickets feature filter select Department
[INFO ] 2024-08-02 17:22:50.052 [main] Testhooks - Browser got closed
[INFO ] 2024-08-02 17:22:50.066 [main] Testhooks - Execution Started
[INFO ] 2024-08-02 17:22:50.537 [main] Testhooks - Browser got launched
[INFO ] 2024-08-02 17:22:51.829 [main] Testhooks - Navigated to url
[INFO ] 2024-08-02 17:22:53.041 [main] Signinpage - User enters valid email address
[INFO ] 2024-08-02 17:22:53.156 [main] Signinpage - User enters valid password
[INFO ] 2024-08-02 17:22:53.254 [main] Signinpage - User clicks on signin button
[INFO ] 2024-08-02 17:22:53.254 [main] Members - >> Admin/User got logged in >>
[INFO ] 2024-08-02 17:22:55.900 [main] Memberspage - >> Admin/User got navigated to dashboard page
[INFO ] 2024-08-02 17:22:57.247 [main] Ticketspage - >> Admin/User got navigated to Tickets page
[INFO ] 2024-08-02 17:22:59.010 [main] Testhooks - Failed scenario screenshot got capturedT021_To verify the Tickets feature filter Cleaning
[INFO ] 2024-08-02 17:22:59.091 [main] Testhooks - Browser got closed
[INFO ] 2024-08-02 17:22:59.109 [main] Testhooks - Execution Started
[INFO ] 2024-08-02 17:22:59.652 [main] Testhooks - Browser got launched
[INFO ] 2024-08-02 17:23:01.097 [main] Testhooks - Navigated to url
[INFO ] 2024-08-02 17:23:02.408 [main] Signinpage - User enters valid email address
[INFO ] 2024-08-02 17:23:02.527 [main] Signinpage - User enters valid password
[INFO ] 2024-08-02 17:23:02.616 [main] Signinpage - User clicks on signin button
[INFO ] 2024-08-02 17:23:02.616 [main] Members - >> Admin/User got logged in >>
[INFO ] 2024-08-02 17:23:15.201 [main] Memberspage - >> Admin/User got navigated to dashboard page
[INFO ] 2024-08-02 17:23:16.122 [main] Ticketspage - >> Admin/User got navigated to Tickets page
[INFO ] 2024-08-02 17:23:17.831 [main] Testhooks - Failed scenario screenshot got capturedT022_To verify the Tickets feature filter Non Cleaning
[INFO ] 2024-08-02 17:23:17.914 [main] Testhooks - Browser got closed
[INFO ] 2024-08-02 17:23:17.924 [main] Testhooks - Execution Started
[INFO ] 2024-08-02 17:23:18.417 [main] Testhooks - Browser got launched
[INFO ] 2024-08-02 17:23:19.736 [main] Testhooks - Navigated to url
[INFO ] 2024-08-02 17:23:20.870 [main] Signinpage - User enters valid email address
[INFO ] 2024-08-02 17:23:20.984 [main] Signinpage - User enters valid password
[INFO ] 2024-08-02 17:23:21.074 [main] Signinpage - User clicks on signin button
[INFO ] 2024-08-02 17:23:21.074 [main] Members - >> Admin/User got logged in >>
[INFO ] 2024-08-02 17:23:23.838 [main] Memberspage - >> Admin/User got navigated to dashboard page
[INFO ] 2024-08-02 17:23:24.719 [main] Ticketspage - >> Admin/User got navigated to Tickets page
[INFO ] 2024-08-02 17:23:25.353 [main] Ticketspage - >> The Download Popup got displayed
[INFO ] 2024-08-02 17:23:25.591 [main] Testhooks - Browser got closed
[INFO ] 2024-08-02 17:23:25.606 [main] Testhooks - Execution Started
[INFO ] 2024-08-02 17:23:26.088 [main] Testhooks - Browser got launched
[INFO ] 2024-08-02 17:23:27.391 [main] Testhooks - Navigated to url
[INFO ] 2024-08-02 17:23:28.623 [main] Signinpage - User enters valid email address
[INFO ] 2024-08-02 17:23:28.739 [main] Signinpage - User enters valid password
[INFO ] 2024-08-02 17:23:28.835 [main] Signinpage - User clicks on signin button
[INFO ] 2024-08-02 17:23:28.835 [main] Members - >> Admin/User got logged in >>
[INFO ] 2024-08-02 17:23:31.498 [main] Memberspage - >> Admin/User got navigated to dashboard page
[INFO ] 2024-08-02 17:23:32.480 [main] Ticketspage - >> Admin/User got navigated to Tickets page
[INFO ] 2024-08-02 17:23:33.241 [main] Testhooks - Browser got closed
[INFO ] 2024-08-02 17:23:33.253 [main] Testhooks - Execution Started
[INFO ] 2024-08-02 17:23:33.768 [main] Testhooks - Browser got launched
[INFO ] 2024-08-02 17:23:35.067 [main] Testhooks - Navigated to url
[INFO ] 2024-08-02 17:23:36.268 [main] Signinpage - User enters valid email address
[INFO ] 2024-08-02 17:23:36.379 [main] Signinpage - User enters valid password
[INFO ] 2024-08-02 17:23:36.471 [main] Signinpage - User clicks on signin button
[INFO ] 2024-08-02 17:23:36.471 [main] Members - >> Admin/User got logged in >>
[INFO ] 2024-08-02 17:23:46.202 [main] Memberspage - >> Admin/User got navigated to dashboard page
[INFO ] 2024-08-02 17:23:46.868 [main] Ticketspage - >> Admin/User got navigated to Tickets page
[INFO ] 2024-08-02 17:23:47.613 [main] Testhooks - Browser got closed
[INFO ] 2024-08-02 17:23:47.622 [main] Testhooks - Execution Started
[INFO ] 2024-08-02 17:23:48.091 [main] Testhooks - Browser got launched
[INFO ] 2024-08-02 17:23:49.363 [main] Testhooks - Navigated to url
[INFO ] 2024-08-02 17:23:50.558 [main] Signinpage - User enters valid email address
[INFO ] 2024-08-02 17:23:50.673 [main] Signinpage - User enters valid password
[INFO ] 2024-08-02 17:23:50.764 [main] Signinpage - User clicks on signin button
[INFO ] 2024-08-02 17:23:50.765 [main] Members - >> Admin/User got logged in >>
[INFO ] 2024-08-02 17:23:53.482 [main] Memberspage - >> Admin/User got navigated to dashboard page
[INFO ] 2024-08-02 17:23:54.284 [main] Ticketspage - >> Admin/User got navigated to Tickets page
[INFO ] 2024-08-02 17:24:25.522 [main] Testhooks - Failed scenario screenshot got capturedT026_To verify the Tickets feature Download popup close
[INFO ] 2024-08-02 17:24:25.603 [main] Testhooks - Browser got closed
[INFO ] 2024-08-02 17:24:25.615 [main] Testhooks - Execution Started
[INFO ] 2024-08-02 17:24:26.078 [main] Testhooks - Browser got launched
[INFO ] 2024-08-02 17:24:27.358 [main] Testhooks - Navigated to url
[INFO ] 2024-08-02 17:24:28.682 [main] Signinpage - User enters valid email address
[INFO ] 2024-08-02 17:24:28.804 [main] Signinpage - User enters valid password
[INFO ] 2024-08-02 17:24:28.897 [main] Signinpage - User clicks on signin button
[INFO ] 2024-08-02 17:24:28.897 [main] Members - >> Admin/User got logged in >>
[INFO ] 2024-08-02 17:24:31.532 [main] Memberspage - >> Admin/User got navigated to dashboard page
[INFO ] 2024-08-02 17:24:32.969 [main] Ticketspage - >> Admin/User got navigated to Tickets page
[INFO ] 2024-08-02 17:25:03.920 [main] Testhooks - Failed scenario screenshot got capturedT027_To verify the Tickets feature Edit button in Tickets page
[INFO ] 2024-08-02 17:25:04.000 [main] Testhooks - Browser got closed
[INFO ] 2024-08-02 17:25:04.010 [main] Testhooks - Execution Started
[INFO ] 2024-08-02 17:25:04.482 [main] Testhooks - Browser got launched
[INFO ] 2024-08-02 17:25:06.166 [main] Testhooks - Navigated to url
[INFO ] 2024-08-02 17:25:07.359 [main] Signinpage - User enters valid email address
[INFO ] 2024-08-02 17:25:07.478 [main] Signinpage - User enters valid password
[INFO ] 2024-08-02 17:25:07.566 [main] Signinpage - User clicks on signin button
[INFO ] 2024-08-02 17:25:07.566 [main] Members - >> Admin/User got logged in >>
[INFO ] 2024-08-02 17:25:17.816 [main] Memberspage - >> Admin/User got navigated to dashboard page
[INFO ] 2024-08-02 17:25:18.620 [main] Ticketspage - >> Admin/User got navigated to Tickets page
[INFO ] 2024-08-02 17:25:18.895 [main] Ticketspage - >> Admin/User clicked New Ticket btn
[INFO ] 2024-08-02 17:26:02.706 [main] Testhooks - Failed scenario screenshot got capturedT028_To verify the Tickets feature Delete button in Tickets page
[INFO ] 2024-08-02 17:26:02.787 [main] Testhooks - Browser got closed
[INFO ] 2024-08-02 17:26:02.796 [main] Testhooks - Execution Started
[INFO ] 2024-08-02 17:26:03.261 [main] Testhooks - Browser got launched
[INFO ] 2024-08-02 17:26:04.547 [main] Testhooks - Navigated to url
[INFO ] 2024-08-02 17:26:05.909 [main] Signinpage - User enters valid email address
[INFO ] 2024-08-02 17:26:06.024 [main] Signinpage - User enters valid password
[INFO ] 2024-08-02 17:26:06.120 [main] Signinpage - User clicks on signin button
[INFO ] 2024-08-02 17:26:06.120 [main] Members - >> Admin/User got logged in >>
[INFO ] 2024-08-02 17:26:15.821 [main] Memberspage - >> Admin/User got navigated to dashboard page
[INFO ] 2024-08-02 17:26:17.117 [main] Ticketspage - >> Admin/User got navigated to Tickets page
[INFO ] 2024-08-02 17:26:48.077 [main] Testhooks - Failed scenario screenshot got capturedT029_To verify the Tickets features Update a Ticket
[INFO ] 2024-08-02 17:26:48.163 [main] Testhooks - Browser got closed
[INFO ] 2024-08-02 17:26:48.175 [main] Testhooks - Execution Started
[INFO ] 2024-08-02 17:26:48.697 [main] Testhooks - Browser got launched
[INFO ] 2024-08-02 17:26:49.937 [main] Testhooks - Navigated to url
[INFO ] 2024-08-02 17:26:51.202 [main] Signinpage - User enters valid email address
[INFO ] 2024-08-02 17:26:51.315 [main] Signinpage - User enters valid password
[INFO ] 2024-08-02 17:26:51.410 [main] Signinpage - User clicks on signin button
[INFO ] 2024-08-02 17:26:51.410 [main] Members - >> Admin/User got logged in >>
[INFO ] 2024-08-02 17:26:54.064 [main] Memberspage - >> Admin/User got navigated to dashboard page
[INFO ] 2024-08-02 17:26:54.930 [main] Ticketspage - >> Admin/User got navigated to Tickets page
[INFO ] 2024-08-02 17:27:25.914 [main] Testhooks - Failed scenario screenshot got capturedT030_To verify the Tickets feature Display Activity Feed in Edit Ticket page
[INFO ] 2024-08-02 17:27:25.999 [main] Testhooks - Browser got closed
[INFO ] 2024-08-02 17:27:26.015 [main] Testhooks - Execution Started
[INFO ] 2024-08-02 17:27:26.472 [main] Testhooks - Browser got launched
[INFO ] 2024-08-02 17:27:27.744 [main] Testhooks - Navigated to url
[INFO ] 2024-08-02 17:27:29.012 [main] Signinpage - User enters valid email address
[INFO ] 2024-08-02 17:27:29.126 [main] Signinpage - User enters valid password
[INFO ] 2024-08-02 17:27:29.217 [main] Signinpage - User clicks on signin button
[INFO ] 2024-08-02 17:27:29.217 [main] Members - >> Admin/User got logged in >>
[INFO ] 2024-08-02 17:27:32.087 [main] Memberspage - >> Admin/User got navigated to dashboard page
[INFO ] 2024-08-02 17:27:33.430 [main] Ticketspage - >> Admin/User got navigated to Tickets page
[INFO ] 2024-08-02 17:28:04.320 [main] Testhooks - Failed scenario screenshot got capturedT031_To verify the Tickets feature upload photos videos and voice
[INFO ] 2024-08-02 17:28:04.402 [main] Testhooks - Browser got closed
[INFO ] 2024-08-02 17:28:04.413 [main] Testhooks - Execution Started
[INFO ] 2024-08-02 17:28:04.895 [main] Testhooks - Browser got launched
[INFO ] 2024-08-02 17:28:07.086 [main] Testhooks - Navigated to url
[INFO ] 2024-08-02 17:28:08.269 [main] Signinpage - User enters valid email address
[INFO ] 2024-08-02 17:28:08.383 [main] Signinpage - User enters valid password
[INFO ] 2024-08-02 17:28:08.479 [main] Signinpage - User clicks on signin button
[INFO ] 2024-08-02 17:28:08.479 [main] Members - >> Admin/User got logged in >>
[INFO ] 2024-08-02 17:28:51.756 [main] Testhooks - Execution Started
[INFO ] 2024-08-02 17:28:52.554 [main] Testhooks - Browser got launched
[INFO ] 2024-08-02 17:28:53.909 [main] Testhooks - Navigated to url
[INFO ] 2024-08-02 17:28:55.113 [main] Signinpage - User enters valid email address
[INFO ] 2024-08-02 17:28:55.231 [main] Signinpage - User enters valid password
[INFO ] 2024-08-02 17:28:55.334 [main] Signinpage - User clicks on signin button
[INFO ] 2024-08-02 17:28:55.335 [main] Members - >> Admin/User got logged in >>
[INFO ] 2024-08-02 17:28:57.912 [main] Memberspage - >> Admin/User got navigated to dashboard page
[INFO ] 2024-08-02 17:28:59.046 [main] Ticketspage - >> Admin/User got navigated to Tickets page
[INFO ] 2024-08-02 17:29:00.155 [main] Testhooks - Browser got closed
[INFO ] 2024-08-02 17:29:10.406 [main] Testhooks - Execution Started
[INFO ] 2024-08-02 17:29:11.197 [main] Testhooks - Browser got launched
[INFO ] 2024-08-02 17:29:13.018 [main] Testhooks - Navigated to url
[INFO ] 2024-08-02 17:29:14.207 [main] Signinpage - User enters valid email address
[INFO ] 2024-08-02 17:29:14.326 [main] Signinpage - User enters valid password
[INFO ] 2024-08-02 17:29:14.432 [main] Signinpage - User clicks on signin button
[INFO ] 2024-08-02 17:29:14.433 [main] Members - >> Admin/User got logged in >>
[INFO ] 2024-08-02 17:29:17.148 [main] Memberspage - >> Admin/User got navigated to dashboard page
[INFO ] 2024-08-02 17:29:18.710 [main] Ticketspage - >> Admin/User got navigated to Tickets page
[INFO ] 2024-08-02 17:29:19.287 [main] Ticketspage - >> User selected the city:
[INFO ] 2024-08-02 17:29:19.958 [main] Testhooks - Browser got closed
[INFO ] 2024-08-02 17:29:31.629 [main] Testhooks - Execution Started
[INFO ] 2024-08-02 17:29:32.658 [main] Testhooks - Browser got launched
[INFO ] 2024-08-02 17:29:34.015 [main] Testhooks - Navigated to url
[INFO ] 2024-08-02 17:29:35.214 [main] Signinpage - User enters valid email address
[INFO ] 2024-08-02 17:29:35.336 [main] Signinpage - User enters valid password
[INFO ] 2024-08-02 17:29:35.444 [main] Signinpage - User clicks on signin button
[INFO ] 2024-08-02 17:29:35.445 [main] Members - >> Admin/User got logged in >>
[INFO ] 2024-08-02 17:29:46.636 [main] Memberspage - >> Admin/User got navigated to dashboard page
[INFO ] 2024-08-02 17:29:48.090 [main] Ticketspage - >> Admin/User got navigated to Tickets page
[INFO ] 2024-08-02 17:30:19.349 [main] Testhooks - Failed scenario screenshot got capturedT026_To verify the Tickets feature Download popup close
[INFO ] 2024-08-02 17:30:19.444 [main] Testhooks - Browser got closed
[INFO ] 2024-08-02 17:31:36.814 [main] Testhooks - Execution Started
[INFO ] 2024-08-02 17:31:37.583 [main] Testhooks - Browser got launched
[INFO ] 2024-08-02 17:31:39.272 [main] Testhooks - Navigated to url
[INFO ] 2024-08-02 17:31:40.472 [main] Signinpage - User enters valid email address
[INFO ] 2024-08-02 17:31:40.598 [main] Signinpage - User enters valid password
[INFO ] 2024-08-02 17:31:40.708 [main] Signinpage - User clicks on signin button
[INFO ] 2024-08-02 17:31:40.708 [main] Members - >> Admin/User got logged in >>
[INFO ] 2024-08-02 17:31:47.983 [main] Memberspage - >> Admin/User got navigated to dashboard page
[INFO ] 2024-08-02 17:31:49.232 [main] Ticketspage - >> Admin/User got navigated to Tickets page
[INFO ] 2024-08-02 17:32:20.524 [main] Testhooks - Failed scenario screenshot got capturedT026_To verify the Tickets feature Download popup close
[INFO ] 2024-08-02 17:32:20.664 [main] Testhooks - Browser got closed
[INFO ] 2024-08-02 18:03:51.161 [main] Testhooks - Execution Started
[INFO ] 2024-08-02 18:03:52.116 [main] Testhooks - Browser got launched
[INFO ] 2024-08-02 18:03:53.717 [main] Testhooks - Navigated to url
[INFO ] 2024-08-02 18:03:54.948 [main] Signinpage - User enters valid email address
[INFO ] 2024-08-02 18:03:55.080 [main] Signinpage - User enters valid password
[INFO ] 2024-08-02 18:03:55.191 [main] Signinpage - User clicks on signin button
[INFO ] 2024-08-02 18:03:55.192 [main] Members - >> Admin/User got logged in >>
[INFO ] 2024-08-02 18:03:57.888 [main] Memberspage - >> Admin/User got navigated to dashboard page
[INFO ] 2024-08-02 18:03:58.716 [main] Ticketspage - >> Admin/User got navigated to Tickets page
[INFO ] 2024-08-02 18:03:59.532 [main] Ticketspage - >> The Download Popup get closed and listed Tickets
[INFO ] 2024-08-02 18:03:59.745 [main] Testhooks - Browser got closed
