<<<<<<< HEAD
<<<<<<< HEAD
[INFO ] 2024-05-27 10:47:23.350 [main] Testhooks - Execution Started
[INFO ] 2024-05-27 15:35:47.624 [main] Testhooks - Execution Started
[INFO ] 2024-05-27 15:35:48.539 [main] Testhooks - Browser got launched
[INFO ] 2024-05-27 15:35:53.114 [main] Testhooks - Navigated to url
[INFO ] 2024-05-27 15:35:53.295 [main] Testhooks - Page is zoomed out
[INFO ] 2024-05-27 15:35:54.437 [main] Signinpage - User enters valid email address
[INFO ] 2024-05-27 15:35:54.520 [main] Signinpage - User enters valid password
[INFO ] 2024-05-27 15:35:54.579 [main] Signinpage - User clicks on signin button
[INFO ] 2024-05-27 15:35:54.579 [main] Members - >> Admin/User got logged in >>
[INFO ] 2024-05-27 15:35:57.344 [main] Memberspage - >> Admin/User got navigated to dashboard page
[INFO ] 2024-05-27 15:35:58.728 [main] Memberspage - >> Admin/User got navigated to members page
[INFO ] 2024-05-27 15:35:58.853 [main] Memberspage - >> The members dashboard list page got displayed
[INFO ] 2024-05-27 15:35:58.853 [main] Members - >> Admin/user got the members dashboard page >>
[INFO ] 2024-05-27 15:35:59.026 [main] Testhooks - Browser got closed
[INFO ] 2024-05-27 15:36:09.570 [main] Testhooks - Execution Started
[INFO ] 2024-05-27 15:36:10.447 [main] Testhooks - Browser got launched
[INFO ] 2024-05-27 15:36:15.573 [main] Testhooks - Navigated to url
[INFO ] 2024-05-27 15:36:15.675 [main] Testhooks - Page is zoomed out
[INFO ] 2024-05-27 15:36:16.809 [main] Signinpage - User enters valid email address
[INFO ] 2024-05-27 15:36:16.891 [main] Signinpage - User enters valid password
[INFO ] 2024-05-27 15:36:16.949 [main] Signinpage - User clicks on signin button
[INFO ] 2024-05-27 15:36:16.950 [main] Members - >> Admin/User got logged in >>
[INFO ] 2024-05-27 15:36:19.672 [main] Memberspage - >> Admin/User got navigated to dashboard page
[INFO ] 2024-05-27 15:36:21.170 [main] Memberspage - >> Admin/User got navigated to members page
[INFO ] 2024-05-27 15:36:21.314 [main] Memberspage - >> The members dashboard list page got displayed
[INFO ] 2024-05-27 15:36:21.314 [main] Members - >> Admin/user got the members dashboard page >>
[INFO ] 2024-05-27 15:36:21.471 [main] Testhooks - Browser got closed
[INFO ] 2024-05-27 16:04:23.241 [main] Testhooks - Execution Started
[INFO ] 2024-05-27 16:04:24.172 [main] Testhooks - Browser got launched
[INFO ] 2024-05-27 16:04:29.398 [main] Testhooks - Navigated to url
[INFO ] 2024-05-27 16:04:29.541 [main] Testhooks - Page is zoomed out
[INFO ] 2024-05-27 16:04:30.679 [main] Signinpage - User enters valid email address
[INFO ] 2024-05-27 16:04:30.766 [main] Signinpage - User enters valid password
[INFO ] 2024-05-27 16:04:30.838 [main] Signinpage - User clicks on signin button
[INFO ] 2024-05-27 16:04:30.838 [main] Members - >> Admin/User got logged in >>
[INFO ] 2024-05-27 16:04:33.921 [main] Memberspage - >> Admin/User got navigated to dashboard page
[INFO ] 2024-05-27 16:04:35.417 [main] Memberspage - >> Admin/User got navigated to members page
[INFO ] 2024-05-27 16:04:35.559 [main] Memberspage - >> The members dashboard list page got displayed
[INFO ] 2024-05-27 16:04:35.559 [main] Members - >> Admin/user got the members dashboard page >>
[INFO ] 2024-05-27 16:04:35.718 [main] Testhooks - Browser got closed
[INFO ] 2024-05-27 17:17:57.795 [main] Testhooks - Execution Started
[INFO ] 2024-05-27 17:17:58.717 [main] Testhooks - Browser got launched
[INFO ] 2024-05-27 17:18:02.986 [main] Testhooks - Navigated to url
[INFO ] 2024-05-27 17:18:03.127 [main] Testhooks - Page is zoomed out
[INFO ] 2024-05-27 17:18:04.263 [main] Signinpage - User enters valid email address
[INFO ] 2024-05-27 17:18:04.345 [main] Signinpage - User enters valid password
[INFO ] 2024-05-27 17:18:04.406 [main] Signinpage - User clicks on signin button
[INFO ] 2024-05-27 17:18:04.406 [main] Members - >> Admin/User got logged in >>
[INFO ] 2024-05-27 17:18:06.776 [main] Memberspage - >> Admin/User got navigated to dashboard page
[INFO ] 2024-05-27 17:18:08.607 [main] Memberspage - >> Admin/User got navigated to members page
[INFO ] 2024-05-27 17:18:08.753 [main] Memberspage - >> The members dashboard list page got displayed
[INFO ] 2024-05-27 17:18:08.754 [main] Members - >> Admin/user got the members dashboard page >>
[INFO ] 2024-05-27 17:18:08.906 [main] Testhooks - Browser got closed
[INFO ] 2024-07-03 10:53:43.464 [main] Testhooks - Execution Started
[INFO ] 2024-07-03 10:54:42.753 [main] Testhooks - Execution Started
[INFO ] 2024-07-03 10:54:43.565 [main] Testhooks - Browser got launched
[INFO ] 2024-07-03 10:54:48.073 [main] Testhooks - Navigated to url
[INFO ] 2024-07-03 10:54:48.208 [main] Testhooks - Page is zoomed out
[INFO ] 2024-07-03 10:54:49.414 [main] Signinpage - User enters valid email address
[INFO ] 2024-07-03 10:54:49.815 [main] Signinpage - User enters valid password
[INFO ] 2024-07-03 10:54:50.106 [main] Signinpage - User clicked password_field_eyeicon
[INFO ] 2024-07-03 10:54:50.459 [main] Signinpage - User clicks on signin button
[INFO ] 2024-07-03 10:54:52.882 [main] Signinpage - Al-Arabia user got signed in successfully
[INFO ] 2024-07-03 10:54:53.483 [main] Signinpage - Al-Arabia user got signed in successfully
[INFO ] 2024-07-03 10:54:53.749 [main] Testhooks - Browser got closed
=======
[INFO ] 2024-11-20 14:26:31.973 [main] Testhooks - Execution Started
[INFO ] 2024-11-20 14:26:32.807 [main] Testhooks - Browser got launched
[INFO ] 2024-11-20 14:26:34.842 [main] Testhooks - Navigated to url
[INFO ] 2024-11-20 14:26:36.040 [main] Signinpage - User enters valid email address
[INFO ] 2024-11-20 14:26:36.162 [main] Signinpage - User enters valid password
[INFO ] 2024-11-20 14:26:36.266 [main] Signinpage - User clicks on signin button
[INFO ] 2024-11-20 14:26:36.266 [main] Members - >> Admin/User got logged in >>
[INFO ] 2024-11-20 14:26:40.258 [main] Memberspage - >> Admin/User got navigated to dashboard page
[INFO ] 2024-11-20 14:26:42.150 [main] Ticketspage - >> Admin/User got navigated to Tickets page
[INFO ] 2024-11-20 14:26:42.358 [main] Ticketspage - >> The Tickets page got displayed
[INFO ] 2024-11-20 14:26:42.359 [main] Tickets - >> Admin/user got the Tickets page >>
[INFO ] 2024-11-20 14:26:42.578 [main] Testhooks - Execution Started
[INFO ] 2024-11-20 14:26:43.164 [main] Testhooks - Browser got launched
[INFO ] 2024-11-20 14:26:47.687 [main] Testhooks - Navigated to url
[INFO ] 2024-11-20 14:26:48.872 [main] Signinpage - User enters valid email address
[INFO ] 2024-11-20 14:26:48.991 [main] Signinpage - User enters valid password
[INFO ] 2024-11-20 14:26:49.101 [main] Signinpage - User clicks on signin button
[INFO ] 2024-11-20 14:26:49.101 [main] Members - >> Admin/User got logged in >>
[INFO ] 2024-11-20 14:26:52.338 [main] Memberspage - >> Admin/User got navigated to dashboard page
[INFO ] 2024-11-20 14:26:54.609 [main] Ticketspage - >> Admin/User got navigated to Tickets page
[INFO ] 2024-11-20 14:26:55.022 [main] Ticketspage - >> Admin/User clicked New Ticket btn
[INFO ] 2024-11-20 14:27:39.305 [main] Testhooks - Failed scenario screenshot got capturedT002_Create the Ticket with valid inputs
[INFO ] 2024-11-20 14:27:39.382 [main] Testhooks - Execution Started
[INFO ] 2024-11-20 14:27:39.940 [main] Testhooks - Browser got launched
[INFO ] 2024-11-20 14:27:45.818 [main] Testhooks - Navigated to url
[INFO ] 2024-11-20 14:27:46.983 [main] Signinpage - User enters valid email address
[INFO ] 2024-11-20 14:27:47.114 [main] Signinpage - User enters valid password
[INFO ] 2024-11-20 14:27:47.218 [main] Signinpage - User clicks on signin button
[INFO ] 2024-11-20 14:27:47.218 [main] Members - >> Admin/User got logged in >>
[INFO ] 2024-11-20 14:27:49.972 [main] Memberspage - >> Admin/User got navigated to dashboard page
[INFO ] 2024-11-20 14:27:51.889 [main] Ticketspage - >> Admin/User got navigated to Tickets page
[INFO ] 2024-11-20 14:27:52.637 [main] Ticketspage - >> Admin/User clicked new ticket btn
[INFO ] 2024-11-20 14:27:52.863 [main] Testhooks - Execution Started
[INFO ] 2024-11-20 14:27:53.607 [main] Testhooks - Browser got launched
[INFO ] 2024-11-20 14:27:55.471 [main] Testhooks - Navigated to url
[INFO ] 2024-11-20 14:27:56.740 [main] Signinpage - User enters valid email address
[INFO ] 2024-11-20 14:27:56.872 [main] Signinpage - User enters valid password
[INFO ] 2024-11-20 14:27:56.987 [main] Signinpage - User clicks on signin button
[INFO ] 2024-11-20 14:27:56.987 [main] Members - >> Admin/User got logged in >>
[INFO ] 2024-11-20 14:27:59.897 [main] Memberspage - >> Admin/User got navigated to dashboard page
[INFO ] 2024-11-20 14:28:02.564 [main] Ticketspage - >> Admin/User got navigated to Tickets page
[INFO ] 2024-11-20 14:28:05.271 [main] Ticketspage - >> Admin/User searched a Ticket
[INFO ] 2024-11-20 14:28:05.622 [main] Testhooks - Execution Started
[INFO ] 2024-11-20 14:28:06.539 [main] Testhooks - Browser got launched
[INFO ] 2024-11-20 14:28:08.210 [main] Testhooks - Navigated to url
[INFO ] 2024-11-20 14:28:09.529 [main] Signinpage - User enters valid email address
[INFO ] 2024-11-20 14:28:09.681 [main] Signinpage - User enters valid password
[INFO ] 2024-11-20 14:28:09.798 [main] Signinpage - User clicks on signin button
[INFO ] 2024-11-20 14:28:09.799 [main] Members - >> Admin/User got logged in >>
[INFO ] 2024-11-20 14:28:12.927 [main] Memberspage - >> Admin/User got navigated to dashboard page
[INFO ] 2024-11-20 14:28:14.508 [main] Ticketspage - >> Admin/User got navigated to Tickets page
[INFO ] 2024-11-20 14:28:17.233 [main] Ticketspage - >> Admin/User searched a Ticket
[INFO ] 2024-11-20 14:28:17.472 [main] Testhooks - Execution Started
[INFO ] 2024-11-20 14:28:18.231 [main] Testhooks - Browser got launched
[INFO ] 2024-11-20 14:28:22.238 [main] Testhooks - Navigated to url
[INFO ] 2024-11-20 14:28:23.491 [main] Signinpage - User enters valid email address
[INFO ] 2024-11-20 14:28:23.697 [main] Signinpage - User enters valid password
[INFO ] 2024-11-20 14:28:23.829 [main] Signinpage - User clicks on signin button
[INFO ] 2024-11-20 14:28:23.829 [main] Members - >> Admin/User got logged in >>
[INFO ] 2024-11-20 14:28:26.485 [main] Memberspage - >> Admin/User got navigated to dashboard page
[INFO ] 2024-11-20 14:28:28.940 [main] Ticketspage - >> Admin/User got navigated to Tickets page
[INFO ] 2024-11-20 14:28:29.856 [main] Ticketspage - >> Admin/User searched a Ticket
[INFO ] 2024-11-20 14:28:30.123 [main] Testhooks - Execution Started
[INFO ] 2024-11-20 14:28:31.655 [main] Testhooks - Browser got launched
[INFO ] 2024-11-20 14:28:33.351 [main] Testhooks - Navigated to url
[INFO ] 2024-11-20 14:28:34.622 [main] Signinpage - User enters valid email address
[INFO ] 2024-11-20 14:28:34.849 [main] Signinpage - User enters valid password
[INFO ] 2024-11-20 14:28:34.998 [main] Signinpage - User clicks on signin button
[INFO ] 2024-11-20 14:28:34.999 [main] Members - >> Admin/User got logged in >>
[INFO ] 2024-11-20 14:28:41.037 [main] Memberspage - >> Admin/User got navigated to dashboard page
[INFO ] 2024-11-20 14:28:42.290 [main] Ticketspage - >> Admin/User got navigated to Tickets page
[INFO ] 2024-11-20 14:28:45.071 [main] Ticketspage - >> Admin/User searched a Ticket
[INFO ] 2024-11-20 14:28:45.306 [main] Testhooks - Execution Started
[INFO ] 2024-11-20 14:28:46.360 [main] Testhooks - Browser got launched
[INFO ] 2024-11-20 14:28:56.282 [main] Testhooks - Navigated to url
[INFO ] 2024-11-20 14:28:57.617 [main] Signinpage - User enters valid email address
[INFO ] 2024-11-20 14:28:57.804 [main] Signinpage - User enters valid password
[INFO ] 2024-11-20 14:28:57.947 [main] Signinpage - User clicks on signin button
[INFO ] 2024-11-20 14:28:57.947 [main] Members - >> Admin/User got logged in >>
[INFO ] 2024-11-20 14:29:29.265 [main] Testhooks - Failed scenario screenshot got capturedT008_To verify the Tickets feature sort decending
[INFO ] 2024-11-20 14:29:29.307 [main] Testhooks - Execution Started
[INFO ] 2024-11-20 14:29:30.107 [main] Testhooks - Browser got launched
[INFO ] 2024-11-20 14:29:33.553 [main] Testhooks - Navigated to url
[INFO ] 2024-11-20 14:29:34.778 [main] Signinpage - User enters valid email address
[INFO ] 2024-11-20 14:29:34.968 [main] Signinpage - User enters valid password
[INFO ] 2024-11-20 14:29:35.101 [main] Signinpage - User clicks on signin button
[INFO ] 2024-11-20 14:29:35.101 [main] Members - >> Admin/User got logged in >>
[INFO ] 2024-11-20 14:29:41.321 [main] Memberspage - >> Admin/User got navigated to dashboard page
[INFO ] 2024-11-20 14:29:44.487 [main] Ticketspage - >> Admin/User got navigated to Tickets page
[INFO ] 2024-11-20 14:29:46.297 [main] Testhooks - Execution Started
[INFO ] 2024-11-20 14:29:47.086 [main] Testhooks - Browser got launched
[INFO ] 2024-11-20 14:29:56.118 [main] Testhooks - Navigated to url
[INFO ] 2024-11-20 14:29:57.423 [main] Signinpage - User enters valid email address
[INFO ] 2024-11-20 14:29:57.602 [main] Signinpage - User enters valid password
[INFO ] 2024-11-20 14:29:57.741 [main] Signinpage - User clicks on signin button
[INFO ] 2024-11-20 14:29:57.741 [main] Members - >> Admin/User got logged in >>
[INFO ] 2024-11-20 14:30:06.199 [main] Memberspage - >> Admin/User got navigated to dashboard page
[INFO ] 2024-11-20 14:30:07.960 [main] Testhooks - Failed scenario screenshot got capturedT0010_To verify the Tickets feature filter Created status Tickets
[INFO ] 2024-11-20 14:30:08.025 [main] Testhooks - Execution Started
[INFO ] 2024-11-20 14:30:09.254 [main] Testhooks - Browser got launched
[INFO ] 2024-11-20 14:30:20.656 [main] Testhooks - Navigated to url
[INFO ] 2024-11-20 14:30:22.066 [main] Signinpage - User enters valid email address
[INFO ] 2024-11-20 14:30:22.263 [main] Signinpage - User enters valid password
[INFO ] 2024-11-20 14:30:22.447 [main] Signinpage - User clicks on signin button
[INFO ] 2024-11-20 14:30:22.447 [main] Members - >> Admin/User got logged in >>
[INFO ] 2024-11-20 14:30:34.959 [main] Memberspage - >> Admin/User got navigated to dashboard page
[INFO ] 2024-11-20 14:31:04.272 [main] Ticketspage - >> Admin/User got navigated to Tickets page
[INFO ] 2024-11-20 14:31:06.557 [main] Testhooks - Failed scenario screenshot got capturedT0011_To verify the Tickets feature filter Reassigned status Tickets
[INFO ] 2024-11-20 14:31:06.609 [main] Testhooks - Execution Started
[INFO ] 2024-11-20 14:31:07.790 [main] Testhooks - Browser got launched
[INFO ] 2024-11-20 14:31:13.686 [main] Testhooks - Navigated to url
[INFO ] 2024-11-20 14:31:14.964 [main] Signinpage - User enters valid email address
[INFO ] 2024-11-20 14:31:15.157 [main] Signinpage - User enters valid password
[INFO ] 2024-11-20 14:31:15.300 [main] Signinpage - User clicks on signin button
[INFO ] 2024-11-20 14:31:15.300 [main] Members - >> Admin/User got logged in >>
[INFO ] 2024-11-20 14:31:18.635 [main] Memberspage - >> Admin/User got navigated to dashboard page
[INFO ] 2024-11-20 14:31:20.014 [main] Ticketspage - >> Admin/User got navigated to Tickets page
[INFO ] 2024-11-20 14:31:21.499 [main] Testhooks - Execution Started
[INFO ] 2024-11-20 14:31:22.507 [main] Testhooks - Browser got launched
[INFO ] 2024-11-20 14:31:24.546 [main] Testhooks - Navigated to url
[INFO ] 2024-11-20 14:31:25.919 [main] Signinpage - User enters valid email address
[INFO ] 2024-11-20 14:31:26.119 [main] Signinpage - User enters valid password
[INFO ] 2024-11-20 14:31:26.312 [main] Signinpage - User clicks on signin button
[INFO ] 2024-11-20 14:31:26.312 [main] Members - >> Admin/User got logged in >>
[INFO ] 2024-11-20 14:31:30.038 [main] Memberspage - >> Admin/User got navigated to dashboard page
[INFO ] 2024-11-20 14:31:39.658 [main] Ticketspage - >> Admin/User got navigated to Tickets page
[INFO ] 2024-11-20 14:31:41.506 [main] Testhooks - Execution Started
[INFO ] 2024-11-20 14:31:42.545 [main] Testhooks - Browser got launched
[INFO ] 2024-11-20 14:31:45.837 [main] Testhooks - Navigated to url
[INFO ] 2024-11-20 14:31:47.080 [main] Signinpage - User enters valid email address
[INFO ] 2024-11-20 14:31:47.282 [main] Signinpage - User enters valid password
[INFO ] 2024-11-20 14:31:47.425 [main] Signinpage - User clicks on signin button
[INFO ] 2024-11-20 14:31:47.426 [main] Members - >> Admin/User got logged in >>
[INFO ] 2024-11-20 14:31:52.740 [main] Memberspage - >> Admin/User got navigated to dashboard page
[INFO ] 2024-11-20 14:31:56.343 [main] Ticketspage - >> Admin/User got navigated to Tickets page
[INFO ] 2024-11-20 14:31:58.236 [main] Testhooks - Execution Started
[INFO ] 2024-11-20 14:31:59.524 [main] Testhooks - Browser got launched
[INFO ] 2024-11-20 14:32:08.296 [main] Testhooks - Navigated to url
[INFO ] 2024-11-20 14:32:09.735 [main] Signinpage - User enters valid email address
[INFO ] 2024-11-20 14:32:09.967 [main] Signinpage - User enters valid password
[INFO ] 2024-11-20 14:32:10.164 [main] Signinpage - User clicks on signin button
[INFO ] 2024-11-20 14:32:10.165 [main] Members - >> Admin/User got logged in >>
[INFO ] 2024-11-20 14:32:13.805 [main] Memberspage - >> Admin/User got navigated to dashboard page
[INFO ] 2024-11-20 14:32:17.222 [main] Ticketspage - >> Admin/User got navigated to Tickets page
[INFO ] 2024-11-20 14:32:19.110 [main] Testhooks - Execution Started
[INFO ] 2024-11-20 14:32:20.212 [main] Testhooks - Browser got launched
[INFO ] 2024-11-20 14:32:22.432 [main] Testhooks - Navigated to url
[INFO ] 2024-11-20 14:32:23.981 [main] Signinpage - User enters valid email address
[INFO ] 2024-11-20 14:32:24.245 [main] Signinpage - User enters valid password
[INFO ] 2024-11-20 14:32:24.471 [main] Signinpage - User clicks on signin button
[INFO ] 2024-11-20 14:32:24.471 [main] Members - >> Admin/User got logged in >>
[INFO ] 2024-11-20 14:32:27.991 [main] Memberspage - >> Admin/User got navigated to dashboard page
[INFO ] 2024-11-20 14:32:40.137 [main] Ticketspage - >> Admin/User got navigated to Tickets page
[INFO ] 2024-11-20 14:32:43.422 [main] Testhooks - Execution Started
[INFO ] 2024-11-20 14:32:44.441 [main] Testhooks - Browser got launched
[INFO ] 2024-11-20 14:32:46.881 [main] Testhooks - Navigated to url
[INFO ] 2024-11-20 14:32:48.493 [main] Signinpage - User enters valid email address
[INFO ] 2024-11-20 14:32:48.727 [main] Signinpage - User enters valid password
[INFO ] 2024-11-20 14:32:48.887 [main] Signinpage - User clicks on signin button
[INFO ] 2024-11-20 14:32:48.887 [main] Members - >> Admin/User got logged in >>
[INFO ] 2024-11-20 14:32:52.533 [main] Memberspage - >> Admin/User got navigated to dashboard page
[INFO ] 2024-11-20 14:32:55.349 [main] Ticketspage - >> Admin/User got navigated to Tickets page
[INFO ] 2024-11-20 14:32:56.610 [main] Ticketspage - >> User selected the Billboard number:
[INFO ] 2024-11-20 14:32:57.800 [main] Testhooks - Execution Started
[INFO ] 2024-11-20 14:32:58.852 [main] Testhooks - Browser got launched
[INFO ] 2024-11-20 14:33:07.090 [main] Testhooks - Navigated to url
[INFO ] 2024-11-20 14:33:08.386 [main] Signinpage - User enters valid email address
[INFO ] 2024-11-20 14:33:08.617 [main] Signinpage - User enters valid password
[INFO ] 2024-11-20 14:33:08.791 [main] Signinpage - User clicks on signin button
[INFO ] 2024-11-20 14:33:08.791 [main] Members - >> Admin/User got logged in >>
[INFO ] 2024-11-20 14:33:14.953 [main] Memberspage - >> Admin/User got navigated to dashboard page
[INFO ] 2024-11-20 14:33:18.749 [main] Ticketspage - >> Admin/User got navigated to Tickets page
[INFO ] 2024-11-20 14:33:20.354 [main] Ticketspage - >> User selected the assignee:
[INFO ] 2024-11-20 14:33:21.347 [main] Testhooks - Execution Started
[INFO ] 2024-11-20 14:33:22.429 [main] Testhooks - Browser got launched
[INFO ] 2024-11-20 14:33:24.715 [main] Testhooks - Navigated to url
[INFO ] 2024-11-20 14:33:25.978 [main] Signinpage - User enters valid email address
[INFO ] 2024-11-20 14:33:26.199 [main] Signinpage - User enters valid password
[INFO ] 2024-11-20 14:33:26.413 [main] Signinpage - User clicks on signin button
[INFO ] 2024-11-20 14:33:26.414 [main] Members - >> Admin/User got logged in >>
[INFO ] 2024-11-20 14:33:30.408 [main] Memberspage - >> Admin/User got navigated to dashboard page
[INFO ] 2024-11-20 14:33:41.827 [main] Ticketspage - >> Admin/User got navigated to Tickets page
[INFO ] 2024-11-20 14:33:42.949 [main] Ticketspage - >> User selected the city:
[INFO ] 2024-11-20 14:33:44.064 [main] Testhooks - Execution Started
[INFO ] 2024-11-20 14:33:47.036 [main] Testhooks - Browser got launched
[INFO ] 2024-11-20 14:33:49.802 [main] Testhooks - Navigated to url
[INFO ] 2024-11-20 14:33:51.123 [main] Signinpage - User enters valid email address
[INFO ] 2024-11-20 14:33:51.411 [main] Signinpage - User enters valid password
[INFO ] 2024-11-20 14:33:51.619 [main] Signinpage - User clicks on signin button
[INFO ] 2024-11-20 14:33:51.619 [main] Members - >> Admin/User got logged in >>
[INFO ] 2024-11-20 14:33:58.766 [main] Memberspage - >> Admin/User got navigated to dashboard page
[INFO ] 2024-11-20 14:34:15.134 [main] Ticketspage - >> Admin/User got navigated to Tickets page
[INFO ] 2024-11-20 14:34:17.685 [main] Ticketspage - >> User selected the department:
[INFO ] 2024-11-20 14:34:19.295 [main] Testhooks - Execution Started
[INFO ] 2024-11-20 14:34:25.126 [main] Testhooks - Browser got launched
[INFO ] 2024-11-20 14:34:29.019 [main] Testhooks - Navigated to url
[INFO ] 2024-11-20 14:34:37.914 [main] Signinpage - User enters valid email address
[INFO ] 2024-11-20 14:34:39.446 [main] Signinpage - User enters valid password
[INFO ] 2024-11-20 14:34:39.946 [main] Signinpage - User clicks on signin button
[INFO ] 2024-11-20 14:34:39.946 [main] Members - >> Admin/User got logged in >>
[INFO ] 2024-11-20 14:34:43.368 [main] Memberspage - >> Admin/User got navigated to dashboard page
[INFO ] 2024-11-20 14:34:47.967 [main] Ticketspage - >> Admin/User got navigated to Tickets page
[INFO ] 2024-11-20 14:34:56.176 [main] Testhooks - Execution Started
[INFO ] 2024-11-20 14:34:59.638 [main] Testhooks - Browser got launched
[INFO ] 2024-11-20 14:35:11.913 [main] Testhooks - Navigated to url
[INFO ] 2024-11-20 14:35:14.780 [main] Signinpage - User enters valid email address
[INFO ] 2024-11-20 14:35:15.447 [main] Signinpage - User enters valid password
[INFO ] 2024-11-20 14:35:15.838 [main] Signinpage - User clicks on signin button
[INFO ] 2024-11-20 14:35:15.838 [main] Members - >> Admin/User got logged in >>
[INFO ] 2024-11-20 14:35:40.304 [main] Testhooks - Execution Started
[INFO ] 2024-11-20 14:35:40.514 [main] Testhooks - Execution Started
[INFO ] 2024-11-20 14:35:40.706 [main] Testhooks - Execution Started
[INFO ] 2024-11-20 14:35:40.897 [main] Testhooks - Execution Started
[INFO ] 2024-11-20 14:35:41.078 [main] Testhooks - Execution Started
[INFO ] 2024-11-20 14:35:41.266 [main] Testhooks - Execution Started
[INFO ] 2024-11-20 14:35:41.458 [main] Testhooks - Execution Started
[INFO ] 2024-11-20 14:35:41.733 [main] Testhooks - Execution Started
[INFO ] 2024-11-20 14:35:41.967 [main] Testhooks - Execution Started
[INFO ] 2024-11-20 14:35:42.167 [main] Testhooks - Execution Started
[INFO ] 2024-11-20 14:35:42.342 [main] Testhooks - Execution Started
[INFO ] 2024-11-20 14:35:42.517 [main] Testhooks - Execution Started
[INFO ] 2024-11-20 14:35:42.636 [main] Testhooks - Execution Started
[INFO ] 2024-11-20 14:35:42.808 [main] Testhooks - Execution Started
[INFO ] 2024-11-20 14:35:42.977 [main] Testhooks - Execution Started
[INFO ] 2024-11-20 14:35:43.145 [main] Testhooks - Execution Started
[INFO ] 2024-11-20 14:35:43.317 [main] Testhooks - Execution Started
[INFO ] 2024-11-20 14:35:43.486 [main] Testhooks - Execution Started
[INFO ] 2024-11-20 14:35:43.601 [main] Testhooks - Execution Started
[INFO ] 2024-11-20 14:35:43.771 [main] Testhooks - Execution Started
[INFO ] 2024-11-20 14:35:43.961 [main] Testhooks - Execution Started
[INFO ] 2024-11-20 14:35:44.135 [main] Testhooks - Execution Started
[INFO ] 2024-11-20 14:35:44.306 [main] Testhooks - Execution Started
[INFO ] 2024-11-20 14:35:44.480 [main] Testhooks - Execution Started
[INFO ] 2024-11-20 14:35:44.650 [main] Testhooks - Execution Started
[INFO ] 2024-11-20 14:35:46.877 [main] Testhooks - Execution Started
[INFO ] 2024-11-20 14:35:47.051 [main] Testhooks - Execution Started
[INFO ] 2024-11-20 14:35:47.221 [main] Testhooks - Execution Started
>>>>>>> refs/heads/dev
=======
[INFO ] 2024-06-25 09:37:26.208 [main] Testhooks - Execution Started
[INFO ] 2024-06-25 09:37:27.334 [main] Testhooks - Browser got launched
[INFO ] 2024-06-25 09:37:31.691 [main] Testhooks - Navigated to url
[INFO ] 2024-06-25 09:37:32.000 [main] Testhooks - Page is zoomed out
[INFO ] 2024-06-25 09:37:33.128 [main] Signinpage - User enters valid email address
[INFO ] 2024-06-25 09:37:33.406 [main] Signinpage - User enters valid password
[INFO ] 2024-06-25 09:37:33.641 [main] Signinpage - User clicked password_field_eyeicon
[INFO ] 2024-06-25 09:37:33.879 [main] Signinpage - User clicks on signin button
[INFO ] 2024-06-25 09:37:36.607 [main] Signinpage - Al-Arabia user got signed in successfully
[INFO ] 2024-06-25 09:37:36.834 [main] Signinpage - Al-Arabia user got signed in successfully
[INFO ] 2024-06-25 09:37:37.026 [main] Testhooks - Browser got closed
[INFO ] 2024-06-25 09:37:37.055 [main] Testhooks - Execution Started
[INFO ] 2024-06-25 09:37:37.715 [main] Testhooks - Browser got launched
[INFO ] 2024-06-25 09:37:43.491 [main] Testhooks - Navigated to url
[INFO ] 2024-06-25 09:37:43.498 [main] Testhooks - Page is zoomed out
[INFO ] 2024-06-25 09:37:45.066 [main] Signinpage - User clicked password_field_eyeicon
[INFO ] 2024-06-25 09:37:45.266 [main] Signinpage - User got an invalid username and password error message
[INFO ] 2024-06-25 09:37:45.507 [main] Testhooks - Browser got closed
[INFO ] 2024-06-25 09:37:45.520 [main] Testhooks - Execution Started
[INFO ] 2024-06-25 09:37:46.112 [main] Testhooks - Browser got launched
[INFO ] 2024-06-25 09:37:50.778 [main] Testhooks - Navigated to url
[INFO ] 2024-06-25 09:37:50.781 [main] Testhooks - Page is zoomed out
[INFO ] 2024-06-25 09:37:51.889 [main] Signinpage - User enters valid email address
[INFO ] 2024-06-25 09:37:52.384 [main] Signinpage - User clicked password_field_eyeicon
[INFO ] 2024-06-25 09:37:52.578 [main] Signinpage - User got a must contain one number error message
[INFO ] 2024-06-25 09:37:52.818 [main] Testhooks - Browser got closed
[INFO ] 2024-06-25 09:37:52.832 [main] Testhooks - Execution Started
[INFO ] 2024-06-25 09:37:53.497 [main] Testhooks - Browser got launched
[INFO ] 2024-06-25 09:37:57.653 [main] Testhooks - Navigated to url
[INFO ] 2024-06-25 09:37:57.659 [main] Testhooks - Page is zoomed out
[INFO ] 2024-06-25 09:37:59.036 [main] Signinpage - User enters valid password
[INFO ] 2024-06-25 09:37:59.249 [main] Signinpage - User clicked password_field_eyeicon
[INFO ] 2024-06-25 09:37:59.442 [main] Signinpage - User got an invalid username and password error message
[INFO ] 2024-06-25 09:37:59.688 [main] Testhooks - Browser got closed
[INFO ] 2024-06-25 09:37:59.702 [main] Testhooks - Execution Started
[INFO ] 2024-06-25 09:38:00.339 [main] Testhooks - Browser got launched
[INFO ] 2024-06-25 09:38:04.483 [main] Testhooks - Navigated to url
[INFO ] 2024-06-25 09:38:04.490 [main] Testhooks - Page is zoomed out
[INFO ] 2024-06-25 09:38:05.600 [main] Signinpage - User enters valid email address
[INFO ] 2024-06-25 09:38:06.039 [main] Signinpage - User clicked password_field_eyeicon
[INFO ] 2024-06-25 09:38:06.247 [main] Signinpage - User got a must contain one special case character error message
[INFO ] 2024-06-25 09:38:06.486 [main] Testhooks - Browser got closed
[INFO ] 2024-06-25 09:38:06.495 [main] Testhooks - Execution Started
[INFO ] 2024-06-25 09:38:07.087 [main] Testhooks - Browser got launched
[INFO ] 2024-06-25 09:38:12.047 [main] Testhooks - Navigated to url
[INFO ] 2024-06-25 09:38:12.052 [main] Testhooks - Page is zoomed out
[INFO ] 2024-06-25 09:38:13.170 [main] Signinpage - User enters valid email address
[INFO ] 2024-06-25 09:38:13.665 [main] Signinpage - User clicked password_field_eyeicon
[INFO ] 2024-06-25 09:38:13.838 [main] Signinpage - User got a must contain one uppercase character error message
[INFO ] 2024-06-25 09:38:14.089 [main] Testhooks - Browser got closed
[INFO ] 2024-06-25 09:38:14.098 [main] Testhooks - Execution Started
[INFO ] 2024-06-25 09:38:14.702 [main] Testhooks - Browser got launched
[INFO ] 2024-06-25 09:38:18.800 [main] Testhooks - Navigated to url
[INFO ] 2024-06-25 09:38:18.806 [main] Testhooks - Page is zoomed out
[INFO ] 2024-06-25 09:38:19.929 [main] Signinpage - User enters valid email address
[INFO ] 2024-06-25 09:38:20.376 [main] Signinpage - User clicked password_field_eyeicon
[INFO ] 2024-06-25 09:38:20.578 [main] Signinpage - User got a password_is_too_short_error message
[INFO ] 2024-06-25 09:38:20.796 [main] Testhooks - Browser got closed
[INFO ] 2024-06-25 09:38:20.804 [main] Testhooks - Execution Started
[INFO ] 2024-06-25 09:38:21.418 [main] Testhooks - Browser got launched
[INFO ] 2024-06-25 09:38:26.304 [main] Testhooks - Navigated to url
[INFO ] 2024-06-25 09:38:26.308 [main] Testhooks - Page is zoomed out
[INFO ] 2024-06-25 09:38:27.805 [main] Signinpage - User has got the emailphoneNo_required_error
[INFO ] 2024-06-25 09:38:28.032 [main] Testhooks - Browser got closed
[INFO ] 2024-06-25 09:38:28.040 [main] Testhooks - Execution Started
[INFO ] 2024-06-25 09:38:28.650 [main] Testhooks - Browser got launched
[INFO ] 2024-06-25 09:38:32.716 [main] Testhooks - Navigated to url
[INFO ] 2024-06-25 09:38:32.721 [main] Testhooks - Page is zoomed out
[INFO ] 2024-06-25 09:38:34.773 [main] Testhooks - Browser got closed
[INFO ] 2024-06-25 09:38:34.778 [main] Testhooks - Execution Started
[INFO ] 2024-06-25 09:38:35.371 [main] Testhooks - Browser got launched
[INFO ] 2024-06-25 09:38:40.487 [main] Testhooks - Navigated to url
[INFO ] 2024-06-25 09:38:40.493 [main] Testhooks - Page is zoomed out
[INFO ] 2024-06-25 09:38:42.307 [main] Testhooks - Browser got closed
[INFO ] 2024-06-25 09:38:42.312 [main] Testhooks - Execution Started
[INFO ] 2024-06-25 09:38:42.891 [main] Testhooks - Browser got launched
[INFO ] 2024-06-25 09:38:46.969 [main] Testhooks - Navigated to url
[INFO ] 2024-06-25 09:38:46.976 [main] Testhooks - Page is zoomed out
[INFO ] 2024-06-25 09:38:48.747 [main] Testhooks - Browser got closed
[INFO ] 2024-06-25 09:38:48.796 [main] Testhooks - Execution Started
[INFO ] 2024-06-25 09:38:49.413 [main] Testhooks - Browser got launched
[INFO ] 2024-06-25 09:38:53.487 [main] Testhooks - Navigated to url
[INFO ] 2024-06-25 09:38:53.493 [main] Testhooks - Page is zoomed out
[INFO ] 2024-06-25 09:38:54.604 [main] Signinpage - User enters valid email address
[INFO ] 2024-06-25 09:38:54.684 [main] Signinpage - User enters valid password
[INFO ] 2024-06-25 09:38:54.746 [main] Signinpage - User clicks on signin button
[INFO ] 2024-06-25 09:38:54.746 [main] Members - >> Admin/User got logged in >>
[INFO ] 2024-06-25 09:38:57.277 [main] Memberspage - >> Admin/User got navigated to dashboard page
[INFO ] 2024-06-25 09:38:59.013 [main] Memberspage - >> Admin/User got navigated to members page
[INFO ] 2024-06-25 09:38:59.151 [main] Memberspage - >> The members dashboard list page got displayed
[INFO ] 2024-06-25 09:38:59.151 [main] Members - >> Admin/user got the members dashboard page >>
[INFO ] 2024-06-25 09:38:59.316 [main] Testhooks - Browser got closed
[INFO ] 2024-06-25 09:38:59.321 [main] Testhooks - Execution Started
[INFO ] 2024-06-25 09:38:59.915 [main] Testhooks - Browser got launched
[INFO ] 2024-06-25 09:39:04.050 [main] Testhooks - Navigated to url
[INFO ] 2024-06-25 09:39:04.056 [main] Testhooks - Page is zoomed out
[INFO ] 2024-06-25 09:39:05.190 [main] Signinpage - User enters valid email address
[INFO ] 2024-06-25 09:39:05.282 [main] Signinpage - User enters valid password
[INFO ] 2024-06-25 09:39:05.344 [main] Signinpage - User clicks on signin button
[INFO ] 2024-06-25 09:39:05.344 [main] Members - >> Admin/User got logged in >>
[INFO ] 2024-06-25 09:39:07.980 [main] Memberspage - >> Admin/User got navigated to dashboard page
[INFO ] 2024-06-25 09:39:09.865 [main] Memberspage - >> Admin/User got navigated to members page
[INFO ] 2024-06-25 09:39:10.047 [main] Memberspage - >> User clicked the invite member button
[INFO ] 2024-06-25 09:39:10.381 [main] Memberspage - >> User clicked the invite member button
[INFO ] 2024-06-25 09:39:10.607 [main] Memberspage - >> User selected the role:Supervisor
[INFO ] 2024-06-25 09:39:10.847 [main] Memberspage - >> User selected the role:Installation
[INFO ] 2024-06-25 09:39:10.967 [main] Members - >> User got the invitation mail successfully >>
[INFO ] 2024-06-25 09:39:11.154 [main] Testhooks - Browser got closed
[INFO ] 2024-06-25 09:39:11.160 [main] Testhooks - Execution Started
[INFO ] 2024-06-25 09:39:11.810 [main] Testhooks - Browser got launched
[INFO ] 2024-06-25 09:39:15.947 [main] Testhooks - Navigated to url
[INFO ] 2024-06-25 09:39:15.953 [main] Testhooks - Page is zoomed out
[INFO ] 2024-06-25 09:39:17.073 [main] Signinpage - User enters valid email address
[INFO ] 2024-06-25 09:39:17.155 [main] Signinpage - User enters valid password
[INFO ] 2024-06-25 09:39:17.209 [main] Signinpage - User clicks on signin button
[INFO ] 2024-06-25 09:39:17.209 [main] Members - >> Admin/User got logged in >>
[INFO ] 2024-06-25 09:39:19.757 [main] Memberspage - >> Admin/User got navigated to dashboard page
[INFO ] 2024-06-25 09:39:21.513 [main] Memberspage - >> Admin/User got navigated to members page
[INFO ] 2024-06-25 09:39:22.116 [main] Testhooks - Browser got closed
[INFO ] 2024-06-25 09:39:22.123 [main] Testhooks - Execution Started
[INFO ] 2024-06-25 09:39:22.712 [main] Testhooks - Browser got launched
[INFO ] 2024-06-25 09:39:27.439 [main] Testhooks - Navigated to url
[INFO ] 2024-06-25 09:39:27.446 [main] Testhooks - Page is zoomed out
[INFO ] 2024-06-25 09:39:28.562 [main] Signinpage - User enters valid email address
[INFO ] 2024-06-25 09:39:28.638 [main] Signinpage - User enters valid password
[INFO ] 2024-06-25 09:39:28.701 [main] Signinpage - User clicks on signin button
[INFO ] 2024-06-25 09:39:28.702 [main] Members - >> Admin/User got logged in >>
[INFO ] 2024-06-25 09:39:31.070 [main] Memberspage - >> Admin/User got navigated to dashboard page
[INFO ] 2024-06-25 09:39:31.750 [main] Memberspage - >> Admin/User got navigated to members page
[INFO ] 2024-06-25 09:39:33.457 [main] Testhooks - Browser got closed
[INFO ] 2024-06-25 09:39:33.462 [main] Testhooks - Execution Started
[INFO ] 2024-06-25 09:39:34.065 [main] Testhooks - Browser got launched
[INFO ] 2024-06-25 09:39:38.239 [main] Testhooks - Navigated to url
[INFO ] 2024-06-25 09:39:38.244 [main] Testhooks - Page is zoomed out
[INFO ] 2024-06-25 09:39:39.362 [main] Signinpage - User enters valid email address
[INFO ] 2024-06-25 09:39:39.440 [main] Signinpage - User enters valid password
[INFO ] 2024-06-25 09:39:39.495 [main] Signinpage - User clicks on signin button
[INFO ] 2024-06-25 09:39:39.495 [main] Members - >> Admin/User got logged in >>
[INFO ] 2024-06-25 09:39:42.143 [main] Memberspage - >> Admin/User got navigated to dashboard page
[INFO ] 2024-06-25 09:39:43.716 [main] Memberspage - >> Admin/User got navigated to members page
[INFO ] 2024-06-25 09:39:44.291 [main] Testhooks - Browser got closed
[INFO ] 2024-06-25 09:39:44.297 [main] Testhooks - Execution Started
[INFO ] 2024-06-25 09:39:44.885 [main] Testhooks - Browser got launched
[INFO ] 2024-06-25 09:39:48.997 [main] Testhooks - Navigated to url
[INFO ] 2024-06-25 09:39:49.001 [main] Testhooks - Page is zoomed out
[INFO ] 2024-06-25 09:39:50.116 [main] Signinpage - User enters valid email address
[INFO ] 2024-06-25 09:39:50.192 [main] Signinpage - User enters valid password
[INFO ] 2024-06-25 09:39:50.246 [main] Signinpage - User clicks on signin button
[INFO ] 2024-06-25 09:39:50.246 [main] Members - >> Admin/User got logged in >>
[INFO ] 2024-06-25 09:39:52.713 [main] Memberspage - >> Admin/User got navigated to dashboard page
[INFO ] 2024-06-25 09:39:54.431 [main] Memberspage - >> Admin/User got navigated to members page
[INFO ] 2024-06-25 09:39:55.014 [main] Testhooks - Browser got closed
[INFO ] 2024-06-25 09:39:55.021 [main] Testhooks - Execution Started
[INFO ] 2024-06-25 09:39:55.607 [main] Testhooks - Browser got launched
[INFO ] 2024-06-25 09:39:59.716 [main] Testhooks - Navigated to url
[INFO ] 2024-06-25 09:39:59.720 [main] Testhooks - Page is zoomed out
[INFO ] 2024-06-25 09:40:00.834 [main] Signinpage - User enters valid email address
[INFO ] 2024-06-25 09:40:00.914 [main] Signinpage - User enters valid password
[INFO ] 2024-06-25 09:40:00.969 [main] Signinpage - User clicks on signin button
[INFO ] 2024-06-25 09:40:00.969 [main] Members - >> Admin/User got logged in >>
[INFO ] 2024-06-25 09:40:03.591 [main] Memberspage - >> Admin/User got navigated to dashboard page
[INFO ] 2024-06-25 09:40:06.749 [main] Memberspage - >> Admin/User got navigated to members page
[INFO ] 2024-06-25 09:40:07.242 [main] Testhooks - Browser got closed
[INFO ] 2024-06-25 09:40:07.247 [main] Testhooks - Execution Started
[INFO ] 2024-06-25 09:40:07.860 [main] Testhooks - Browser got launched
[INFO ] 2024-06-25 09:40:11.963 [main] Testhooks - Navigated to url
[INFO ] 2024-06-25 09:40:11.968 [main] Testhooks - Page is zoomed out
[INFO ] 2024-06-25 09:40:13.077 [main] Signinpage - User enters valid email address
[INFO ] 2024-06-25 09:40:13.154 [main] Signinpage - User enters valid password
[INFO ] 2024-06-25 09:40:13.210 [main] Signinpage - User clicks on signin button
[INFO ] 2024-06-25 09:40:13.211 [main] Members - >> Admin/User got logged in >>
[INFO ] 2024-06-25 09:40:15.910 [main] Memberspage - >> Admin/User got navigated to dashboard page
[INFO ] 2024-06-25 09:40:17.441 [main] Memberspage - >> Admin/User got navigated to members page
[INFO ] 2024-06-25 09:40:18.426 [main] Testhooks - Browser got closed
[INFO ] 2024-06-25 09:40:18.431 [main] Testhooks - Execution Started
[INFO ] 2024-06-25 09:40:19.049 [main] Testhooks - Browser got launched
[INFO ] 2024-06-25 09:40:23.286 [main] Testhooks - Navigated to url
[INFO ] 2024-06-25 09:40:23.293 [main] Testhooks - Page is zoomed out
[INFO ] 2024-06-25 09:40:24.420 [main] Signinpage - User enters valid email address
[INFO ] 2024-06-25 09:40:24.519 [main] Signinpage - User enters valid password
[INFO ] 2024-06-25 09:40:24.576 [main] Signinpage - User clicks on signin button
[INFO ] 2024-06-25 09:40:24.576 [main] Members - >> Admin/User got logged in >>
[INFO ] 2024-06-25 09:40:27.285 [main] Memberspage - >> Admin/User got navigated to dashboard page
[INFO ] 2024-06-25 09:40:28.799 [main] Memberspage - >> Admin/User got navigated to members page
[INFO ] 2024-06-25 09:40:29.503 [main] Testhooks - Browser got closed
[INFO ] 2024-06-25 09:40:29.509 [main] Testhooks - Execution Started
[INFO ] 2024-06-25 09:40:30.146 [main] Testhooks - Browser got launched
[INFO ] 2024-06-25 09:40:34.779 [main] Testhooks - Navigated to url
[INFO ] 2024-06-25 09:40:34.785 [main] Testhooks - Page is zoomed out
[INFO ] 2024-06-25 09:40:35.906 [main] Signinpage - User enters valid email address
[INFO ] 2024-06-25 09:40:35.978 [main] Signinpage - User enters valid password
[INFO ] 2024-06-25 09:40:36.044 [main] Signinpage - User clicks on signin button
[INFO ] 2024-06-25 09:40:36.045 [main] Members - >> Admin/User got logged in >>
[INFO ] 2024-06-25 09:40:38.728 [main] Memberspage - >> Admin/User got navigated to dashboard page
[INFO ] 2024-06-25 09:40:40.277 [main] Memberspage - >> Admin/User got navigated to members page
[INFO ] 2024-06-25 09:40:41.052 [main] Testhooks - Browser got closed
[INFO ] 2024-06-25 09:40:41.056 [main] Testhooks - Execution Started
[INFO ] 2024-06-25 09:40:41.650 [main] Testhooks - Browser got launched
[INFO ] 2024-06-25 09:40:45.734 [main] Testhooks - Navigated to url
[INFO ] 2024-06-25 09:40:45.742 [main] Testhooks - Page is zoomed out
[INFO ] 2024-06-25 09:40:46.860 [main] Signinpage - User enters valid email address
[INFO ] 2024-06-25 09:40:46.937 [main] Signinpage - User enters valid password
[INFO ] 2024-06-25 09:40:46.992 [main] Signinpage - User clicks on signin button
[INFO ] 2024-06-25 09:40:46.992 [main] Members - >> Admin/User got logged in >>
[INFO ] 2024-06-25 09:40:49.553 [main] Memberspage - >> Admin/User got navigated to dashboard page
[INFO ] 2024-06-25 09:40:51.415 [main] Memberspage - >> Admin/User got navigated to members page
[INFO ] 2024-06-25 09:41:32.218 [main] Testhooks - Failed scenario screenshot got capturedT011_To verify the members feature filter pending status members
[INFO ] 2024-06-25 09:41:32.291 [main] Testhooks - Browser got closed
[INFO ] 2024-06-25 09:41:32.300 [main] Testhooks - Execution Started
[INFO ] 2024-06-25 09:41:32.889 [main] Testhooks - Browser got launched
[INFO ] 2024-06-25 09:41:38.037 [main] Testhooks - Navigated to url
[INFO ] 2024-06-25 09:41:38.042 [main] Testhooks - Page is zoomed out
[INFO ] 2024-06-25 09:41:39.160 [main] Signinpage - User enters valid email address
[INFO ] 2024-06-25 09:41:39.234 [main] Signinpage - User enters valid password
[INFO ] 2024-06-25 09:41:39.317 [main] Signinpage - User clicks on signin button
[INFO ] 2024-06-25 09:41:39.317 [main] Members - >> Admin/User got logged in >>
[INFO ] 2024-06-25 09:41:42.109 [main] Memberspage - >> Admin/User got navigated to dashboard page
[INFO ] 2024-06-25 09:41:43.585 [main] Memberspage - >> Admin/User got navigated to members page
[INFO ] 2024-06-25 09:41:44.380 [main] Testhooks - Browser got closed
[INFO ] 2024-06-25 09:41:44.386 [main] Testhooks - Execution Started
[INFO ] 2024-06-25 09:41:45.001 [main] Testhooks - Browser got launched
[INFO ] 2024-06-25 09:41:49.744 [main] Testhooks - Navigated to url
[INFO ] 2024-06-25 09:41:49.748 [main] Testhooks - Page is zoomed out
[INFO ] 2024-06-25 09:41:50.850 [main] Signinpage - User enters valid email address
[INFO ] 2024-06-25 09:41:50.922 [main] Signinpage - User enters valid password
[INFO ] 2024-06-25 09:41:50.974 [main] Signinpage - User clicks on signin button
[INFO ] 2024-06-25 09:41:50.974 [main] Members - >> Admin/User got logged in >>
[INFO ] 2024-06-25 09:41:53.643 [main] Memberspage - >> Admin/User got navigated to dashboard page
[INFO ] 2024-06-25 09:41:55.297 [main] Memberspage - >> Admin/User got navigated to members page
[INFO ] 2024-06-25 09:41:56.107 [main] Testhooks - Browser got closed
[INFO ] 2024-06-25 09:41:56.112 [main] Testhooks - Execution Started
[INFO ] 2024-06-25 09:41:56.687 [main] Testhooks - Browser got launched
[INFO ] 2024-06-25 09:42:01.305 [main] Testhooks - Navigated to url
[INFO ] 2024-06-25 09:42:01.312 [main] Testhooks - Page is zoomed out
[INFO ] 2024-06-25 09:42:02.417 [main] Signinpage - User enters valid email address
[INFO ] 2024-06-25 09:42:02.491 [main] Signinpage - User enters valid password
[INFO ] 2024-06-25 09:42:02.545 [main] Signinpage - User clicks on signin button
[INFO ] 2024-06-25 09:42:02.545 [main] Members - >> Admin/User got logged in >>
[INFO ] 2024-06-25 09:42:06.607 [main] Memberspage - >> Admin/User got navigated to dashboard page
[INFO ] 2024-06-25 09:42:08.033 [main] Memberspage - >> Admin/User got navigated to members page
[INFO ] 2024-06-25 09:42:08.821 [main] Testhooks - Browser got closed
[INFO ] 2024-06-25 09:42:08.825 [main] Testhooks - Execution Started
[INFO ] 2024-06-25 09:42:09.410 [main] Testhooks - Browser got launched
[INFO ] 2024-06-25 09:42:13.953 [main] Testhooks - Navigated to url
[INFO ] 2024-06-25 09:42:13.957 [main] Testhooks - Page is zoomed out
[INFO ] 2024-06-25 09:42:15.073 [main] Signinpage - User enters valid email address
[INFO ] 2024-06-25 09:42:15.152 [main] Signinpage - User enters valid password
[INFO ] 2024-06-25 09:42:15.205 [main] Signinpage - User clicks on signin button
[INFO ] 2024-06-25 09:42:15.205 [main] Members - >> Admin/User got logged in >>
[INFO ] 2024-06-25 09:42:17.687 [main] Memberspage - >> Admin/User got navigated to dashboard page
[INFO ] 2024-06-25 09:42:19.481 [main] Memberspage - >> Admin/User got navigated to members page
[INFO ] 2024-06-25 09:42:20.271 [main] Testhooks - Browser got closed
[INFO ] 2024-06-25 09:42:20.276 [main] Testhooks - Execution Started
[INFO ] 2024-06-25 09:42:20.868 [main] Testhooks - Browser got launched
[INFO ] 2024-06-25 09:42:25.758 [main] Testhooks - Navigated to url
[INFO ] 2024-06-25 09:42:25.763 [main] Testhooks - Page is zoomed out
[INFO ] 2024-06-25 09:42:26.869 [main] Signinpage - User enters valid email address
[INFO ] 2024-06-25 09:42:26.945 [main] Signinpage - User enters valid password
[INFO ] 2024-06-25 09:42:27.000 [main] Signinpage - User clicks on signin button
[INFO ] 2024-06-25 09:42:27.000 [main] Members - >> Admin/User got logged in >>
[INFO ] 2024-06-25 09:42:29.476 [main] Memberspage - >> Admin/User got navigated to dashboard page
[INFO ] 2024-06-25 09:42:32.688 [main] Memberspage - >> Admin/User got navigated to members page
[INFO ] 2024-06-25 09:42:33.600 [main] Testhooks - Browser got closed
[INFO ] 2024-06-25 09:42:33.604 [main] Testhooks - Execution Started
[INFO ] 2024-06-25 09:42:34.222 [main] Testhooks - Browser got launched
[INFO ] 2024-06-25 09:42:39.911 [main] Testhooks - Navigated to url
[INFO ] 2024-06-25 09:42:39.916 [main] Testhooks - Page is zoomed out
[INFO ] 2024-06-25 09:42:41.019 [main] Signinpage - User enters valid email address
[INFO ] 2024-06-25 09:42:41.093 [main] Signinpage - User enters valid password
[INFO ] 2024-06-25 09:42:41.147 [main] Signinpage - User clicks on signin button
[INFO ] 2024-06-25 09:42:41.147 [main] Members - >> Admin/User got logged in >>
[INFO ] 2024-06-25 09:42:43.542 [main] Memberspage - >> Admin/User got navigated to dashboard page
[INFO ] 2024-06-25 09:42:45.392 [main] Memberspage - >> Admin/User got navigated to members page
[INFO ] 2024-06-25 09:42:46.237 [main] Testhooks - Browser got closed
[INFO ] 2024-06-25 09:42:46.242 [main] Testhooks - Execution Started
[INFO ] 2024-06-25 09:42:46.851 [main] Testhooks - Browser got launched
[INFO ] 2024-06-25 09:42:52.063 [main] Testhooks - Navigated to url
[INFO ] 2024-06-25 09:42:52.067 [main] Testhooks - Page is zoomed out
[INFO ] 2024-06-25 09:42:53.172 [main] Signinpage - User enters valid email address
[INFO ] 2024-06-25 09:42:53.244 [main] Signinpage - User enters valid password
[INFO ] 2024-06-25 09:42:53.297 [main] Signinpage - User clicks on signin button
[INFO ] 2024-06-25 09:42:53.297 [main] Members - >> Admin/User got logged in >>
[INFO ] 2024-06-25 09:42:55.765 [main] Memberspage - >> Admin/User got navigated to dashboard page
[INFO ] 2024-06-25 09:42:57.578 [main] Memberspage - >> Admin/User got navigated to members page
[INFO ] 2024-06-25 09:43:19.028 [main] Testhooks - Browser got closed
[INFO ] 2024-06-25 09:43:19.032 [main] Testhooks - Execution Started
[INFO ] 2024-06-25 09:43:19.637 [main] Testhooks - Browser got launched
[INFO ] 2024-06-25 09:43:25.593 [main] Testhooks - Navigated to url
[INFO ] 2024-06-25 09:43:25.598 [main] Testhooks - Page is zoomed out
[INFO ] 2024-06-25 09:43:26.701 [main] Signinpage - User enters valid email address
[INFO ] 2024-06-25 09:43:26.774 [main] Signinpage - User enters valid password
[INFO ] 2024-06-25 09:43:26.827 [main] Signinpage - User clicks on signin button
[INFO ] 2024-06-25 09:43:26.827 [main] Members - >> Admin/User got logged in >>
[INFO ] 2024-06-25 09:43:29.524 [main] Memberspage - >> Admin/User got navigated to dashboard page
[INFO ] 2024-06-25 09:43:32.681 [main] Memberspage - >> Admin/User got navigated to members page
[INFO ] 2024-06-25 09:43:33.346 [main] Testhooks - Browser got closed
[INFO ] 2024-06-25 09:43:33.352 [main] Testhooks - Execution Started
[INFO ] 2024-06-25 09:43:33.932 [main] Testhooks - Browser got launched
[INFO ] 2024-06-25 09:43:37.945 [main] Testhooks - Navigated to url
[INFO ] 2024-06-25 09:43:37.950 [main] Testhooks - Page is zoomed out
[INFO ] 2024-06-25 09:43:39.076 [main] Signinpage - User enters valid email address
[INFO ] 2024-06-25 09:43:39.148 [main] Signinpage - User enters valid password
[INFO ] 2024-06-25 09:43:39.207 [main] Signinpage - User clicks on signin button
[INFO ] 2024-06-25 09:43:39.207 [main] Members - >> Admin/User got logged in >>
[INFO ] 2024-06-25 09:43:41.957 [main] Memberspage - >> Admin/User got navigated to dashboard page
[INFO ] 2024-06-25 09:43:43.392 [main] Memberspage - >> Admin/User got navigated to members page
[INFO ] 2024-06-25 09:43:43.983 [main] Testhooks - Browser got closed
[INFO ] 2024-06-25 09:43:43.989 [main] Testhooks - Execution Started
[INFO ] 2024-06-25 09:43:44.574 [main] Testhooks - Browser got launched
[INFO ] 2024-06-25 09:43:49.151 [main] Testhooks - Navigated to url
[INFO ] 2024-06-25 09:43:49.155 [main] Testhooks - Page is zoomed out
[INFO ] 2024-06-25 09:43:50.281 [main] Signinpage - User enters valid email address
[INFO ] 2024-06-25 09:43:50.355 [main] Signinpage - User enters valid password
[INFO ] 2024-06-25 09:43:50.408 [main] Signinpage - User clicks on signin button
[INFO ] 2024-06-25 09:43:50.408 [main] Members - >> Admin/User got logged in >>
[INFO ] 2024-06-25 09:43:53.021 [main] Memberspage - >> Admin/User got navigated to dashboard page
[INFO ] 2024-06-25 09:43:54.699 [main] Memberspage - >> Admin/User got navigated to members page
[INFO ] 2024-06-25 09:43:55.325 [main] Testhooks - Browser got closed
[INFO ] 2024-06-25 09:43:55.330 [main] Testhooks - Execution Started
[INFO ] 2024-06-25 09:43:55.939 [main] Testhooks - Browser got launched
[INFO ] 2024-06-25 09:44:00.437 [main] Testhooks - Navigated to url
[INFO ] 2024-06-25 09:44:00.442 [main] Testhooks - Page is zoomed out
[INFO ] 2024-06-25 09:44:01.561 [main] Signinpage - User enters valid email address
[INFO ] 2024-06-25 09:44:01.636 [main] Signinpage - User enters valid password
[INFO ] 2024-06-25 09:44:01.696 [main] Signinpage - User clicks on signin button
[INFO ] 2024-06-25 09:44:01.696 [main] Members - >> Admin/User got logged in >>
[INFO ] 2024-06-25 09:44:04.422 [main] Memberspage - >> Admin/User got navigated to dashboard page
[INFO ] 2024-06-25 09:44:06.897 [main] Memberspage - >> Admin/User got navigated to members page
[INFO ] 2024-06-25 09:44:07.611 [main] Testhooks - Browser got closed
[INFO ] 2024-06-25 09:44:07.616 [main] Testhooks - Execution Started
[INFO ] 2024-06-25 09:44:08.197 [main] Testhooks - Browser got launched
[INFO ] 2024-06-25 09:44:14.014 [main] Testhooks - Navigated to url
[INFO ] 2024-06-25 09:44:14.018 [main] Testhooks - Page is zoomed out
[INFO ] 2024-06-25 09:44:15.127 [main] Signinpage - User enters valid email address
[INFO ] 2024-06-25 09:44:15.202 [main] Signinpage - User enters valid password
[INFO ] 2024-06-25 09:44:15.256 [main] Signinpage - User clicks on signin button
[INFO ] 2024-06-25 09:44:15.256 [main] Members - >> Admin/User got logged in >>
[INFO ] 2024-06-25 09:44:17.651 [main] Memberspage - >> Admin/User got navigated to dashboard page
[INFO ] 2024-06-25 09:44:19.487 [main] Memberspage - >> Admin/User got navigated to members page
[INFO ] 2024-06-25 09:44:20.817 [main] Testhooks - Browser got closed
[INFO ] 2024-06-25 09:44:20.828 [main] Testhooks - Execution Started
[INFO ] 2024-06-25 09:44:21.426 [main] Testhooks - Browser got launched
[INFO ] 2024-06-25 09:44:26.346 [main] Testhooks - Navigated to url
[INFO ] 2024-06-25 09:44:26.352 [main] Testhooks - Page is zoomed out
[INFO ] 2024-06-25 09:44:27.478 [main] Signinpage - User enters valid email address
[INFO ] 2024-06-25 09:44:27.551 [main] Signinpage - User enters valid password
[INFO ] 2024-06-25 09:44:27.610 [main] Signinpage - User clicks on signin button
[INFO ] 2024-06-25 09:44:27.610 [main] Members - >> Admin/User got logged in >>
[INFO ] 2024-06-25 09:44:30.120 [main] Memberspage - >> Admin/User got navigated to dashboard page
[INFO ] 2024-06-25 09:44:32.992 [main] Memberspage - >> Admin/User got navigated to members page
[INFO ] 2024-06-25 09:44:36.850 [main] Testhooks - Failed scenario screenshot got capturedT024_To verify the members feature personal profile updation
[INFO ] 2024-06-25 09:44:36.925 [main] Testhooks - Browser got closed
[INFO ] 2024-06-25 09:44:36.932 [main] Testhooks - Execution Started
[INFO ] 2024-06-25 09:44:37.561 [main] Testhooks - Browser got launched
[INFO ] 2024-06-25 09:44:41.599 [main] Testhooks - Navigated to url
[INFO ] 2024-06-25 09:44:41.606 [main] Testhooks - Page is zoomed out
[INFO ] 2024-06-25 09:44:42.719 [main] Signinpage - User enters valid email address
[INFO ] 2024-06-25 09:44:42.795 [main] Signinpage - User enters valid password
[INFO ] 2024-06-25 09:44:42.848 [main] Signinpage - User clicks on signin button
[INFO ] 2024-06-25 09:44:42.848 [main] Members - >> Admin/User got logged in >>
[INFO ] 2024-06-25 09:44:45.319 [main] Memberspage - >> Admin/User got navigated to dashboard page
[INFO ] 2024-06-25 09:44:47.038 [main] Memberspage - >> Admin/User got navigated to members page
[INFO ] 2024-06-25 09:44:48.660 [main] Testhooks - Browser got closed
[INFO ] 2024-06-25 09:44:48.665 [main] Testhooks - Execution Started
[INFO ] 2024-06-25 09:44:49.257 [main] Testhooks - Browser got launched
[INFO ] 2024-06-25 09:44:54.771 [main] Testhooks - Navigated to url
[INFO ] 2024-06-25 09:44:54.778 [main] Testhooks - Page is zoomed out
[INFO ] 2024-06-25 09:44:55.893 [main] Signinpage - User enters valid email address
[INFO ] 2024-06-25 09:44:55.963 [main] Signinpage - User enters valid password
[INFO ] 2024-06-25 09:44:56.016 [main] Signinpage - User clicks on signin button
[INFO ] 2024-06-25 09:44:56.016 [main] Members - >> Admin/User got logged in >>
[INFO ] 2024-06-25 09:44:58.352 [main] Memberspage - >> Admin/User got navigated to dashboard page
[INFO ] 2024-06-25 09:45:01.693 [main] Memberspage - >> Admin/User got navigated to members page
[INFO ] 2024-06-25 09:45:03.941 [main] Testhooks - Failed scenario screenshot got capturedT026_To verify the members feature company profile updation
[INFO ] 2024-06-25 09:45:04.018 [main] Testhooks - Browser got closed
[INFO ] 2024-06-25 09:45:04.023 [main] Testhooks - Execution Started
[INFO ] 2024-06-25 09:45:04.598 [main] Testhooks - Browser got launched
[INFO ] 2024-06-25 09:45:08.698 [main] Testhooks - Navigated to url
[INFO ] 2024-06-25 09:45:08.702 [main] Testhooks - Page is zoomed out
[INFO ] 2024-06-25 09:45:09.803 [main] Signinpage - User enters valid email address
[INFO ] 2024-06-25 09:45:09.880 [main] Signinpage - User enters valid password
[INFO ] 2024-06-25 09:45:09.931 [main] Signinpage - User clicks on signin button
[INFO ] 2024-06-25 09:45:09.931 [main] Members - >> Admin/User got logged in >>
[INFO ] 2024-06-25 09:45:12.377 [main] Memberspage - >> Admin/User got navigated to dashboard page
[INFO ] 2024-06-25 09:45:14.241 [main] Memberspage - >> Admin/User got navigated to members page
[INFO ] 2024-06-25 09:45:16.068 [main] Testhooks - Browser got closed
[INFO ] 2024-06-25 09:45:16.072 [main] Testhooks - Execution Started
[INFO ] 2024-06-25 09:45:16.635 [main] Testhooks - Browser got launched
[INFO ] 2024-06-25 09:45:20.914 [main] Testhooks - Navigated to url
[INFO ] 2024-06-25 09:45:20.918 [main] Testhooks - Page is zoomed out
[INFO ] 2024-06-25 09:45:22.034 [main] Signinpage - User enters valid email address
[INFO ] 2024-06-25 09:45:22.108 [main] Signinpage - User enters valid password
[INFO ] 2024-06-25 09:45:22.160 [main] Signinpage - User clicks on signin button
[INFO ] 2024-06-25 09:45:22.160 [main] Members - >> Admin/User got logged in >>
[INFO ] 2024-06-25 09:45:24.645 [main] Memberspage - >> Admin/User got navigated to dashboard page
[INFO ] 2024-06-25 09:45:26.438 [main] Memberspage - >> Admin/User got navigated to members page
[INFO ] 2024-06-25 09:45:28.517 [main] Testhooks - Browser got closed
[INFO ] 2024-06-25 09:45:28.522 [main] Testhooks - Execution Started
[INFO ] 2024-06-25 09:45:29.110 [main] Testhooks - Browser got launched
[INFO ] 2024-06-25 09:45:33.411 [main] Testhooks - Navigated to url
[INFO ] 2024-06-25 09:45:33.418 [main] Testhooks - Page is zoomed out
[INFO ] 2024-06-25 09:45:34.547 [main] Signinpage - User enters valid email address
[INFO ] 2024-06-25 09:45:34.622 [main] Signinpage - User enters valid password
[INFO ] 2024-06-25 09:45:34.682 [main] Signinpage - User clicks on signin button
[INFO ] 2024-06-25 09:45:34.682 [main] Members - >> Admin/User got logged in >>
[INFO ] 2024-06-25 09:45:38.022 [main] Memberspage - >> Admin/User got navigated to dashboard page
[INFO ] 2024-06-25 09:45:39.895 [main] Memberspage - >> Admin/User got navigated to members page
[INFO ] 2024-06-25 09:45:41.546 [main] Testhooks - Browser got closed
[INFO ] 2024-06-25 09:45:41.551 [main] Testhooks - Execution Started
[INFO ] 2024-06-25 09:45:42.162 [main] Testhooks - Browser got launched
[INFO ] 2024-06-25 09:45:47.502 [main] Testhooks - Navigated to url
[INFO ] 2024-06-25 09:45:47.508 [main] Testhooks - Page is zoomed out
[INFO ] 2024-06-25 09:45:48.626 [main] Signinpage - User enters valid email address
[INFO ] 2024-06-25 09:45:48.701 [main] Signinpage - User enters valid password
[INFO ] 2024-06-25 09:45:48.755 [main] Signinpage - User clicks on signin button
[INFO ] 2024-06-25 09:45:48.756 [main] Members - >> Admin/User got logged in >>
[INFO ] 2024-06-25 09:45:51.328 [main] Memberspage - >> Admin/User got navigated to dashboard page
[INFO ] 2024-06-25 09:45:53.114 [main] Memberspage - >> Admin/User got navigated to members page
[INFO ] 2024-06-25 09:45:57.700 [main] Testhooks - Browser got closed
[INFO ] 2024-06-25 09:45:57.705 [main] Testhooks - Execution Started
[INFO ] 2024-06-25 09:45:58.300 [main] Testhooks - Browser got launched
[INFO ] 2024-06-25 09:46:02.636 [main] Testhooks - Navigated to url
[INFO ] 2024-06-25 09:46:02.644 [main] Testhooks - Page is zoomed out
[INFO ] 2024-06-25 09:46:03.759 [main] Signinpage - User enters valid email address
[INFO ] 2024-06-25 09:46:03.832 [main] Signinpage - User enters valid password
[INFO ] 2024-06-25 09:46:03.890 [main] Signinpage - User clicks on signin button
[INFO ] 2024-06-25 09:46:03.890 [main] Members - >> Admin/User got logged in >>
[INFO ] 2024-06-25 09:46:06.406 [main] Memberspage - >> Admin/User got navigated to dashboard page
[INFO ] 2024-06-25 09:46:08.104 [main] Memberspage - >> Admin/User got navigated to members page
[INFO ] 2024-06-25 09:46:09.756 [main] Testhooks - Browser got closed
[INFO ] 2024-06-25 09:46:09.760 [main] Testhooks - Execution Started
[INFO ] 2024-06-25 09:46:10.342 [main] Testhooks - Browser got launched
[INFO ] 2024-06-25 09:46:14.640 [main] Testhooks - Navigated to url
[INFO ] 2024-06-25 09:46:14.648 [main] Testhooks - Page is zoomed out
[INFO ] 2024-06-25 09:46:15.762 [main] Signinpage - User enters valid email address
[INFO ] 2024-06-25 09:46:15.836 [main] Signinpage - User enters valid password
[INFO ] 2024-06-25 09:46:15.888 [main] Signinpage - User clicks on signin button
[INFO ] 2024-06-25 09:46:15.888 [main] Members - >> Admin/User got logged in >>
[INFO ] 2024-06-25 09:46:18.375 [main] Memberspage - >> Admin/User got navigated to dashboard page
[INFO ] 2024-06-25 09:46:20.155 [main] Memberspage - >> Admin/User got navigated to members page
[INFO ] 2024-06-25 09:46:21.812 [main] Testhooks - Browser got closed
[INFO ] 2024-06-25 09:46:21.818 [main] Testhooks - Execution Started
[INFO ] 2024-06-25 09:46:22.421 [main] Testhooks - Browser got launched
[INFO ] 2024-06-25 09:46:27.680 [main] Testhooks - Navigated to url
[INFO ] 2024-06-25 09:46:27.686 [main] Testhooks - Page is zoomed out
[INFO ] 2024-06-25 09:46:28.804 [main] Signinpage - User enters valid email address
[INFO ] 2024-06-25 09:46:28.875 [main] Signinpage - User enters valid password
[INFO ] 2024-06-25 09:46:28.927 [main] Signinpage - User clicks on signin button
[INFO ] 2024-06-25 09:46:28.927 [main] Members - >> Admin/User got logged in >>
[INFO ] 2024-06-25 09:46:31.381 [main] Memberspage - >> Admin/User got navigated to dashboard page
[INFO ] 2024-06-25 09:46:33.281 [main] Memberspage - >> Admin/User got navigated to members page
[INFO ] 2024-06-25 09:46:34.678 [main] Testhooks - Failed scenario screenshot got capturedT033_To verify the members feature reset password profile error messages (uppercase)
[INFO ] 2024-06-25 09:46:34.749 [main] Testhooks - Browser got closed
[INFO ] 2024-06-25 09:46:34.754 [main] Testhooks - Execution Started
[INFO ] 2024-06-25 09:46:35.345 [main] Testhooks - Browser got launched
[INFO ] 2024-06-25 09:46:40.135 [main] Testhooks - Navigated to url
[INFO ] 2024-06-25 09:46:40.141 [main] Testhooks - Page is zoomed out
[INFO ] 2024-06-25 09:46:41.268 [main] Signinpage - User enters valid email address
[INFO ] 2024-06-25 09:46:41.338 [main] Signinpage - User enters valid password
[INFO ] 2024-06-25 09:46:41.395 [main] Signinpage - User clicks on signin button
[INFO ] 2024-06-25 09:46:41.395 [main] Members - >> Admin/User got logged in >>
[INFO ] 2024-06-25 09:46:44.076 [main] Memberspage - >> Admin/User got navigated to dashboard page
[INFO ] 2024-06-25 09:46:45.610 [main] Memberspage - >> Admin/User got navigated to members page
[INFO ] 2024-06-25 09:46:47.296 [main] Testhooks - Browser got closed
[INFO ] 2024-06-25 09:46:47.302 [main] Testhooks - Execution Started
[INFO ] 2024-06-25 09:46:47.895 [main] Testhooks - Browser got launched
[INFO ] 2024-06-25 09:46:52.769 [main] Testhooks - Navigated to url
[INFO ] 2024-06-25 09:46:52.773 [main] Testhooks - Page is zoomed out
[INFO ] 2024-06-25 09:46:53.901 [main] Signinpage - User enters valid email address
[INFO ] 2024-06-25 09:46:53.973 [main] Signinpage - User enters valid password
[INFO ] 2024-06-25 09:46:54.026 [main] Signinpage - User clicks on signin button
[INFO ] 2024-06-25 09:46:54.026 [main] Members - >> Admin/User got logged in >>
[INFO ] 2024-06-25 09:46:56.527 [main] Memberspage - >> Admin/User got navigated to dashboard page
[INFO ] 2024-06-25 09:46:58.350 [main] Memberspage - >> Admin/User got navigated to members page
[INFO ] 2024-06-25 09:47:00.077 [main] Testhooks - Browser got closed
[INFO ] 2024-06-25 09:47:00.082 [main] Testhooks - Execution Started
[INFO ] 2024-06-25 09:47:00.665 [main] Testhooks - Browser got launched
[INFO ] 2024-06-25 09:47:04.881 [main] Testhooks - Navigated to url
[INFO ] 2024-06-25 09:47:04.889 [main] Testhooks - Page is zoomed out
[INFO ] 2024-06-25 09:47:06.002 [main] Signinpage - User enters valid email address
[INFO ] 2024-06-25 09:47:06.077 [main] Signinpage - User enters valid password
[INFO ] 2024-06-25 09:47:06.135 [main] Signinpage - User clicks on signin button
[INFO ] 2024-06-25 09:47:06.135 [main] Members - >> Admin/User got logged in >>
[INFO ] 2024-06-25 09:47:08.804 [main] Memberspage - >> Admin/User got navigated to dashboard page
[INFO ] 2024-06-25 09:47:11.416 [main] Memberspage - >> Admin/User got navigated to members page
[INFO ] 2024-06-25 09:47:12.166 [main] Testhooks - Failed scenario screenshot got capturedT036_To verify the members feature block the active member
[INFO ] 2024-06-25 09:47:12.242 [main] Testhooks - Browser got closed
[INFO ] 2024-06-25 09:47:12.246 [main] Testhooks - Execution Started
[INFO ] 2024-06-25 09:47:12.845 [main] Testhooks - Browser got launched
[INFO ] 2024-06-25 09:47:16.951 [main] Testhooks - Navigated to url
[INFO ] 2024-06-25 09:47:16.956 [main] Testhooks - Page is zoomed out
[INFO ] 2024-06-25 09:47:18.076 [main] Signinpage - User enters valid email address
[INFO ] 2024-06-25 09:47:18.157 [main] Signinpage - User enters valid password
[INFO ] 2024-06-25 09:47:18.209 [main] Signinpage - User clicks on signin button
[INFO ] 2024-06-25 09:47:18.209 [main] Members - >> Admin/User got logged in >>
[INFO ] 2024-06-25 09:47:20.877 [main] Memberspage - >> Admin/User got navigated to dashboard page
[INFO ] 2024-06-25 09:47:22.498 [main] Memberspage - >> Admin/User got navigated to members page
[INFO ] 2024-06-25 09:47:43.543 [main] Testhooks - Failed scenario screenshot got capturedT037_To verify the members feature unblock the blocked member
[INFO ] 2024-06-25 09:47:43.619 [main] Testhooks - Browser got closed
[INFO ] 2024-06-25 09:47:43.625 [main] Testhooks - Execution Started
[INFO ] 2024-06-25 09:47:44.205 [main] Testhooks - Browser got launched
[INFO ] 2024-06-25 09:47:48.481 [main] Testhooks - Navigated to url
[INFO ] 2024-06-25 09:47:48.485 [main] Testhooks - Page is zoomed out
[INFO ] 2024-06-25 09:47:49.610 [main] Signinpage - User enters valid email address
[INFO ] 2024-06-25 09:47:49.684 [main] Signinpage - User enters valid password
[INFO ] 2024-06-25 09:47:49.747 [main] Signinpage - User clicks on signin button
[INFO ] 2024-06-25 09:47:49.747 [main] Members - >> Admin/User got logged in >>
[INFO ] 2024-06-25 09:47:52.348 [main] Memberspage - >> Admin/User got navigated to dashboard page
[INFO ] 2024-06-25 09:47:53.975 [main] Memberspage - >> Admin/User got navigated to members page
[INFO ] 2024-06-25 09:47:57.539 [main] Signinpage - Supervisor enters valid email address
[INFO ] 2024-06-25 09:47:57.609 [main] Signinpage - User enters valid password
[INFO ] 2024-06-25 09:47:57.660 [main] Signinpage - User clicks on signin button
[INFO ] 2024-06-25 09:47:57.660 [main] Members - >> Supervisor got logged in >>
[INFO ] 2024-06-25 09:48:03.058 [main] Memberspage - >> Admin/User got navigated to members page
[INFO ] 2024-06-25 09:48:25.719 [main] Testhooks - Failed scenario screenshot got capturedT038_To verify the members feature roles wise (Read access for supervisor)
[INFO ] 2024-06-25 09:48:25.791 [main] Testhooks - Browser got closed
[INFO ] 2024-06-25 09:48:25.795 [main] Testhooks - Execution Started
[INFO ] 2024-06-25 09:48:26.368 [main] Testhooks - Browser got launched
[INFO ] 2024-06-25 09:48:30.678 [main] Testhooks - Navigated to url
[INFO ] 2024-06-25 09:48:30.682 [main] Testhooks - Page is zoomed out
[INFO ] 2024-06-25 09:48:31.804 [main] Signinpage - User enters valid email address
[INFO ] 2024-06-25 09:48:31.876 [main] Signinpage - User enters valid password
[INFO ] 2024-06-25 09:48:31.934 [main] Signinpage - User clicks on signin button
[INFO ] 2024-06-25 09:48:31.934 [main] Members - >> Admin/User got logged in >>
[INFO ] 2024-06-25 09:48:34.494 [main] Memberspage - >> Admin/User got navigated to dashboard page
[INFO ] 2024-06-25 09:48:37.143 [main] Memberspage - >> Admin/User got navigated to members page
[INFO ] 2024-06-25 09:48:41.437 [main] Signinpage - Supervisor enters valid email address
[INFO ] 2024-06-25 09:48:41.500 [main] Signinpage - User enters valid password
[INFO ] 2024-06-25 09:48:41.543 [main] Signinpage - User clicks on signin button
[INFO ] 2024-06-25 09:48:41.543 [main] Members - >> Supervisor got logged in >>
[INFO ] 2024-06-25 09:48:45.847 [main] Memberspage - >> Admin/User got navigated to members page
[INFO ] 2024-06-25 09:48:48.241 [main] Signinpage - User enters valid email address
[INFO ] 2024-06-25 09:48:48.308 [main] Signinpage - User enters valid password
[INFO ] 2024-06-25 09:48:48.352 [main] Signinpage - User clicks on signin button
[INFO ] 2024-06-25 09:48:48.352 [main] Memberspage - >> Admin/User got logged in >>
[INFO ] 2024-06-25 09:48:55.131 [main] Testhooks - Browser got closed
[INFO ] 2024-06-25 09:48:55.137 [main] Testhooks - Execution Started
[INFO ] 2024-06-25 09:48:55.743 [main] Testhooks - Browser got launched
[INFO ] 2024-06-25 09:48:59.990 [main] Testhooks - Navigated to url
[INFO ] 2024-06-25 09:48:59.999 [main] Testhooks - Page is zoomed out
[INFO ] 2024-06-25 09:49:01.106 [main] Signinpage - User enters valid email address
[INFO ] 2024-06-25 09:49:01.191 [main] Signinpage - User enters valid password
[INFO ] 2024-06-25 09:49:01.251 [main] Signinpage - User clicks on signin button
[INFO ] 2024-06-25 09:49:01.251 [main] Members - >> Admin/User got logged in >>
[INFO ] 2024-06-25 09:49:03.672 [main] Memberspage - >> Admin/User got navigated to dashboard page
[INFO ] 2024-06-25 09:49:06.812 [main] Memberspage - >> Admin/User got navigated to members page
[INFO ] 2024-06-25 09:49:10.452 [main] Signinpage - Supervisor enters valid email address
[INFO ] 2024-06-25 09:49:10.518 [main] Signinpage - User enters valid password
[INFO ] 2024-06-25 09:49:10.561 [main] Signinpage - User clicks on signin button
[INFO ] 2024-06-25 09:49:10.561 [main] Members - >> Supervisor got logged in >>
[INFO ] 2024-06-25 09:49:14.928 [main] Memberspage - >> Admin/User got navigated to members page
[INFO ] 2024-06-25 09:49:23.674 [main] Signinpage - User enters valid email address
[INFO ] 2024-06-25 09:49:23.761 [main] Signinpage - User enters valid password
[INFO ] 2024-06-25 09:49:23.804 [main] Signinpage - User clicks on signin button
[INFO ] 2024-06-25 09:49:23.804 [main] Memberspage - >> Admin/User got logged in >>
[INFO ] 2024-06-25 09:49:30.974 [main] Testhooks - Browser got closed
[INFO ] 2024-06-25 09:49:30.978 [main] Testhooks - Execution Started
[INFO ] 2024-06-25 09:49:31.601 [main] Testhooks - Browser got launched
[INFO ] 2024-06-25 09:49:36.984 [main] Testhooks - Navigated to url
[INFO ] 2024-06-25 09:49:36.988 [main] Testhooks - Page is zoomed out
[INFO ] 2024-06-25 09:49:38.121 [main] Signinpage - User enters valid email address
[INFO ] 2024-06-25 09:49:38.195 [main] Signinpage - User enters valid password
[INFO ] 2024-06-25 09:49:38.254 [main] Signinpage - User clicks on signin button
[INFO ] 2024-06-25 09:49:38.255 [main] Members - >> Admin/User got logged in >>
[INFO ] 2024-06-25 09:49:40.739 [main] Memberspage - >> Admin/User got navigated to dashboard page
[INFO ] 2024-06-25 09:49:42.471 [main] Memberspage - >> Admin/User got navigated to members page
[INFO ] 2024-06-25 09:49:46.312 [main] Signinpage - Supervisor enters valid email address
[INFO ] 2024-06-25 09:49:46.374 [main] Signinpage - User enters valid password
[INFO ] 2024-06-25 09:49:46.415 [main] Signinpage - User clicks on signin button
[INFO ] 2024-06-25 09:49:46.415 [main] Members - >> Supervisor got logged in >>
[INFO ] 2024-06-25 09:49:50.657 [main] Memberspage - >> Admin/User got navigated to members page
[INFO ] 2024-06-25 09:50:11.691 [main] Testhooks - Failed scenario screenshot got capturedT041_To verify the members feature roles wise (Block/Unblock access for supervisor)
[INFO ] 2024-06-25 09:50:11.768 [main] Testhooks - Browser got closed
[INFO ] 2024-06-25 09:50:11.817 [main] Testhooks - Execution Started
[INFO ] 2024-06-25 09:50:12.409 [main] Testhooks - Browser got launched
[INFO ] 2024-06-25 09:50:17.450 [main] Testhooks - Navigated to url
[INFO ] 2024-06-25 09:50:17.456 [main] Testhooks - Page is zoomed out
[INFO ] 2024-06-25 09:50:18.562 [main] Signinpage - User enters valid email address
[INFO ] 2024-06-25 09:50:18.635 [main] Signinpage - User enters valid password
[INFO ] 2024-06-25 09:50:18.695 [main] Signinpage - User clicks on signin button
[INFO ] 2024-06-25 09:50:18.695 [main] Members - >> Admin/User got logged in >>
[INFO ] 2024-06-25 09:50:21.065 [main] Memberspage - >> Admin/User got navigated to dashboard page
[INFO ] 2024-06-25 09:50:21.574 [main] Testhooks - Browser got closed
[INFO ] 2024-06-25 09:50:21.579 [main] Testhooks - Execution Started
[INFO ] 2024-06-25 09:50:22.171 [main] Testhooks - Browser got launched
[INFO ] 2024-06-25 09:50:26.770 [main] Testhooks - Navigated to url
[INFO ] 2024-06-25 09:50:26.777 [main] Testhooks - Page is zoomed out
[INFO ] 2024-06-25 09:50:27.896 [main] Signinpage - User enters valid email address
[INFO ] 2024-06-25 09:50:27.971 [main] Signinpage - User enters valid password
[INFO ] 2024-06-25 09:50:28.032 [main] Signinpage - User clicks on signin button
[INFO ] 2024-06-25 09:50:28.032 [main] Members - >> Admin/User got logged in >>
[INFO ] 2024-06-25 09:50:30.483 [main] Memberspage - >> Admin/User got navigated to dashboard page
[INFO ] 2024-06-25 09:50:32.014 [main] Billboardspage - >> Admin/User got navigated to billboard page
[INFO ] 2024-06-25 09:50:32.196 [main] Billboardspage - >> Admin/User clicked new billboard btn
[INFO ] 2024-06-25 09:50:43.174 [main] Testhooks - Failed scenario screenshot got capturedT002_Invite the Billboard with valid inputs
[INFO ] 2024-06-25 09:50:43.246 [main] Testhooks - Browser got closed
[INFO ] 2024-06-25 09:50:43.250 [main] Testhooks - Execution Started
[INFO ] 2024-06-25 09:50:43.845 [main] Testhooks - Browser got launched
[INFO ] 2024-06-25 09:50:48.148 [main] Testhooks - Navigated to url
[INFO ] 2024-06-25 09:50:48.152 [main] Testhooks - Page is zoomed out
[INFO ] 2024-06-25 09:50:49.285 [main] Signinpage - User enters valid email address
[INFO ] 2024-06-25 09:50:49.370 [main] Signinpage - User enters valid password
[INFO ] 2024-06-25 09:50:49.426 [main] Signinpage - User clicks on signin button
[INFO ] 2024-06-25 09:50:49.426 [main] Members - >> Admin/User got logged in >>
[INFO ] 2024-06-25 09:50:52.170 [main] Memberspage - >> Admin/User got navigated to dashboard page
[INFO ] 2024-06-25 09:50:54.042 [main] Billboardspage - >> Admin/User got navigated to billboard page
[INFO ] 2024-06-25 09:50:54.218 [main] Testhooks - Failed scenario screenshot got capturedT003_ the billboards feature search
[INFO ] 2024-06-25 09:50:54.289 [main] Testhooks - Browser got closed
[INFO ] 2024-06-25 09:50:54.293 [main] Testhooks - Execution Started
[INFO ] 2024-06-25 09:50:54.868 [main] Testhooks - Browser got launched
>>>>>>> refs/remotes/origin/master
[INFO ] 2025-03-04 18:25:15.577 [main] Testhooks - Execution Started
[INFO ] 2025-03-04 18:25:16.388 [main] Testhooks - Browser got launched
[INFO ] 2025-03-04 18:25:18.868 [main] Testhooks - Navigated to url
[INFO ] 2025-03-04 18:25:20.037 [main] Signinpage - User enters valid email address
[INFO ] 2025-03-04 18:25:20.331 [main] Signinpage - User enters valid password
[INFO ] 2025-03-04 18:25:20.570 [main] Signinpage - User clicked password_field_eyeicon
[INFO ] 2025-03-04 18:25:22.075 [main] Testhooks - Failed scenario screenshot got capturedLogin with valid credentials
