[INFO ] 2024-11-04 11:04:43.903 [main] Testhooks - Execution Started
[INFO ] 2024-11-04 11:04:44.905 [main] Testhooks - Browser got launched
[INFO ] 2024-11-04 11:04:46.329 [main] Testhooks - Navigated to url
[INFO ] 2024-11-04 11:04:47.538 [main] Signinpage - User enters valid email address
[INFO ] 2024-11-04 11:04:47.659 [main] Signinpage - User enters valid password
[INFO ] 2024-11-04 11:04:47.763 [main] Signinpage - User clicks on signin button
[INFO ] 2024-11-04 11:04:47.763 [main] Members - >> Admin/User got logged in >>
[INFO ] 2024-11-04 11:04:51.130 [main] Memberspage - >> Admin/User got navigated to dashboard page
[INFO ] 2024-11-04 11:12:21.613 [main] Testhooks - Execution Started
[INFO ] 2024-11-04 11:12:22.449 [main] Testhooks - Browser got launched
[INFO ] 2024-11-04 11:12:23.881 [main] Testhooks - Navigated to url
[INFO ] 2024-11-04 11:12:25.078 [main] Signinpage - User enters valid email address
[INFO ] 2024-11-04 11:12:25.194 [main] Signinpage - User enters valid password
[INFO ] 2024-11-04 11:12:25.297 [main] Signinpage - User clicks on signin button
[INFO ] 2024-11-04 11:12:25.297 [main] Members - >> Admin/User got logged in >>
[INFO ] 2024-11-04 11:12:28.071 [main] Memberspage - >> Admin/User got navigated to dashboard page
[INFO ] 2024-11-04 11:12:59.337 [main] Testhooks - Failed scenario screenshot got capturedT002_Create the New Stock with valid inputs
[INFO ] 2024-11-04 11:13:06.237 [main] Testhooks - Execution Started
[INFO ] 2024-11-04 11:13:07.045 [main] Testhooks - Browser got launched
[INFO ] 2024-11-04 11:13:08.379 [main] Testhooks - Navigated to url
[INFO ] 2024-11-04 11:13:09.564 [main] Signinpage - User enters valid email address
[INFO ] 2024-11-04 11:13:09.687 [main] Signinpage - User enters valid password
[INFO ] 2024-11-04 11:13:09.792 [main] Signinpage - User clicks on signin button
[INFO ] 2024-11-04 11:13:09.792 [main] Members - >> Admin/User got logged in >>
[INFO ] 2024-11-04 11:13:12.537 [main] Memberspage - >> Admin/User got navigated to dashboard page
[INFO ] 2024-11-04 11:13:56.363 [main] Testhooks - Failed scenario screenshot got capturedT002_Create the New Stock with valid inputs
[INFO ] 2024-11-04 11:17:18.960 [main] Testhooks - Execution Started
[INFO ] 2024-11-04 11:17:19.837 [main] Testhooks - Browser got launched
[INFO ] 2024-11-04 11:17:21.309 [main] Testhooks - Navigated to url
[INFO ] 2024-11-04 11:17:22.539 [main] Signinpage - User enters valid email address
[INFO ] 2024-11-04 11:17:22.672 [main] Signinpage - User enters valid password
[INFO ] 2024-11-04 11:17:22.785 [main] Signinpage - User clicks on signin button
[INFO ] 2024-11-04 11:17:22.785 [main] Members - >> Admin/User got logged in >>
[INFO ] 2024-11-04 11:17:25.593 [main] Memberspage - >> Admin/User got navigated to dashboard page
[INFO ] 2024-11-04 11:18:09.717 [main] Testhooks - Failed scenario screenshot got capturedT002_Create the New Stock with valid inputs
[INFO ] 2024-11-04 11:21:13.748 [main] Testhooks - Execution Started
[INFO ] 2024-11-04 11:21:14.553 [main] Testhooks - Browser got launched
[INFO ] 2024-11-04 11:21:15.923 [main] Testhooks - Navigated to url
[INFO ] 2024-11-04 11:21:17.129 [main] Signinpage - User enters valid email address
[INFO ] 2024-11-04 11:21:17.247 [main] Signinpage - User enters valid password
[INFO ] 2024-11-04 11:21:17.352 [main] Signinpage - User clicks on signin button
[INFO ] 2024-11-04 11:21:17.352 [main] Members - >> Admin/User got logged in >>
[INFO ] 2024-11-04 11:21:20.249 [main] Memberspage - >> Admin/User got navigated to dashboard page
[INFO ] 2024-11-04 11:22:04.891 [main] Testhooks - Failed scenario screenshot got capturedT002_Create the New Stock with valid inputs
[INFO ] 2024-11-04 11:37:06.604 [main] Testhooks - Execution Started
[INFO ] 2024-11-04 11:37:07.523 [main] Testhooks - Browser got launched
[INFO ] 2024-11-04 11:37:08.980 [main] Testhooks - Navigated to url
[INFO ] 2024-11-04 11:37:10.185 [main] Signinpage - User enters valid email address
[INFO ] 2024-11-04 11:37:10.317 [main] Signinpage - User enters valid password
[INFO ] 2024-11-04 11:37:10.425 [main] Signinpage - User clicks on signin button
[INFO ] 2024-11-04 11:37:10.426 [main] Members - >> Admin/User got logged in >>
[INFO ] 2024-11-04 11:37:13.232 [main] Memberspage - >> Admin/User got navigated to dashboard page
[INFO ] 2024-11-04 11:37:57.511 [main] Testhooks - Failed scenario screenshot got capturedT002_Create the New Stock with valid inputs
[INFO ] 2024-11-04 11:47:45.775 [main] Testhooks - Execution Started
[INFO ] 2024-11-04 11:47:46.663 [main] Testhooks - Browser got launched
[INFO ] 2024-11-04 11:47:49.737 [main] Testhooks - Navigated to url
[INFO ] 2024-11-04 11:47:50.950 [main] Signinpage - User enters valid email address
[INFO ] 2024-11-04 11:47:51.074 [main] Signinpage - User enters valid password
[INFO ] 2024-11-04 11:47:51.185 [main] Signinpage - User clicks on signin button
[INFO ] 2024-11-04 11:47:51.185 [main] Members - >> Admin/User got logged in >>
[INFO ] 2024-11-04 11:47:54.039 [main] Memberspage - >> Admin/User got navigated to dashboard page
[INFO ] 2024-11-04 11:48:37.951 [main] Testhooks - Failed scenario screenshot got capturedT002_Create the New Stock with valid inputs
[INFO ] 2024-11-04 11:50:34.009 [main] Testhooks - Execution Started
[INFO ] 2024-11-04 11:50:34.850 [main] Testhooks - Browser got launched
[INFO ] 2024-11-04 11:50:36.296 [main] Testhooks - Navigated to url
[INFO ] 2024-11-04 11:50:37.519 [main] Signinpage - User enters valid email address
[INFO ] 2024-11-04 11:50:37.650 [main] Signinpage - User enters valid password
[INFO ] 2024-11-04 11:50:37.757 [main] Signinpage - User clicks on signin button
[INFO ] 2024-11-04 11:50:37.758 [main] Members - >> Admin/User got logged in >>
[INFO ] 2024-11-04 11:50:40.910 [main] Memberspage - >> Admin/User got navigated to dashboard page
[INFO ] 2024-11-04 11:51:27.114 [main] Testhooks - Failed scenario screenshot got capturedT002_Create the New Stock with valid inputs
[INFO ] 2024-11-04 11:53:35.571 [main] Testhooks - Execution Started
[INFO ] 2024-11-04 11:53:36.490 [main] Testhooks - Browser got launched
[INFO ] 2024-11-04 11:53:37.910 [main] Testhooks - Navigated to url
[INFO ] 2024-11-04 11:53:39.114 [main] Signinpage - User enters valid email address
[INFO ] 2024-11-04 11:53:39.231 [main] Signinpage - User enters valid password
[INFO ] 2024-11-04 11:53:39.334 [main] Signinpage - User clicks on signin button
[INFO ] 2024-11-04 11:53:39.334 [main] Members - >> Admin/User got logged in >>
[INFO ] 2024-11-04 11:53:41.953 [main] Memberspage - >> Admin/User got navigated to dashboard page
[INFO ] 2024-11-04 12:12:50.920 [main] Testhooks - Execution Started
[INFO ] 2024-11-04 12:12:51.790 [main] Testhooks - Browser got launched
[INFO ] 2024-11-04 12:12:53.413 [main] Testhooks - Navigated to url
[INFO ] 2024-11-04 12:12:54.620 [main] Signinpage - User enters valid email address
[INFO ] 2024-11-04 12:12:54.749 [main] Signinpage - User enters valid password
[INFO ] 2024-11-04 12:12:54.858 [main] Signinpage - User clicks on signin button
[INFO ] 2024-11-04 12:12:54.858 [main] Members - >> Admin/User got logged in >>
[INFO ] 2024-11-04 12:12:57.613 [main] Memberspage - >> Admin/User got navigated to dashboard page
[INFO ] 2024-11-04 12:33:26.481 [main] Testhooks - Execution Started
[INFO ] 2024-11-04 12:33:27.413 [main] Testhooks - Browser got launched
[INFO ] 2024-11-04 12:33:28.871 [main] Testhooks - Navigated to url
[INFO ] 2024-11-04 12:33:30.078 [main] Signinpage - User enters valid email address
[INFO ] 2024-11-04 12:33:30.198 [main] Signinpage - User enters valid password
[INFO ] 2024-11-04 12:33:30.306 [main] Signinpage - User clicks on signin button
[INFO ] 2024-11-04 12:33:30.306 [main] Members - >> Admin/User got logged in >>
[INFO ] 2024-11-04 12:33:33.791 [main] Memberspage - >> Admin/User got navigated to dashboard page
[INFO ] 2024-11-04 12:33:35.357 [main] Testhooks - Failed scenario screenshot got capturedT002_Create the New Stock with valid inputs
[INFO ] 2024-11-04 12:34:06.873 [main] Testhooks - Execution Started
[INFO ] 2024-11-04 12:34:07.771 [main] Testhooks - Browser got launched
[INFO ] 2024-11-04 12:34:09.399 [main] Testhooks - Navigated to url
[INFO ] 2024-11-04 12:34:10.604 [main] Signinpage - User enters valid email address
[INFO ] 2024-11-04 12:34:10.735 [main] Signinpage - User enters valid password
[INFO ] 2024-11-04 12:34:10.848 [main] Signinpage - User clicks on signin button
[INFO ] 2024-11-04 12:34:10.848 [main] Members - >> Admin/User got logged in >>
[INFO ] 2024-11-04 12:34:13.827 [main] Memberspage - >> Admin/User got navigated to dashboard page
[INFO ] 2024-11-04 12:35:06.427 [main] Testhooks - Failed scenario screenshot got capturedT002_Create the New Stock with valid inputs
[INFO ] 2024-11-04 12:36:08.659 [main] Testhooks - Execution Started
[INFO ] 2024-11-04 12:36:09.505 [main] Testhooks - Browser got launched
[INFO ] 2024-11-04 12:36:10.859 [main] Testhooks - Navigated to url
[INFO ] 2024-11-04 12:36:12.055 [main] Signinpage - User enters valid email address
[INFO ] 2024-11-04 12:36:12.171 [main] Signinpage - User enters valid password
[INFO ] 2024-11-04 12:36:12.276 [main] Signinpage - User clicks on signin button
[INFO ] 2024-11-04 12:36:12.276 [main] Members - >> Admin/User got logged in >>
[INFO ] 2024-11-04 12:36:15.087 [main] Memberspage - >> Admin/User got navigated to dashboard page
[INFO ] 2024-11-04 12:37:07.406 [main] Testhooks - Failed scenario screenshot got capturedT002_Create the New Stock with valid inputs
[INFO ] 2024-11-04 12:37:37.931 [main] Testhooks - Execution Started
[INFO ] 2024-11-04 12:37:38.848 [main] Testhooks - Browser got launched
[INFO ] 2024-11-04 12:37:40.293 [main] Testhooks - Navigated to url
[INFO ] 2024-11-04 12:37:41.502 [main] Signinpage - User enters valid email address
[INFO ] 2024-11-04 12:37:41.631 [main] Signinpage - User enters valid password
[INFO ] 2024-11-04 12:37:41.740 [main] Signinpage - User clicks on signin button
[INFO ] 2024-11-04 12:37:41.740 [main] Members - >> Admin/User got logged in >>
[INFO ] 2024-11-04 12:37:44.502 [main] Memberspage - >> Admin/User got navigated to dashboard page
[INFO ] 2024-11-04 12:41:16.753 [main] Testhooks - Execution Started
[INFO ] 2024-11-04 12:41:17.596 [main] Testhooks - Browser got launched
[INFO ] 2024-11-04 12:41:18.930 [main] Testhooks - Navigated to url
[INFO ] 2024-11-04 12:41:20.133 [main] Signinpage - User enters valid email address
[INFO ] 2024-11-04 12:41:20.253 [main] Signinpage - User enters valid password
[INFO ] 2024-11-04 12:41:20.362 [main] Signinpage - User clicks on signin button
[INFO ] 2024-11-04 12:41:20.363 [main] Members - >> Admin/User got logged in >>
[INFO ] 2024-11-04 12:41:23.109 [main] Memberspage - >> Admin/User got navigated to dashboard page
[INFO ] 2024-11-04 12:42:15.574 [main] Testhooks - Failed scenario screenshot got capturedT002_Create the New Stock with valid inputs
[INFO ] 2024-11-04 12:47:11.599 [main] Testhooks - Execution Started
[INFO ] 2024-11-04 12:47:12.453 [main] Testhooks - Browser got launched
[INFO ] 2024-11-04 12:47:14.272 [main] Testhooks - Navigated to url
[INFO ] 2024-11-04 12:47:15.443 [main] Signinpage - User enters valid email address
[INFO ] 2024-11-04 12:47:15.565 [main] Signinpage - User enters valid password
[INFO ] 2024-11-04 12:47:15.672 [main] Signinpage - User clicks on signin button
[INFO ] 2024-11-04 12:47:15.673 [main] Members - >> Admin/User got logged in >>
[INFO ] 2024-11-04 12:47:18.241 [main] Memberspage - >> Admin/User got navigated to dashboard page
[INFO ] 2024-11-04 12:48:10.639 [main] Testhooks - Failed scenario screenshot got capturedT002_Create the New Stock with valid inputs
[INFO ] 2024-11-04 14:57:12.256 [main] Testhooks - Execution Started
[INFO ] 2024-11-04 14:57:13.074 [main] Testhooks - Browser got launched
[INFO ] 2024-11-04 14:57:14.499 [main] Testhooks - Navigated to url
[INFO ] 2024-11-04 14:57:15.702 [main] Signinpage - User enters valid email address
[INFO ] 2024-11-04 14:57:15.828 [main] Signinpage - User enters valid password
[INFO ] 2024-11-04 14:57:15.943 [main] Signinpage - User clicks on signin button
[INFO ] 2024-11-04 14:57:15.943 [main] Members - >> Admin/User got logged in >>
[INFO ] 2024-11-04 14:57:18.730 [main] Memberspage - >> Admin/User got navigated to dashboard page
[INFO ] 2024-11-04 14:58:11.516 [main] Testhooks - Failed scenario screenshot got capturedT002_Create the New Stock with valid inputs
[INFO ] 2024-11-04 15:07:48.362 [main] Testhooks - Execution Started
[INFO ] 2024-11-04 15:07:49.189 [main] Testhooks - Browser got launched
[INFO ] 2024-11-04 15:07:57.995 [main] Testhooks - Navigated to url
[INFO ] 2024-11-04 15:07:59.197 [main] Signinpage - User enters valid email address
[INFO ] 2024-11-04 15:07:59.312 [main] Signinpage - User enters valid password
[INFO ] 2024-11-04 15:07:59.417 [main] Signinpage - User clicks on signin button
[INFO ] 2024-11-04 15:07:59.418 [main] Members - >> Admin/User got logged in >>
[INFO ] 2024-11-04 15:08:03.382 [main] Memberspage - >> Admin/User got navigated to dashboard page
[INFO ] 2024-11-04 15:08:57.491 [main] Testhooks - Failed scenario screenshot got capturedT002_Create the New Stock with valid inputs
[INFO ] 2024-11-04 15:20:16.188 [main] Testhooks - Execution Started
[INFO ] 2024-11-04 15:20:17.064 [main] Testhooks - Browser got launched
[INFO ] 2024-11-04 15:20:18.450 [main] Testhooks - Navigated to url
[INFO ] 2024-11-04 15:20:19.664 [main] Signinpage - User enters valid email address
[INFO ] 2024-11-04 15:20:19.811 [main] Signinpage - User enters valid password
[INFO ] 2024-11-04 15:20:19.926 [main] Signinpage - User clicks on signin button
[INFO ] 2024-11-04 15:20:19.926 [main] Members - >> Admin/User got logged in >>
[INFO ] 2024-11-04 15:20:22.813 [main] Memberspage - >> Admin/User got navigated to dashboard page
[INFO ] 2024-11-04 15:21:15.051 [main] Testhooks - Failed scenario screenshot got capturedT002_Create the New Stock with valid inputs
[INFO ] 2024-11-04 15:56:06.611 [main] Testhooks - Execution Started
[INFO ] 2024-11-04 15:56:07.503 [main] Testhooks - Browser got launched
[INFO ] 2024-11-04 15:56:08.851 [main] Testhooks - Navigated to url
[INFO ] 2024-11-04 15:56:10.044 [main] Signinpage - User enters valid email address
[INFO ] 2024-11-04 15:56:10.169 [main] Signinpage - User enters valid password
[INFO ] 2024-11-04 15:56:10.272 [main] Signinpage - User clicks on signin button
[INFO ] 2024-11-04 15:56:10.273 [main] Members - >> Admin/User got logged in >>
[INFO ] 2024-11-04 15:56:12.901 [main] Memberspage - >> Admin/User got navigated to dashboard page
[INFO ] 2024-11-04 15:57:05.089 [main] Testhooks - Failed scenario screenshot got capturedT002_Create the New Stock with valid inputs
[INFO ] 2024-11-04 15:59:22.273 [main] Testhooks - Execution Started
[INFO ] 2024-11-04 15:59:23.134 [main] Testhooks - Browser got launched
[INFO ] 2024-11-04 15:59:24.507 [main] Testhooks - Navigated to url
[INFO ] 2024-11-04 15:59:25.710 [main] Signinpage - User enters valid email address
[INFO ] 2024-11-04 15:59:25.830 [main] Signinpage - User enters valid password
[INFO ] 2024-11-04 15:59:25.929 [main] Signinpage - User clicks on signin button
[INFO ] 2024-11-04 15:59:25.929 [main] Members - >> Admin/User got logged in >>
[INFO ] 2024-11-04 15:59:28.705 [main] Memberspage - >> Admin/User got navigated to dashboard page
[INFO ] 2024-11-04 16:00:21.111 [main] Testhooks - Failed scenario screenshot got capturedT002_Create the New Stock with valid inputs
[INFO ] 2024-11-04 16:06:03.051 [main] Testhooks - Execution Started
[INFO ] 2024-11-04 16:06:03.947 [main] Testhooks - Browser got launched
[INFO ] 2024-11-04 16:06:05.570 [main] Testhooks - Navigated to url
[INFO ] 2024-11-04 16:06:06.783 [main] Signinpage - User enters valid email address
[INFO ] 2024-11-04 16:06:06.914 [main] Signinpage - User enters valid password
[INFO ] 2024-11-04 16:06:07.025 [main] Signinpage - User clicks on signin button
[INFO ] 2024-11-04 16:06:07.025 [main] Members - >> Admin/User got logged in >>
[INFO ] 2024-11-04 16:06:09.844 [main] Memberspage - >> Admin/User got navigated to dashboard page
[INFO ] 2024-11-04 16:07:02.511 [main] Testhooks - Failed scenario screenshot got capturedT002_Create the New Stock with valid inputs
[INFO ] 2024-11-04 16:19:51.184 [main] Testhooks - Execution Started
[INFO ] 2024-11-04 16:19:52.146 [main] Testhooks - Browser got launched
[INFO ] 2024-11-04 16:19:53.531 [main] Testhooks - Navigated to url
[INFO ] 2024-11-04 16:19:54.745 [main] Signinpage - User enters valid email address
[INFO ] 2024-11-04 16:19:54.868 [main] Signinpage - User enters valid password
[INFO ] 2024-11-04 16:19:54.979 [main] Signinpage - User clicks on signin button
[INFO ] 2024-11-04 16:19:54.979 [main] Members - >> Admin/User got logged in >>
[INFO ] 2024-11-04 16:19:57.875 [main] Memberspage - >> Admin/User got navigated to dashboard page
[INFO ] 2024-11-04 16:20:39.313 [main] Testhooks - Failed scenario screenshot got capturedT002_Create the New Stock with valid inputs
[INFO ] 2024-11-04 16:21:06.510 [main] Testhooks - Execution Started
[INFO ] 2024-11-04 16:21:07.462 [main] Testhooks - Browser got launched
[INFO ] 2024-11-04 16:21:10.931 [main] Testhooks - Navigated to url
[INFO ] 2024-11-04 16:21:12.149 [main] Signinpage - User enters valid email address
[INFO ] 2024-11-04 16:21:12.280 [main] Signinpage - User enters valid password
[INFO ] 2024-11-04 16:21:12.391 [main] Signinpage - User clicks on signin button
[INFO ] 2024-11-04 16:21:12.391 [main] Members - >> Admin/User got logged in >>
[INFO ] 2024-11-04 16:21:16.970 [main] Memberspage - >> Admin/User got navigated to dashboard page
[INFO ] 2024-11-04 16:21:23.772 [main] Testhooks - Failed scenario screenshot got capturedT002_Create the New Stock with valid inputs
[INFO ] 2024-11-04 16:23:11.062 [main] Testhooks - Execution Started
[INFO ] 2024-11-04 16:23:12.052 [main] Testhooks - Browser got launched
[INFO ] 2024-11-04 16:23:13.504 [main] Testhooks - Navigated to url
[INFO ] 2024-11-04 16:23:14.725 [main] Signinpage - User enters valid email address
[INFO ] 2024-11-04 16:23:14.858 [main] Signinpage - User enters valid password
[INFO ] 2024-11-04 16:23:14.973 [main] Signinpage - User clicks on signin button
[INFO ] 2024-11-04 16:23:14.974 [main] Members - >> Admin/User got logged in >>
[INFO ] 2024-11-04 16:23:17.667 [main] Memberspage - >> Admin/User got navigated to dashboard page
[INFO ] 2024-11-04 16:23:58.824 [main] Testhooks - Failed scenario screenshot got capturedT002_Create the New Stock with valid inputs
[INFO ] 2024-11-04 16:25:49.736 [main] Testhooks - Execution Started
[INFO ] 2024-11-04 16:25:50.638 [main] Testhooks - Browser got launched
[INFO ] 2024-11-04 16:25:52.201 [main] Testhooks - Navigated to url
[INFO ] 2024-11-04 16:25:53.413 [main] Signinpage - User enters valid email address
[INFO ] 2024-11-04 16:25:53.544 [main] Signinpage - User enters valid password
[INFO ] 2024-11-04 16:25:53.688 [main] Signinpage - User clicks on signin button
[INFO ] 2024-11-04 16:25:53.689 [main] Members - >> Admin/User got logged in >>
[INFO ] 2024-11-04 16:25:56.528 [main] Memberspage - >> Admin/User got navigated to dashboard page
[INFO ] 2024-11-04 16:26:39.422 [main] Testhooks - Failed scenario screenshot got capturedT002_Create the New Stock with valid inputs
[INFO ] 2024-11-04 16:28:06.711 [main] Testhooks - Execution Started
[INFO ] 2024-11-04 16:28:07.748 [main] Testhooks - Browser got launched
[INFO ] 2024-11-04 16:28:09.437 [main] Testhooks - Navigated to url
[INFO ] 2024-11-04 16:28:10.644 [main] Signinpage - User enters valid email address
[INFO ] 2024-11-04 16:28:10.782 [main] Signinpage - User enters valid password
[INFO ] 2024-11-04 16:28:10.895 [main] Signinpage - User clicks on signin button
[INFO ] 2024-11-04 16:28:10.895 [main] Members - >> Admin/User got logged in >>
[INFO ] 2024-11-04 16:28:13.648 [main] Memberspage - >> Admin/User got navigated to dashboard page
[INFO ] 2024-11-04 16:28:35.725 [main] Testhooks - Execution Started
[INFO ] 2024-11-04 16:28:36.636 [main] Testhooks - Browser got launched
[INFO ] 2024-11-04 16:28:38.058 [main] Testhooks - Navigated to url
[INFO ] 2024-11-04 16:28:39.278 [main] Signinpage - User enters valid email address
[INFO ] 2024-11-04 16:28:39.411 [main] Signinpage - User enters valid password
[INFO ] 2024-11-04 16:28:39.523 [main] Signinpage - User clicks on signin button
[INFO ] 2024-11-04 16:28:39.523 [main] Members - >> Admin/User got logged in >>
[INFO ] 2024-11-04 16:28:42.943 [main] Memberspage - >> Admin/User got navigated to dashboard page
[INFO ] 2024-11-04 16:29:23.837 [main] Testhooks - Failed scenario screenshot got capturedT002_Create the New Stock with valid inputs
[INFO ] 2024-11-04 16:30:25.667 [main] Testhooks - Execution Started
[INFO ] 2024-11-04 16:30:26.653 [main] Testhooks - Browser got launched
[INFO ] 2024-11-04 16:30:28.152 [main] Testhooks - Navigated to url
[INFO ] 2024-11-04 16:30:29.361 [main] Signinpage - User enters valid email address
[INFO ] 2024-11-04 16:30:29.490 [main] Signinpage - User enters valid password
[INFO ] 2024-11-04 16:30:29.600 [main] Signinpage - User clicks on signin button
[INFO ] 2024-11-04 16:30:29.600 [main] Members - >> Admin/User got logged in >>
[INFO ] 2024-11-04 16:30:33.900 [main] Memberspage - >> Admin/User got navigated to dashboard page
[INFO ] 2024-11-04 16:31:27.164 [main] Testhooks - Failed scenario screenshot got capturedT002_Create the New Stock with valid inputs
[INFO ] 2024-11-04 16:33:58.269 [main] Testhooks - Execution Started
[INFO ] 2024-11-04 16:33:59.132 [main] Testhooks - Browser got launched
[INFO ] 2024-11-04 16:34:01.948 [main] Testhooks - Navigated to url
[INFO ] 2024-11-04 16:34:03.327 [main] Signinpage - User enters valid email address
[INFO ] 2024-11-04 16:34:03.472 [main] Signinpage - User enters valid password
[INFO ] 2024-11-04 16:34:03.582 [main] Signinpage - User clicks on signin button
[INFO ] 2024-11-04 16:34:03.582 [main] Members - >> Admin/User got logged in >>
[INFO ] 2024-11-04 16:34:06.191 [main] Memberspage - >> Admin/User got navigated to dashboard page
[INFO ] 2024-11-04 16:34:59.410 [main] Testhooks - Failed scenario screenshot got capturedT002_Create the New Stock with valid inputs
[INFO ] 2024-11-04 16:35:57.641 [main] Testhooks - Execution Started
[INFO ] 2024-11-04 16:35:58.629 [main] Testhooks - Browser got launched
[INFO ] 2024-11-04 16:36:00.658 [main] Testhooks - Navigated to url
[INFO ] 2024-11-04 16:36:02.280 [main] Signinpage - User enters valid email address
[INFO ] 2024-11-04 16:36:02.606 [main] Signinpage - User enters valid password
[INFO ] 2024-11-04 16:36:03.012 [main] Signinpage - User clicks on signin button
[INFO ] 2024-11-04 16:36:03.013 [main] Members - >> Admin/User got logged in >>
[INFO ] 2024-11-04 16:36:05.562 [main] Memberspage - >> Admin/User got navigated to dashboard page
[INFO ] 2024-11-04 16:36:07.254 [main] Testhooks - Failed scenario screenshot got capturedT002_Create the New Stock with valid inputs
[INFO ] 2024-11-04 16:36:43.298 [main] Testhooks - Execution Started
[INFO ] 2024-11-04 16:36:44.238 [main] Testhooks - Browser got launched
[INFO ] 2024-11-04 16:36:45.765 [main] Testhooks - Navigated to url
[INFO ] 2024-11-04 16:36:46.977 [main] Signinpage - User enters valid email address
[INFO ] 2024-11-04 16:36:47.110 [main] Signinpage - User enters valid password
[INFO ] 2024-11-04 16:36:47.224 [main] Signinpage - User clicks on signin button
[INFO ] 2024-11-04 16:36:47.224 [main] Members - >> Admin/User got logged in >>
[INFO ] 2024-11-04 16:36:50.037 [main] Memberspage - >> Admin/User got navigated to dashboard page
[INFO ] 2024-11-04 16:37:45.484 [main] Testhooks - Failed scenario screenshot got capturedT002_Create the New Stock with valid inputs
[INFO ] 2024-11-04 17:20:35.763 [main] Testhooks - Execution Started
[INFO ] 2024-11-04 17:20:36.710 [main] Testhooks - Browser got launched
[INFO ] 2024-11-04 17:20:38.330 [main] Testhooks - Navigated to url
[INFO ] 2024-11-04 17:20:39.555 [main] Signinpage - User enters valid email address
[INFO ] 2024-11-04 17:20:39.702 [main] Signinpage - User enters valid password
[INFO ] 2024-11-04 17:20:39.811 [main] Signinpage - User clicks on signin button
[INFO ] 2024-11-04 17:20:39.811 [main] Members - >> Admin/User got logged in >>
[INFO ] 2024-11-04 17:20:42.628 [main] Memberspage - >> Admin/User got navigated to dashboard page
[INFO ] 2024-11-04 17:21:38.052 [main] Testhooks - Failed scenario screenshot got capturedT002_Create the New Stock with valid inputs
[INFO ] 2024-11-04 17:22:54.735 [main] Testhooks - Execution Started
[INFO ] 2024-11-04 17:22:55.677 [main] Testhooks - Browser got launched
[INFO ] 2024-11-04 17:22:58.151 [main] Testhooks - Navigated to url
[INFO ] 2024-11-04 17:22:59.362 [main] Signinpage - User enters valid email address
[INFO ] 2024-11-04 17:22:59.489 [main] Signinpage - User enters valid password
[INFO ] 2024-11-04 17:22:59.601 [main] Signinpage - User clicks on signin button
[INFO ] 2024-11-04 17:22:59.601 [main] Members - >> Admin/User got logged in >>
[INFO ] 2024-11-04 17:23:04.762 [main] Memberspage - >> Admin/User got navigated to dashboard page
[INFO ] 2024-11-04 17:24:01.824 [main] Testhooks - Failed scenario screenshot got capturedT002_Create the New Stock with valid inputs
[INFO ] 2024-11-04 17:29:13.196 [main] Testhooks - Execution Started
[INFO ] 2024-11-04 17:29:14.213 [main] Testhooks - Browser got launched
[INFO ] 2024-11-04 17:29:16.111 [main] Testhooks - Navigated to url
[INFO ] 2024-11-04 17:29:17.325 [main] Signinpage - User enters valid email address
[INFO ] 2024-11-04 17:29:17.453 [main] Signinpage - User enters valid password
[INFO ] 2024-11-04 17:29:17.561 [main] Signinpage - User clicks on signin button
[INFO ] 2024-11-04 17:29:17.561 [main] Members - >> Admin/User got logged in >>
[INFO ] 2024-11-04 17:29:20.570 [main] Memberspage - >> Admin/User got navigated to dashboard page
[INFO ] 2024-11-04 17:30:16.105 [main] Testhooks - Failed scenario screenshot got capturedT002_Create the New Stock with valid inputs
[INFO ] 2024-11-04 17:34:28.391 [main] Testhooks - Execution Started
[INFO ] 2024-11-04 17:34:29.310 [main] Testhooks - Browser got launched
[INFO ] 2024-11-04 17:34:30.976 [main] Testhooks - Navigated to url
[INFO ] 2024-11-04 17:34:32.169 [main] Signinpage - User enters valid email address
[INFO ] 2024-11-04 17:34:32.292 [main] Signinpage - User enters valid password
[INFO ] 2024-11-04 17:34:32.401 [main] Signinpage - User clicks on signin button
[INFO ] 2024-11-04 17:34:32.402 [main] Members - >> Admin/User got logged in >>
[INFO ] 2024-11-04 17:34:40.141 [main] Memberspage - >> Admin/User got navigated to dashboard page
[INFO ] 2024-11-04 17:35:35.348 [main] Testhooks - Failed scenario screenshot got capturedT002_Create the New Stock with valid inputs
[INFO ] 2024-11-04 17:36:38.267 [main] Testhooks - Execution Started
[INFO ] 2024-11-04 17:36:39.251 [main] Testhooks - Browser got launched
[INFO ] 2024-11-04 17:36:40.699 [main] Testhooks - Navigated to url
[INFO ] 2024-11-04 17:36:41.911 [main] Signinpage - User enters valid email address
[INFO ] 2024-11-04 17:36:42.035 [main] Signinpage - User enters valid password
[INFO ] 2024-11-04 17:36:42.141 [main] Signinpage - User clicks on signin button
[INFO ] 2024-11-04 17:36:42.141 [main] Members - >> Admin/User got logged in >>
[INFO ] 2024-11-04 17:36:45.046 [main] Memberspage - >> Admin/User got navigated to dashboard page
[INFO ] 2024-11-04 17:37:30.017 [main] Testhooks - Failed scenario screenshot got capturedT002_Create the New Stock with valid inputs
[INFO ] 2024-11-04 17:40:59.996 [main] Testhooks - Execution Started
[INFO ] 2024-11-04 17:41:01.318 [main] Testhooks - Browser got launched
[INFO ] 2024-11-04 17:41:03.744 [main] Testhooks - Navigated to url
[INFO ] 2024-11-04 17:41:04.952 [main] Signinpage - User enters valid email address
[INFO ] 2024-11-04 17:41:05.077 [main] Signinpage - User enters valid password
[INFO ] 2024-11-04 17:41:05.192 [main] Signinpage - User clicks on signin button
[INFO ] 2024-11-04 17:41:05.192 [main] Members - >> Admin/User got logged in >>
[INFO ] 2024-11-04 17:41:10.418 [main] Memberspage - >> Admin/User got navigated to dashboard page
[INFO ] 2024-11-04 17:42:46.087 [main] Testhooks - Execution Started
[INFO ] 2024-11-04 17:42:47.059 [main] Testhooks - Browser got launched
[INFO ] 2024-11-04 17:42:48.576 [main] Testhooks - Navigated to url
[INFO ] 2024-11-04 17:42:49.785 [main] Signinpage - User enters valid email address
[INFO ] 2024-11-04 17:42:49.914 [main] Signinpage - User enters valid password
[INFO ] 2024-11-04 17:42:50.028 [main] Signinpage - User clicks on signin button
[INFO ] 2024-11-04 17:42:50.028 [main] Members - >> Admin/User got logged in >>
[INFO ] 2024-11-04 17:42:52.957 [main] Memberspage - >> Admin/User got navigated to dashboard page
[INFO ] 2024-11-04 17:43:38.497 [main] Testhooks - Failed scenario screenshot got capturedT002_Create the New Stock with valid inputs
[INFO ] 2024-11-04 17:45:09.603 [main] Testhooks - Execution Started
[INFO ] 2024-11-04 17:45:10.549 [main] Testhooks - Browser got launched
[INFO ] 2024-11-04 17:45:11.994 [main] Testhooks - Navigated to url
[INFO ] 2024-11-04 17:45:13.206 [main] Signinpage - User enters valid email address
[INFO ] 2024-11-04 17:45:13.332 [main] Signinpage - User enters valid password
[INFO ] 2024-11-04 17:45:13.442 [main] Signinpage - User clicks on signin button
[INFO ] 2024-11-04 17:45:13.443 [main] Members - >> Admin/User got logged in >>
[INFO ] 2024-11-04 17:45:16.311 [main] Memberspage - >> Admin/User got navigated to dashboard page
[INFO ] 2024-11-04 17:45:57.188 [main] Testhooks - Failed scenario screenshot got capturedT002_Create the New Stock with valid inputs
[INFO ] 2024-11-04 18:00:42.017 [main] Testhooks - Execution Started
[INFO ] 2024-11-04 18:00:42.981 [main] Testhooks - Browser got launched
[INFO ] 2024-11-04 18:00:44.514 [main] Testhooks - Navigated to url
[INFO ] 2024-11-04 18:00:45.729 [main] Signinpage - User enters valid email address
[INFO ] 2024-11-04 18:00:45.862 [main] Signinpage - User enters valid password
[INFO ] 2024-11-04 18:00:45.973 [main] Signinpage - User clicks on signin button
[INFO ] 2024-11-04 18:00:45.973 [main] Members - >> Admin/User got logged in >>
[INFO ] 2024-11-04 18:00:48.646 [main] Memberspage - >> Admin/User got navigated to dashboard page
[INFO ] 2024-11-04 18:01:44.381 [main] Testhooks - Failed scenario screenshot got capturedT002_Create the New Stock with valid inputs
[INFO ] 2024-11-04 18:01:55.019 [main] Testhooks - Execution Started
[INFO ] 2024-11-04 18:01:55.905 [main] Testhooks - Browser got launched
[INFO ] 2024-11-04 18:01:57.344 [main] Testhooks - Navigated to url
[INFO ] 2024-11-04 18:01:58.554 [main] Signinpage - User enters valid email address
[INFO ] 2024-11-04 18:01:58.684 [main] Signinpage - User enters valid password
[INFO ] 2024-11-04 18:01:58.794 [main] Signinpage - User clicks on signin button
[INFO ] 2024-11-04 18:01:58.794 [main] Members - >> Admin/User got logged in >>
[INFO ] 2024-11-04 18:02:02.195 [main] Memberspage - >> Admin/User got navigated to dashboard page
[INFO ] 2024-11-04 18:16:50.494 [main] Testhooks - Execution Started
[INFO ] 2024-11-04 18:16:51.388 [main] Testhooks - Browser got launched
[INFO ] 2024-11-04 18:16:52.762 [main] Testhooks - Navigated to url
[INFO ] 2024-11-04 18:16:53.957 [main] Signinpage - User enters valid email address
[INFO ] 2024-11-04 18:16:54.077 [main] Signinpage - User enters valid password
[INFO ] 2024-11-04 18:16:54.178 [main] Signinpage - User clicks on signin button
[INFO ] 2024-11-04 18:16:54.179 [main] Members - >> Admin/User got logged in >>
[INFO ] 2024-11-04 18:16:56.821 [main] Memberspage - >> Admin/User got navigated to dashboard page
[INFO ] 2024-11-04 18:17:52.266 [main] Testhooks - Failed scenario screenshot got capturedT002_Create the New Stock with valid inputs
[INFO ] 2024-11-04 18:41:09.387 [main] Testhooks - Execution Started
[INFO ] 2024-11-04 18:41:10.221 [main] Testhooks - Browser got launched
[INFO ] 2024-11-04 18:41:11.714 [main] Testhooks - Navigated to url
[INFO ] 2024-11-04 18:41:12.919 [main] Signinpage - User enters valid email address
[INFO ] 2024-11-04 18:41:13.031 [main] Signinpage - User enters valid password
[INFO ] 2024-11-04 18:41:13.135 [main] Signinpage - User clicks on signin button
[INFO ] 2024-11-04 18:41:13.135 [main] Members - >> Admin/User got logged in >>
[INFO ] 2024-11-04 18:41:15.922 [main] Memberspage - >> Admin/User got navigated to dashboard page
[INFO ] 2024-11-04 18:42:11.241 [main] Testhooks - Failed scenario screenshot got capturedT002_Create the New Stock with valid inputs
[INFO ] 2024-11-04 18:43:15.690 [main] Testhooks - Execution Started
[INFO ] 2024-11-04 18:43:16.488 [main] Testhooks - Browser got launched
[INFO ] 2024-11-04 18:43:18.103 [main] Testhooks - Navigated to url
[INFO ] 2024-11-04 18:43:19.304 [main] Signinpage - User enters valid email address
[INFO ] 2024-11-04 18:43:19.426 [main] Signinpage - User enters valid password
[INFO ] 2024-11-04 18:43:19.524 [main] Signinpage - User clicks on signin button
[INFO ] 2024-11-04 18:43:19.525 [main] Members - >> Admin/User got logged in >>
[INFO ] 2024-11-04 18:43:22.132 [main] Memberspage - >> Admin/User got navigated to dashboard page
[INFO ] 2024-11-04 18:44:03.568 [main] Testhooks - Failed scenario screenshot got capturedT002_Create the New Stock with valid inputs
[INFO ] 2024-11-04 18:44:18.286 [main] Testhooks - Execution Started
[INFO ] 2024-11-04 18:44:19.105 [main] Testhooks - Browser got launched
[INFO ] 2024-11-04 18:44:20.443 [main] Testhooks - Navigated to url
[INFO ] 2024-11-04 18:44:21.648 [main] Signinpage - User enters valid email address
[INFO ] 2024-11-04 18:44:21.768 [main] Signinpage - User enters valid password
[INFO ] 2024-11-04 18:44:21.874 [main] Signinpage - User clicks on signin button
[INFO ] 2024-11-04 18:44:21.874 [main] Members - >> Admin/User got logged in >>
[INFO ] 2024-11-04 18:44:24.769 [main] Memberspage - >> Admin/User got navigated to dashboard page
[INFO ] 2024-11-04 18:45:20.346 [main] Testhooks - Failed scenario screenshot got capturedT002_Create the New Stock with valid inputs
[INFO ] 2024-11-04 18:49:56.651 [main] Testhooks - Execution Started
[INFO ] 2024-11-04 18:49:57.479 [main] Testhooks - Browser got launched
[INFO ] 2024-11-04 18:49:58.979 [main] Testhooks - Navigated to url
[INFO ] 2024-11-04 18:50:00.188 [main] Signinpage - User enters valid email address
[INFO ] 2024-11-04 18:50:00.313 [main] Signinpage - User enters valid password
[INFO ] 2024-11-04 18:50:00.446 [main] Signinpage - User clicks on signin button
[INFO ] 2024-11-04 18:50:00.446 [main] Members - >> Admin/User got logged in >>
[INFO ] 2024-11-04 18:50:04.504 [main] Memberspage - >> Admin/User got navigated to dashboard page
[INFO ] 2024-11-04 18:51:04.149 [main] Testhooks - Failed scenario screenshot got capturedT002_Create the New Stock with valid inputs
[INFO ] 2024-11-04 18:54:49.327 [main] Testhooks - Execution Started
[INFO ] 2024-11-04 18:54:50.232 [main] Testhooks - Browser got launched
[INFO ] 2024-11-04 18:54:51.550 [main] Testhooks - Navigated to url
[INFO ] 2024-11-04 18:54:52.762 [main] Signinpage - User enters valid email address
[INFO ] 2024-11-04 18:54:52.883 [main] Signinpage - User enters valid password
[INFO ] 2024-11-04 18:54:52.987 [main] Signinpage - User clicks on signin button
[INFO ] 2024-11-04 18:54:52.987 [main] Members - >> Admin/User got logged in >>
[INFO ] 2024-11-04 18:54:55.752 [main] Memberspage - >> Admin/User got navigated to dashboard page
[INFO ] 2024-11-04 18:55:52.102 [main] Testhooks - Failed scenario screenshot got capturedT002_Create the New Stock with valid inputs
[INFO ] 2024-11-04 18:57:43.312 [main] Testhooks - Execution Started
[INFO ] 2024-11-04 18:57:44.100 [main] Testhooks - Browser got launched
[INFO ] 2024-11-04 18:57:45.469 [main] Testhooks - Navigated to url
[INFO ] 2024-11-04 18:57:46.660 [main] Signinpage - User enters valid email address
[INFO ] 2024-11-04 18:57:46.780 [main] Signinpage - User enters valid password
[INFO ] 2024-11-04 18:57:46.880 [main] Signinpage - User clicks on signin button
[INFO ] 2024-11-04 18:57:46.881 [main] Members - >> Admin/User got logged in >>
[INFO ] 2024-11-04 18:57:49.673 [main] Memberspage - >> Admin/User got navigated to dashboard page
[INFO ] 2024-11-04 18:58:44.896 [main] Testhooks - Failed scenario screenshot got capturedT002_Create the New Stock with valid inputs
[INFO ] 2024-11-04 19:00:11.361 [main] Testhooks - Execution Started
[INFO ] 2024-11-04 19:00:12.224 [main] Testhooks - Browser got launched
[INFO ] 2024-11-04 19:00:13.685 [main] Testhooks - Navigated to url
[INFO ] 2024-11-04 19:00:14.886 [main] Signinpage - User enters valid email address
[INFO ] 2024-11-04 19:00:15.000 [main] Signinpage - User enters valid password
[INFO ] 2024-11-04 19:00:15.104 [main] Signinpage - User clicks on signin button
[INFO ] 2024-11-04 19:00:15.105 [main] Members - >> Admin/User got logged in >>
[INFO ] 2024-11-04 19:00:17.842 [main] Memberspage - >> Admin/User got navigated to dashboard page
