[INFO ] 2024-09-12 14:22:12.052 [main] Testhooks - Execution Started
[INFO ] 2024-09-12 14:22:13.620 [main] Testhooks - Browser got launched
[INFO ] 2024-09-12 14:22:16.288 [main] Testhooks - Navigated to url
[INFO ] 2024-09-12 14:22:17.528 [main] Signinpage - User enters valid email address
[INFO ] 2024-09-12 14:22:17.694 [main] Signinpage - User enters valid password
[INFO ] 2024-09-12 14:22:17.816 [main] Signinpage - User clicks on signin button
[INFO ] 2024-09-12 14:22:17.816 [main] Members - >> Admin/User got logged in >>
[INFO ] 2024-09-12 14:22:20.368 [main] Memberspage - >> Admin/User got navigated to dashboard page
[INFO ] 2024-09-12 14:22:21.248 [main] Inventorypage - >> Admin/User got navigated to inventory page
[INFO ] 2024-09-12 14:24:29.910 [main] Testhooks - Execution Started
[INFO ] 2024-09-12 14:24:30.775 [main] Testhooks - Browser got launched
[INFO ] 2024-09-12 14:24:32.579 [main] Testhooks - Navigated to url
[INFO ] 2024-09-12 14:24:33.793 [main] Signinpage - User enters valid email address
[INFO ] 2024-09-12 14:24:33.931 [main] Signinpage - User enters valid password
[INFO ] 2024-09-12 14:24:34.043 [main] Signinpage - User clicks on signin button
[INFO ] 2024-09-12 14:24:34.043 [main] Members - >> Admin/User got logged in >>
[INFO ] 2024-09-12 14:24:40.897 [main] Memberspage - >> Admin/User got navigated to dashboard page
[INFO ] 2024-09-12 14:24:42.796 [main] Testhooks - Failed scenario screenshot got capturedT_MaterialRequest02_Create the New Material Request with valid inputs
[INFO ] 2024-09-12 14:24:59.798 [main] Testhooks - Execution Started
[INFO ] 2024-09-12 14:25:00.752 [main] Testhooks - Browser got launched
[INFO ] 2024-09-12 14:25:02.543 [main] Testhooks - Navigated to url
[INFO ] 2024-09-12 14:25:03.761 [main] Signinpage - User enters valid email address
[INFO ] 2024-09-12 14:25:03.897 [main] Signinpage - User enters valid password
[INFO ] 2024-09-12 14:25:04.008 [main] Signinpage - User clicks on signin button
[INFO ] 2024-09-12 14:25:04.008 [main] Members - >> Admin/User got logged in >>
[INFO ] 2024-09-12 14:25:17.286 [main] Memberspage - >> Admin/User got navigated to dashboard page
[INFO ] 2024-09-12 14:25:17.817 [main] Inventorypage - >> Admin/User got navigated to inventory page
