[INFO ] 2024-10-29 11:08:21.995 [main] Testhooks - Execution Started
[INFO ] 2024-10-29 11:08:22.866 [main] Testhooks - Browser got launched
[INFO ] 2024-10-29 11:08:24.975 [main] Testhooks - Navigated to url
[INFO ] 2024-10-29 11:08:26.258 [main] Signinpage - User enters valid email address
[INFO ] 2024-10-29 11:08:26.383 [main] Signinpage - User enters valid password
[INFO ] 2024-10-29 11:08:26.498 [main] Signinpage - User clicks on signin button
[INFO ] 2024-10-29 11:08:26.498 [main] Members - >> Admin/User got logged in >>
[INFO ] 2024-10-29 11:08:29.216 [main] Memberspage - >> Admin/User got navigated to dashboard page
[INFO ] 2024-10-29 11:08:31.506 [main] Ticketspage - >> Admin/User got navigated to Tickets page
[INFO ] 2024-10-29 11:08:31.796 [main] Ticketspage - >> Admin/User clicked New Ticket btn
[INFO ] 2024-10-29 11:09:42.090 [main] Testhooks - Execution Started
[INFO ] 2024-10-29 11:09:42.977 [main] Testhooks - Browser got launched
[INFO ] 2024-10-29 11:09:48.074 [main] Testhooks - Navigated to url
[INFO ] 2024-10-29 11:09:49.255 [main] Signinpage - User enters valid email address
[INFO ] 2024-10-29 11:09:49.371 [main] Signinpage - User enters valid password
[INFO ] 2024-10-29 11:09:49.484 [main] Signinpage - User clicks on signin button
[INFO ] 2024-10-29 11:09:49.485 [main] Members - >> Admin/User got logged in >>
[INFO ] 2024-10-29 11:09:52.131 [main] Memberspage - >> Admin/User got navigated to dashboard page
[INFO ] 2024-10-29 11:10:12.649 [main] Testhooks - Failed scenario screenshot got capturedT002_Create the New Stock with valid inputs
[INFO ] 2024-10-29 11:17:40.913 [main] Testhooks - Execution Started
[INFO ] 2024-10-29 11:17:41.778 [main] Testhooks - Browser got launched
[INFO ] 2024-10-29 11:17:45.552 [main] Testhooks - Navigated to url
[INFO ] 2024-10-29 11:17:46.756 [main] Signinpage - User enters valid email address
[INFO ] 2024-10-29 11:17:46.877 [main] Signinpage - User enters valid password
[INFO ] 2024-10-29 11:17:46.982 [main] Signinpage - User clicks on signin button
[INFO ] 2024-10-29 11:17:46.982 [main] Members - >> Admin/User got logged in >>
[INFO ] 2024-10-29 11:18:18.069 [main] Testhooks - Failed scenario screenshot got capturedT002_Create the New Stock with valid inputs
[INFO ] 2024-10-29 11:18:54.771 [main] Testhooks - Execution Started
[INFO ] 2024-10-29 11:18:55.575 [main] Testhooks - Browser got launched
[INFO ] 2024-10-29 11:18:57.842 [main] Testhooks - Navigated to url
[INFO ] 2024-10-29 11:18:59.039 [main] Signinpage - User enters valid email address
[INFO ] 2024-10-29 11:18:59.161 [main] Signinpage - User enters valid password
[INFO ] 2024-10-29 11:18:59.266 [main] Signinpage - User clicks on signin button
[INFO ] 2024-10-29 11:18:59.267 [main] Members - >> Admin/User got logged in >>
[INFO ] 2024-10-29 11:19:01.821 [main] Memberspage - >> Admin/User got navigated to dashboard page
[INFO ] 2024-10-29 11:19:03.471 [main] Testhooks - Failed scenario screenshot got capturedT002_Create the New Stock with valid inputs
[INFO ] 2024-10-29 11:56:53.894 [main] Testhooks - Execution Started
[INFO ] 2024-10-29 11:56:54.763 [main] Testhooks - Browser got launched
[INFO ] 2024-10-29 11:56:59.721 [main] Testhooks - Navigated to url
[INFO ] 2024-10-29 11:57:00.946 [main] Signinpage - User enters valid email address
[INFO ] 2024-10-29 11:57:01.128 [main] Signinpage - User enters valid password
[INFO ] 2024-10-29 11:57:01.236 [main] Signinpage - User clicks on signin button
[INFO ] 2024-10-29 11:57:01.236 [main] Members - >> Admin/User got logged in >>
[INFO ] 2024-10-29 11:57:03.905 [main] Memberspage - >> Admin/User got navigated to dashboard page
[INFO ] 2024-10-29 11:57:05.506 [main] Testhooks - Failed scenario screenshot got capturedT002_Create the New Stock with valid inputs
[INFO ] 2024-10-29 12:22:10.453 [main] Testhooks - Execution Started
[INFO ] 2024-10-29 12:22:11.232 [main] Testhooks - Browser got launched
[INFO ] 2024-10-29 12:22:12.593 [main] Testhooks - Navigated to url
[INFO ] 2024-10-29 12:22:13.791 [main] Signinpage - User enters valid email address
[INFO ] 2024-10-29 12:22:13.909 [main] Signinpage - User enters valid password
[INFO ] 2024-10-29 12:22:14.018 [main] Signinpage - User clicks on signin button
[INFO ] 2024-10-29 12:22:14.019 [main] Members - >> Admin/User got logged in >>
[INFO ] 2024-10-29 12:22:16.661 [main] Memberspage - >> Admin/User got navigated to dashboard page
[INFO ] 2024-10-29 12:22:37.201 [main] Testhooks - Failed scenario screenshot got capturedT002_Create the New Stock with valid inputs
[INFO ] 2024-10-29 12:24:09.449 [main] Testhooks - Execution Started
[INFO ] 2024-10-29 12:24:10.322 [main] Testhooks - Browser got launched
[INFO ] 2024-10-29 12:24:11.589 [main] Testhooks - Navigated to url
[INFO ] 2024-10-29 12:24:12.790 [main] Signinpage - User enters valid email address
[INFO ] 2024-10-29 12:24:12.909 [main] Signinpage - User enters valid password
[INFO ] 2024-10-29 12:24:13.013 [main] Signinpage - User clicks on signin button
[INFO ] 2024-10-29 12:24:13.014 [main] Members - >> Admin/User got logged in >>
[INFO ] 2024-10-29 12:24:15.626 [main] Memberspage - >> Admin/User got navigated to dashboard page
[INFO ] 2024-10-29 12:24:35.938 [main] Testhooks - Failed scenario screenshot got capturedT002_Create the New Stock with valid inputs
[INFO ] 2024-10-29 12:25:12.201 [main] Testhooks - Execution Started
[INFO ] 2024-10-29 12:25:13.018 [main] Testhooks - Browser got launched
[INFO ] 2024-10-29 12:25:14.375 [main] Testhooks - Navigated to url
[INFO ] 2024-10-29 12:25:15.578 [main] Signinpage - User enters valid email address
[INFO ] 2024-10-29 12:25:15.700 [main] Signinpage - User enters valid password
[INFO ] 2024-10-29 12:25:15.807 [main] Signinpage - User clicks on signin button
[INFO ] 2024-10-29 12:25:15.807 [main] Members - >> Admin/User got logged in >>
[INFO ] 2024-10-29 12:25:18.586 [main] Memberspage - >> Admin/User got navigated to dashboard page
[INFO ] 2024-10-29 12:25:38.825 [main] Testhooks - Failed scenario screenshot got capturedT002_Create the New Stock with valid inputs
[INFO ] 2024-10-29 12:37:09.509 [main] Testhooks - Execution Started
[INFO ] 2024-10-29 12:37:10.327 [main] Testhooks - Browser got launched
[INFO ] 2024-10-29 12:37:11.718 [main] Testhooks - Navigated to url
[INFO ] 2024-10-29 12:37:12.923 [main] Signinpage - User enters valid email address
[INFO ] 2024-10-29 12:37:13.051 [main] Signinpage - User enters valid password
[INFO ] 2024-10-29 12:37:13.157 [main] Signinpage - User clicks on signin button
[INFO ] 2024-10-29 12:37:13.158 [main] Members - >> Admin/User got logged in >>
[INFO ] 2024-10-29 12:37:15.909 [main] Memberspage - >> Admin/User got navigated to dashboard page
[INFO ] 2024-10-29 12:37:43.149 [main] Testhooks - Failed scenario screenshot got capturedT002_Create the New Stock with valid inputs
