[INFO ] 2024-08-25 00:45:50.406 [main] Testhooks - Execution Started
[INFO ] 2024-08-25 00:45:51.357 [main] Testhooks - Browser got launched
[INFO ] 2024-08-25 00:45:53.481 [main] Testhooks - Navigated to url
[INFO ] 2024-08-25 00:45:54.712 [main] Signinpage - User enters valid email address
[INFO ] 2024-08-25 00:45:54.850 [main] Signinpage - User enters valid password
[INFO ] 2024-08-25 00:45:54.971 [main] Signinpage - User clicks on signin button
[INFO ] 2024-08-25 00:45:54.971 [main] Members - >> Admin/User got logged in >>
[INFO ] 2024-08-25 00:45:57.457 [main] Memberspage - >> Admin/User got navigated to dashboard page
[INFO ] 2024-08-25 00:45:58.289 [main] Cleaningpage - >> Admin/User got navigated to cleaning page
[INFO ] 2024-08-25 00:45:59.970 [main] Testhooks - Execution Started
[INFO ] 2024-08-25 00:46:00.647 [main] Testhooks - Browser got launched
[INFO ] 2024-08-25 00:46:04.134 [main] Testhooks - Navigated to url
[INFO ] 2024-08-25 00:46:14.722 [main] Testhooks - Execution Started
[INFO ] 2024-08-25 00:46:15.541 [main] Testhooks - Browser got launched
[INFO ] 2024-08-25 00:46:17.472 [main] Testhooks - Navigated to url
[INFO ] 2024-08-25 00:46:18.689 [main] Signinpage - User enters valid email address
[INFO ] 2024-08-25 00:46:18.823 [main] Signinpage - User enters valid password
[INFO ] 2024-08-25 00:46:18.933 [main] Signinpage - User clicks on signin button
[INFO ] 2024-08-25 00:46:18.933 [main] Members - >> Admin/User got logged in >>
[INFO ] 2024-08-25 00:46:21.600 [main] Memberspage - >> Admin/User got navigated to dashboard page
[INFO ] 2024-08-25 00:46:22.514 [main] Cleaningpage - >> Admin/User got navigated to cleaning page
[INFO ] 2024-08-25 00:46:24.193 [main] Testhooks - Execution Started
[INFO ] 2024-08-25 00:46:24.766 [main] Testhooks - Browser got launched
[INFO ] 2024-08-25 00:46:26.561 [main] Testhooks - Navigated to url
[INFO ] 2024-08-25 00:46:27.771 [main] Signinpage - User enters valid email address
[INFO ] 2024-08-25 00:46:27.915 [main] Signinpage - User enters valid password
[INFO ] 2024-08-25 00:46:28.035 [main] Signinpage - User clicks on signin button
[INFO ] 2024-08-25 00:46:28.035 [main] Members - >> Admin/User got logged in >>
[INFO ] 2024-08-25 00:46:30.577 [main] Memberspage - >> Admin/User got navigated to dashboard page
[INFO ] 2024-08-25 00:46:32.354 [main] Cleaningpage - >> Admin/User got navigated to cleaning page
[INFO ] 2024-08-25 00:46:33.917 [main] Testhooks - Failed scenario screenshot got capturedT017_To verify the Cleaning feature Excel Download
[INFO ] 2024-08-25 00:47:30.014 [main] Testhooks - Execution Started
[INFO ] 2024-08-25 00:47:31.114 [main] Testhooks - Browser got launched
[INFO ] 2024-08-25 00:47:33.186 [main] Testhooks - Navigated to url
[INFO ] 2024-08-25 00:47:34.403 [main] Signinpage - User enters valid email address
[INFO ] 2024-08-25 00:47:34.535 [main] Signinpage - User enters valid password
[INFO ] 2024-08-25 00:47:34.649 [main] Signinpage - User clicks on signin button
[INFO ] 2024-08-25 00:47:34.649 [main] Members - >> Admin/User got logged in >>
[INFO ] 2024-08-25 00:47:43.296 [main] Memberspage - >> Admin/User got navigated to dashboard page
[INFO ] 2024-08-25 00:47:43.826 [main] Cleaningpage - >> Admin/User got navigated to cleaning page
[INFO ] 2024-08-25 00:49:34.604 [main] Testhooks - Execution Started
[INFO ] 2024-08-25 00:49:35.476 [main] Testhooks - Browser got launched
[INFO ] 2024-08-25 00:49:37.712 [main] Testhooks - Navigated to url
[INFO ] 2024-08-25 00:49:38.936 [main] Signinpage - User enters valid email address
[INFO ] 2024-08-25 00:49:39.075 [main] Signinpage - User enters valid password
[INFO ] 2024-08-25 00:49:39.186 [main] Signinpage - User clicks on signin button
[INFO ] 2024-08-25 00:49:39.186 [main] Members - >> Admin/User got logged in >>
[INFO ] 2024-08-25 00:49:43.035 [main] Memberspage - >> Admin/User got navigated to dashboard page
[INFO ] 2024-08-25 00:49:43.814 [main] Cleaningpage - >> Admin/User got navigated to cleaning page
[INFO ] 2024-08-25 00:53:20.091 [main] Testhooks - Execution Started
[INFO ] 2024-08-25 00:53:21.052 [main] Testhooks - Browser got launched
[INFO ] 2024-08-25 00:53:22.864 [main] Testhooks - Navigated to url
[INFO ] 2024-08-25 00:53:24.086 [main] Signinpage - User enters valid email address
[INFO ] 2024-08-25 00:53:24.235 [main] Signinpage - User enters valid password
[INFO ] 2024-08-25 00:53:24.351 [main] Signinpage - User clicks on signin button
[INFO ] 2024-08-25 00:53:24.351 [main] Members - >> Admin/User got logged in >>
[INFO ] 2024-08-25 00:53:27.478 [main] Memberspage - >> Admin/User got navigated to dashboard page
[INFO ] 2024-08-25 00:53:28.028 [main] Cleaningpage - >> Admin/User got navigated to cleaning page
