[INFO ] 2024-08-22 00:22:59.059 [main] Testhooks - Execution Started
[INFO ] 2024-08-22 00:22:59.823 [main] Testhooks - Browser got launched
[INFO ] 2024-08-22 00:23:01.515 [main] Testhooks - Navigated to url
[INFO ] 2024-08-22 00:23:02.698 [main] Signinpage - User enters valid email address
[INFO ] 2024-08-22 00:23:02.828 [main] Signinpage - User enters valid password
[INFO ] 2024-08-22 00:23:02.931 [main] Signinpage - User clicks on signin button
[INFO ] 2024-08-22 00:23:02.932 [main] Members - >> Admin/User got logged in >>
[INFO ] 2024-08-22 00:23:14.542 [main] Memberspage - >> Admin/User got navigated to dashboard page
[INFO ] 2024-08-22 00:23:15.124 [main] Cleaningpage - >> Admin/User got navigated to cleaning page
[INFO ] 2024-08-22 00:23:36.565 [main] Testhooks - Failed scenario screenshot got capturedT002_Create the New Group with valid inputs
[INFO ] 2024-08-22 00:25:08.855 [main] Testhooks - Execution Started
[INFO ] 2024-08-22 00:25:09.722 [main] Testhooks - Browser got launched
[INFO ] 2024-08-22 00:25:11.635 [main] Testhooks - Navigated to url
[INFO ] 2024-08-22 00:25:12.824 [main] Signinpage - User enters valid email address
[INFO ] 2024-08-22 00:25:12.951 [main] Signinpage - User enters valid password
[INFO ] 2024-08-22 00:25:13.056 [main] Signinpage - User clicks on signin button
[INFO ] 2024-08-22 00:25:13.056 [main] Members - >> Admin/User got logged in >>
[INFO ] 2024-08-22 00:25:15.836 [main] Memberspage - >> Admin/User got navigated to dashboard page
[INFO ] 2024-08-22 00:25:16.273 [main] Cleaningpage - >> Admin/User got navigated to cleaning page
[INFO ] 2024-08-22 00:25:37.456 [main] Testhooks - Failed scenario screenshot got capturedT002_Create the New Group with valid inputs
[INFO ] 2024-08-22 00:26:04.308 [main] Testhooks - Execution Started
[INFO ] 2024-08-22 00:26:05.122 [main] Testhooks - Browser got launched
[INFO ] 2024-08-22 00:26:07.117 [main] Testhooks - Navigated to url
[INFO ] 2024-08-22 00:26:08.301 [main] Signinpage - User enters valid email address
[INFO ] 2024-08-22 00:26:08.425 [main] Signinpage - User enters valid password
[INFO ] 2024-08-22 00:26:08.532 [main] Signinpage - User clicks on signin button
[INFO ] 2024-08-22 00:26:08.533 [main] Members - >> Admin/User got logged in >>
[INFO ] 2024-08-22 00:26:13.028 [main] Memberspage - >> Admin/User got navigated to dashboard page
[INFO ] 2024-08-22 00:26:13.557 [main] Cleaningpage - >> Admin/User got navigated to cleaning page
[INFO ] 2024-08-22 00:26:42.550 [main] Testhooks - Execution Started
[INFO ] 2024-08-22 00:26:43.337 [main] Testhooks - Browser got launched
[INFO ] 2024-08-22 00:26:44.735 [main] Testhooks - Navigated to url
[INFO ] 2024-08-22 00:26:45.944 [main] Signinpage - User enters valid email address
[INFO ] 2024-08-22 00:26:46.073 [main] Signinpage - User enters valid password
[INFO ] 2024-08-22 00:26:46.178 [main] Signinpage - User clicks on signin button
[INFO ] 2024-08-22 00:26:46.178 [main] Members - >> Admin/User got logged in >>
[INFO ] 2024-08-22 00:26:48.897 [main] Memberspage - >> Admin/User got navigated to dashboard page
[INFO ] 2024-08-22 00:26:49.384 [main] Cleaningpage - >> Admin/User got navigated to cleaning page
[INFO ] 2024-08-22 00:27:01.050 [main] Testhooks - Failed scenario screenshot got capturedT002_Create the New Group with valid inputs
[INFO ] 2024-08-22 00:30:03.535 [main] Testhooks - Execution Started
[INFO ] 2024-08-22 00:30:04.400 [main] Testhooks - Browser got launched
[INFO ] 2024-08-22 00:30:06.587 [main] Testhooks - Navigated to url
[INFO ] 2024-08-22 00:30:07.795 [main] Signinpage - User enters valid email address
[INFO ] 2024-08-22 00:30:07.927 [main] Signinpage - User enters valid password
[INFO ] 2024-08-22 00:30:08.034 [main] Signinpage - User clicks on signin button
[INFO ] 2024-08-22 00:30:08.034 [main] Members - >> Admin/User got logged in >>
[INFO ] 2024-08-22 00:30:17.570 [main] Memberspage - >> Admin/User got navigated to dashboard page
[INFO ] 2024-08-22 00:30:18.095 [main] Cleaningpage - >> Admin/User got navigated to cleaning page
[INFO ] 2024-08-22 00:30:29.385 [main] Testhooks - Failed scenario screenshot got capturedT002_Create the New Group with valid inputs
[INFO ] 2024-08-22 00:32:32.201 [main] Testhooks - Execution Started
[INFO ] 2024-08-22 00:32:33.076 [main] Testhooks - Browser got launched
[INFO ] 2024-08-22 00:32:35.464 [main] Testhooks - Navigated to url
[INFO ] 2024-08-22 00:32:36.681 [main] Signinpage - User enters valid email address
[INFO ] 2024-08-22 00:32:36.816 [main] Signinpage - User enters valid password
[INFO ] 2024-08-22 00:32:36.931 [main] Signinpage - User clicks on signin button
[INFO ] 2024-08-22 00:32:36.931 [main] Members - >> Admin/User got logged in >>
[INFO ] 2024-08-22 00:32:46.387 [main] Memberspage - >> Admin/User got navigated to dashboard page
[INFO ] 2024-08-22 00:32:46.951 [main] Cleaningpage - >> Admin/User got navigated to cleaning page
[INFO ] 2024-08-22 00:34:09.892 [main] Testhooks - Execution Started
[INFO ] 2024-08-22 00:34:10.764 [main] Testhooks - Browser got launched
[INFO ] 2024-08-22 00:34:12.618 [main] Testhooks - Navigated to url
[INFO ] 2024-08-22 00:34:13.835 [main] Signinpage - User enters valid email address
[INFO ] 2024-08-22 00:34:13.972 [main] Signinpage - User enters valid password
[INFO ] 2024-08-22 00:34:14.085 [main] Signinpage - User clicks on signin button
[INFO ] 2024-08-22 00:34:14.086 [main] Members - >> Admin/User got logged in >>
[INFO ] 2024-08-22 00:34:17.231 [main] Memberspage - >> Admin/User got navigated to dashboard page
[INFO ] 2024-08-22 00:34:17.800 [main] Cleaningpage - >> Admin/User got navigated to cleaning page
[INFO ] 2024-08-22 00:34:29.612 [main] Testhooks - Failed scenario screenshot got capturedT002_Create the New Group with valid inputs
[INFO ] 2024-08-22 00:35:24.738 [main] Testhooks - Execution Started
[INFO ] 2024-08-22 00:35:25.721 [main] Testhooks - Browser got launched
[INFO ] 2024-08-22 00:35:27.313 [main] Testhooks - Navigated to url
[INFO ] 2024-08-22 00:35:28.525 [main] Signinpage - User enters valid email address
[INFO ] 2024-08-22 00:35:28.661 [main] Signinpage - User enters valid password
[INFO ] 2024-08-22 00:35:28.772 [main] Signinpage - User clicks on signin button
[INFO ] 2024-08-22 00:35:28.773 [main] Members - >> Admin/User got logged in >>
[INFO ] 2024-08-22 00:35:32.204 [main] Memberspage - >> Admin/User got navigated to dashboard page
[INFO ] 2024-08-22 00:35:33.351 [main] Cleaningpage - >> Admin/User got navigated to cleaning page
[INFO ] 2024-08-22 00:35:35.132 [main] Testhooks - Failed scenario screenshot got capturedT002_Create the New Group with valid inputs
[INFO ] 2024-08-22 00:36:19.284 [main] Testhooks - Execution Started
[INFO ] 2024-08-22 00:36:20.133 [main] Testhooks - Browser got launched
[INFO ] 2024-08-22 00:36:21.812 [main] Testhooks - Navigated to url
[INFO ] 2024-08-22 00:36:23.025 [main] Signinpage - User enters valid email address
[INFO ] 2024-08-22 00:36:23.160 [main] Signinpage - User enters valid password
[INFO ] 2024-08-22 00:36:23.268 [main] Signinpage - User clicks on signin button
[INFO ] 2024-08-22 00:36:23.268 [main] Members - >> Admin/User got logged in >>
[INFO ] 2024-08-22 00:36:26.008 [main] Memberspage - >> Admin/User got navigated to dashboard page
[INFO ] 2024-08-22 00:36:26.564 [main] Cleaningpage - >> Admin/User got navigated to cleaning page
[INFO ] 2024-08-22 00:36:39.330 [main] Testhooks - Failed scenario screenshot got capturedT002_Create the New Group with valid inputs
[INFO ] 2024-08-22 00:37:24.226 [main] Testhooks - Execution Started
[INFO ] 2024-08-22 00:37:25.125 [main] Testhooks - Browser got launched
[INFO ] 2024-08-22 00:37:26.722 [main] Testhooks - Navigated to url
[INFO ] 2024-08-22 00:37:27.940 [main] Signinpage - User enters valid email address
[INFO ] 2024-08-22 00:37:28.079 [main] Signinpage - User enters valid password
[INFO ] 2024-08-22 00:37:28.189 [main] Signinpage - User clicks on signin button
[INFO ] 2024-08-22 00:37:28.189 [main] Members - >> Admin/User got logged in >>
[INFO ] 2024-08-22 00:37:31.914 [main] Memberspage - >> Admin/User got navigated to dashboard page
[INFO ] 2024-08-22 00:37:32.627 [main] Cleaningpage - >> Admin/User got navigated to cleaning page
[INFO ] 2024-08-22 00:37:45.408 [main] Testhooks - Failed scenario screenshot got capturedT002_Create the New Group with valid inputs
[INFO ] 2024-08-22 00:38:27.606 [main] Testhooks - Execution Started
[INFO ] 2024-08-22 00:38:28.506 [main] Testhooks - Browser got launched
[INFO ] 2024-08-22 00:38:29.954 [main] Testhooks - Navigated to url
[INFO ] 2024-08-22 00:38:31.332 [main] Signinpage - User enters valid email address
[INFO ] 2024-08-22 00:38:31.601 [main] Signinpage - User enters valid password
[INFO ] 2024-08-22 00:38:31.764 [main] Signinpage - User clicks on signin button
[INFO ] 2024-08-22 00:38:31.764 [main] Members - >> Admin/User got logged in >>
[INFO ] 2024-08-22 00:38:34.318 [main] Memberspage - >> Admin/User got navigated to dashboard page
[INFO ] 2024-08-22 00:38:36.105 [main] Testhooks - Failed scenario screenshot got capturedT002_Create the New Group with valid inputs
[INFO ] 2024-08-22 00:38:53.419 [main] Testhooks - Execution Started
[INFO ] 2024-08-22 00:38:54.274 [main] Testhooks - Browser got launched
[INFO ] 2024-08-22 00:38:55.761 [main] Testhooks - Navigated to url
[INFO ] 2024-08-22 00:38:56.981 [main] Signinpage - User enters valid email address
[INFO ] 2024-08-22 00:38:57.116 [main] Signinpage - User enters valid password
[INFO ] 2024-08-22 00:38:57.225 [main] Signinpage - User clicks on signin button
[INFO ] 2024-08-22 00:38:57.226 [main] Members - >> Admin/User got logged in >>
[INFO ] 2024-08-22 00:38:59.820 [main] Memberspage - >> Admin/User got navigated to dashboard page
[INFO ] 2024-08-22 00:39:00.433 [main] Cleaningpage - >> Admin/User got navigated to cleaning page
[INFO ] 2024-08-22 00:39:02.162 [main] Testhooks - Failed scenario screenshot got capturedT002_Create the New Group with valid inputs
[INFO ] 2024-08-22 00:39:23.069 [main] Testhooks - Execution Started
[INFO ] 2024-08-22 00:39:23.983 [main] Testhooks - Browser got launched
[INFO ] 2024-08-22 00:39:25.526 [main] Testhooks - Navigated to url
[INFO ] 2024-08-22 00:39:26.742 [main] Signinpage - User enters valid email address
[INFO ] 2024-08-22 00:39:26.877 [main] Signinpage - User enters valid password
[INFO ] 2024-08-22 00:39:26.992 [main] Signinpage - User clicks on signin button
[INFO ] 2024-08-22 00:39:26.992 [main] Members - >> Admin/User got logged in >>
[INFO ] 2024-08-22 00:39:29.723 [main] Memberspage - >> Admin/User got navigated to dashboard page
[INFO ] 2024-08-22 00:39:30.211 [main] Cleaningpage - >> Admin/User got navigated to cleaning page
[INFO ] 2024-08-22 00:39:44.005 [main] Testhooks - Failed scenario screenshot got capturedT002_Create the New Group with valid inputs
[INFO ] 2024-08-22 00:40:46.239 [main] Testhooks - Execution Started
[INFO ] 2024-08-22 00:40:47.155 [main] Testhooks - Browser got launched
[INFO ] 2024-08-22 00:40:48.771 [main] Testhooks - Navigated to url
[INFO ] 2024-08-22 00:40:49.985 [main] Signinpage - User enters valid email address
[INFO ] 2024-08-22 00:40:50.125 [main] Signinpage - User enters valid password
[INFO ] 2024-08-22 00:40:50.239 [main] Signinpage - User clicks on signin button
[INFO ] 2024-08-22 00:40:50.239 [main] Members - >> Admin/User got logged in >>
[INFO ] 2024-08-22 00:40:53.003 [main] Memberspage - >> Admin/User got navigated to dashboard page
[INFO ] 2024-08-22 00:40:53.506 [main] Cleaningpage - >> Admin/User got navigated to cleaning page
[INFO ] 2024-08-22 00:41:08.028 [main] Testhooks - Failed scenario screenshot got capturedT002_Create the New Group with valid inputs
[INFO ] 2024-08-22 00:43:19.475 [main] Testhooks - Execution Started
[INFO ] 2024-08-22 00:43:20.379 [main] Testhooks - Browser got launched
[INFO ] 2024-08-22 00:43:22.030 [main] Testhooks - Navigated to url
[INFO ] 2024-08-22 00:43:23.245 [main] Signinpage - User enters valid email address
[INFO ] 2024-08-22 00:43:23.384 [main] Signinpage - User enters valid password
[INFO ] 2024-08-22 00:43:23.501 [main] Signinpage - User clicks on signin button
[INFO ] 2024-08-22 00:43:23.501 [main] Members - >> Admin/User got logged in >>
[INFO ] 2024-08-22 00:43:26.274 [main] Memberspage - >> Admin/User got navigated to dashboard page
[INFO ] 2024-08-22 00:43:26.832 [main] Cleaningpage - >> Admin/User got navigated to cleaning page
[INFO ] 2024-08-22 00:43:41.444 [main] Testhooks - Failed scenario screenshot got capturedT002_Create the New Group with valid inputs
[INFO ] 2024-08-22 00:45:08.499 [main] Testhooks - Execution Started
[INFO ] 2024-08-22 00:45:09.423 [main] Testhooks - Browser got launched
[INFO ] 2024-08-22 00:45:10.903 [main] Testhooks - Navigated to url
[INFO ] 2024-08-22 00:45:12.122 [main] Signinpage - User enters valid email address
[INFO ] 2024-08-22 00:45:12.255 [main] Signinpage - User enters valid password
[INFO ] 2024-08-22 00:45:12.364 [main] Signinpage - User clicks on signin button
[INFO ] 2024-08-22 00:45:12.365 [main] Members - >> Admin/User got logged in >>
[INFO ] 2024-08-22 00:45:15.125 [main] Memberspage - >> Admin/User got navigated to dashboard page
[INFO ] 2024-08-22 00:45:15.704 [main] Cleaningpage - >> Admin/User got navigated to cleaning page
[INFO ] 2024-08-22 00:45:29.293 [main] Testhooks - Failed scenario screenshot got capturedT002_Create the New Group with valid inputs
[INFO ] 2024-08-22 00:51:22.650 [main] Testhooks - Execution Started
[INFO ] 2024-08-22 00:51:23.603 [main] Testhooks - Browser got launched
[INFO ] 2024-08-22 00:51:25.876 [main] Testhooks - Navigated to url
[INFO ] 2024-08-22 00:51:27.093 [main] Signinpage - User enters valid email address
[INFO ] 2024-08-22 00:51:27.231 [main] Signinpage - User enters valid password
[INFO ] 2024-08-22 00:51:27.341 [main] Signinpage - User clicks on signin button
[INFO ] 2024-08-22 00:51:27.342 [main] Members - >> Admin/User got logged in >>
[INFO ] 2024-08-22 00:51:30.100 [main] Memberspage - >> Admin/User got navigated to dashboard page
[INFO ] 2024-08-22 00:51:30.587 [main] Cleaningpage - >> Admin/User got navigated to cleaning page
[INFO ] 2024-08-22 00:51:32.286 [main] Testhooks - Failed scenario screenshot got capturedT002_Create the New Group with valid inputs
[INFO ] 2024-08-22 00:51:47.912 [main] Testhooks - Execution Started
[INFO ] 2024-08-22 00:51:48.797 [main] Testhooks - Browser got launched
[INFO ] 2024-08-22 00:51:50.381 [main] Testhooks - Navigated to url
[INFO ] 2024-08-22 00:51:51.601 [main] Signinpage - User enters valid email address
[INFO ] 2024-08-22 00:51:51.736 [main] Signinpage - User enters valid password
[INFO ] 2024-08-22 00:51:51.854 [main] Signinpage - User clicks on signin button
[INFO ] 2024-08-22 00:51:51.854 [main] Members - >> Admin/User got logged in >>
[INFO ] 2024-08-22 00:51:54.485 [main] Memberspage - >> Admin/User got navigated to dashboard page
[INFO ] 2024-08-22 00:51:54.947 [main] Cleaningpage - >> Admin/User got navigated to cleaning page
[INFO ] 2024-08-22 00:52:09.827 [main] Testhooks - Execution Started
[INFO ] 2024-08-22 00:52:10.720 [main] Testhooks - Browser got launched
[INFO ] 2024-08-22 00:52:12.575 [main] Testhooks - Navigated to url
[INFO ] 2024-08-22 00:52:13.795 [main] Signinpage - User enters valid email address
[INFO ] 2024-08-22 00:52:13.932 [main] Signinpage - User enters valid password
[INFO ] 2024-08-22 00:52:14.043 [main] Signinpage - User clicks on signin button
[INFO ] 2024-08-22 00:52:14.043 [main] Members - >> Admin/User got logged in >>
[INFO ] 2024-08-22 00:52:17.214 [main] Memberspage - >> Admin/User got navigated to dashboard page
[INFO ] 2024-08-22 00:52:17.735 [main] Cleaningpage - >> Admin/User got navigated to cleaning page
[INFO ] 2024-08-22 00:52:31.558 [main] Testhooks - Failed scenario screenshot got capturedT002_Create the New Group with valid inputs
[INFO ] 2024-08-22 00:54:05.313 [main] Testhooks - Execution Started
[INFO ] 2024-08-22 00:54:06.189 [main] Testhooks - Browser got launched
[INFO ] 2024-08-22 00:54:07.950 [main] Testhooks - Navigated to url
[INFO ] 2024-08-22 00:54:09.166 [main] Signinpage - User enters valid email address
[INFO ] 2024-08-22 00:54:09.303 [main] Signinpage - User enters valid password
[INFO ] 2024-08-22 00:54:09.412 [main] Signinpage - User clicks on signin button
[INFO ] 2024-08-22 00:54:09.413 [main] Members - >> Admin/User got logged in >>
[INFO ] 2024-08-22 00:54:16.381 [main] Memberspage - >> Admin/User got navigated to dashboard page
[INFO ] 2024-08-22 00:54:16.988 [main] Cleaningpage - >> Admin/User got navigated to cleaning page
[INFO ] 2024-08-22 00:54:30.773 [main] Testhooks - Failed scenario screenshot got capturedT002_Create the New Group with valid inputs
[INFO ] 2024-08-22 00:57:18.145 [main] Testhooks - Execution Started
[INFO ] 2024-08-22 00:57:19.028 [main] Testhooks - Browser got launched
[INFO ] 2024-08-22 00:57:20.486 [main] Testhooks - Navigated to url
[INFO ] 2024-08-22 00:57:21.706 [main] Signinpage - User enters valid email address
[INFO ] 2024-08-22 00:57:21.843 [main] Signinpage - User enters valid password
[INFO ] 2024-08-22 00:57:21.950 [main] Signinpage - User clicks on signin button
[INFO ] 2024-08-22 00:57:21.951 [main] Members - >> Admin/User got logged in >>
[INFO ] 2024-08-22 00:57:24.739 [main] Memberspage - >> Admin/User got navigated to dashboard page
[INFO ] 2024-08-22 00:57:25.232 [main] Cleaningpage - >> Admin/User got navigated to cleaning page
[INFO ] 2024-08-22 00:57:37.887 [main] Testhooks - Failed scenario screenshot got capturedT002_Create the New Group with valid inputs
[INFO ] 2024-08-22 00:58:44.472 [main] Testhooks - Execution Started
[INFO ] 2024-08-22 00:58:45.308 [main] Testhooks - Browser got launched
[INFO ] 2024-08-22 00:58:46.836 [main] Testhooks - Navigated to url
[INFO ] 2024-08-22 00:58:48.041 [main] Signinpage - User enters valid email address
[INFO ] 2024-08-22 00:58:48.177 [main] Signinpage - User enters valid password
[INFO ] 2024-08-22 00:58:48.287 [main] Signinpage - User clicks on signin button
[INFO ] 2024-08-22 00:58:48.287 [main] Members - >> Admin/User got logged in >>
[INFO ] 2024-08-22 00:58:51.062 [main] Memberspage - >> Admin/User got navigated to dashboard page
[INFO ] 2024-08-22 00:58:51.730 [main] Cleaningpage - >> Admin/User got navigated to cleaning page
[INFO ] 2024-08-22 00:59:04.482 [main] Testhooks - Failed scenario screenshot got capturedT002_Create the New Group with valid inputs
[INFO ] 2024-08-22 01:00:21.628 [main] Testhooks - Execution Started
[INFO ] 2024-08-22 01:00:22.491 [main] Testhooks - Browser got launched
[INFO ] 2024-08-22 01:00:23.995 [main] Testhooks - Navigated to url
[INFO ] 2024-08-22 01:00:25.214 [main] Signinpage - User enters valid email address
[INFO ] 2024-08-22 01:00:25.347 [main] Signinpage - User enters valid password
[INFO ] 2024-08-22 01:00:25.460 [main] Signinpage - User clicks on signin button
[INFO ] 2024-08-22 01:00:25.460 [main] Members - >> Admin/User got logged in >>
[INFO ] 2024-08-22 01:00:28.053 [main] Memberspage - >> Admin/User got navigated to dashboard page
[INFO ] 2024-08-22 01:00:28.679 [main] Cleaningpage - >> Admin/User got navigated to cleaning page
[INFO ] 2024-08-22 01:01:02.362 [main] Testhooks - Execution Started
[INFO ] 2024-08-22 01:01:03.263 [main] Testhooks - Browser got launched
[INFO ] 2024-08-22 01:01:05.460 [main] Testhooks - Navigated to url
[INFO ] 2024-08-22 01:01:06.685 [main] Signinpage - User enters valid email address
[INFO ] 2024-08-22 01:01:06.821 [main] Signinpage - User enters valid password
[INFO ] 2024-08-22 01:01:06.928 [main] Signinpage - User clicks on signin button
[INFO ] 2024-08-22 01:01:06.929 [main] Members - >> Admin/User got logged in >>
[INFO ] 2024-08-22 01:01:15.572 [main] Memberspage - >> Admin/User got navigated to dashboard page
[INFO ] 2024-08-22 01:01:16.414 [main] Cleaningpage - >> Admin/User got navigated to cleaning page
[INFO ] 2024-08-22 01:01:34.100 [main] Testhooks - Execution Started
[INFO ] 2024-08-22 01:01:35.002 [main] Testhooks - Browser got launched
[INFO ] 2024-08-22 01:01:36.788 [main] Testhooks - Navigated to url
[INFO ] 2024-08-22 01:01:38.010 [main] Signinpage - User enters valid email address
[INFO ] 2024-08-22 01:01:38.143 [main] Signinpage - User enters valid password
[INFO ] 2024-08-22 01:01:38.253 [main] Signinpage - User clicks on signin button
[INFO ] 2024-08-22 01:01:38.253 [main] Members - >> Admin/User got logged in >>
[INFO ] 2024-08-22 01:01:43.668 [main] Memberspage - >> Admin/User got navigated to dashboard page
[INFO ] 2024-08-22 01:01:44.285 [main] Cleaningpage - >> Admin/User got navigated to cleaning page
[INFO ] 2024-08-22 01:02:39.134 [main] Testhooks - Execution Started
[INFO ] 2024-08-22 01:02:40.017 [main] Testhooks - Browser got launched
[INFO ] 2024-08-22 01:02:41.722 [main] Testhooks - Navigated to url
[INFO ] 2024-08-22 01:02:42.939 [main] Signinpage - User enters valid email address
[INFO ] 2024-08-22 01:02:43.077 [main] Signinpage - User enters valid password
[INFO ] 2024-08-22 01:02:43.185 [main] Signinpage - User clicks on signin button
[INFO ] 2024-08-22 01:02:43.185 [main] Members - >> Admin/User got logged in >>
[INFO ] 2024-08-22 01:02:46.089 [main] Memberspage - >> Admin/User got navigated to dashboard page
[INFO ] 2024-08-22 01:02:46.561 [main] Cleaningpage - >> Admin/User got navigated to cleaning page
[INFO ] 2024-08-22 01:02:59.072 [main] Testhooks - Failed scenario screenshot got capturedT002_Create the New Group with valid inputs
[INFO ] 2024-08-22 01:04:29.063 [main] Testhooks - Execution Started
[INFO ] 2024-08-22 01:04:29.949 [main] Testhooks - Browser got launched
[INFO ] 2024-08-22 01:04:31.991 [main] Testhooks - Navigated to url
[INFO ] 2024-08-22 01:04:33.210 [main] Signinpage - User enters valid email address
[INFO ] 2024-08-22 01:04:33.347 [main] Signinpage - User enters valid password
[INFO ] 2024-08-22 01:04:33.461 [main] Signinpage - User clicks on signin button
[INFO ] 2024-08-22 01:04:33.462 [main] Members - >> Admin/User got logged in >>
[INFO ] 2024-08-22 01:04:43.569 [main] Memberspage - >> Admin/User got navigated to dashboard page
[INFO ] 2024-08-22 01:04:44.153 [main] Cleaningpage - >> Admin/User got navigated to cleaning page
[INFO ] 2024-08-22 01:04:57.538 [main] Testhooks - Failed scenario screenshot got capturedT002_Create the New Group with valid inputs
[INFO ] 2024-08-22 01:05:52.708 [main] Testhooks - Execution Started
[INFO ] 2024-08-22 01:05:53.668 [main] Testhooks - Browser got launched
[INFO ] 2024-08-22 01:05:55.123 [main] Testhooks - Navigated to url
[INFO ] 2024-08-22 01:05:56.317 [main] Signinpage - User enters valid email address
[INFO ] 2024-08-22 01:05:56.448 [main] Signinpage - User enters valid password
[INFO ] 2024-08-22 01:05:56.559 [main] Signinpage - User clicks on signin button
[INFO ] 2024-08-22 01:05:56.559 [main] Members - >> Admin/User got logged in >>
[INFO ] 2024-08-22 01:05:59.361 [main] Memberspage - >> Admin/User got navigated to dashboard page
[INFO ] 2024-08-22 01:05:59.832 [main] Cleaningpage - >> Admin/User got navigated to cleaning page
[INFO ] 2024-08-22 01:06:01.517 [main] Testhooks - Failed scenario screenshot got capturedT002_Create the New Group with valid inputs
[INFO ] 2024-08-22 01:06:14.277 [main] Testhooks - Execution Started
[INFO ] 2024-08-22 01:06:15.167 [main] Testhooks - Browser got launched
[INFO ] 2024-08-22 01:06:16.742 [main] Testhooks - Navigated to url
[INFO ] 2024-08-22 01:06:17.960 [main] Signinpage - User enters valid email address
[INFO ] 2024-08-22 01:06:18.094 [main] Signinpage - User enters valid password
[INFO ] 2024-08-22 01:06:18.205 [main] Signinpage - User clicks on signin button
[INFO ] 2024-08-22 01:06:18.206 [main] Members - >> Admin/User got logged in >>
[INFO ] 2024-08-22 01:06:20.945 [main] Memberspage - >> Admin/User got navigated to dashboard page
[INFO ] 2024-08-22 01:06:21.542 [main] Cleaningpage - >> Admin/User got navigated to cleaning page
[INFO ] 2024-08-22 01:06:34.977 [main] Testhooks - Failed scenario screenshot got capturedT002_Create the New Group with valid inputs
[INFO ] 2024-08-22 01:08:30.474 [main] Testhooks - Execution Started
[INFO ] 2024-08-22 01:08:31.963 [main] Testhooks - Browser got launched
[INFO ] 2024-08-22 01:08:33.453 [main] Testhooks - Navigated to url
[INFO ] 2024-08-22 01:08:34.669 [main] Signinpage - User enters valid email address
[INFO ] 2024-08-22 01:08:34.806 [main] Signinpage - User enters valid password
[INFO ] 2024-08-22 01:08:34.919 [main] Signinpage - User clicks on signin button
[INFO ] 2024-08-22 01:08:34.920 [main] Members - >> Admin/User got logged in >>
[INFO ] 2024-08-22 01:08:44.577 [main] Memberspage - >> Admin/User got navigated to dashboard page
[INFO ] 2024-08-22 01:08:45.040 [main] Cleaningpage - >> Admin/User got navigated to cleaning page
[INFO ] 2024-08-22 01:08:58.859 [main] Testhooks - Failed scenario screenshot got capturedT002_Create the New Group with valid inputs
[INFO ] 2024-08-22 01:11:06.094 [main] Testhooks - Execution Started
[INFO ] 2024-08-22 01:11:07.059 [main] Testhooks - Browser got launched
[INFO ] 2024-08-22 01:11:08.676 [main] Testhooks - Navigated to url
[INFO ] 2024-08-22 01:11:09.889 [main] Signinpage - User enters valid email address
[INFO ] 2024-08-22 01:11:10.022 [main] Signinpage - User enters valid password
[INFO ] 2024-08-22 01:11:10.132 [main] Signinpage - User clicks on signin button
[INFO ] 2024-08-22 01:11:10.132 [main] Members - >> Admin/User got logged in >>
[INFO ] 2024-08-22 01:11:15.434 [main] Memberspage - >> Admin/User got navigated to dashboard page
[INFO ] 2024-08-22 01:11:16.030 [main] Cleaningpage - >> Admin/User got navigated to cleaning page
[INFO ] 2024-08-22 01:11:29.740 [main] Testhooks - Failed scenario screenshot got capturedT002_Create the New Group with valid inputs
[INFO ] 2024-08-22 01:12:38.623 [main] Testhooks - Execution Started
[INFO ] 2024-08-22 01:12:39.524 [main] Testhooks - Browser got launched
[INFO ] 2024-08-22 01:12:41.457 [main] Testhooks - Navigated to url
[INFO ] 2024-08-22 01:12:42.674 [main] Signinpage - User enters valid email address
[INFO ] 2024-08-22 01:12:42.810 [main] Signinpage - User enters valid password
[INFO ] 2024-08-22 01:12:42.918 [main] Signinpage - User clicks on signin button
[INFO ] 2024-08-22 01:12:42.918 [main] Members - >> Admin/User got logged in >>
[INFO ] 2024-08-22 01:12:46.243 [main] Memberspage - >> Admin/User got navigated to dashboard page
[INFO ] 2024-08-22 01:12:47.608 [main] Cleaningpage - >> Admin/User got navigated to cleaning page
[INFO ] 2024-08-22 01:13:02.566 [main] Testhooks - Failed scenario screenshot got capturedT002_Create the New Group with valid inputs
[INFO ] 2024-08-22 01:13:39.772 [main] Testhooks - Execution Started
[INFO ] 2024-08-22 01:13:40.622 [main] Testhooks - Browser got launched
[INFO ] 2024-08-22 01:13:42.527 [main] Testhooks - Navigated to url
[INFO ] 2024-08-22 01:13:43.736 [main] Signinpage - User enters valid email address
[INFO ] 2024-08-22 01:13:43.875 [main] Signinpage - User enters valid password
[INFO ] 2024-08-22 01:13:43.981 [main] Signinpage - User clicks on signin button
[INFO ] 2024-08-22 01:13:43.981 [main] Members - >> Admin/User got logged in >>
[INFO ] 2024-08-22 01:13:46.948 [main] Memberspage - >> Admin/User got navigated to dashboard page
[INFO ] 2024-08-22 01:13:47.484 [main] Cleaningpage - >> Admin/User got navigated to cleaning page
[INFO ] 2024-08-22 01:14:02.482 [main] Testhooks - Failed scenario screenshot got capturedT002_Create the New Group with valid inputs
[INFO ] 2024-08-22 10:48:07.709 [main] Testhooks - Execution Started
[INFO ] 2024-08-22 10:48:08.554 [main] Testhooks - Browser got launched
[INFO ] 2024-08-22 10:48:12.682 [main] Testhooks - Navigated to url
[INFO ] 2024-08-22 10:48:13.926 [main] Signinpage - User enters valid email address
[INFO ] 2024-08-22 10:48:14.058 [main] Signinpage - User enters valid password
[INFO ] 2024-08-22 10:48:14.185 [main] Signinpage - User clicks on signin button
[INFO ] 2024-08-22 10:48:14.185 [main] Members - >> Admin/User got logged in >>
[INFO ] 2024-08-22 10:48:17.138 [main] Memberspage - >> Admin/User got navigated to dashboard page
[INFO ] 2024-08-22 10:48:17.721 [main] Cleaningpage - >> Admin/User got navigated to cleaning page
[INFO ] 2024-08-22 10:48:28.283 [main] Testhooks - Execution Started
[INFO ] 2024-08-22 10:48:29.128 [main] Testhooks - Browser got launched
[INFO ] 2024-08-22 10:48:46.442 [main] Testhooks - Navigated to url
[INFO ] 2024-08-22 10:48:47.716 [main] Signinpage - User enters valid email address
[INFO ] 2024-08-22 10:48:47.854 [main] Signinpage - User enters valid password
[INFO ] 2024-08-22 10:48:47.965 [main] Signinpage - User clicks on signin button
[INFO ] 2024-08-22 10:48:47.965 [main] Members - >> Admin/User got logged in >>
[INFO ] 2024-08-22 10:48:50.356 [main] Memberspage - >> Admin/User got navigated to dashboard page
[INFO ] 2024-08-22 10:48:50.905 [main] Cleaningpage - >> Admin/User got navigated to cleaning page
[INFO ] 2024-08-22 11:06:17.111 [main] Testhooks - Execution Started
[INFO ] 2024-08-22 11:06:17.917 [main] Testhooks - Browser got launched
[INFO ] 2024-08-22 11:06:19.611 [main] Testhooks - Navigated to url
[INFO ] 2024-08-22 11:06:20.794 [main] Signinpage - User enters valid email address
[INFO ] 2024-08-22 11:06:20.917 [main] Signinpage - User enters valid password
[INFO ] 2024-08-22 11:06:21.018 [main] Signinpage - User clicks on signin button
[INFO ] 2024-08-22 11:06:21.019 [main] Members - >> Admin/User got logged in >>
[INFO ] 2024-08-22 11:06:23.761 [main] Memberspage - >> Admin/User got navigated to dashboard page
[INFO ] 2024-08-22 11:06:24.998 [main] Cleaningpage - >> Admin/User got navigated to cleaning page
[INFO ] 2024-08-22 11:06:39.908 [main] Testhooks - Failed scenario screenshot got capturedT002_Create the New Group with valid inputs
[INFO ] 2024-08-22 11:08:44.487 [main] Testhooks - Execution Started
[INFO ] 2024-08-22 11:08:45.302 [main] Testhooks - Browser got launched
[INFO ] 2024-08-22 11:08:47.337 [main] Testhooks - Navigated to url
[INFO ] 2024-08-22 11:08:48.531 [main] Signinpage - User enters valid email address
[INFO ] 2024-08-22 11:08:48.660 [main] Signinpage - User enters valid password
[INFO ] 2024-08-22 11:08:48.771 [main] Signinpage - User clicks on signin button
[INFO ] 2024-08-22 11:08:48.771 [main] Members - >> Admin/User got logged in >>
[INFO ] 2024-08-22 11:08:51.764 [main] Memberspage - >> Admin/User got navigated to dashboard page
[INFO ] 2024-08-22 11:08:52.254 [main] Cleaningpage - >> Admin/User got navigated to cleaning page
[INFO ] 2024-08-22 11:09:07.352 [main] Testhooks - Failed scenario screenshot got capturedT002_Create the New Group with valid inputs
[INFO ] 2024-08-22 11:14:30.545 [main] Testhooks - Execution Started
[INFO ] 2024-08-22 11:14:31.735 [main] Testhooks - Browser got launched
[INFO ] 2024-08-22 11:14:33.341 [main] Testhooks - Navigated to url
[INFO ] 2024-08-22 11:14:34.547 [main] Signinpage - User enters valid email address
[INFO ] 2024-08-22 11:14:34.670 [main] Signinpage - User enters valid password
[INFO ] 2024-08-22 11:14:34.773 [main] Signinpage - User clicks on signin button
[INFO ] 2024-08-22 11:14:34.773 [main] Members - >> Admin/User got logged in >>
[INFO ] 2024-08-22 11:14:46.226 [main] Memberspage - >> Admin/User got navigated to dashboard page
[INFO ] 2024-08-22 11:14:46.792 [main] Cleaningpage - >> Admin/User got navigated to cleaning page
[INFO ] 2024-08-22 11:15:01.783 [main] Testhooks - Execution Started
[INFO ] 2024-08-22 11:15:02.633 [main] Testhooks - Browser got launched
[INFO ] 2024-08-22 11:15:04.977 [main] Testhooks - Navigated to url
[INFO ] 2024-08-22 11:15:06.179 [main] Signinpage - User enters valid email address
[INFO ] 2024-08-22 11:15:06.314 [main] Signinpage - User enters valid password
[INFO ] 2024-08-22 11:15:06.417 [main] Signinpage - User clicks on signin button
[INFO ] 2024-08-22 11:15:06.418 [main] Members - >> Admin/User got logged in >>
[INFO ] 2024-08-22 11:15:17.995 [main] Memberspage - >> Admin/User got navigated to dashboard page
[INFO ] 2024-08-22 11:15:19.094 [main] Cleaningpage - >> Admin/User got navigated to cleaning page
[INFO ] 2024-08-22 11:15:36.007 [main] Testhooks - Failed scenario screenshot got capturedT002_Create the New Group with valid inputs
[INFO ] 2024-08-22 11:16:51.391 [main] Testhooks - Execution Started
[INFO ] 2024-08-22 11:16:52.201 [main] Testhooks - Browser got launched
[INFO ] 2024-08-22 11:16:55.168 [main] Testhooks - Navigated to url
[INFO ] 2024-08-22 11:16:56.377 [main] Signinpage - User enters valid email address
[INFO ] 2024-08-22 11:16:56.513 [main] Signinpage - User enters valid password
[INFO ] 2024-08-22 11:16:56.621 [main] Signinpage - User clicks on signin button
[INFO ] 2024-08-22 11:16:56.621 [main] Members - >> Admin/User got logged in >>
[INFO ] 2024-08-22 11:16:59.066 [main] Memberspage - >> Admin/User got navigated to dashboard page
[INFO ] 2024-08-22 11:17:00.125 [main] Cleaningpage - >> Admin/User got navigated to cleaning page
[INFO ] 2024-08-22 11:17:01.714 [main] Testhooks - Failed scenario screenshot got capturedT002_Create the New Group with valid inputs
[INFO ] 2024-08-22 11:17:16.654 [main] Testhooks - Execution Started
[INFO ] 2024-08-22 11:17:17.492 [main] Testhooks - Browser got launched
[INFO ] 2024-08-22 11:17:19.033 [main] Testhooks - Navigated to url
[INFO ] 2024-08-22 11:17:20.224 [main] Signinpage - User enters valid email address
[INFO ] 2024-08-22 11:17:20.350 [main] Signinpage - User enters valid password
[INFO ] 2024-08-22 11:17:20.451 [main] Signinpage - User clicks on signin button
[INFO ] 2024-08-22 11:17:20.452 [main] Members - >> Admin/User got logged in >>
[INFO ] 2024-08-22 11:17:23.031 [main] Memberspage - >> Admin/User got navigated to dashboard page
[INFO ] 2024-08-22 11:17:23.490 [main] Cleaningpage - >> Admin/User got navigated to cleaning page
[INFO ] 2024-08-22 11:17:39.951 [main] Testhooks - Failed scenario screenshot got capturedT002_Create the New Group with valid inputs
[INFO ] 2024-08-22 11:18:14.573 [main] Testhooks - Execution Started
[INFO ] 2024-08-22 11:18:15.392 [main] Testhooks - Browser got launched
[INFO ] 2024-08-22 11:18:17.349 [main] Testhooks - Navigated to url
[INFO ] 2024-08-22 11:18:18.555 [main] Signinpage - User enters valid email address
[INFO ] 2024-08-22 11:18:18.687 [main] Signinpage - User enters valid password
[INFO ] 2024-08-22 11:18:18.797 [main] Signinpage - User clicks on signin button
[INFO ] 2024-08-22 11:18:18.798 [main] Members - >> Admin/User got logged in >>
[INFO ] 2024-08-22 11:18:35.374 [main] Memberspage - >> Admin/User got navigated to dashboard page
[INFO ] 2024-08-22 11:18:36.971 [main] Testhooks - Failed scenario screenshot got capturedT002_Create the New Group with valid inputs
[INFO ] 2024-08-22 11:18:55.245 [main] Testhooks - Execution Started
[INFO ] 2024-08-22 11:18:56.058 [main] Testhooks - Browser got launched
[INFO ] 2024-08-22 11:19:06.721 [main] Testhooks - Navigated to url
[INFO ] 2024-08-22 11:19:07.911 [main] Signinpage - User enters valid email address
[INFO ] 2024-08-22 11:19:08.042 [main] Signinpage - User enters valid password
[INFO ] 2024-08-22 11:19:08.167 [main] Signinpage - User clicks on signin button
[INFO ] 2024-08-22 11:19:08.167 [main] Members - >> Admin/User got logged in >>
[INFO ] 2024-08-22 11:19:17.476 [main] Memberspage - >> Admin/User got navigated to dashboard page
[INFO ] 2024-08-22 11:19:18.099 [main] Cleaningpage - >> Admin/User got navigated to cleaning page
[INFO ] 2024-08-22 11:19:33.325 [main] Testhooks - Execution Started
[INFO ] 2024-08-22 11:19:34.181 [main] Testhooks - Browser got launched
[INFO ] 2024-08-22 11:19:37.057 [main] Testhooks - Navigated to url
[INFO ] 2024-08-22 11:19:38.244 [main] Signinpage - User enters valid email address
[INFO ] 2024-08-22 11:19:38.375 [main] Signinpage - User enters valid password
[INFO ] 2024-08-22 11:19:38.483 [main] Signinpage - User clicks on signin button
[INFO ] 2024-08-22 11:19:38.483 [main] Members - >> Admin/User got logged in >>
[INFO ] 2024-08-22 11:19:46.193 [main] Memberspage - >> Admin/User got navigated to dashboard page
[INFO ] 2024-08-22 11:19:46.746 [main] Cleaningpage - >> Admin/User got navigated to cleaning page
[INFO ] 2024-08-22 11:20:03.453 [main] Testhooks - Failed scenario screenshot got capturedT002_Create the New Group with valid inputs
[INFO ] 2024-08-22 11:25:14.865 [main] Testhooks - Execution Started
[INFO ] 2024-08-22 11:25:15.701 [main] Testhooks - Browser got launched
[INFO ] 2024-08-22 11:25:17.395 [main] Testhooks - Navigated to url
[INFO ] 2024-08-22 11:25:18.582 [main] Signinpage - User enters valid email address
[INFO ] 2024-08-22 11:25:18.709 [main] Signinpage - User enters valid password
[INFO ] 2024-08-22 11:25:18.818 [main] Signinpage - User clicks on signin button
[INFO ] 2024-08-22 11:25:18.818 [main] Members - >> Admin/User got logged in >>
[INFO ] 2024-08-22 11:25:21.210 [main] Memberspage - >> Admin/User got navigated to dashboard page
[INFO ] 2024-08-22 11:25:21.701 [main] Cleaningpage - >> Admin/User got navigated to cleaning page
[INFO ] 2024-08-22 11:26:09.998 [main] Testhooks - Execution Started
[INFO ] 2024-08-22 11:26:10.811 [main] Testhooks - Browser got launched
[INFO ] 2024-08-22 11:26:13.367 [main] Testhooks - Navigated to url
[INFO ] 2024-08-22 11:26:14.567 [main] Signinpage - User enters valid email address
[INFO ] 2024-08-22 11:26:14.699 [main] Signinpage - User enters valid password
[INFO ] 2024-08-22 11:26:14.806 [main] Signinpage - User clicks on signin button
[INFO ] 2024-08-22 11:26:14.807 [main] Members - >> Admin/User got logged in >>
[INFO ] 2024-08-22 11:26:17.778 [main] Memberspage - >> Admin/User got navigated to dashboard page
[INFO ] 2024-08-22 11:26:18.205 [main] Cleaningpage - >> Admin/User got navigated to cleaning page
[INFO ] 2024-08-22 11:26:46.965 [main] Testhooks - Failed scenario screenshot got capturedT002_Create the New Group with valid inputs
[INFO ] 2024-08-22 11:33:41.756 [main] Testhooks - Execution Started
[INFO ] 2024-08-22 11:33:42.534 [main] Testhooks - Browser got launched
[INFO ] 2024-08-22 11:33:49.101 [main] Testhooks - Navigated to url
[INFO ] 2024-08-22 11:33:50.322 [main] Signinpage - User enters valid email address
[INFO ] 2024-08-22 11:33:50.458 [main] Signinpage - User enters valid password
[INFO ] 2024-08-22 11:33:50.567 [main] Signinpage - User clicks on signin button
[INFO ] 2024-08-22 11:33:50.567 [main] Members - >> Admin/User got logged in >>
[INFO ] 2024-08-22 11:33:54.254 [main] Memberspage - >> Admin/User got navigated to dashboard page
[INFO ] 2024-08-22 11:33:54.754 [main] Cleaningpage - >> Admin/User got navigated to cleaning page
[INFO ] 2024-08-22 11:34:23.044 [main] Testhooks - Failed scenario screenshot got capturedT002_Create the New Group with valid inputs
[INFO ] 2024-08-22 11:42:40.743 [main] Testhooks - Execution Started
[INFO ] 2024-08-22 11:42:41.619 [main] Testhooks - Browser got launched
[INFO ] 2024-08-22 11:42:43.172 [main] Testhooks - Navigated to url
[INFO ] 2024-08-22 11:42:44.377 [main] Signinpage - User enters valid email address
[INFO ] 2024-08-22 11:42:44.500 [main] Signinpage - User enters valid password
[INFO ] 2024-08-22 11:42:44.604 [main] Signinpage - User clicks on signin button
[INFO ] 2024-08-22 11:42:44.604 [main] Members - >> Admin/User got logged in >>
[INFO ] 2024-08-22 11:42:48.674 [main] Memberspage - >> Admin/User got navigated to dashboard page
[INFO ] 2024-08-22 11:42:49.215 [main] Cleaningpage - >> Admin/User got navigated to cleaning page
[INFO ] 2024-08-22 11:43:06.093 [main] Testhooks - Execution Started
[INFO ] 2024-08-22 11:43:06.879 [main] Testhooks - Browser got launched
[INFO ] 2024-08-22 11:43:08.650 [main] Testhooks - Navigated to url
[INFO ] 2024-08-22 11:43:09.847 [main] Signinpage - User enters valid email address
[INFO ] 2024-08-22 11:43:09.973 [main] Signinpage - User enters valid password
[INFO ] 2024-08-22 11:43:10.079 [main] Signinpage - User clicks on signin button
[INFO ] 2024-08-22 11:43:10.079 [main] Members - >> Admin/User got logged in >>
[INFO ] 2024-08-22 11:43:19.820 [main] Memberspage - >> Admin/User got navigated to dashboard page
[INFO ] 2024-08-22 11:43:20.295 [main] Cleaningpage - >> Admin/User got navigated to cleaning page
[INFO ] 2024-08-22 11:43:32.957 [main] Testhooks - Failed scenario screenshot got capturedT002_Create the New Group with valid inputs
[INFO ] 2024-08-22 11:43:42.832 [main] Testhooks - Execution Started
[INFO ] 2024-08-22 11:43:43.619 [main] Testhooks - Browser got launched
[INFO ] 2024-08-22 11:43:46.971 [main] Testhooks - Navigated to url
[INFO ] 2024-08-22 11:43:48.181 [main] Signinpage - User enters valid email address
[INFO ] 2024-08-22 11:43:48.308 [main] Signinpage - User enters valid password
[INFO ] 2024-08-22 11:43:48.410 [main] Signinpage - User clicks on signin button
[INFO ] 2024-08-22 11:43:48.410 [main] Members - >> Admin/User got logged in >>
[INFO ] 2024-08-22 11:43:51.270 [main] Memberspage - >> Admin/User got navigated to dashboard page
[INFO ] 2024-08-22 11:43:51.695 [main] Cleaningpage - >> Admin/User got navigated to cleaning page
[INFO ] 2024-08-22 11:44:13.325 [main] Testhooks - Execution Started
[INFO ] 2024-08-22 11:44:14.142 [main] Testhooks - Browser got launched
[INFO ] 2024-08-22 11:44:15.620 [main] Testhooks - Navigated to url
[INFO ] 2024-08-22 11:44:16.807 [main] Signinpage - User enters valid email address
[INFO ] 2024-08-22 11:44:16.938 [main] Signinpage - User enters valid password
[INFO ] 2024-08-22 11:44:17.044 [main] Signinpage - User clicks on signin button
[INFO ] 2024-08-22 11:44:17.044 [main] Members - >> Admin/User got logged in >>
[INFO ] 2024-08-22 11:44:19.669 [main] Memberspage - >> Admin/User got navigated to dashboard page
[INFO ] 2024-08-22 11:44:20.403 [main] Cleaningpage - >> Admin/User got navigated to cleaning page
[INFO ] 2024-08-22 11:44:51.551 [main] Testhooks - Failed scenario screenshot got capturedT002_Create the New Group with valid inputs
[INFO ] 2024-08-22 11:45:42.802 [main] Testhooks - Execution Started
[INFO ] 2024-08-22 11:45:43.580 [main] Testhooks - Browser got launched
[INFO ] 2024-08-22 11:45:45.251 [main] Testhooks - Navigated to url
[INFO ] 2024-08-22 11:45:46.446 [main] Signinpage - User enters valid email address
[INFO ] 2024-08-22 11:45:46.575 [main] Signinpage - User enters valid password
[INFO ] 2024-08-22 11:45:46.680 [main] Signinpage - User clicks on signin button
[INFO ] 2024-08-22 11:45:46.680 [main] Members - >> Admin/User got logged in >>
[INFO ] 2024-08-22 11:45:49.227 [main] Memberspage - >> Admin/User got navigated to dashboard page
[INFO ] 2024-08-22 11:45:49.807 [main] Cleaningpage - >> Admin/User got navigated to cleaning page
[INFO ] 2024-08-22 11:46:00.972 [main] Testhooks - Failed scenario screenshot got capturedT002_Create the New Group with valid inputs
[INFO ] 2024-08-22 11:49:27.162 [main] Testhooks - Execution Started
[INFO ] 2024-08-22 11:49:27.955 [main] Testhooks - Browser got launched
[INFO ] 2024-08-22 11:49:29.400 [main] Testhooks - Navigated to url
[INFO ] 2024-08-22 11:49:30.634 [main] Signinpage - User enters valid email address
[INFO ] 2024-08-22 11:49:30.796 [main] Signinpage - User enters valid password
[INFO ] 2024-08-22 11:49:30.937 [main] Signinpage - User clicks on signin button
[INFO ] 2024-08-22 11:49:30.938 [main] Members - >> Admin/User got logged in >>
[INFO ] 2024-08-22 11:49:34.424 [main] Memberspage - >> Admin/User got navigated to dashboard page
[INFO ] 2024-08-22 11:49:34.873 [main] Cleaningpage - >> Admin/User got navigated to cleaning page
[INFO ] 2024-08-22 11:49:36.426 [main] Testhooks - Failed scenario screenshot got capturedT002_Create the New Group with valid inputs
[INFO ] 2024-08-22 11:50:00.539 [main] Testhooks - Execution Started
[INFO ] 2024-08-22 11:50:01.543 [main] Testhooks - Browser got launched
[INFO ] 2024-08-22 11:50:04.224 [main] Testhooks - Navigated to url
[INFO ] 2024-08-22 11:50:05.411 [main] Signinpage - User enters valid email address
[INFO ] 2024-08-22 11:50:05.547 [main] Signinpage - User enters valid password
[INFO ] 2024-08-22 11:50:05.659 [main] Signinpage - User clicks on signin button
[INFO ] 2024-08-22 11:50:05.659 [main] Members - >> Admin/User got logged in >>
[INFO ] 2024-08-22 11:50:18.735 [main] Memberspage - >> Admin/User got navigated to dashboard page
[INFO ] 2024-08-22 11:50:19.282 [main] Cleaningpage - >> Admin/User got navigated to cleaning page
[INFO ] 2024-08-22 11:50:31.237 [main] Testhooks - Failed scenario screenshot got capturedT002_Create the New Group with valid inputs
[INFO ] 2024-08-22 11:57:06.930 [main] Testhooks - Execution Started
[INFO ] 2024-08-22 11:57:07.709 [main] Testhooks - Browser got launched
[INFO ] 2024-08-22 11:57:10.410 [main] Testhooks - Navigated to url
[INFO ] 2024-08-22 11:57:11.626 [main] Signinpage - User enters valid email address
[INFO ] 2024-08-22 11:57:11.760 [main] Signinpage - User enters valid password
[INFO ] 2024-08-22 11:57:11.867 [main] Signinpage - User clicks on signin button
[INFO ] 2024-08-22 11:57:11.868 [main] Members - >> Admin/User got logged in >>
[INFO ] 2024-08-22 11:57:43.235 [main] Testhooks - Failed scenario screenshot got capturedT002_Create the New Group with valid inputs
[INFO ] 2024-08-22 11:58:20.727 [main] Testhooks - Execution Started
[INFO ] 2024-08-22 11:58:21.506 [main] Testhooks - Browser got launched
[INFO ] 2024-08-22 11:58:23.016 [main] Testhooks - Navigated to url
[INFO ] 2024-08-22 11:58:24.222 [main] Signinpage - User enters valid email address
[INFO ] 2024-08-22 11:58:24.352 [main] Signinpage - User enters valid password
[INFO ] 2024-08-22 11:58:24.457 [main] Signinpage - User clicks on signin button
[INFO ] 2024-08-22 11:58:24.458 [main] Members - >> Admin/User got logged in >>
[INFO ] 2024-08-22 11:58:26.901 [main] Memberspage - >> Admin/User got navigated to dashboard page
[INFO ] 2024-08-22 11:58:27.333 [main] Cleaningpage - >> Admin/User got navigated to cleaning page
[INFO ] 2024-08-22 11:58:36.524 [main] Testhooks - Failed scenario screenshot got capturedT002_Create the New Group with valid inputs
[INFO ] 2024-08-22 11:59:29.030 [main] Testhooks - Execution Started
[INFO ] 2024-08-22 11:59:29.979 [main] Testhooks - Browser got launched
[INFO ] 2024-08-22 11:59:45.938 [main] Testhooks - Navigated to url
[INFO ] 2024-08-22 11:59:47.153 [main] Signinpage - User enters valid email address
[INFO ] 2024-08-22 11:59:47.290 [main] Signinpage - User enters valid password
[INFO ] 2024-08-22 11:59:47.401 [main] Signinpage - User clicks on signin button
[INFO ] 2024-08-22 11:59:47.401 [main] Members - >> Admin/User got logged in >>
[INFO ] 2024-08-22 11:59:50.060 [main] Memberspage - >> Admin/User got navigated to dashboard page
[INFO ] 2024-08-22 11:59:50.521 [main] Cleaningpage - >> Admin/User got navigated to cleaning page
[INFO ] 2024-08-22 12:00:03.263 [main] Testhooks - Failed scenario screenshot got capturedT002_Create the New Group with valid inputs
[INFO ] 2024-08-22 12:02:48.515 [main] Testhooks - Execution Started
[INFO ] 2024-08-22 12:02:49.361 [main] Testhooks - Browser got launched
[INFO ] 2024-08-22 12:02:52.471 [main] Testhooks - Navigated to url
[INFO ] 2024-08-22 12:02:53.702 [main] Signinpage - User enters valid email address
[INFO ] 2024-08-22 12:02:53.838 [main] Signinpage - User enters valid password
[INFO ] 2024-08-22 12:02:53.946 [main] Signinpage - User clicks on signin button
[INFO ] 2024-08-22 12:02:53.946 [main] Members - >> Admin/User got logged in >>
[INFO ] 2024-08-22 12:03:25.418 [main] Testhooks - Failed scenario screenshot got capturedT002_Create the New Group with valid inputs
[INFO ] 2024-08-22 12:03:48.274 [main] Testhooks - Execution Started
[INFO ] 2024-08-22 12:03:49.065 [main] Testhooks - Browser got launched
[INFO ] 2024-08-22 12:03:52.059 [main] Testhooks - Navigated to url
[INFO ] 2024-08-22 12:03:53.260 [main] Signinpage - User enters valid email address
[INFO ] 2024-08-22 12:03:53.388 [main] Signinpage - User enters valid password
[INFO ] 2024-08-22 12:03:53.492 [main] Signinpage - User clicks on signin button
[INFO ] 2024-08-22 12:03:53.492 [main] Members - >> Admin/User got logged in >>
[INFO ] 2024-08-22 12:04:24.705 [main] Testhooks - Failed scenario screenshot got capturedT002_Create the New Group with valid inputs
[INFO ] 2024-08-22 12:05:01.263 [main] Testhooks - Execution Started
[INFO ] 2024-08-22 12:05:02.092 [main] Testhooks - Browser got launched
[INFO ] 2024-08-22 12:05:04.893 [main] Testhooks - Navigated to url
[INFO ] 2024-08-22 12:05:06.091 [main] Signinpage - User enters valid email address
[INFO ] 2024-08-22 12:05:06.303 [main] Signinpage - User enters valid password
[INFO ] 2024-08-22 12:05:06.420 [main] Signinpage - User clicks on signin button
[INFO ] 2024-08-22 12:05:06.420 [main] Members - >> Admin/User got logged in >>
[INFO ] 2024-08-22 12:05:37.725 [main] Testhooks - Failed scenario screenshot got capturedT002_Create the New Group with valid inputs
[INFO ] 2024-08-22 12:37:56.906 [main] Testhooks - Execution Started
[INFO ] 2024-08-22 12:37:57.712 [main] Testhooks - Browser got launched
[INFO ] 2024-08-22 12:38:05.475 [main] Testhooks - Navigated to url
[INFO ] 2024-08-22 12:38:06.673 [main] Signinpage - User enters valid email address
[INFO ] 2024-08-22 12:38:06.798 [main] Signinpage - User enters valid password
[INFO ] 2024-08-22 12:38:06.902 [main] Signinpage - User clicks on signin button
[INFO ] 2024-08-22 12:38:06.902 [main] Members - >> Admin/User got logged in >>
[INFO ] 2024-08-22 12:38:19.225 [main] Memberspage - >> Admin/User got navigated to dashboard page
[INFO ] 2024-08-22 12:38:19.791 [main] Cleaningpage - >> Admin/User got navigated to cleaning page
[INFO ] 2024-08-22 12:38:47.165 [main] Testhooks - Failed scenario screenshot got capturedT002_Create the New Group with valid inputs
[INFO ] 2024-08-22 12:42:07.785 [main] Testhooks - Execution Started
[INFO ] 2024-08-22 12:42:08.587 [main] Testhooks - Browser got launched
[INFO ] 2024-08-22 12:42:10.725 [main] Testhooks - Navigated to url
[INFO ] 2024-08-22 12:42:11.951 [main] Signinpage - User enters valid email address
[INFO ] 2024-08-22 12:42:12.079 [main] Signinpage - User enters valid password
[INFO ] 2024-08-22 12:42:12.185 [main] Signinpage - User clicks on signin button
[INFO ] 2024-08-22 12:42:12.186 [main] Members - >> Admin/User got logged in >>
[INFO ] 2024-08-22 12:42:16.924 [main] Memberspage - >> Admin/User got navigated to dashboard page
[INFO ] 2024-08-22 12:42:17.316 [main] Cleaningpage - >> Admin/User got navigated to cleaning page
[INFO ] 2024-08-22 12:42:41.536 [main] Testhooks - Execution Started
[INFO ] 2024-08-22 12:42:42.359 [main] Testhooks - Browser got launched
[INFO ] 2024-08-22 12:42:44.384 [main] Testhooks - Navigated to url
[INFO ] 2024-08-22 12:42:45.593 [main] Signinpage - User enters valid email address
[INFO ] 2024-08-22 12:42:45.723 [main] Signinpage - User enters valid password
[INFO ] 2024-08-22 12:42:45.829 [main] Signinpage - User clicks on signin button
[INFO ] 2024-08-22 12:42:45.829 [main] Members - >> Admin/User got logged in >>
[INFO ] 2024-08-22 12:42:48.348 [main] Memberspage - >> Admin/User got navigated to dashboard page
[INFO ] 2024-08-22 12:42:48.810 [main] Cleaningpage - >> Admin/User got navigated to cleaning page
[INFO ] 2024-08-22 12:43:06.481 [main] Testhooks - Failed scenario screenshot got capturedT002_Create the New Group with valid inputs
[INFO ] 2024-08-22 12:44:47.894 [main] Testhooks - Execution Started
[INFO ] 2024-08-22 12:44:48.671 [main] Testhooks - Browser got launched
[INFO ] 2024-08-22 12:44:51.361 [main] Testhooks - Navigated to url
[INFO ] 2024-08-22 12:44:52.550 [main] Signinpage - User enters valid email address
[INFO ] 2024-08-22 12:44:52.678 [main] Signinpage - User enters valid password
[INFO ] 2024-08-22 12:44:52.782 [main] Signinpage - User clicks on signin button
[INFO ] 2024-08-22 12:44:52.782 [main] Members - >> Admin/User got logged in >>
[INFO ] 2024-08-22 12:44:55.387 [main] Memberspage - >> Admin/User got navigated to dashboard page
[INFO ] 2024-08-22 12:44:55.825 [main] Cleaningpage - >> Admin/User got navigated to cleaning page
[INFO ] 2024-08-22 12:45:22.859 [main] Testhooks - Failed scenario screenshot got capturedT002_Create the New Group with valid inputs
[INFO ] 2024-08-22 12:48:13.006 [main] Testhooks - Execution Started
[INFO ] 2024-08-22 12:48:13.803 [main] Testhooks - Browser got launched
[INFO ] 2024-08-22 12:48:15.680 [main] Testhooks - Navigated to url
[INFO ] 2024-08-22 12:48:16.865 [main] Signinpage - User enters valid email address
[INFO ] 2024-08-22 12:48:16.995 [main] Signinpage - User enters valid password
[INFO ] 2024-08-22 12:48:17.101 [main] Signinpage - User clicks on signin button
[INFO ] 2024-08-22 12:48:17.101 [main] Members - >> Admin/User got logged in >>
[INFO ] 2024-08-22 12:48:19.877 [main] Memberspage - >> Admin/User got navigated to dashboard page
[INFO ] 2024-08-22 12:48:20.371 [main] Cleaningpage - >> Admin/User got navigated to cleaning page
[INFO ] 2024-08-22 12:48:21.242 [main] Testhooks - Failed scenario screenshot got capturedT002_Create the New Group with valid inputs
[INFO ] 2024-08-22 12:48:36.814 [main] Testhooks - Execution Started
[INFO ] 2024-08-22 12:48:37.614 [main] Testhooks - Browser got launched
[INFO ] 2024-08-22 12:48:39.923 [main] Testhooks - Navigated to url
[INFO ] 2024-08-22 12:48:41.106 [main] Signinpage - User enters valid email address
[INFO ] 2024-08-22 12:48:41.236 [main] Signinpage - User enters valid password
[INFO ] 2024-08-22 12:48:41.339 [main] Signinpage - User clicks on signin button
[INFO ] 2024-08-22 12:48:41.339 [main] Members - >> Admin/User got logged in >>
[INFO ] 2024-08-22 12:48:47.515 [main] Memberspage - >> Admin/User got navigated to dashboard page
[INFO ] 2024-08-22 12:48:48.099 [main] Cleaningpage - >> Admin/User got navigated to cleaning page
[INFO ] 2024-08-22 12:48:48.916 [main] Testhooks - Failed scenario screenshot got capturedT002_Create the New Group with valid inputs
[INFO ] 2024-08-22 12:49:04.222 [main] Testhooks - Execution Started
[INFO ] 2024-08-22 12:49:05.009 [main] Testhooks - Browser got launched
[INFO ] 2024-08-22 12:49:07.497 [main] Testhooks - Navigated to url
[INFO ] 2024-08-22 12:49:08.689 [main] Signinpage - User enters valid email address
[INFO ] 2024-08-22 12:49:08.824 [main] Signinpage - User enters valid password
[INFO ] 2024-08-22 12:49:08.934 [main] Signinpage - User clicks on signin button
[INFO ] 2024-08-22 12:49:08.934 [main] Members - >> Admin/User got logged in >>
[INFO ] 2024-08-22 12:49:19.719 [main] Memberspage - >> Admin/User got navigated to dashboard page
[INFO ] 2024-08-22 12:49:20.230 [main] Cleaningpage - >> Admin/User got navigated to cleaning page
[INFO ] 2024-08-22 12:49:21.048 [main] Testhooks - Failed scenario screenshot got capturedT002_Create the New Group with valid inputs
[INFO ] 2024-08-22 15:15:14.303 [main] Testhooks - Execution Started
[INFO ] 2024-08-22 15:15:15.149 [main] Testhooks - Browser got launched
[INFO ] 2024-08-22 15:15:17.574 [main] Testhooks - Navigated to url
[INFO ] 2024-08-22 15:15:18.779 [main] Signinpage - User enters valid email address
[INFO ] 2024-08-22 15:15:18.906 [main] Signinpage - User enters valid password
[INFO ] 2024-08-22 15:15:19.007 [main] Signinpage - User clicks on signin button
[INFO ] 2024-08-22 15:15:19.007 [main] Members - >> Admin/User got logged in >>
[INFO ] 2024-08-22 15:15:21.561 [main] Memberspage - >> Admin/User got navigated to dashboard page
[INFO ] 2024-08-22 15:15:21.941 [main] Cleaningpage - >> Admin/User got navigated to cleaning page
[INFO ] 2024-08-22 15:15:23.040 [main] Testhooks - Failed scenario screenshot got capturedT002_Create the New Group with valid inputs
[INFO ] 2024-08-22 15:16:17.597 [main] Testhooks - Execution Started
[INFO ] 2024-08-22 15:16:18.406 [main] Testhooks - Browser got launched
[INFO ] 2024-08-22 15:16:21.479 [main] Testhooks - Navigated to url
[INFO ] 2024-08-22 15:16:22.686 [main] Signinpage - User enters valid email address
[INFO ] 2024-08-22 15:16:22.808 [main] Signinpage - User enters valid password
[INFO ] 2024-08-22 15:16:22.910 [main] Signinpage - User clicks on signin button
[INFO ] 2024-08-22 15:16:22.910 [main] Members - >> Admin/User got logged in >>
[INFO ] 2024-08-22 15:16:25.514 [main] Memberspage - >> Admin/User got navigated to dashboard page
[INFO ] 2024-08-22 15:16:25.948 [main] Cleaningpage - >> Admin/User got navigated to cleaning page
[INFO ] 2024-08-22 15:16:27.048 [main] Testhooks - Failed scenario screenshot got capturedT002_Create the New Group with valid inputs
[INFO ] 2024-08-22 15:16:41.362 [main] Testhooks - Execution Started
[INFO ] 2024-08-22 15:16:42.129 [main] Testhooks - Browser got launched
[INFO ] 2024-08-22 15:17:06.874 [main] Testhooks - Navigated to url
[INFO ] 2024-08-22 15:17:08.079 [main] Signinpage - User enters valid email address
[INFO ] 2024-08-22 15:17:08.213 [main] Signinpage - User enters valid password
[INFO ] 2024-08-22 15:17:08.333 [main] Signinpage - User clicks on signin button
[INFO ] 2024-08-22 15:17:08.333 [main] Members - >> Admin/User got logged in >>
[INFO ] 2024-08-22 15:17:15.864 [main] Memberspage - >> Admin/User got navigated to dashboard page
[INFO ] 2024-08-22 15:17:16.310 [main] Cleaningpage - >> Admin/User got navigated to cleaning page
[INFO ] 2024-08-22 15:17:18.027 [main] Testhooks - Failed scenario screenshot got capturedT002_Create the New Group with valid inputs
[INFO ] 2024-08-22 15:18:26.040 [main] Testhooks - Execution Started
[INFO ] 2024-08-22 15:18:26.856 [main] Testhooks - Browser got launched
[INFO ] 2024-08-22 15:18:28.266 [main] Testhooks - Navigated to url
[INFO ] 2024-08-22 15:18:29.472 [main] Signinpage - User enters valid email address
[INFO ] 2024-08-22 15:18:29.603 [main] Signinpage - User enters valid password
[INFO ] 2024-08-22 15:18:29.713 [main] Signinpage - User clicks on signin button
[INFO ] 2024-08-22 15:18:29.713 [main] Members - >> Admin/User got logged in >>
[INFO ] 2024-08-22 15:18:33.733 [main] Memberspage - >> Admin/User got navigated to dashboard page
[INFO ] 2024-08-22 15:18:35.561 [main] Testhooks - Failed scenario screenshot got capturedT002_Create the New Group with valid inputs
[INFO ] 2024-08-22 15:18:55.043 [main] Testhooks - Execution Started
[INFO ] 2024-08-22 15:18:55.798 [main] Testhooks - Browser got launched
[INFO ] 2024-08-22 15:18:57.274 [main] Testhooks - Navigated to url
[INFO ] 2024-08-22 15:18:58.469 [main] Signinpage - User enters valid email address
[INFO ] 2024-08-22 15:18:58.599 [main] Signinpage - User enters valid password
[INFO ] 2024-08-22 15:18:58.704 [main] Signinpage - User clicks on signin button
[INFO ] 2024-08-22 15:18:58.705 [main] Members - >> Admin/User got logged in >>
[INFO ] 2024-08-22 15:19:04.809 [main] Memberspage - >> Admin/User got navigated to dashboard page
[INFO ] 2024-08-22 15:19:06.550 [main] Testhooks - Failed scenario screenshot got capturedT002_Create the New Group with valid inputs
[INFO ] 2024-08-22 15:19:32.507 [main] Testhooks - Execution Started
[INFO ] 2024-08-22 15:19:33.295 [main] Testhooks - Browser got launched
[INFO ] 2024-08-22 15:19:34.698 [main] Testhooks - Navigated to url
[INFO ] 2024-08-22 15:19:35.905 [main] Signinpage - User enters valid email address
[INFO ] 2024-08-22 15:19:36.031 [main] Signinpage - User enters valid password
[INFO ] 2024-08-22 15:19:36.138 [main] Signinpage - User clicks on signin button
[INFO ] 2024-08-22 15:19:36.139 [main] Members - >> Admin/User got logged in >>
[INFO ] 2024-08-22 15:19:50.585 [main] Memberspage - >> Admin/User got navigated to dashboard page
[INFO ] 2024-08-22 15:19:51.411 [main] Cleaningpage - >> Admin/User got navigated to cleaning page
[INFO ] 2024-08-22 15:19:52.997 [main] Testhooks - Failed scenario screenshot got capturedT002_Create the New Group with valid inputs
[INFO ] 2024-08-22 15:20:27.459 [main] Testhooks - Execution Started
[INFO ] 2024-08-22 15:20:28.285 [main] Testhooks - Browser got launched
[INFO ] 2024-08-22 15:20:29.757 [main] Testhooks - Navigated to url
[INFO ] 2024-08-22 15:20:30.948 [main] Signinpage - User enters valid email address
[INFO ] 2024-08-22 15:20:31.090 [main] Signinpage - User enters valid password
[INFO ] 2024-08-22 15:20:31.200 [main] Signinpage - User clicks on signin button
[INFO ] 2024-08-22 15:20:31.201 [main] Members - >> Admin/User got logged in >>
[INFO ] 2024-08-22 15:20:34.647 [main] Memberspage - >> Admin/User got navigated to dashboard page
[INFO ] 2024-08-22 15:20:44.611 [main] Cleaningpage - >> Admin/User got navigated to cleaning page
[INFO ] 2024-08-22 15:20:46.165 [main] Testhooks - Failed scenario screenshot got capturedT002_Create the New Group with valid inputs
[INFO ] 2024-08-22 15:22:40.791 [main] Testhooks - Execution Started
[INFO ] 2024-08-22 15:22:41.578 [main] Testhooks - Browser got launched
[INFO ] 2024-08-22 15:22:43.371 [main] Testhooks - Navigated to url
[INFO ] 2024-08-22 15:22:44.572 [main] Signinpage - User enters valid email address
[INFO ] 2024-08-22 15:22:44.700 [main] Signinpage - User enters valid password
[INFO ] 2024-08-22 15:22:44.805 [main] Signinpage - User clicks on signin button
[INFO ] 2024-08-22 15:22:44.806 [main] Members - >> Admin/User got logged in >>
[INFO ] 2024-08-22 15:22:50.995 [main] Memberspage - >> Admin/User got navigated to dashboard page
[INFO ] 2024-08-22 15:22:52.574 [main] Cleaningpage - >> Admin/User got navigated to cleaning page
[INFO ] 2024-08-22 15:22:53.766 [main] Testhooks - Failed scenario screenshot got capturedT002_Create the New Group with valid inputs
[INFO ] 2024-08-22 15:24:26.273 [main] Testhooks - Execution Started
[INFO ] 2024-08-22 15:24:27.046 [main] Testhooks - Browser got launched
[INFO ] 2024-08-22 15:24:28.483 [main] Testhooks - Navigated to url
[INFO ] 2024-08-22 15:24:29.748 [main] Signinpage - User enters valid email address
[INFO ] 2024-08-22 15:24:29.928 [main] Signinpage - User enters valid password
[INFO ] 2024-08-22 15:24:30.065 [main] Signinpage - User clicks on signin button
[INFO ] 2024-08-22 15:24:30.065 [main] Members - >> Admin/User got logged in >>
[INFO ] 2024-08-22 15:24:34.553 [main] Memberspage - >> Admin/User got navigated to dashboard page
[INFO ] 2024-08-22 15:24:36.324 [main] Testhooks - Failed scenario screenshot got capturedT002_Create the New Group with valid inputs
[INFO ] 2024-08-22 15:24:55.160 [main] Testhooks - Execution Started
[INFO ] 2024-08-22 15:24:55.906 [main] Testhooks - Browser got launched
[INFO ] 2024-08-22 15:24:57.314 [main] Testhooks - Navigated to url
[INFO ] 2024-08-22 15:24:58.507 [main] Signinpage - User enters valid email address
[INFO ] 2024-08-22 15:24:58.631 [main] Signinpage - User enters valid password
[INFO ] 2024-08-22 15:24:58.734 [main] Signinpage - User clicks on signin button
[INFO ] 2024-08-22 15:24:58.734 [main] Members - >> Admin/User got logged in >>
[INFO ] 2024-08-22 15:25:01.385 [main] Memberspage - >> Admin/User got navigated to dashboard page
[INFO ] 2024-08-22 15:25:03.163 [main] Testhooks - Failed scenario screenshot got capturedT002_Create the New Group with valid inputs
[INFO ] 2024-08-22 15:25:58.939 [main] Testhooks - Execution Started
[INFO ] 2024-08-22 15:25:59.768 [main] Testhooks - Browser got launched
[INFO ] 2024-08-22 15:26:02.475 [main] Testhooks - Navigated to url
[INFO ] 2024-08-22 15:26:03.681 [main] Signinpage - User enters valid email address
[INFO ] 2024-08-22 15:26:03.815 [main] Signinpage - User enters valid password
[INFO ] 2024-08-22 15:26:03.922 [main] Signinpage - User clicks on signin button
[INFO ] 2024-08-22 15:26:03.922 [main] Members - >> Admin/User got logged in >>
[INFO ] 2024-08-22 15:26:17.766 [main] Memberspage - >> Admin/User got navigated to dashboard page
[INFO ] 2024-08-22 15:26:18.567 [main] Cleaningpage - >> Admin/User got navigated to cleaning page
[INFO ] 2024-08-22 15:26:20.285 [main] Testhooks - Failed scenario screenshot got capturedT002_Create the New Group with valid inputs
[INFO ] 2024-08-22 18:32:06.114 [main] Testhooks - Execution Started
[INFO ] 2024-08-22 18:32:07.029 [main] Testhooks - Browser got launched
[INFO ] 2024-08-22 18:32:08.944 [main] Testhooks - Navigated to url
[INFO ] 2024-08-22 18:32:10.166 [main] Signinpage - User enters valid email address
[INFO ] 2024-08-22 18:32:10.301 [main] Signinpage - User enters valid password
[INFO ] 2024-08-22 18:32:10.413 [main] Signinpage - User clicks on signin button
[INFO ] 2024-08-22 18:32:10.413 [main] Members - >> Admin/User got logged in >>
[INFO ] 2024-08-22 18:32:18.043 [main] Memberspage - >> Admin/User got navigated to dashboard page
[INFO ] 2024-08-22 18:32:18.698 [main] Cleaningpage - >> Admin/User got navigated to cleaning page
[INFO ] 2024-08-22 18:32:19.687 [main] Testhooks - Failed scenario screenshot got capturedT002_Create the New Group with valid inputs
[INFO ] 2024-08-22 18:32:53.769 [main] Testhooks - Execution Started
[INFO ] 2024-08-22 18:32:54.660 [main] Testhooks - Browser got launched
[INFO ] 2024-08-22 18:32:56.176 [main] Testhooks - Navigated to url
[INFO ] 2024-08-22 18:32:57.397 [main] Signinpage - User enters valid email address
[INFO ] 2024-08-22 18:32:57.533 [main] Signinpage - User enters valid password
[INFO ] 2024-08-22 18:32:57.644 [main] Signinpage - User clicks on signin button
[INFO ] 2024-08-22 18:32:57.645 [main] Members - >> Admin/User got logged in >>
[INFO ] 2024-08-22 18:33:00.263 [main] Memberspage - >> Admin/User got navigated to dashboard page
[INFO ] 2024-08-22 18:33:02.089 [main] Testhooks - Failed scenario screenshot got capturedT002_Create the New Group with valid inputs
[INFO ] 2024-08-22 18:33:23.292 [main] Testhooks - Execution Started
[INFO ] 2024-08-22 18:33:24.190 [main] Testhooks - Browser got launched
[INFO ] 2024-08-22 18:33:25.700 [main] Testhooks - Navigated to url
[INFO ] 2024-08-22 18:33:26.917 [main] Signinpage - User enters valid email address
[INFO ] 2024-08-22 18:33:27.051 [main] Signinpage - User enters valid password
[INFO ] 2024-08-22 18:33:27.165 [main] Signinpage - User clicks on signin button
[INFO ] 2024-08-22 18:33:27.165 [main] Members - >> Admin/User got logged in >>
[INFO ] 2024-08-22 18:33:29.987 [main] Memberspage - >> Admin/User got navigated to dashboard page
[INFO ] 2024-08-22 18:33:30.576 [main] Cleaningpage - >> Admin/User got navigated to cleaning page
[INFO ] 2024-08-22 18:33:32.226 [main] Testhooks - Failed scenario screenshot got capturedT002_Create the New Group with valid inputs
[INFO ] 2024-08-22 18:35:16.987 [main] Testhooks - Execution Started
[INFO ] 2024-08-22 18:35:17.821 [main] Testhooks - Browser got launched
[INFO ] 2024-08-22 18:35:19.199 [main] Testhooks - Navigated to url
[INFO ] 2024-08-22 18:35:20.405 [main] Signinpage - User enters valid email address
[INFO ] 2024-08-22 18:35:20.533 [main] Signinpage - User enters valid password
[INFO ] 2024-08-22 18:35:20.642 [main] Signinpage - User clicks on signin button
[INFO ] 2024-08-22 18:35:20.642 [main] Members - >> Admin/User got logged in >>
[INFO ] 2024-08-22 18:35:23.336 [main] Memberspage - >> Admin/User got navigated to dashboard page
[INFO ] 2024-08-22 18:35:23.826 [main] Cleaningpage - >> Admin/User got navigated to cleaning page
[INFO ] 2024-08-22 18:35:24.820 [main] Testhooks - Failed scenario screenshot got capturedT002_Create the New Group with valid inputs
[INFO ] 2024-08-22 18:37:28.342 [main] Testhooks - Execution Started
[INFO ] 2024-08-22 18:37:29.154 [main] Testhooks - Browser got launched
[INFO ] 2024-08-22 18:37:30.680 [main] Testhooks - Navigated to url
[INFO ] 2024-08-22 18:37:31.862 [main] Signinpage - User enters valid email address
[INFO ] 2024-08-22 18:37:31.981 [main] Signinpage - User enters valid password
[INFO ] 2024-08-22 18:37:32.090 [main] Signinpage - User clicks on signin button
[INFO ] 2024-08-22 18:37:32.090 [main] Members - >> Admin/User got logged in >>
[INFO ] 2024-08-22 18:37:34.603 [main] Memberspage - >> Admin/User got navigated to dashboard page
[INFO ] 2024-08-22 18:37:36.221 [main] Testhooks - Failed scenario screenshot got capturedT002_Create the New Group with valid inputs
[INFO ] 2024-08-22 18:37:56.434 [main] Testhooks - Execution Started
[INFO ] 2024-08-22 18:37:57.262 [main] Testhooks - Browser got launched
[INFO ] 2024-08-22 18:37:58.716 [main] Testhooks - Navigated to url
[INFO ] 2024-08-22 18:37:59.912 [main] Signinpage - User enters valid email address
[INFO ] 2024-08-22 18:38:00.038 [main] Signinpage - User enters valid password
[INFO ] 2024-08-22 18:38:00.144 [main] Signinpage - User clicks on signin button
[INFO ] 2024-08-22 18:38:00.144 [main] Members - >> Admin/User got logged in >>
[INFO ] 2024-08-22 18:38:04.193 [main] Memberspage - >> Admin/User got navigated to dashboard page
[INFO ] 2024-08-22 18:38:05.929 [main] Testhooks - Failed scenario screenshot got capturedT002_Create the New Group with valid inputs
[INFO ] 2024-08-22 18:38:43.357 [main] Testhooks - Execution Started
[INFO ] 2024-08-22 18:38:44.141 [main] Testhooks - Browser got launched
[INFO ] 2024-08-22 18:38:45.549 [main] Testhooks - Navigated to url
[INFO ] 2024-08-22 18:38:46.732 [main] Signinpage - User enters valid email address
[INFO ] 2024-08-22 18:38:46.864 [main] Signinpage - User enters valid password
[INFO ] 2024-08-22 18:38:46.971 [main] Signinpage - User clicks on signin button
[INFO ] 2024-08-22 18:38:46.971 [main] Members - >> Admin/User got logged in >>
[INFO ] 2024-08-22 18:38:49.717 [main] Memberspage - >> Admin/User got navigated to dashboard page
[INFO ] 2024-08-22 18:38:50.211 [main] Cleaningpage - >> Admin/User got navigated to cleaning page
[INFO ] 2024-08-22 18:38:51.067 [main] Testhooks - Failed scenario screenshot got capturedT002_Create the New Group with valid inputs
[INFO ] 2024-08-22 18:40:04.935 [main] Testhooks - Execution Started
[INFO ] 2024-08-22 18:40:05.681 [main] Testhooks - Browser got launched
[INFO ] 2024-08-22 18:40:07.604 [main] Testhooks - Navigated to url
[INFO ] 2024-08-22 18:40:08.787 [main] Signinpage - User enters valid email address
[INFO ] 2024-08-22 18:40:08.911 [main] Signinpage - User enters valid password
[INFO ] 2024-08-22 18:40:09.017 [main] Signinpage - User clicks on signin button
[INFO ] 2024-08-22 18:40:09.018 [main] Members - >> Admin/User got logged in >>
[INFO ] 2024-08-22 18:40:17.988 [main] Memberspage - >> Admin/User got navigated to dashboard page
[INFO ] 2024-08-22 18:40:18.465 [main] Cleaningpage - >> Admin/User got navigated to cleaning page
[INFO ] 2024-08-22 18:40:19.722 [main] Testhooks - Failed scenario screenshot got capturedT002_Create the New Group with valid inputs
[INFO ] 2024-08-22 18:41:03.085 [main] Testhooks - Execution Started
[INFO ] 2024-08-22 18:41:03.857 [main] Testhooks - Browser got launched
[INFO ] 2024-08-22 18:41:08.262 [main] Testhooks - Navigated to url
[INFO ] 2024-08-22 18:41:09.460 [main] Signinpage - User enters valid email address
[INFO ] 2024-08-22 18:41:09.596 [main] Signinpage - User enters valid password
[INFO ] 2024-08-22 18:41:09.702 [main] Signinpage - User clicks on signin button
[INFO ] 2024-08-22 18:41:09.702 [main] Members - >> Admin/User got logged in >>
[INFO ] 2024-08-22 18:41:16.057 [main] Memberspage - >> Admin/User got navigated to dashboard page
[INFO ] 2024-08-22 18:41:16.641 [main] Cleaningpage - >> Admin/User got navigated to cleaning page
[INFO ] 2024-08-22 18:41:17.484 [main] Testhooks - Failed scenario screenshot got capturedT002_Create the New Group with valid inputs
[INFO ] 2024-08-22 18:48:23.188 [main] Testhooks - Execution Started
[INFO ] 2024-08-22 18:48:24.146 [main] Testhooks - Browser got launched
[INFO ] 2024-08-22 18:48:28.284 [main] Testhooks - Navigated to url
[INFO ] 2024-08-22 18:48:29.505 [main] Signinpage - User enters valid email address
[INFO ] 2024-08-22 18:48:29.641 [main] Signinpage - User enters valid password
[INFO ] 2024-08-22 18:48:29.758 [main] Signinpage - User clicks on signin button
[INFO ] 2024-08-22 18:48:29.758 [main] Members - >> Admin/User got logged in >>
[INFO ] 2024-08-22 18:48:32.509 [main] Memberspage - >> Admin/User got navigated to dashboard page
[INFO ] 2024-08-22 18:48:33.043 [main] Cleaningpage - >> Admin/User got navigated to cleaning page
[INFO ] 2024-08-22 18:48:44.697 [main] Testhooks - Failed scenario screenshot got capturedT002_Create the New Group with valid inputs
[INFO ] 2024-08-22 18:54:05.480 [main] Testhooks - Execution Started
[INFO ] 2024-08-22 18:54:06.394 [main] Testhooks - Browser got launched
[INFO ] 2024-08-22 18:54:08.294 [main] Testhooks - Navigated to url
[INFO ] 2024-08-22 18:54:09.512 [main] Signinpage - User enters valid email address
[INFO ] 2024-08-22 18:54:09.648 [main] Signinpage - User enters valid password
[INFO ] 2024-08-22 18:54:09.760 [main] Signinpage - User clicks on signin button
[INFO ] 2024-08-22 18:54:09.760 [main] Members - >> Admin/User got logged in >>
[INFO ] 2024-08-22 18:54:16.215 [main] Memberspage - >> Admin/User got navigated to dashboard page
[INFO ] 2024-08-22 18:54:16.931 [main] Cleaningpage - >> Admin/User got navigated to cleaning page
[INFO ] 2024-08-22 18:54:17.797 [main] Testhooks - Failed scenario screenshot got capturedT002_Create the New Group with valid inputs
