[INFO ] 2024-07-26 11:33:53.118 [main] Testhooks - Execution Started
[INFO ] 2024-07-26 11:33:54.026 [main] Testhooks - Browser got launched
[INFO ] 2024-07-26 11:33:55.347 [main] Testhooks - Navigated to url
[INFO ] 2024-07-26 11:33:56.552 [main] Signinpage - User enters valid email address
[INFO ] 2024-07-26 11:33:56.683 [main] Signinpage - User enters valid password
[INFO ] 2024-07-26 11:33:56.789 [main] Signinpage - User clicks on signin button
[INFO ] 2024-07-26 11:33:56.789 [main] Members - >> Admin/User got logged in >>
[INFO ] 2024-07-26 11:33:59.841 [main] Memberspage - >> Admin/User got navigated to dashboard page
[INFO ] 2024-07-26 11:34:04.709 [main] Ticketspage - >> Admin/User got navigated to Tickets page
[INFO ] 2024-07-26 11:34:08.940 [main] Testhooks - Failed scenario screenshot got capturedT035_To verify the Tickets feature
[INFO ] 2024-07-26 11:34:37.557 [main] Testhooks - Execution Started
[INFO ] 2024-07-26 11:34:38.336 [main] Testhooks - Browser got launched
[INFO ] 2024-07-26 11:34:39.927 [main] Testhooks - Navigated to url
[INFO ] 2024-07-26 11:34:41.137 [main] Signinpage - User enters valid email address
[INFO ] 2024-07-26 11:34:41.259 [main] Signinpage - User enters valid password
[INFO ] 2024-07-26 11:34:41.369 [main] Signinpage - User clicks on signin button
[INFO ] 2024-07-26 11:34:41.369 [main] Members - >> Admin/User got logged in >>
[INFO ] 2024-07-26 11:34:47.915 [main] Memberspage - >> Admin/User got navigated to dashboard page
[INFO ] 2024-07-26 11:34:48.995 [main] Ticketspage - >> Admin/User got navigated to Tickets page
[INFO ] 2024-07-26 11:34:53.121 [main] Testhooks - Failed scenario screenshot got capturedT033_To verify the Tickets feature verify submitted
[INFO ] 2024-07-26 11:35:19.470 [main] Testhooks - Execution Started
[INFO ] 2024-07-26 11:35:20.326 [main] Testhooks - Browser got launched
[INFO ] 2024-07-26 11:35:21.707 [main] Testhooks - Navigated to url
[INFO ] 2024-07-26 11:35:22.927 [main] Signinpage - User enters valid email address
[INFO ] 2024-07-26 11:35:23.067 [main] Signinpage - User enters valid password
[INFO ] 2024-07-26 11:35:23.179 [main] Signinpage - User clicks on signin button
[INFO ] 2024-07-26 11:35:23.180 [main] Members - >> Admin/User got logged in >>
[INFO ] 2024-07-26 11:35:25.954 [main] Memberspage - >> Admin/User got navigated to dashboard page
[INFO ] 2024-07-26 11:35:27.024 [main] Ticketspage - >> Admin/User got navigated to Tickets page
[INFO ] 2024-07-26 11:35:31.287 [main] Testhooks - Failed scenario screenshot got capturedT033_To verify the Tickets feature verify submitted
[INFO ] 2024-07-26 11:46:30.920 [main] Testhooks - Execution Started
[INFO ] 2024-07-26 11:46:32.034 [main] Testhooks - Browser got launched
[INFO ] 2024-07-26 11:46:33.883 [main] Testhooks - Navigated to url
[INFO ] 2024-07-26 11:46:35.123 [main] Signinpage - User enters valid email address
[INFO ] 2024-07-26 11:46:35.268 [main] Signinpage - User enters valid password
[INFO ] 2024-07-26 11:46:35.385 [main] Signinpage - User clicks on signin button
[INFO ] 2024-07-26 11:46:35.385 [main] Members - >> Admin/User got logged in >>
[INFO ] 2024-07-26 11:46:46.773 [main] Memberspage - >> Admin/User got navigated to dashboard page
[INFO ] 2024-07-26 11:46:47.913 [main] Ticketspage - >> Admin/User got navigated to Tickets page
[INFO ] 2024-07-26 11:46:51.867 [main] Testhooks - Failed scenario screenshot got capturedT032_To verify the Tickets feature verify submitted
[INFO ] 2024-07-26 12:34:12.969 [main] Testhooks - Execution Started
[INFO ] 2024-07-26 12:34:13.743 [main] Testhooks - Browser got launched
[INFO ] 2024-07-26 12:34:15.916 [main] Testhooks - Navigated to url
[INFO ] 2024-07-26 12:34:17.123 [main] Signinpage - User enters valid email address
[INFO ] 2024-07-26 12:34:17.254 [main] Signinpage - User enters valid password
[INFO ] 2024-07-26 12:34:17.357 [main] Signinpage - User clicks on signin button
[INFO ] 2024-07-26 12:34:17.358 [main] Members - >> Admin/User got logged in >>
[INFO ] 2024-07-26 12:34:19.915 [main] Memberspage - >> Admin/User got navigated to dashboard page
[INFO ] 2024-07-26 12:34:20.753 [main] Ticketspage - >> Admin/User got navigated to Tickets page
[INFO ] 2024-07-26 12:34:55.305 [main] Testhooks - Failed scenario screenshot got capturedT036_To verify the Tickets feature start conversation
[INFO ] 2024-07-26 12:36:55.618 [main] Testhooks - Execution Started
[INFO ] 2024-07-26 12:36:56.489 [main] Testhooks - Browser got launched
[INFO ] 2024-07-26 12:36:57.809 [main] Testhooks - Navigated to url
[INFO ] 2024-07-26 12:36:59.024 [main] Signinpage - User enters valid email address
[INFO ] 2024-07-26 12:36:59.155 [main] Signinpage - User enters valid password
[INFO ] 2024-07-26 12:36:59.266 [main] Signinpage - User clicks on signin button
[INFO ] 2024-07-26 12:36:59.267 [main] Members - >> Admin/User got logged in >>
[INFO ] 2024-07-26 12:37:01.795 [main] Memberspage - >> Admin/User got navigated to dashboard page
[INFO ] 2024-07-26 12:37:03.565 [main] Testhooks - Failed scenario screenshot got capturedT036_To verify the Tickets feature start conversation
[INFO ] 2024-07-26 12:37:13.302 [main] Testhooks - Execution Started
[INFO ] 2024-07-26 12:37:14.097 [main] Testhooks - Browser got launched
[INFO ] 2024-07-26 12:37:15.923 [main] Testhooks - Navigated to url
[INFO ] 2024-07-26 12:37:17.130 [main] Signinpage - User enters valid email address
[INFO ] 2024-07-26 12:37:17.258 [main] Signinpage - User enters valid password
[INFO ] 2024-07-26 12:37:17.364 [main] Signinpage - User clicks on signin button
[INFO ] 2024-07-26 12:37:17.365 [main] Members - >> Admin/User got logged in >>
[INFO ] 2024-07-26 12:37:19.949 [main] Memberspage - >> Admin/User got navigated to dashboard page
[INFO ] 2024-07-26 12:37:20.786 [main] Ticketspage - >> Admin/User got navigated to Tickets page
[INFO ] 2024-07-26 12:37:24.438 [main] Ticketspage - Chat page displayed
[INFO ] 2024-07-26 16:42:17.128 [main] Testhooks - Execution Started
[INFO ] 2024-07-26 16:42:17.897 [main] Testhooks - Browser got launched
[INFO ] 2024-07-26 16:42:19.252 [main] Testhooks - Navigated to url
[INFO ] 2024-07-26 16:42:20.457 [main] Signinpage - User enters valid email address
[INFO ] 2024-07-26 16:42:20.582 [main] Signinpage - User enters valid password
[INFO ] 2024-07-26 16:42:20.687 [main] Signinpage - User clicks on signin button
[INFO ] 2024-07-26 16:42:20.687 [main] Members - >> Admin/User got logged in >>
[INFO ] 2024-07-26 16:42:23.294 [main] Memberspage - >> Admin/User got navigated to dashboard page
[INFO ] 2024-07-26 16:42:24.205 [main] Ticketspage - >> Admin/User got navigated to Tickets page
[INFO ] 2024-07-26 16:42:28.176 [main] Testhooks - Failed scenario screenshot got capturedT032_To validate the Tickets feature 'verify'
[INFO ] 2024-07-26 16:45:10.040 [main] Testhooks - Execution Started
[INFO ] 2024-07-26 16:45:10.823 [main] Testhooks - Browser got launched
[INFO ] 2024-07-26 16:45:12.480 [main] Testhooks - Navigated to url
[INFO ] 2024-07-26 16:45:13.690 [main] Signinpage - User enters valid email address
[INFO ] 2024-07-26 16:45:13.816 [main] Signinpage - User enters valid password
[INFO ] 2024-07-26 16:45:13.915 [main] Signinpage - User clicks on signin button
[INFO ] 2024-07-26 16:45:13.916 [main] Members - >> Admin/User got logged in >>
[INFO ] 2024-07-26 16:45:17.607 [main] Memberspage - >> Admin/User got navigated to dashboard page
[INFO ] 2024-07-26 16:45:18.566 [main] Ticketspage - >> Admin/User got navigated to Tickets page
[INFO ] 2024-07-26 16:45:22.669 [main] Testhooks - Failed scenario screenshot got capturedT032_To validate the Tickets feature 'verify'
[INFO ] 2024-07-26 16:46:02.997 [main] Testhooks - Execution Started
[INFO ] 2024-07-26 16:46:03.775 [main] Testhooks - Browser got launched
[INFO ] 2024-07-26 16:46:05.107 [main] Testhooks - Navigated to url
[INFO ] 2024-07-26 16:46:06.300 [main] Signinpage - User enters valid email address
[INFO ] 2024-07-26 16:46:06.431 [main] Signinpage - User enters valid password
[INFO ] 2024-07-26 16:46:06.536 [main] Signinpage - User clicks on signin button
[INFO ] 2024-07-26 16:46:06.536 [main] Members - >> Admin/User got logged in >>
[INFO ] 2024-07-26 16:46:17.570 [main] Memberspage - >> Admin/User got navigated to dashboard page
[INFO ] 2024-07-26 16:46:18.708 [main] Ticketspage - >> Admin/User got navigated to Tickets page
[INFO ] 2024-07-26 16:46:22.680 [main] Testhooks - Failed scenario screenshot got capturedT032_To validate the Tickets feature 'verify'
[INFO ] 2024-07-26 16:47:24.401 [main] Testhooks - Execution Started
[INFO ] 2024-07-26 16:47:25.196 [main] Testhooks - Browser got launched
[INFO ] 2024-07-26 16:47:26.485 [main] Testhooks - Navigated to url
[INFO ] 2024-07-26 16:47:27.693 [main] Signinpage - User enters valid email address
[INFO ] 2024-07-26 16:47:27.822 [main] Signinpage - User enters valid password
[INFO ] 2024-07-26 16:47:27.931 [main] Signinpage - User clicks on signin button
[INFO ] 2024-07-26 16:47:27.931 [main] Members - >> Admin/User got logged in >>
[INFO ] 2024-07-26 16:47:30.450 [main] Memberspage - >> Admin/User got navigated to dashboard page
[INFO ] 2024-07-26 16:47:32.051 [main] Testhooks - Failed scenario screenshot got capturedT032_To validate the Tickets feature 'verify'
[INFO ] 2024-07-26 16:47:50.817 [main] Testhooks - Execution Started
[INFO ] 2024-07-26 16:47:51.589 [main] Testhooks - Browser got launched
[INFO ] 2024-07-26 16:47:52.911 [main] Testhooks - Navigated to url
[INFO ] 2024-07-26 16:47:54.109 [main] Signinpage - User enters valid email address
[INFO ] 2024-07-26 16:47:54.235 [main] Signinpage - User enters valid password
[INFO ] 2024-07-26 16:47:54.336 [main] Signinpage - User clicks on signin button
[INFO ] 2024-07-26 16:47:54.336 [main] Members - >> Admin/User got logged in >>
[INFO ] 2024-07-26 16:47:57.023 [main] Memberspage - >> Admin/User got navigated to dashboard page
[INFO ] 2024-07-26 16:47:58.065 [main] Ticketspage - >> Admin/User got navigated to Tickets page
[INFO ] 2024-07-26 16:48:02.109 [main] Testhooks - Failed scenario screenshot got capturedT032_To validate the Tickets feature 'verify'
[INFO ] 2024-07-26 16:51:28.223 [main] Testhooks - Execution Started
[INFO ] 2024-07-26 16:51:29.063 [main] Testhooks - Browser got launched
[INFO ] 2024-07-26 16:51:30.381 [main] Testhooks - Navigated to url
[INFO ] 2024-07-26 16:51:31.584 [main] Signinpage - User enters valid email address
[INFO ] 2024-07-26 16:51:31.730 [main] Signinpage - User enters valid password
[INFO ] 2024-07-26 16:51:31.850 [main] Signinpage - User clicks on signin button
[INFO ] 2024-07-26 16:51:31.850 [main] Members - >> Admin/User got logged in >>
[INFO ] 2024-07-26 16:51:34.434 [main] Memberspage - >> Admin/User got navigated to dashboard page
[INFO ] 2024-07-26 16:51:44.653 [main] Ticketspage - >> Admin/User got navigated to Tickets page
[INFO ] 2024-07-26 17:06:15.900 [main] Testhooks - Execution Started
[INFO ] 2024-07-26 17:06:16.692 [main] Testhooks - Browser got launched
[INFO ] 2024-07-26 17:06:20.585 [main] Testhooks - Navigated to url
[INFO ] 2024-07-26 17:06:21.776 [main] Signinpage - User enters valid email address
[INFO ] 2024-07-26 17:06:21.907 [main] Signinpage - User enters valid password
[INFO ] 2024-07-26 17:06:22.009 [main] Signinpage - User clicks on signin button
[INFO ] 2024-07-26 17:06:22.009 [main] Members - >> Admin/User got logged in >>
[INFO ] 2024-07-26 17:06:24.706 [main] Memberspage - >> Admin/User got navigated to dashboard page
[INFO ] 2024-07-26 17:06:25.596 [main] Ticketspage - >> Admin/User got navigated to Tickets page
[INFO ] 2024-07-26 17:06:51.091 [main] Testhooks - Execution Started
[INFO ] 2024-07-26 17:06:51.888 [main] Testhooks - Browser got launched
[INFO ] 2024-07-26 17:06:53.181 [main] Testhooks - Navigated to url
[INFO ] 2024-07-26 17:06:54.379 [main] Signinpage - User enters valid email address
[INFO ] 2024-07-26 17:06:54.513 [main] Signinpage - User enters valid password
[INFO ] 2024-07-26 17:06:54.623 [main] Signinpage - User clicks on signin button
[INFO ] 2024-07-26 17:06:54.623 [main] Members - >> Admin/User got logged in >>
[INFO ] 2024-07-26 17:06:57.350 [main] Memberspage - >> Admin/User got navigated to dashboard page
[INFO ] 2024-07-26 17:06:58.513 [main] Ticketspage - >> Admin/User got navigated to Tickets page
[INFO ] 2024-07-26 17:12:23.101 [main] Testhooks - Execution Started
[INFO ] 2024-07-26 17:12:23.927 [main] Testhooks - Browser got launched
[INFO ] 2024-07-26 17:12:25.220 [main] Testhooks - Navigated to url
[INFO ] 2024-07-26 17:12:26.431 [main] Signinpage - User enters valid email address
[INFO ] 2024-07-26 17:12:26.569 [main] Signinpage - User enters valid password
[INFO ] 2024-07-26 17:12:26.678 [main] Signinpage - User clicks on signin button
[INFO ] 2024-07-26 17:12:26.679 [main] Members - >> Admin/User got logged in >>
[INFO ] 2024-07-26 17:12:57.601 [main] Testhooks - Execution Started
[INFO ] 2024-07-26 17:12:58.386 [main] Testhooks - Browser got launched
[INFO ] 2024-07-26 17:12:59.711 [main] Testhooks - Navigated to url
[INFO ] 2024-07-26 17:13:00.938 [main] Signinpage - User enters valid email address
[INFO ] 2024-07-26 17:13:01.095 [main] Signinpage - User enters valid password
[INFO ] 2024-07-26 17:13:01.220 [main] Signinpage - User clicks on signin button
[INFO ] 2024-07-26 17:13:01.220 [main] Members - >> Admin/User got logged in >>
[INFO ] 2024-07-26 17:13:05.108 [main] Memberspage - >> Admin/User got navigated to dashboard page
[INFO ] 2024-07-26 17:13:06.743 [main] Testhooks - Failed scenario screenshot got capturedT034_To verify the Tickets feature Approve a Ticket
[INFO ] 2024-07-26 17:13:25.077 [main] Testhooks - Execution Started
[INFO ] 2024-07-26 17:13:25.906 [main] Testhooks - Browser got launched
[INFO ] 2024-07-26 17:13:27.196 [main] Testhooks - Navigated to url
[INFO ] 2024-07-26 17:13:28.393 [main] Signinpage - User enters valid email address
[INFO ] 2024-07-26 17:13:28.522 [main] Signinpage - User enters valid password
[INFO ] 2024-07-26 17:13:28.624 [main] Signinpage - User clicks on signin button
[INFO ] 2024-07-26 17:13:28.624 [main] Members - >> Admin/User got logged in >>
[INFO ] 2024-07-26 17:13:31.251 [main] Memberspage - >> Admin/User got navigated to dashboard page
[INFO ] 2024-07-26 17:13:33.230 [main] Testhooks - Failed scenario screenshot got capturedT034_To verify the Tickets feature Approve a Ticket
[INFO ] 2024-07-26 17:13:56.294 [main] Testhooks - Execution Started
[INFO ] 2024-07-26 17:13:57.067 [main] Testhooks - Browser got launched
[INFO ] 2024-07-26 17:13:58.378 [main] Testhooks - Navigated to url
[INFO ] 2024-07-26 17:13:59.576 [main] Signinpage - User enters valid email address
[INFO ] 2024-07-26 17:13:59.703 [main] Signinpage - User enters valid password
[INFO ] 2024-07-26 17:13:59.805 [main] Signinpage - User clicks on signin button
[INFO ] 2024-07-26 17:13:59.805 [main] Members - >> Admin/User got logged in >>
[INFO ] 2024-07-26 17:14:02.413 [main] Memberspage - >> Admin/User got navigated to dashboard page
[INFO ] 2024-07-26 17:14:05.570 [main] Ticketspage - >> Admin/User got navigated to Tickets page
[INFO ] 2024-07-26 17:14:07.306 [main] Testhooks - Failed scenario screenshot got capturedT034_To verify the Tickets feature Approve a Ticket
[INFO ] 2024-07-26 17:14:56.570 [main] Testhooks - Execution Started
[INFO ] 2024-07-26 17:14:57.373 [main] Testhooks - Browser got launched
[INFO ] 2024-07-26 17:14:58.689 [main] Testhooks - Navigated to url
[INFO ] 2024-07-26 17:14:59.889 [main] Signinpage - User enters valid email address
[INFO ] 2024-07-26 17:15:00.014 [main] Signinpage - User enters valid password
[INFO ] 2024-07-26 17:15:00.117 [main] Signinpage - User clicks on signin button
[INFO ] 2024-07-26 17:15:00.118 [main] Members - >> Admin/User got logged in >>
[INFO ] 2024-07-26 17:15:05.711 [main] Memberspage - >> Admin/User got navigated to dashboard page
[INFO ] 2024-07-26 17:15:07.396 [main] Testhooks - Failed scenario screenshot got capturedT034_To verify the Tickets feature Approve a Ticket
[INFO ] 2024-07-26 17:17:41.418 [main] Testhooks - Execution Started
[INFO ] 2024-07-26 17:17:42.240 [main] Testhooks - Browser got launched
[INFO ] 2024-07-26 17:17:44.163 [main] Testhooks - Navigated to url
[INFO ] 2024-07-26 17:17:45.362 [main] Signinpage - User enters valid email address
[INFO ] 2024-07-26 17:17:45.491 [main] Signinpage - User enters valid password
[INFO ] 2024-07-26 17:17:45.597 [main] Signinpage - User clicks on signin button
[INFO ] 2024-07-26 17:17:45.597 [main] Members - >> Admin/User got logged in >>
[INFO ] 2024-07-26 17:17:48.335 [main] Memberspage - >> Admin/User got navigated to dashboard page
[INFO ] 2024-07-26 17:17:49.197 [main] Ticketspage - >> Admin/User got navigated to Tickets page
[INFO ] 2024-07-26 17:19:22.459 [main] Testhooks - Execution Started
[INFO ] 2024-07-26 17:19:23.253 [main] Testhooks - Browser got launched
[INFO ] 2024-07-26 17:19:24.574 [main] Testhooks - Navigated to url
[INFO ] 2024-07-26 17:19:37.825 [main] Testhooks - Execution Started
[INFO ] 2024-07-26 17:19:38.612 [main] Testhooks - Browser got launched
[INFO ] 2024-07-26 17:19:40.404 [main] Testhooks - Navigated to url
[INFO ] 2024-07-26 17:19:41.633 [main] Signinpage - User enters valid email address
[INFO ] 2024-07-26 17:19:41.759 [main] Signinpage - User enters valid password
[INFO ] 2024-07-26 17:19:41.863 [main] Signinpage - User clicks on signin button
[INFO ] 2024-07-26 17:19:41.864 [main] Members - >> Admin/User got logged in >>
[INFO ] 2024-07-26 17:19:46.665 [main] Memberspage - >> Admin/User got navigated to dashboard page
[INFO ] 2024-07-26 17:19:47.742 [main] Ticketspage - >> Admin/User got navigated to Tickets page
[INFO ] 2024-07-26 18:14:33.529 [main] Testhooks - Execution Started
[INFO ] 2024-07-26 18:14:34.449 [main] Testhooks - Browser got launched
[INFO ] 2024-07-26 18:14:36.259 [main] Testhooks - Navigated to url
[INFO ] 2024-07-26 18:14:37.482 [main] Signinpage - User enters valid email address
[INFO ] 2024-07-26 18:14:37.622 [main] Signinpage - User enters valid password
[INFO ] 2024-07-26 18:14:37.736 [main] Signinpage - User clicks on signin button
[INFO ] 2024-07-26 18:14:37.736 [main] Members - >> Admin/User got logged in >>
[INFO ] 2024-07-26 18:14:46.322 [main] Memberspage - >> Admin/User got navigated to dashboard page
[INFO ] 2024-07-26 18:14:47.401 [main] Ticketspage - >> Admin/User got navigated to Tickets page
[INFO ] 2024-07-26 18:14:47.722 [main] Ticketspage - >> Admin/User clicked New Ticket btn
[INFO ] 2024-07-26 18:14:54.270 [main] Testhooks - Failed scenario screenshot got capturedT031_To verify the Tickets feature upload photos and videos
[INFO ] 2024-07-26 18:15:46.203 [main] Testhooks - Execution Started
[INFO ] 2024-07-26 18:15:47.090 [main] Testhooks - Browser got launched
[INFO ] 2024-07-26 18:15:48.609 [main] Testhooks - Navigated to url
[INFO ] 2024-07-26 18:15:49.835 [main] Signinpage - User enters valid email address
[INFO ] 2024-07-26 18:15:49.975 [main] Signinpage - User enters valid password
[INFO ] 2024-07-26 18:15:50.085 [main] Signinpage - User clicks on signin button
[INFO ] 2024-07-26 18:15:50.085 [main] Members - >> Admin/User got logged in >>
[INFO ] 2024-07-26 18:15:52.904 [main] Memberspage - >> Admin/User got navigated to dashboard page
[INFO ] 2024-07-26 18:15:53.971 [main] Ticketspage - >> Admin/User got navigated to Tickets page
[INFO ] 2024-07-26 18:15:54.240 [main] Ticketspage - >> Admin/User clicked New Ticket btn
[INFO ] 2024-07-26 18:16:04.425 [main] Testhooks - Failed scenario screenshot got capturedT031_To verify the Tickets feature upload photos and videos
[INFO ] 2024-07-26 18:19:52.753 [main] Testhooks - Execution Started
[INFO ] 2024-07-26 18:19:53.673 [main] Testhooks - Browser got launched
[INFO ] 2024-07-26 18:19:55.188 [main] Testhooks - Navigated to url
[INFO ] 2024-07-26 18:19:56.417 [main] Signinpage - User enters valid email address
[INFO ] 2024-07-26 18:19:56.560 [main] Signinpage - User enters valid password
[INFO ] 2024-07-26 18:19:56.673 [main] Signinpage - User clicks on signin button
[INFO ] 2024-07-26 18:19:56.673 [main] Members - >> Admin/User got logged in >>
[INFO ] 2024-07-26 18:19:59.502 [main] Memberspage - >> Admin/User got navigated to dashboard page
[INFO ] 2024-07-26 18:20:02.108 [main] Ticketspage - >> Admin/User got navigated to Tickets page
[INFO ] 2024-07-26 18:20:02.404 [main] Ticketspage - >> Admin/User clicked New Ticket btn
[INFO ] 2024-07-26 18:20:21.318 [main] Testhooks - Failed scenario screenshot got capturedT031_To verify the Tickets feature upload photos and videos
[INFO ] 2024-07-26 18:22:05.059 [main] Testhooks - Execution Started
[INFO ] 2024-07-26 18:22:05.941 [main] Testhooks - Browser got launched
[INFO ] 2024-07-26 18:22:07.599 [main] Testhooks - Navigated to url
[INFO ] 2024-07-26 18:22:08.833 [main] Signinpage - User enters valid email address
[INFO ] 2024-07-26 18:22:08.967 [main] Signinpage - User enters valid password
[INFO ] 2024-07-26 18:22:09.083 [main] Signinpage - User clicks on signin button
[INFO ] 2024-07-26 18:22:09.083 [main] Members - >> Admin/User got logged in >>
[INFO ] 2024-07-26 18:22:16.577 [main] Memberspage - >> Admin/User got navigated to dashboard page
[INFO ] 2024-07-26 18:22:17.400 [main] Ticketspage - >> Admin/User got navigated to Tickets page
[INFO ] 2024-07-26 18:22:17.719 [main] Ticketspage - >> Admin/User clicked New Ticket btn
[INFO ] 2024-07-26 18:22:27.901 [main] Testhooks - Failed scenario screenshot got capturedT031_To verify the Tickets feature upload photos and videos
[INFO ] 2024-07-26 18:28:58.011 [main] Testhooks - Execution Started
[INFO ] 2024-07-26 18:28:58.923 [main] Testhooks - Browser got launched
[INFO ] 2024-07-26 18:29:00.480 [main] Testhooks - Navigated to url
[INFO ] 2024-07-26 18:29:01.735 [main] Signinpage - User enters valid email address
[INFO ] 2024-07-26 18:29:01.900 [main] Signinpage - User enters valid password
[INFO ] 2024-07-26 18:29:02.016 [main] Signinpage - User clicks on signin button
[INFO ] 2024-07-26 18:29:02.016 [main] Members - >> Admin/User got logged in >>
[INFO ] 2024-07-26 18:29:04.662 [main] Memberspage - >> Admin/User got navigated to dashboard page
[INFO ] 2024-07-26 18:29:06.514 [main] Testhooks - Failed scenario screenshot got capturedT031_To verify the Tickets feature upload photos and videos
[INFO ] 2024-07-26 18:29:59.459 [main] Testhooks - Execution Started
[INFO ] 2024-07-26 18:30:00.348 [main] Testhooks - Browser got launched
[INFO ] 2024-07-26 18:30:02.519 [main] Testhooks - Navigated to url
[INFO ] 2024-07-26 18:30:03.786 [main] Signinpage - User enters valid email address
[INFO ] 2024-07-26 18:30:03.928 [main] Signinpage - User enters valid password
[INFO ] 2024-07-26 18:30:04.043 [main] Signinpage - User clicks on signin button
[INFO ] 2024-07-26 18:30:04.044 [main] Members - >> Admin/User got logged in >>
[INFO ] 2024-07-26 18:30:20.756 [main] Memberspage - >> Admin/User got navigated to dashboard page
[INFO ] 2024-07-26 18:30:21.860 [main] Ticketspage - >> Admin/User got navigated to Tickets page
[INFO ] 2024-07-26 18:30:22.167 [main] Ticketspage - >> Admin/User clicked New Ticket btn
[INFO ] 2024-07-26 18:30:32.384 [main] Testhooks - Failed scenario screenshot got capturedT031_To verify the Tickets feature upload photos and videos
[INFO ] 2024-07-26 18:45:52.130 [main] Testhooks - Execution Started
[INFO ] 2024-07-26 18:45:52.988 [main] Testhooks - Browser got launched
[INFO ] 2024-07-26 18:45:57.086 [main] Testhooks - Navigated to url
[INFO ] 2024-07-26 18:45:58.300 [main] Signinpage - User enters valid email address
[INFO ] 2024-07-26 18:45:58.435 [main] Signinpage - User enters valid password
[INFO ] 2024-07-26 18:45:58.541 [main] Signinpage - User clicks on signin button
[INFO ] 2024-07-26 18:45:58.541 [main] Members - >> Admin/User got logged in >>
[INFO ] 2024-07-26 18:46:01.520 [main] Memberspage - >> Admin/User got navigated to dashboard page
[INFO ] 2024-07-26 18:46:03.542 [main] Ticketspage - >> Admin/User got navigated to Tickets page
[INFO ] 2024-07-26 18:46:03.915 [main] Ticketspage - >> Admin/User clicked New Ticket btn
[INFO ] 2024-07-26 18:46:43.994 [main] Testhooks - Execution Started
[INFO ] 2024-07-26 18:46:44.874 [main] Testhooks - Browser got launched
[INFO ] 2024-07-26 18:46:46.309 [main] Testhooks - Navigated to url
[INFO ] 2024-07-26 18:46:53.431 [main] Testhooks - Execution Started
[INFO ] 2024-07-26 18:46:54.227 [main] Testhooks - Browser got launched
[INFO ] 2024-07-26 18:46:55.563 [main] Testhooks - Navigated to url
[INFO ] 2024-07-26 18:46:56.782 [main] Signinpage - User enters valid email address
[INFO ] 2024-07-26 18:46:56.914 [main] Signinpage - User enters valid password
[INFO ] 2024-07-26 18:46:57.020 [main] Signinpage - User clicks on signin button
[INFO ] 2024-07-26 18:46:57.020 [main] Members - >> Admin/User got logged in >>
[INFO ] 2024-07-26 18:46:59.691 [main] Memberspage - >> Admin/User got navigated to dashboard page
[INFO ] 2024-07-26 18:47:03.106 [main] Ticketspage - >> Admin/User got navigated to Tickets page
[INFO ] 2024-07-26 18:47:03.480 [main] Ticketspage - >> Admin/User clicked New Ticket btn
[INFO ] 2024-07-26 18:47:22.067 [main] Testhooks - Failed scenario screenshot got capturedT031_To verify the Tickets feature upload photos and videos
