[INFO ] 2024-11-07 10:19:20.071 [main] Testhooks - Execution Started
[INFO ] 2024-11-07 10:19:20.921 [main] Testhooks - Browser got launched
[INFO ] 2024-11-07 10:19:22.294 [main] Testhooks - Navigated to url
[INFO ] 2024-11-07 10:19:23.499 [main] Signinpage - User enters valid email address
[INFO ] 2024-11-07 10:19:23.617 [main] Signinpage - User enters valid password
[INFO ] 2024-11-07 10:19:23.726 [main] Signinpage - User clicks on signin button
[INFO ] 2024-11-07 10:19:23.726 [main] Members - >> Admin/User got logged in >>
[INFO ] 2024-11-07 10:19:26.344 [main] Memberspage - >> Admin/User got navigated to dashboard page
[INFO ] 2024-11-07 10:19:28.709 [main] Masterpage - >> Admin/User clicked new BillBoardType btn
[INFO ] 2024-11-07 10:23:50.205 [main] Testhooks - Execution Started
[INFO ] 2024-11-07 10:23:50.971 [main] Testhooks - Browser got launched
[INFO ] 2024-11-07 10:23:52.339 [main] Testhooks - Navigated to url
[INFO ] 2024-11-07 10:23:53.579 [main] Signinpage - User enters valid email address
[INFO ] 2024-11-07 10:23:53.701 [main] Signinpage - User enters valid password
[INFO ] 2024-11-07 10:23:53.803 [main] Signinpage - User clicks on signin button
[INFO ] 2024-11-07 10:23:53.803 [main] Members - >> Admin/User got logged in >>
[INFO ] 2024-11-07 10:23:56.420 [main] Memberspage - >> Admin/User got navigated to dashboard page
[INFO ] 2024-11-07 10:23:58.769 [main] Masterpage - >> Admin/User clicked new BillBoardType btn
[INFO ] 2024-11-07 10:25:04.343 [main] Testhooks - Execution Started
[INFO ] 2024-11-07 10:25:05.113 [main] Testhooks - Browser got launched
[INFO ] 2024-11-07 10:25:06.453 [main] Testhooks - Navigated to url
[INFO ] 2024-11-07 10:25:07.644 [main] Signinpage - User enters valid email address
[INFO ] 2024-11-07 10:25:07.762 [main] Signinpage - User enters valid password
[INFO ] 2024-11-07 10:25:07.863 [main] Signinpage - User clicks on signin button
[INFO ] 2024-11-07 10:25:07.863 [main] Members - >> Admin/User got logged in >>
[INFO ] 2024-11-07 10:25:10.863 [main] Memberspage - >> Admin/User got navigated to dashboard page
[INFO ] 2024-11-07 10:25:12.677 [main] Masterpage - >> Admin/User clicked new BillBoardType btn
[INFO ] 2024-11-07 10:27:57.592 [main] Testhooks - Execution Started
[INFO ] 2024-11-07 10:27:58.457 [main] Testhooks - Browser got launched
[INFO ] 2024-11-07 10:27:59.274 [main] Testhooks - Navigated to url
[INFO ] 2024-11-07 10:28:20.583 [main] Testhooks - Failed scenario screenshot got capturedT006_To verify the BillBoardType feature sort Name - Z to A
[INFO ] 2024-11-07 10:28:44.280 [main] Testhooks - Execution Started
[INFO ] 2024-11-07 10:28:45.110 [main] Testhooks - Browser got launched
[INFO ] 2024-11-07 10:28:45.722 [main] Testhooks - Navigated to url
[INFO ] 2024-11-07 10:29:07.047 [main] Testhooks - Failed scenario screenshot got capturedT006_To verify the BillBoardType feature sort Name - Z to A
[INFO ] 2024-11-07 10:30:13.984 [main] Testhooks - Execution Started
[INFO ] 2024-11-07 10:30:14.801 [main] Testhooks - Browser got launched
[INFO ] 2024-11-07 10:30:15.380 [main] Testhooks - Navigated to url
[INFO ] 2024-11-07 10:30:41.168 [main] Testhooks - Execution Started
[INFO ] 2024-11-07 10:30:41.958 [main] Testhooks - Browser got launched
[INFO ] 2024-11-07 10:30:42.589 [main] Testhooks - Navigated to url
[INFO ] 2024-11-07 10:31:03.974 [main] Testhooks - Failed scenario screenshot got capturedT005_To verify the BillBoardType feature sort Name - A to Z
[INFO ] 2024-11-07 10:34:17.959 [main] Testhooks - Execution Started
[INFO ] 2024-11-07 10:34:18.759 [main] Testhooks - Browser got launched
[INFO ] 2024-11-07 10:34:20.084 [main] Testhooks - Navigated to url
[INFO ] 2024-11-07 10:34:21.294 [main] Signinpage - User enters valid email address
[INFO ] 2024-11-07 10:34:21.415 [main] Signinpage - User enters valid password
[INFO ] 2024-11-07 10:34:21.515 [main] Signinpage - User clicks on signin button
[INFO ] 2024-11-07 10:34:21.515 [main] Members - >> Admin/User got logged in >>
[INFO ] 2024-11-07 10:34:24.250 [main] Memberspage - >> Admin/User got navigated to dashboard page
[INFO ] 2024-11-07 10:34:26.026 [main] Masterpage - >> Admin/User clicked new BillBoardType btn
[INFO ] 2024-11-07 10:34:39.774 [main] Testhooks - Execution Started
[INFO ] 2024-11-07 10:34:40.587 [main] Testhooks - Browser got launched
[INFO ] 2024-11-07 10:34:42.662 [main] Testhooks - Navigated to url
[INFO ] 2024-11-07 10:34:43.873 [main] Signinpage - User enters valid email address
[INFO ] 2024-11-07 10:34:44.002 [main] Signinpage - User enters valid password
[INFO ] 2024-11-07 10:34:44.107 [main] Signinpage - User clicks on signin button
[INFO ] 2024-11-07 10:34:44.107 [main] Members - >> Admin/User got logged in >>
[INFO ] 2024-11-07 10:34:46.843 [main] Memberspage - >> Admin/User got navigated to dashboard page
[INFO ] 2024-11-07 10:34:48.825 [main] Masterpage - >> Admin/User clicked new BillBoardType btn
[INFO ] 2024-11-07 10:34:58.726 [main] Testhooks - Execution Started
[INFO ] 2024-11-07 10:34:59.617 [main] Testhooks - Browser got launched
[INFO ] 2024-11-07 10:35:01.283 [main] Testhooks - Navigated to url
[INFO ] 2024-11-07 10:35:02.487 [main] Signinpage - User enters valid email address
[INFO ] 2024-11-07 10:35:02.617 [main] Signinpage - User enters valid password
[INFO ] 2024-11-07 10:35:02.729 [main] Signinpage - User clicks on signin button
[INFO ] 2024-11-07 10:35:02.729 [main] Members - >> Admin/User got logged in >>
[INFO ] 2024-11-07 10:35:11.259 [main] Memberspage - >> Admin/User got navigated to dashboard page
[INFO ] 2024-11-07 10:35:13.079 [main] Masterpage - >> Admin/User clicked new BillBoardType btn
[INFO ] 2024-11-07 10:35:35.556 [main] Testhooks - Execution Started
[INFO ] 2024-11-07 10:35:36.532 [main] Testhooks - Browser got launched
[INFO ] 2024-11-07 10:35:37.974 [main] Testhooks - Navigated to url
[INFO ] 2024-11-07 10:35:39.189 [main] Signinpage - User enters valid email address
[INFO ] 2024-11-07 10:35:39.326 [main] Signinpage - User enters valid password
[INFO ] 2024-11-07 10:35:39.440 [main] Signinpage - User clicks on signin button
[INFO ] 2024-11-07 10:35:39.440 [main] Members - >> Admin/User got logged in >>
[INFO ] 2024-11-07 10:35:42.552 [main] Memberspage - >> Admin/User got navigated to dashboard page
[INFO ] 2024-11-07 10:35:44.174 [main] Masterpage - >> Admin/User clicked new BillBoardType btn
[INFO ] 2024-11-07 10:39:06.892 [main] Testhooks - Execution Started
[INFO ] 2024-11-07 10:39:07.699 [main] Testhooks - Browser got launched
[INFO ] 2024-11-07 10:39:09.102 [main] Testhooks - Navigated to url
[INFO ] 2024-11-07 10:39:10.304 [main] Signinpage - User enters valid email address
[INFO ] 2024-11-07 10:39:10.419 [main] Signinpage - User enters valid password
[INFO ] 2024-11-07 10:39:10.526 [main] Signinpage - User clicks on signin button
[INFO ] 2024-11-07 10:39:10.526 [main] Members - >> Admin/User got logged in >>
[INFO ] 2024-11-07 10:39:13.276 [main] Memberspage - >> Admin/User got navigated to dashboard page
[INFO ] 2024-11-07 10:39:17.129 [main] Masterpage - >> Admin/User clicked new BillBoardType btn
[INFO ] 2024-11-07 10:39:26.745 [main] Testhooks - Execution Started
[INFO ] 2024-11-07 10:39:27.659 [main] Testhooks - Browser got launched
[INFO ] 2024-11-07 10:39:29.078 [main] Testhooks - Navigated to url
[INFO ] 2024-11-07 10:39:30.323 [main] Signinpage - User enters valid email address
[INFO ] 2024-11-07 10:39:30.576 [main] Signinpage - User enters valid password
[INFO ] 2024-11-07 10:39:30.765 [main] Signinpage - User clicks on signin button
[INFO ] 2024-11-07 10:39:30.765 [main] Members - >> Admin/User got logged in >>
[INFO ] 2024-11-07 10:39:33.389 [main] Memberspage - >> Admin/User got navigated to dashboard page
[INFO ] 2024-11-07 10:39:35.074 [main] Testhooks - Failed scenario screenshot got capturedT009_To verify the BillBoardType Edit
[INFO ] 2024-11-07 10:47:28.064 [main] Testhooks - Execution Started
[INFO ] 2024-11-07 10:47:28.980 [main] Testhooks - Browser got launched
[INFO ] 2024-11-07 10:47:30.394 [main] Testhooks - Navigated to url
[INFO ] 2024-11-07 10:47:31.606 [main] Signinpage - User enters valid email address
[INFO ] 2024-11-07 10:47:31.729 [main] Signinpage - User enters valid password
[INFO ] 2024-11-07 10:47:31.839 [main] Signinpage - User clicks on signin button
[INFO ] 2024-11-07 10:47:31.839 [main] Members - >> Admin/User got logged in >>
[INFO ] 2024-11-07 10:47:40.283 [main] Memberspage - >> Admin/User got navigated to dashboard page
[INFO ] 2024-11-07 10:47:48.315 [main] Testhooks - Failed scenario screenshot got capturedT009_To verify the BillBoardType Edit
[INFO ] 2024-11-07 10:49:27.022 [main] Testhooks - Execution Started
[INFO ] 2024-11-07 10:49:27.949 [main] Testhooks - Browser got launched
[INFO ] 2024-11-07 10:49:29.549 [main] Testhooks - Navigated to url
[INFO ] 2024-11-07 10:49:30.864 [main] Signinpage - User enters valid email address
[INFO ] 2024-11-07 10:49:31.077 [main] Signinpage - User enters valid password
[INFO ] 2024-11-07 10:49:31.254 [main] Signinpage - User clicks on signin button
[INFO ] 2024-11-07 10:49:31.254 [main] Members - >> Admin/User got logged in >>
[INFO ] 2024-11-07 10:49:33.856 [main] Memberspage - >> Admin/User got navigated to dashboard page
[INFO ] 2024-11-07 10:52:20.427 [main] Testhooks - Execution Started
[INFO ] 2024-11-07 10:52:21.357 [main] Testhooks - Browser got launched
[INFO ] 2024-11-07 10:52:22.957 [main] Testhooks - Navigated to url
[INFO ] 2024-11-07 10:53:18.295 [main] Testhooks - Execution Started
[INFO ] 2024-11-07 10:53:19.255 [main] Testhooks - Browser got launched
[INFO ] 2024-11-07 10:53:20.701 [main] Testhooks - Navigated to url
[INFO ] 2024-11-07 10:53:21.913 [main] Signinpage - User enters valid email address
[INFO ] 2024-11-07 10:53:22.043 [main] Signinpage - User enters valid password
[INFO ] 2024-11-07 10:53:22.157 [main] Signinpage - User clicks on signin button
[INFO ] 2024-11-07 10:53:22.158 [main] Members - >> Admin/User got logged in >>
[INFO ] 2024-11-07 10:53:25.015 [main] Memberspage - >> Admin/User got navigated to dashboard page
[INFO ] 2024-11-07 11:00:59.213 [main] Testhooks - Execution Started
[INFO ] 2024-11-07 11:01:00.105 [main] Testhooks - Browser got launched
[INFO ] 2024-11-07 11:01:19.100 [main] Testhooks - Execution Started
[INFO ] 2024-11-07 11:01:19.924 [main] Testhooks - Browser got launched
[INFO ] 2024-11-07 11:01:21.279 [main] Testhooks - Navigated to url
[INFO ] 2024-11-07 11:01:22.462 [main] Signinpage - User enters valid email address
[INFO ] 2024-11-07 11:01:22.580 [main] Signinpage - User enters valid password
[INFO ] 2024-11-07 11:01:22.685 [main] Signinpage - User clicks on signin button
[INFO ] 2024-11-07 11:01:22.685 [main] Members - >> Admin/User got logged in >>
[INFO ] 2024-11-07 11:01:25.794 [main] Memberspage - >> Admin/User got navigated to dashboard page
[INFO ] 2024-11-07 11:01:29.846 [main] Masterpage - >> The BOMUnit page got displayed
[INFO ] 2024-11-07 11:02:00.247 [main] Testhooks - Execution Started
[INFO ] 2024-11-07 11:02:01.633 [main] Testhooks - Browser got launched
[INFO ] 2024-11-07 11:02:03.024 [main] Testhooks - Navigated to url
[INFO ] 2024-11-07 11:02:04.215 [main] Signinpage - User enters valid email address
[INFO ] 2024-11-07 11:02:04.333 [main] Signinpage - User enters valid password
[INFO ] 2024-11-07 11:02:04.431 [main] Signinpage - User clicks on signin button
[INFO ] 2024-11-07 11:02:04.432 [main] Members - >> Admin/User got logged in >>
[INFO ] 2024-11-07 11:02:10.089 [main] Memberspage - >> Admin/User got navigated to dashboard page
[INFO ] 2024-11-07 11:02:19.623 [main] Testhooks - Failed scenario screenshot got capturedT002_Create the Ticket with valid inputs
[INFO ] 2024-11-07 11:12:16.247 [main] Testhooks - Execution Started
[INFO ] 2024-11-07 11:12:17.115 [main] Testhooks - Browser got launched
[INFO ] 2024-11-07 11:12:18.493 [main] Testhooks - Navigated to url
[INFO ] 2024-11-07 11:12:19.691 [main] Signinpage - User enters valid email address
[INFO ] 2024-11-07 11:12:19.806 [main] Signinpage - User enters valid password
[INFO ] 2024-11-07 11:12:19.911 [main] Signinpage - User clicks on signin button
[INFO ] 2024-11-07 11:12:19.911 [main] Members - >> Admin/User got logged in >>
[INFO ] 2024-11-07 11:12:22.754 [main] Memberspage - >> Admin/User got navigated to dashboard page
[INFO ] 2024-11-07 11:13:40.151 [main] Testhooks - Execution Started
[INFO ] 2024-11-07 11:13:41.030 [main] Testhooks - Browser got launched
[INFO ] 2024-11-07 11:13:42.374 [main] Testhooks - Navigated to url
[INFO ] 2024-11-07 11:13:43.580 [main] Signinpage - User enters valid email address
[INFO ] 2024-11-07 11:13:43.696 [main] Signinpage - User enters valid password
[INFO ] 2024-11-07 11:13:43.798 [main] Signinpage - User clicks on signin button
[INFO ] 2024-11-07 11:13:43.799 [main] Members - >> Admin/User got logged in >>
[INFO ] 2024-11-07 11:13:46.382 [main] Memberspage - >> Admin/User got navigated to dashboard page
[INFO ] 2024-11-07 11:15:21.181 [main] Testhooks - Execution Started
[INFO ] 2024-11-07 11:15:22.005 [main] Testhooks - Browser got launched
[INFO ] 2024-11-07 11:15:23.328 [main] Testhooks - Navigated to url
[INFO ] 2024-11-07 11:15:24.532 [main] Signinpage - User enters valid email address
[INFO ] 2024-11-07 11:15:24.652 [main] Signinpage - User enters valid password
[INFO ] 2024-11-07 11:15:24.753 [main] Signinpage - User clicks on signin button
[INFO ] 2024-11-07 11:15:24.753 [main] Members - >> Admin/User got logged in >>
[INFO ] 2024-11-07 11:15:27.463 [main] Memberspage - >> Admin/User got navigated to dashboard page
[INFO ] 2024-11-07 11:15:32.723 [main] Ticketspage - >> Admin/User clicked new ticket btn
[INFO ] 2024-11-07 11:15:49.124 [main] Testhooks - Execution Started
[INFO ] 2024-11-07 11:15:49.957 [main] Testhooks - Browser got launched
[INFO ] 2024-11-07 11:15:51.309 [main] Testhooks - Navigated to url
[INFO ] 2024-11-07 11:15:52.508 [main] Signinpage - User enters valid email address
[INFO ] 2024-11-07 11:15:52.622 [main] Signinpage - User enters valid password
[INFO ] 2024-11-07 11:15:52.722 [main] Signinpage - User clicks on signin button
[INFO ] 2024-11-07 11:15:52.723 [main] Members - >> Admin/User got logged in >>
[INFO ] 2024-11-07 11:15:55.470 [main] Memberspage - >> Admin/User got navigated to dashboard page
[INFO ] 2024-11-07 11:15:59.916 [main] Masterpage - >> Admin/User clicked new BOMUnit btn
[INFO ] 2024-11-07 11:17:52.514 [main] Testhooks - Execution Started
[INFO ] 2024-11-07 11:17:53.323 [main] Testhooks - Browser got launched
[INFO ] 2024-11-07 11:17:54.672 [main] Testhooks - Navigated to url
[INFO ] 2024-11-07 11:17:55.853 [main] Signinpage - User enters valid email address
[INFO ] 2024-11-07 11:17:55.976 [main] Signinpage - User enters valid password
[INFO ] 2024-11-07 11:17:56.082 [main] Signinpage - User clicks on signin button
[INFO ] 2024-11-07 11:17:56.082 [main] Members - >> Admin/User got logged in >>
[INFO ] 2024-11-07 11:17:59.013 [main] Memberspage - >> Admin/User got navigated to dashboard page
[INFO ] 2024-11-07 11:18:04.122 [main] Testhooks - Failed scenario screenshot got capturedT004_To verify the BOMUnit feature sort recently updated
[INFO ] 2024-11-07 11:18:44.552 [main] Testhooks - Execution Started
[INFO ] 2024-11-07 11:18:45.378 [main] Testhooks - Browser got launched
[INFO ] 2024-11-07 11:18:46.680 [main] Testhooks - Navigated to url
[INFO ] 2024-11-07 11:18:47.884 [main] Signinpage - User enters valid email address
[INFO ] 2024-11-07 11:18:48.004 [main] Signinpage - User enters valid password
[INFO ] 2024-11-07 11:18:48.105 [main] Signinpage - User clicks on signin button
[INFO ] 2024-11-07 11:18:48.105 [main] Members - >> Admin/User got logged in >>
[INFO ] 2024-11-07 11:18:50.752 [main] Memberspage - >> Admin/User got navigated to dashboard page
[INFO ] 2024-11-07 11:18:59.374 [main] Masterpage - >> Admin/User clicked new BOMUnit btn
[INFO ] 2024-11-07 11:19:10.074 [main] Testhooks - Execution Started
[INFO ] 2024-11-07 11:19:10.934 [main] Testhooks - Browser got launched
[INFO ] 2024-11-07 11:19:12.229 [main] Testhooks - Navigated to url
[INFO ] 2024-11-07 11:19:13.430 [main] Signinpage - User enters valid email address
[INFO ] 2024-11-07 11:19:13.551 [main] Signinpage - User enters valid password
[INFO ] 2024-11-07 11:19:13.655 [main] Signinpage - User clicks on signin button
[INFO ] 2024-11-07 11:19:13.655 [main] Members - >> Admin/User got logged in >>
[INFO ] 2024-11-07 11:19:16.283 [main] Memberspage - >> Admin/User got navigated to dashboard page
[INFO ] 2024-11-07 11:19:22.888 [main] Masterpage - >> Admin/User clicked new BOMUnit btn
[INFO ] 2024-11-07 11:19:33.484 [main] Testhooks - Execution Started
[INFO ] 2024-11-07 11:19:34.301 [main] Testhooks - Browser got launched
[INFO ] 2024-11-07 11:19:35.581 [main] Testhooks - Navigated to url
[INFO ] 2024-11-07 11:19:36.779 [main] Signinpage - User enters valid email address
[INFO ] 2024-11-07 11:19:36.893 [main] Signinpage - User enters valid password
[INFO ] 2024-11-07 11:19:36.998 [main] Signinpage - User clicks on signin button
[INFO ] 2024-11-07 11:19:36.998 [main] Members - >> Admin/User got logged in >>
[INFO ] 2024-11-07 11:19:40.542 [main] Memberspage - >> Admin/User got navigated to dashboard page
[INFO ] 2024-11-07 11:19:46.969 [main] Masterpage - >> Admin/User clicked new BOMUnit btn
[INFO ] 2024-11-07 11:20:03.876 [main] Testhooks - Execution Started
[INFO ] 2024-11-07 11:20:04.678 [main] Testhooks - Browser got launched
[INFO ] 2024-11-07 11:20:05.916 [main] Testhooks - Navigated to url
[INFO ] 2024-11-07 11:20:07.123 [main] Signinpage - User enters valid email address
[INFO ] 2024-11-07 11:20:07.236 [main] Signinpage - User enters valid password
[INFO ] 2024-11-07 11:20:07.338 [main] Signinpage - User clicks on signin button
[INFO ] 2024-11-07 11:20:07.338 [main] Members - >> Admin/User got logged in >>
[INFO ] 2024-11-07 11:20:12.750 [main] Memberspage - >> Admin/User got navigated to dashboard page
[INFO ] 2024-11-07 11:20:19.125 [main] Masterpage - >> Admin/User clicked new BOMUnit btn
[INFO ] 2024-11-07 11:20:29.126 [main] Testhooks - Execution Started
[INFO ] 2024-11-07 11:20:30.098 [main] Testhooks - Browser got launched
[INFO ] 2024-11-07 11:20:32.030 [main] Testhooks - Navigated to url
[INFO ] 2024-11-07 11:20:33.223 [main] Signinpage - User enters valid email address
[INFO ] 2024-11-07 11:20:33.346 [main] Signinpage - User enters valid password
[INFO ] 2024-11-07 11:20:33.455 [main] Signinpage - User clicks on signin button
[INFO ] 2024-11-07 11:20:33.456 [main] Members - >> Admin/User got logged in >>
[INFO ] 2024-11-07 11:20:40.275 [main] Memberspage - >> Admin/User got navigated to dashboard page
[INFO ] 2024-11-07 11:20:46.833 [main] Masterpage - >> Admin/User clicked new BOMUnit btn
[INFO ] 2024-11-07 11:20:57.478 [main] Testhooks - Execution Started
[INFO ] 2024-11-07 11:20:58.264 [main] Testhooks - Browser got launched
[INFO ] 2024-11-07 11:20:59.565 [main] Testhooks - Navigated to url
[INFO ] 2024-11-07 11:21:01.023 [main] Signinpage - User enters valid email address
[INFO ] 2024-11-07 11:21:01.343 [main] Signinpage - User enters valid password
[INFO ] 2024-11-07 11:21:01.478 [main] Signinpage - User clicks on signin button
[INFO ] 2024-11-07 11:21:01.478 [main] Members - >> Admin/User got logged in >>
[INFO ] 2024-11-07 11:21:04.041 [main] Memberspage - >> Admin/User got navigated to dashboard page
[INFO ] 2024-11-07 11:21:08.821 [main] Testhooks - Failed scenario screenshot got capturedT009_To verify the BOMUnit Edit
[INFO ] 2024-11-07 11:24:10.242 [main] Testhooks - Execution Started
[INFO ] 2024-11-07 11:24:11.150 [main] Testhooks - Browser got launched
[INFO ] 2024-11-07 11:24:13.233 [main] Testhooks - Navigated to url
[INFO ] 2024-11-07 11:24:14.442 [main] Signinpage - User enters valid email address
[INFO ] 2024-11-07 11:24:14.577 [main] Signinpage - User enters valid password
[INFO ] 2024-11-07 11:24:14.689 [main] Signinpage - User clicks on signin button
[INFO ] 2024-11-07 11:24:14.689 [main] Members - >> Admin/User got logged in >>
[INFO ] 2024-11-07 11:24:17.308 [main] Memberspage - >> Admin/User got navigated to dashboard page
[INFO ] 2024-11-07 11:29:32.607 [main] Testhooks - Execution Started
[INFO ] 2024-11-07 11:29:33.541 [main] Testhooks - Browser got launched
[INFO ] 2024-11-07 11:29:34.970 [main] Testhooks - Navigated to url
[INFO ] 2024-11-07 11:29:36.171 [main] Signinpage - User enters valid email address
[INFO ] 2024-11-07 11:29:36.297 [main] Signinpage - User enters valid password
[INFO ] 2024-11-07 11:29:36.406 [main] Signinpage - User clicks on signin button
[INFO ] 2024-11-07 11:29:36.407 [main] Members - >> Admin/User got logged in >>
[INFO ] 2024-11-07 11:29:40.543 [main] Memberspage - >> Admin/User got navigated to dashboard page
[INFO ] 2024-11-07 11:29:52.891 [main] Testhooks - Failed scenario screenshot got capturedT002_Create the Ticket with valid inputs
[INFO ] 2024-11-07 11:39:21.321 [main] Testhooks - Execution Started
[INFO ] 2024-11-07 11:39:22.231 [main] Testhooks - Browser got launched
[INFO ] 2024-11-07 11:39:23.954 [main] Testhooks - Navigated to url
[INFO ] 2024-11-07 11:39:25.162 [main] Signinpage - User enters valid email address
[INFO ] 2024-11-07 11:39:25.291 [main] Signinpage - User enters valid password
[INFO ] 2024-11-07 11:39:25.398 [main] Signinpage - User clicks on signin button
[INFO ] 2024-11-07 11:39:25.398 [main] Members - >> Admin/User got logged in >>
[INFO ] 2024-11-07 11:39:28.317 [main] Memberspage - >> Admin/User got navigated to dashboard page
[INFO ] 2024-11-07 11:39:34.390 [main] Testhooks - Failed scenario screenshot got capturedT002_Create the Ticket with valid inputs
[INFO ] 2024-11-07 12:09:09.375 [main] Testhooks - Execution Started
[INFO ] 2024-11-07 12:09:10.209 [main] Testhooks - Browser got launched
[INFO ] 2024-11-07 12:09:11.603 [main] Testhooks - Navigated to url
[INFO ] 2024-11-07 12:09:12.798 [main] Signinpage - User enters valid email address
[INFO ] 2024-11-07 12:09:12.912 [main] Signinpage - User enters valid password
[INFO ] 2024-11-07 12:09:13.015 [main] Signinpage - User clicks on signin button
[INFO ] 2024-11-07 12:09:13.015 [main] Members - >> Admin/User got logged in >>
[INFO ] 2024-11-07 12:09:15.852 [main] Memberspage - >> Admin/User got navigated to dashboard page
[INFO ] 2024-11-07 12:09:30.101 [main] Testhooks - Failed scenario screenshot got capturedT002_Create the Ticket with valid inputs
[INFO ] 2024-11-07 12:12:20.835 [main] Testhooks - Execution Started
[INFO ] 2024-11-07 12:12:21.642 [main] Testhooks - Browser got launched
[INFO ] 2024-11-07 12:12:23.009 [main] Testhooks - Navigated to url
[INFO ] 2024-11-07 12:12:24.211 [main] Signinpage - User enters valid email address
[INFO ] 2024-11-07 12:12:24.339 [main] Signinpage - User enters valid password
[INFO ] 2024-11-07 12:12:24.449 [main] Signinpage - User clicks on signin button
[INFO ] 2024-11-07 12:12:24.449 [main] Members - >> Admin/User got logged in >>
[INFO ] 2024-11-07 12:13:14.739 [main] Testhooks - Execution Started
[INFO ] 2024-11-07 12:13:15.508 [main] Testhooks - Browser got launched
[INFO ] 2024-11-07 12:13:17.056 [main] Testhooks - Navigated to url
[INFO ] 2024-11-07 12:13:18.255 [main] Signinpage - User enters valid email address
[INFO ] 2024-11-07 12:13:18.378 [main] Signinpage - User enters valid password
[INFO ] 2024-11-07 12:13:18.478 [main] Signinpage - User clicks on signin button
[INFO ] 2024-11-07 12:13:18.478 [main] Members - >> Admin/User got logged in >>
[INFO ] 2024-11-07 12:13:21.091 [main] Memberspage - >> Admin/User got navigated to dashboard page
[INFO ] 2024-11-07 12:14:19.447 [main] Testhooks - Execution Started
[INFO ] 2024-11-07 12:14:20.281 [main] Testhooks - Browser got launched
[INFO ] 2024-11-07 12:14:21.797 [main] Testhooks - Navigated to url
[INFO ] 2024-11-07 12:14:22.990 [main] Signinpage - User enters valid email address
[INFO ] 2024-11-07 12:14:23.106 [main] Signinpage - User enters valid password
[INFO ] 2024-11-07 12:14:23.208 [main] Signinpage - User clicks on signin button
[INFO ] 2024-11-07 12:14:23.208 [main] Members - >> Admin/User got logged in >>
[INFO ] 2024-11-07 12:14:25.962 [main] Memberspage - >> Admin/User got navigated to dashboard page
[INFO ] 2024-11-07 12:14:40.404 [main] Testhooks - Failed scenario screenshot got capturedT002_Create the Ticket with valid inputs
[INFO ] 2024-11-07 12:18:16.189 [main] Testhooks - Execution Started
[INFO ] 2024-11-07 12:18:17.004 [main] Testhooks - Browser got launched
[INFO ] 2024-11-07 12:18:18.668 [main] Testhooks - Navigated to url
[INFO ] 2024-11-07 12:18:19.866 [main] Signinpage - User enters valid email address
[INFO ] 2024-11-07 12:18:19.980 [main] Signinpage - User enters valid password
[INFO ] 2024-11-07 12:18:20.082 [main] Signinpage - User clicks on signin button
[INFO ] 2024-11-07 12:18:20.082 [main] Members - >> Admin/User got logged in >>
[INFO ] 2024-11-07 12:18:22.861 [main] Memberspage - >> Admin/User got navigated to dashboard page
[INFO ] 2024-11-07 12:19:03.915 [main] Testhooks - Execution Started
[INFO ] 2024-11-07 12:19:04.693 [main] Testhooks - Browser got launched
[INFO ] 2024-11-07 12:19:06.250 [main] Testhooks - Navigated to url
[INFO ] 2024-11-07 12:19:07.433 [main] Signinpage - User enters valid email address
[INFO ] 2024-11-07 12:19:07.552 [main] Signinpage - User enters valid password
[INFO ] 2024-11-07 12:19:07.656 [main] Signinpage - User clicks on signin button
[INFO ] 2024-11-07 12:19:07.656 [main] Members - >> Admin/User got logged in >>
[INFO ] 2024-11-07 12:19:10.600 [main] Memberspage - >> Admin/User got navigated to dashboard page
[INFO ] 2024-11-07 12:19:25.055 [main] Testhooks - Failed scenario screenshot got capturedT002_Create the Ticket with valid inputs
[INFO ] 2024-11-07 12:25:39.040 [main] Testhooks - Execution Started
[INFO ] 2024-11-07 12:25:39.780 [main] Testhooks - Browser got launched
[INFO ] 2024-11-07 12:25:41.141 [main] Testhooks - Navigated to url
[INFO ] 2024-11-07 12:25:42.342 [main] Signinpage - User enters valid email address
[INFO ] 2024-11-07 12:25:42.458 [main] Signinpage - User enters valid password
[INFO ] 2024-11-07 12:25:42.571 [main] Signinpage - User clicks on signin button
[INFO ] 2024-11-07 12:25:42.571 [main] Members - >> Admin/User got logged in >>
[INFO ] 2024-11-07 12:25:45.185 [main] Memberspage - >> Admin/User got navigated to dashboard page
[INFO ] 2024-11-07 12:25:59.423 [main] Testhooks - Failed scenario screenshot got capturedT002_Create the Ticket with valid inputs
[INFO ] 2024-11-07 12:26:37.739 [main] Testhooks - Execution Started
[INFO ] 2024-11-07 12:26:38.556 [main] Testhooks - Browser got launched
[INFO ] 2024-11-07 12:26:39.894 [main] Testhooks - Navigated to url
[INFO ] 2024-11-07 12:26:41.095 [main] Signinpage - User enters valid email address
[INFO ] 2024-11-07 12:26:41.215 [main] Signinpage - User enters valid password
[INFO ] 2024-11-07 12:26:41.319 [main] Signinpage - User clicks on signin button
[INFO ] 2024-11-07 12:26:41.319 [main] Members - >> Admin/User got logged in >>
[INFO ] 2024-11-07 12:26:44.002 [main] Memberspage - >> Admin/User got navigated to dashboard page
[INFO ] 2024-11-07 12:42:02.668 [main] Testhooks - Execution Started
[INFO ] 2024-11-07 12:42:03.542 [main] Testhooks - Browser got launched
[INFO ] 2024-11-07 12:42:05.207 [main] Testhooks - Navigated to url
[INFO ] 2024-11-07 12:42:06.414 [main] Signinpage - User enters valid email address
[INFO ] 2024-11-07 12:42:06.544 [main] Signinpage - User enters valid password
[INFO ] 2024-11-07 12:42:06.657 [main] Signinpage - User clicks on signin button
[INFO ] 2024-11-07 12:42:06.657 [main] Members - >> Admin/User got logged in >>
[INFO ] 2024-11-07 12:42:09.886 [main] Memberspage - >> Admin/User got navigated to dashboard page
[INFO ] 2024-11-07 12:49:46.966 [main] Testhooks - Execution Started
[INFO ] 2024-11-07 12:49:47.897 [main] Testhooks - Browser got launched
[INFO ] 2024-11-07 12:49:49.398 [main] Testhooks - Navigated to url
[INFO ] 2024-11-07 12:49:50.611 [main] Signinpage - User enters valid email address
[INFO ] 2024-11-07 12:49:50.741 [main] Signinpage - User enters valid password
[INFO ] 2024-11-07 12:49:50.851 [main] Signinpage - User clicks on signin button
[INFO ] 2024-11-07 12:49:50.851 [main] Members - >> Admin/User got logged in >>
[INFO ] 2024-11-07 12:49:53.689 [main] Memberspage - >> Admin/User got navigated to dashboard page
[INFO ] 2024-11-07 12:54:39.544 [main] Testhooks - Execution Started
[INFO ] 2024-11-07 12:54:40.502 [main] Testhooks - Browser got launched
[INFO ] 2024-11-07 12:54:42.019 [main] Testhooks - Navigated to url
[INFO ] 2024-11-07 12:54:43.226 [main] Signinpage - User enters valid email address
[INFO ] 2024-11-07 12:54:43.354 [main] Signinpage - User enters valid password
[INFO ] 2024-11-07 12:54:43.469 [main] Signinpage - User clicks on signin button
[INFO ] 2024-11-07 12:54:43.469 [main] Members - >> Admin/User got logged in >>
[INFO ] 2024-11-07 12:54:46.087 [main] Memberspage - >> Admin/User got navigated to dashboard page
[INFO ] 2024-11-07 12:55:25.273 [main] Testhooks - Failed scenario screenshot got capturedT002_Create the New Stock with valid inputs
[INFO ] 2024-11-07 14:52:23.214 [main] Testhooks - Execution Started
[INFO ] 2024-11-07 14:52:24.127 [main] Testhooks - Browser got launched
[INFO ] 2024-11-07 14:52:25.711 [main] Testhooks - Navigated to url
[INFO ] 2024-11-07 14:52:26.911 [main] Signinpage - User enters valid email address
[INFO ] 2024-11-07 14:52:27.033 [main] Signinpage - User enters valid password
[INFO ] 2024-11-07 14:52:27.141 [main] Signinpage - User clicks on signin button
[INFO ] 2024-11-07 14:52:27.142 [main] Members - >> Admin/User got logged in >>
[INFO ] 2024-11-07 14:52:29.924 [main] Memberspage - >> Admin/User got navigated to dashboard page
[INFO ] 2024-11-07 14:52:44.426 [main] Testhooks - Failed scenario screenshot got capturedT002_Create the New BOM with valid inputs
[INFO ] 2024-11-07 14:55:52.764 [main] Testhooks - Execution Started
[INFO ] 2024-11-07 14:55:53.634 [main] Testhooks - Browser got launched
[INFO ] 2024-11-07 14:55:55.063 [main] Testhooks - Navigated to url
[INFO ] 2024-11-07 14:55:56.259 [main] Signinpage - User enters valid email address
[INFO ] 2024-11-07 14:55:56.406 [main] Signinpage - User enters valid password
[INFO ] 2024-11-07 14:55:56.507 [main] Signinpage - User clicks on signin button
[INFO ] 2024-11-07 14:55:56.507 [main] Members - >> Admin/User got logged in >>
[INFO ] 2024-11-07 14:55:59.102 [main] Memberspage - >> Admin/User got navigated to dashboard page
[INFO ] 2024-11-07 14:56:33.455 [main] Testhooks - Failed scenario screenshot got capturedT002_Create the New BOM with valid inputs
[INFO ] 2024-11-07 14:59:55.593 [main] Testhooks - Execution Started
[INFO ] 2024-11-07 14:59:56.416 [main] Testhooks - Browser got launched
[INFO ] 2024-11-07 14:59:57.720 [main] Testhooks - Navigated to url
[INFO ] 2024-11-07 14:59:58.926 [main] Signinpage - User enters valid email address
[INFO ] 2024-11-07 14:59:59.043 [main] Signinpage - User enters valid password
[INFO ] 2024-11-07 14:59:59.146 [main] Signinpage - User clicks on signin button
[INFO ] 2024-11-07 14:59:59.146 [main] Members - >> Admin/User got logged in >>
[INFO ] 2024-11-07 15:00:01.769 [main] Memberspage - >> Admin/User got navigated to dashboard page
[INFO ] 2024-11-07 15:00:35.394 [main] Testhooks - Failed scenario screenshot got capturedT002_Create the New BOM with valid inputs
[INFO ] 2024-11-07 15:07:56.109 [main] Testhooks - Execution Started
[INFO ] 2024-11-07 15:07:56.977 [main] Testhooks - Browser got launched
[INFO ] 2024-11-07 15:07:58.579 [main] Testhooks - Navigated to url
[INFO ] 2024-11-07 15:07:59.814 [main] Signinpage - User enters valid email address
[INFO ] 2024-11-07 15:07:59.938 [main] Signinpage - User enters valid password
[INFO ] 2024-11-07 15:08:00.046 [main] Signinpage - User clicks on signin button
[INFO ] 2024-11-07 15:08:00.047 [main] Members - >> Admin/User got logged in >>
[INFO ] 2024-11-07 15:08:03.332 [main] Memberspage - >> Admin/User got navigated to dashboard page
[INFO ] 2024-11-07 15:08:08.158 [main] Testhooks - Failed scenario screenshot got capturedT002_Create the New BOM with valid inputs
[INFO ] 2024-11-07 15:08:34.662 [main] Testhooks - Execution Started
[INFO ] 2024-11-07 15:08:35.522 [main] Testhooks - Browser got launched
[INFO ] 2024-11-07 15:08:36.905 [main] Testhooks - Navigated to url
[INFO ] 2024-11-07 15:08:38.105 [main] Signinpage - User enters valid email address
[INFO ] 2024-11-07 15:08:38.233 [main] Signinpage - User enters valid password
[INFO ] 2024-11-07 15:08:38.342 [main] Signinpage - User clicks on signin button
[INFO ] 2024-11-07 15:08:38.342 [main] Members - >> Admin/User got logged in >>
[INFO ] 2024-11-07 15:08:41.027 [main] Memberspage - >> Admin/User got navigated to dashboard page
[INFO ] 2024-11-07 15:08:54.349 [main] Testhooks - Failed scenario screenshot got capturedT002_Create the New BOM with valid inputs
[INFO ] 2024-11-07 15:10:59.460 [main] Testhooks - Execution Started
[INFO ] 2024-11-07 15:11:00.273 [main] Testhooks - Browser got launched
[INFO ] 2024-11-07 15:11:01.937 [main] Testhooks - Navigated to url
[INFO ] 2024-11-07 15:11:03.138 [main] Signinpage - User enters valid email address
[INFO ] 2024-11-07 15:11:03.263 [main] Signinpage - User enters valid password
[INFO ] 2024-11-07 15:11:03.359 [main] Signinpage - User clicks on signin button
[INFO ] 2024-11-07 15:11:03.359 [main] Members - >> Admin/User got logged in >>
[INFO ] 2024-11-07 15:11:09.855 [main] Memberspage - >> Admin/User got navigated to dashboard page
[INFO ] 2024-11-07 16:14:38.109 [main] Testhooks - Execution Started
[INFO ] 2024-11-07 16:14:38.950 [main] Testhooks - Browser got launched
[INFO ] 2024-11-07 16:14:40.447 [main] Testhooks - Navigated to url
[INFO ] 2024-11-07 16:14:41.651 [main] Signinpage - User enters valid email address
[INFO ] 2024-11-07 16:14:41.767 [main] Signinpage - User enters valid password
[INFO ] 2024-11-07 16:14:41.873 [main] Signinpage - User clicks on signin button
[INFO ] 2024-11-07 16:14:41.873 [main] Members - >> Admin/User got logged in >>
[INFO ] 2024-11-07 16:14:44.606 [main] Memberspage - >> Admin/User got navigated to dashboard page
[INFO ] 2024-11-07 16:20:00.134 [main] Testhooks - Execution Started
[INFO ] 2024-11-07 16:20:01.291 [main] Testhooks - Browser got launched
[INFO ] 2024-11-07 16:20:02.842 [main] Testhooks - Navigated to url
[INFO ] 2024-11-07 16:20:04.030 [main] Signinpage - User enters valid email address
[INFO ] 2024-11-07 16:20:04.161 [main] Signinpage - User enters valid password
[INFO ] 2024-11-07 16:20:04.277 [main] Signinpage - User clicks on signin button
[INFO ] 2024-11-07 16:20:04.277 [main] Members - >> Admin/User got logged in >>
[INFO ] 2024-11-07 16:20:09.821 [main] Memberspage - >> Admin/User got navigated to dashboard page
[INFO ] 2024-11-07 16:20:26.745 [main] Testhooks - Failed scenario screenshot got capturedT002_Create the New BOM with valid inputs
[INFO ] 2024-11-07 16:22:21.032 [main] Testhooks - Execution Started
[INFO ] 2024-11-07 16:22:21.801 [main] Testhooks - Browser got launched
[INFO ] 2024-11-07 16:22:23.212 [main] Testhooks - Navigated to url
[INFO ] 2024-11-07 16:22:24.410 [main] Signinpage - User enters valid email address
[INFO ] 2024-11-07 16:22:24.526 [main] Signinpage - User enters valid password
[INFO ] 2024-11-07 16:22:24.631 [main] Signinpage - User clicks on signin button
[INFO ] 2024-11-07 16:22:24.632 [main] Members - >> Admin/User got logged in >>
[INFO ] 2024-11-07 16:22:27.383 [main] Memberspage - >> Admin/User got navigated to dashboard page
[INFO ] 2024-11-07 16:37:55.549 [main] Testhooks - Execution Started
[INFO ] 2024-11-07 16:38:00.823 [main] Testhooks - Execution Started
[INFO ] 2024-11-07 16:38:01.931 [main] Testhooks - Browser got launched
[INFO ] 2024-11-07 16:38:03.369 [main] Testhooks - Navigated to url
[INFO ] 2024-11-07 16:38:04.550 [main] Signinpage - User enters valid email address
[INFO ] 2024-11-07 16:38:04.670 [main] Signinpage - User enters valid password
[INFO ] 2024-11-07 16:38:04.774 [main] Signinpage - User clicks on signin button
[INFO ] 2024-11-07 16:38:04.775 [main] Members - >> Admin/User got logged in >>
[INFO ] 2024-11-07 16:38:10.271 [main] Memberspage - >> Admin/User got navigated to dashboard page
[INFO ] 2024-11-07 16:38:48.719 [main] Testhooks - Failed scenario screenshot got capturedT002_Create the New BOM with valid inputs
[INFO ] 2024-11-07 16:52:13.218 [main] Testhooks - Execution Started
[INFO ] 2024-11-07 16:52:14.068 [main] Testhooks - Browser got launched
[INFO ] 2024-11-07 16:52:15.366 [main] Testhooks - Navigated to url
[INFO ] 2024-11-07 16:52:16.571 [main] Signinpage - User enters valid email address
[INFO ] 2024-11-07 16:52:16.691 [main] Signinpage - User enters valid password
[INFO ] 2024-11-07 16:52:16.793 [main] Signinpage - User clicks on signin button
[INFO ] 2024-11-07 16:52:16.793 [main] Members - >> Admin/User got logged in >>
[INFO ] 2024-11-07 16:52:19.580 [main] Memberspage - >> Admin/User got navigated to dashboard page
[INFO ] 2024-11-07 16:52:47.803 [main] Testhooks - Failed scenario screenshot got capturedT002_Create the New BOM with valid inputs
[INFO ] 2024-11-07 16:57:26.323 [main] Testhooks - Execution Started
[INFO ] 2024-11-07 16:57:27.133 [main] Testhooks - Browser got launched
[INFO ] 2024-11-07 16:57:28.493 [main] Testhooks - Navigated to url
[INFO ] 2024-11-07 16:57:29.690 [main] Signinpage - User enters valid email address
[INFO ] 2024-11-07 16:57:29.806 [main] Signinpage - User enters valid password
[INFO ] 2024-11-07 16:57:29.909 [main] Signinpage - User clicks on signin button
[INFO ] 2024-11-07 16:57:29.909 [main] Members - >> Admin/User got logged in >>
[INFO ] 2024-11-07 16:57:33.385 [main] Memberspage - >> Admin/User got navigated to dashboard page
[INFO ] 2024-11-07 16:57:37.999 [main] Testhooks - Failed scenario screenshot got capturedT002_Create the New BOM with valid inputs
[INFO ] 2024-11-07 16:58:22.952 [main] Testhooks - Execution Started
[INFO ] 2024-11-07 16:58:23.796 [main] Testhooks - Browser got launched
[INFO ] 2024-11-07 16:58:25.156 [main] Testhooks - Navigated to url
[INFO ] 2024-11-07 16:58:26.359 [main] Signinpage - User enters valid email address
[INFO ] 2024-11-07 16:58:26.481 [main] Signinpage - User enters valid password
[INFO ] 2024-11-07 16:58:26.584 [main] Signinpage - User clicks on signin button
[INFO ] 2024-11-07 16:58:26.584 [main] Members - >> Admin/User got logged in >>
[INFO ] 2024-11-07 16:58:29.357 [main] Memberspage - >> Admin/User got navigated to dashboard page
[INFO ] 2024-11-07 16:58:38.635 [main] Testhooks - Failed scenario screenshot got capturedT002_Create the New BOM with valid inputs
[INFO ] 2024-11-07 16:59:05.779 [main] Testhooks - Execution Started
[INFO ] 2024-11-07 16:59:06.687 [main] Testhooks - Browser got launched
[INFO ] 2024-11-07 16:59:08.055 [main] Testhooks - Navigated to url
[INFO ] 2024-11-07 16:59:09.258 [main] Signinpage - User enters valid email address
[INFO ] 2024-11-07 16:59:09.379 [main] Signinpage - User enters valid password
[INFO ] 2024-11-07 16:59:09.482 [main] Signinpage - User clicks on signin button
[INFO ] 2024-11-07 16:59:09.482 [main] Members - >> Admin/User got logged in >>
[INFO ] 2024-11-07 16:59:12.105 [main] Memberspage - >> Admin/User got navigated to dashboard page
[INFO ] 2024-11-07 17:00:19.637 [main] Testhooks - Execution Started
[INFO ] 2024-11-07 17:00:20.472 [main] Testhooks - Browser got launched
[INFO ] 2024-11-07 17:00:21.903 [main] Testhooks - Navigated to url
[INFO ] 2024-11-07 17:00:23.103 [main] Signinpage - User enters valid email address
[INFO ] 2024-11-07 17:00:23.222 [main] Signinpage - User enters valid password
[INFO ] 2024-11-07 17:00:23.327 [main] Signinpage - User clicks on signin button
[INFO ] 2024-11-07 17:00:23.327 [main] Members - >> Admin/User got logged in >>
[INFO ] 2024-11-07 17:00:26.052 [main] Memberspage - >> Admin/User got navigated to dashboard page
[INFO ] 2024-11-07 17:22:55.325 [main] Testhooks - Execution Started
[INFO ] 2024-11-07 17:22:56.141 [main] Testhooks - Browser got launched
[INFO ] 2024-11-07 17:22:57.511 [main] Testhooks - Navigated to url
[INFO ] 2024-11-07 17:22:58.713 [main] Signinpage - User enters valid email address
[INFO ] 2024-11-07 17:22:58.838 [main] Signinpage - User enters valid password
[INFO ] 2024-11-07 17:22:58.943 [main] Signinpage - User clicks on signin button
[INFO ] 2024-11-07 17:22:58.943 [main] Members - >> Admin/User got logged in >>
[INFO ] 2024-11-07 17:23:02.204 [main] Memberspage - >> Admin/User got navigated to dashboard page
[INFO ] 2024-11-07 17:23:48.901 [main] Testhooks - Failed scenario screenshot got capturedT002_Create the New BOM with valid inputs
[INFO ] 2024-11-07 17:50:24.863 [main] Testhooks - Execution Started
[INFO ] 2024-11-07 17:50:25.677 [main] Testhooks - Browser got launched
[INFO ] 2024-11-07 17:50:27.111 [main] Testhooks - Navigated to url
[INFO ] 2024-11-07 17:50:28.309 [main] Signinpage - User enters valid email address
[INFO ] 2024-11-07 17:50:28.431 [main] Signinpage - User enters valid password
[INFO ] 2024-11-07 17:50:28.534 [main] Signinpage - User clicks on signin button
[INFO ] 2024-11-07 17:50:28.535 [main] Members - >> Admin/User got logged in >>
[INFO ] 2024-11-07 17:50:32.155 [main] Memberspage - >> Admin/User got navigated to dashboard page
[INFO ] 2024-11-07 17:50:45.668 [main] Testhooks - Failed scenario screenshot got capturedT002_Create the New BOM with valid inputs
[INFO ] 2024-11-07 18:19:04.300 [main] Testhooks - Execution Started
[INFO ] 2024-11-07 18:19:05.263 [main] Testhooks - Browser got launched
[INFO ] 2024-11-07 18:19:06.736 [main] Testhooks - Navigated to url
[INFO ] 2024-11-07 18:19:07.947 [main] Signinpage - User enters valid email address
[INFO ] 2024-11-07 18:19:08.073 [main] Signinpage - User enters valid password
[INFO ] 2024-11-07 18:19:08.181 [main] Signinpage - User clicks on signin button
[INFO ] 2024-11-07 18:19:08.181 [main] Members - >> Admin/User got logged in >>
[INFO ] 2024-11-07 18:19:10.913 [main] Memberspage - >> Admin/User got navigated to dashboard page
[INFO ] 2024-11-07 18:19:55.367 [main] Testhooks - Failed scenario screenshot got capturedT002_Create the New BOM with valid inputs
[INFO ] 2024-11-07 18:53:19.069 [main] Testhooks - Execution Started
[INFO ] 2024-11-07 18:53:20.013 [main] Testhooks - Browser got launched
[INFO ] 2024-11-07 18:53:33.985 [main] Testhooks - Navigated to url
[INFO ] 2024-11-07 18:53:35.210 [main] Signinpage - User enters valid email address
[INFO ] 2024-11-07 18:53:35.350 [main] Signinpage - User enters valid password
[INFO ] 2024-11-07 18:53:35.469 [main] Signinpage - User clicks on signin button
[INFO ] 2024-11-07 18:53:35.469 [main] Members - >> Admin/User got logged in >>
[INFO ] 2024-11-07 18:53:39.663 [main] Memberspage - >> Admin/User got navigated to dashboard page
[INFO ] 2024-11-07 18:54:23.878 [main] Testhooks - Failed scenario screenshot got capturedT002_Create the New BOM with valid inputs
[INFO ] 2024-11-07 19:03:08.847 [main] Testhooks - Execution Started
[INFO ] 2024-11-07 19:03:09.726 [main] Testhooks - Browser got launched
[INFO ] 2024-11-07 19:03:13.847 [main] Testhooks - Navigated to url
[INFO ] 2024-11-07 19:03:15.063 [main] Signinpage - User enters valid email address
[INFO ] 2024-11-07 19:03:15.195 [main] Signinpage - User enters valid password
[INFO ] 2024-11-07 19:03:15.305 [main] Signinpage - User clicks on signin button
[INFO ] 2024-11-07 19:03:15.305 [main] Members - >> Admin/User got logged in >>
[INFO ] 2024-11-07 19:03:17.964 [main] Memberspage - >> Admin/User got navigated to dashboard page
[INFO ] 2024-11-07 19:04:02.752 [main] Testhooks - Failed scenario screenshot got capturedT002_Create the New BOM with valid inputs
[INFO ] 2024-11-07 19:04:32.227 [main] Testhooks - Execution Started
[INFO ] 2024-11-07 19:04:33.113 [main] Testhooks - Browser got launched
[INFO ] 2024-11-07 19:04:43.321 [main] Testhooks - Navigated to url
[INFO ] 2024-11-07 19:04:44.541 [main] Signinpage - User enters valid email address
[INFO ] 2024-11-07 19:04:44.672 [main] Signinpage - User enters valid password
[INFO ] 2024-11-07 19:04:44.782 [main] Signinpage - User clicks on signin button
[INFO ] 2024-11-07 19:04:44.783 [main] Members - >> Admin/User got logged in >>
[INFO ] 2024-11-07 19:04:47.536 [main] Memberspage - >> Admin/User got navigated to dashboard page
[INFO ] 2024-11-07 19:05:33.805 [main] Testhooks - Failed scenario screenshot got capturedT002_Create the New BOM with valid inputs
[INFO ] 2024-11-07 19:10:54.403 [main] Testhooks - Execution Started
[INFO ] 2024-11-07 19:10:55.388 [main] Testhooks - Browser got launched
[INFO ] 2024-11-07 19:11:04.934 [main] Testhooks - Navigated to url
[INFO ] 2024-11-07 19:11:06.345 [main] Signinpage - User enters valid email address
[INFO ] 2024-11-07 19:11:06.499 [main] Signinpage - User enters valid password
[INFO ] 2024-11-07 19:11:06.622 [main] Signinpage - User clicks on signin button
[INFO ] 2024-11-07 19:11:06.623 [main] Members - >> Admin/User got logged in >>
[INFO ] 2024-11-07 19:11:09.308 [main] Memberspage - >> Admin/User got navigated to dashboard page
[INFO ] 2024-11-07 19:11:55.532 [main] Testhooks - Failed scenario screenshot got capturedT002_Create the New BOM with valid inputs
[INFO ] 2024-11-07 19:14:59.493 [main] Testhooks - Execution Started
[INFO ] 2024-11-07 19:15:00.533 [main] Testhooks - Browser got launched
[INFO ] 2024-11-07 19:15:03.840 [main] Testhooks - Navigated to url
[INFO ] 2024-11-07 19:15:05.048 [main] Signinpage - User enters valid email address
[INFO ] 2024-11-07 19:15:05.174 [main] Signinpage - User enters valid password
[INFO ] 2024-11-07 19:15:05.285 [main] Signinpage - User clicks on signin button
[INFO ] 2024-11-07 19:15:05.286 [main] Members - >> Admin/User got logged in >>
[INFO ] 2024-11-07 19:15:10.067 [main] Memberspage - >> Admin/User got navigated to dashboard page
[INFO ] 2024-11-07 19:15:56.515 [main] Testhooks - Failed scenario screenshot got capturedT002_Create the New BOM with valid inputs
[INFO ] 2024-11-07 19:18:06.128 [main] Testhooks - Execution Started
[INFO ] 2024-11-07 19:18:07.279 [main] Testhooks - Browser got launched
[INFO ] 2024-11-07 19:18:10.445 [main] Testhooks - Navigated to url
[INFO ] 2024-11-07 19:18:11.682 [main] Signinpage - User enters valid email address
[INFO ] 2024-11-07 19:18:11.812 [main] Signinpage - User enters valid password
[INFO ] 2024-11-07 19:18:11.921 [main] Signinpage - User clicks on signin button
[INFO ] 2024-11-07 19:18:11.922 [main] Members - >> Admin/User got logged in >>
[INFO ] 2024-11-07 19:18:14.602 [main] Memberspage - >> Admin/User got navigated to dashboard page
[INFO ] 2024-11-07 19:19:02.293 [main] Testhooks - Failed scenario screenshot got capturedT002_Create the New BOM with valid inputs
