[INFO ] 2024-07-25 00:03:34.180 [main] Testhooks - Execution Started
[INFO ] 2024-07-25 00:03:35.080 [main] Testhooks - Browser got launched
[INFO ] 2024-07-25 00:03:36.918 [main] Testhooks - Navigated to url
[INFO ] 2024-07-25 00:03:38.128 [main] Signinpage - User enters valid email address
[INFO ] 2024-07-25 00:03:38.264 [main] Signinpage - User enters valid password
[INFO ] 2024-07-25 00:03:38.375 [main] Signinpage - User clicks on signin button
[INFO ] 2024-07-25 00:03:38.375 [main] Members - >> Admin/User got logged in >>
[INFO ] 2024-07-25 00:03:46.312 [main] Memberspage - >> Admin/User got navigated to dashboard page
[INFO ] 2024-07-25 00:03:47.184 [main] Ticketspage - >> Admin/User got navigated to Tickets page
[INFO ] 2024-07-25 00:03:47.437 [main] Ticketspage - >> Admin/User clicked New Ticket btn
[INFO ] 2024-07-25 00:04:24.390 [main] Testhooks - Failed scenario screenshot got capturedT030_To verify the Tickets feature Display Activity Feed in Edit Ticket page
[INFO ] 2024-07-25 00:05:32.708 [main] Testhooks - Execution Started
[INFO ] 2024-07-25 00:05:33.525 [main] Testhooks - Browser got launched
[INFO ] 2024-07-25 00:05:35.137 [main] Testhooks - Navigated to url
[INFO ] 2024-07-25 00:05:36.353 [main] Signinpage - User enters valid email address
[INFO ] 2024-07-25 00:05:36.484 [main] Signinpage - User enters valid password
[INFO ] 2024-07-25 00:05:36.593 [main] Signinpage - User clicks on signin button
[INFO ] 2024-07-25 00:05:36.593 [main] Members - >> Admin/User got logged in >>
[INFO ] 2024-07-25 00:05:45.105 [main] Memberspage - >> Admin/User got navigated to dashboard page
[INFO ] 2024-07-25 00:05:45.872 [main] Ticketspage - >> Admin/User got navigated to Tickets page
[INFO ] 2024-07-25 00:06:17.743 [main] Testhooks - Failed scenario screenshot got capturedT030_To verify the Tickets feature Display Activity Feed in Edit Ticket page
[INFO ] 2024-07-25 00:16:08.474 [main] Testhooks - Execution Started
[INFO ] 2024-07-25 00:16:09.407 [main] Testhooks - Browser got launched
[INFO ] 2024-07-25 00:16:11.558 [main] Testhooks - Navigated to url
[INFO ] 2024-07-25 00:16:12.784 [main] Signinpage - User enters valid email address
[INFO ] 2024-07-25 00:16:12.920 [main] Signinpage - User enters valid password
[INFO ] 2024-07-25 00:16:13.032 [main] Signinpage - User clicks on signin button
[INFO ] 2024-07-25 00:16:13.032 [main] Members - >> Admin/User got logged in >>
[INFO ] 2024-07-25 00:16:15.796 [main] Memberspage - >> Admin/User got navigated to dashboard page
[INFO ] 2024-07-25 00:16:16.555 [main] Ticketspage - >> Admin/User got navigated to Tickets page
[INFO ] 2024-07-25 00:16:48.336 [main] Testhooks - Failed scenario screenshot got capturedT030_To verify the Tickets feature Display Activity Feed in Edit Ticket page
[INFO ] 2024-07-25 00:21:35.594 [main] Testhooks - Execution Started
[INFO ] 2024-07-25 00:21:36.491 [main] Testhooks - Browser got launched
[INFO ] 2024-07-25 00:21:38.283 [main] Testhooks - Navigated to url
[INFO ] 2024-07-25 00:21:39.514 [main] Signinpage - User enters valid email address
[INFO ] 2024-07-25 00:21:39.647 [main] Signinpage - User enters valid password
[INFO ] 2024-07-25 00:21:39.757 [main] Signinpage - User clicks on signin button
[INFO ] 2024-07-25 00:21:39.757 [main] Members - >> Admin/User got logged in >>
[INFO ] 2024-07-25 00:21:43.672 [main] Memberspage - >> Admin/User got navigated to dashboard page
[INFO ] 2024-07-25 00:21:44.361 [main] Ticketspage - >> Admin/User got navigated to Tickets page
[INFO ] 2024-07-25 00:21:45.253 [main] Ticketspage - >>Ticket edit page displayed
[INFO ] 2024-07-25 00:22:16.194 [main] Testhooks - Execution Started
[INFO ] 2024-07-25 00:22:17.063 [main] Testhooks - Browser got launched
[INFO ] 2024-07-25 00:22:18.421 [main] Testhooks - Navigated to url
[INFO ] 2024-07-25 00:22:19.645 [main] Signinpage - User enters valid email address
[INFO ] 2024-07-25 00:22:19.782 [main] Signinpage - User enters valid password
[INFO ] 2024-07-25 00:22:19.894 [main] Signinpage - User clicks on signin button
[INFO ] 2024-07-25 00:22:19.895 [main] Members - >> Admin/User got logged in >>
[INFO ] 2024-07-25 00:22:22.663 [main] Memberspage - >> Admin/User got navigated to dashboard page
[INFO ] 2024-07-25 00:22:23.490 [main] Ticketspage - >> Admin/User got navigated to Tickets page
[INFO ] 2024-07-25 00:22:23.794 [main] Ticketspage - >> Admin/User clicked New Ticket btn
[INFO ] 2024-07-25 00:23:23.692 [main] Testhooks - Execution Started
[INFO ] 2024-07-25 00:23:24.553 [main] Testhooks - Browser got launched
[INFO ] 2024-07-25 00:23:26.390 [main] Testhooks - Navigated to url
[INFO ] 2024-07-25 00:23:27.614 [main] Signinpage - User enters valid email address
[INFO ] 2024-07-25 00:23:27.754 [main] Signinpage - User enters valid password
[INFO ] 2024-07-25 00:23:27.867 [main] Signinpage - User clicks on signin button
[INFO ] 2024-07-25 00:23:27.867 [main] Members - >> Admin/User got logged in >>
[INFO ] 2024-07-25 00:23:30.378 [main] Memberspage - >> Admin/User got navigated to dashboard page
[INFO ] 2024-07-25 00:23:32.565 [main] Ticketspage - >> Admin/User got navigated to Tickets page
[INFO ] 2024-07-25 00:23:32.825 [main] Ticketspage - >> Admin/User clicked New Ticket btn
[INFO ] 2024-07-25 00:23:45.480 [main] Ticketspage - User updated the description 
[INFO ] 2024-07-25 00:23:46.774 [main] Testhooks - Failed scenario screenshot got capturedT029_To verify the Tickets features Update a Ticket
[INFO ] 2024-07-25 00:24:42.124 [main] Testhooks - Execution Started
[INFO ] 2024-07-25 00:24:42.969 [main] Testhooks - Browser got launched
[INFO ] 2024-07-25 00:24:44.417 [main] Testhooks - Navigated to url
[INFO ] 2024-07-25 00:24:45.640 [main] Signinpage - User enters valid email address
[INFO ] 2024-07-25 00:24:45.778 [main] Signinpage - User enters valid password
[INFO ] 2024-07-25 00:24:45.888 [main] Signinpage - User clicks on signin button
[INFO ] 2024-07-25 00:24:45.888 [main] Members - >> Admin/User got logged in >>
[INFO ] 2024-07-25 00:24:48.692 [main] Memberspage - >> Admin/User got navigated to dashboard page
[INFO ] 2024-07-25 00:24:49.505 [main] Ticketspage - >> Admin/User got navigated to Tickets page
[INFO ] 2024-07-25 00:24:49.839 [main] Ticketspage - >> Admin/User clicked New Ticket btn
[INFO ] 2024-07-25 00:24:55.616 [main] Ticketspage - User updated the description 
[INFO ] 2024-07-25 00:24:56.939 [main] Testhooks - Failed scenario screenshot got capturedT029_To verify the Tickets features Update a Ticket
[INFO ] 2024-07-25 14:53:33.554 [main] Testhooks - Execution Started
[INFO ] 2024-07-25 14:53:34.454 [main] Testhooks - Browser got launched
[INFO ] 2024-07-25 14:53:35.782 [main] Testhooks - Navigated to url
[INFO ] 2024-07-25 14:53:37.001 [main] Signinpage - User enters valid email address
[INFO ] 2024-07-25 14:53:37.125 [main] Signinpage - User enters valid password
[INFO ] 2024-07-25 14:53:37.290 [main] Signinpage - User clicks on signin button
[INFO ] 2024-07-25 14:53:37.291 [main] Members - >> Admin/User got logged in >>
[INFO ] 2024-07-25 14:53:49.972 [main] Memberspage - >> Admin/User got navigated to dashboard page
[INFO ] 2024-07-25 14:53:50.796 [main] Ticketspage - >> Admin/User got navigated to Tickets page
[INFO ] 2024-07-25 14:53:51.062 [main] Ticketspage - >> Admin/User clicked New Ticket btn
[INFO ] 2024-07-25 14:53:53.781 [main] Testhooks - Failed scenario screenshot got capturedT002_Create the Ticket with valid inputs
[INFO ] 2024-07-25 15:19:46.143 [main] Testhooks - Execution Started
[INFO ] 2024-07-25 15:19:47.024 [main] Testhooks - Browser got launched
[INFO ] 2024-07-25 15:19:48.589 [main] Testhooks - Navigated to url
[INFO ] 2024-07-25 15:20:00.776 [main] Testhooks - Execution Started
[INFO ] 2024-07-25 15:20:02.056 [main] Testhooks - Browser got launched
[INFO ] 2024-07-25 15:20:04.191 [main] Testhooks - Navigated to url
[INFO ] 2024-07-25 15:20:05.415 [main] Signinpage - User enters valid email address
[INFO ] 2024-07-25 15:20:05.553 [main] Signinpage - User enters valid password
[INFO ] 2024-07-25 15:20:05.668 [main] Signinpage - User clicks on signin button
[INFO ] 2024-07-25 15:20:05.669 [main] Members - >> Admin/User got logged in >>
[INFO ] 2024-07-25 15:20:08.370 [main] Memberspage - >> Admin/User got navigated to dashboard page
[INFO ] 2024-07-25 15:20:18.055 [main] Ticketspage - >> Admin/User got navigated to Tickets page
[INFO ] 2024-07-25 15:20:18.395 [main] Ticketspage - >> Admin/User clicked New Ticket btn
[INFO ] 2024-07-25 15:20:40.253 [main] Testhooks - Execution Started
[INFO ] 2024-07-25 15:20:41.101 [main] Testhooks - Browser got launched
[INFO ] 2024-07-25 15:20:43.100 [main] Testhooks - Navigated to url
[INFO ] 2024-07-25 15:20:44.332 [main] Signinpage - User enters valid email address
[INFO ] 2024-07-25 15:20:44.469 [main] Signinpage - User enters valid password
[INFO ] 2024-07-25 15:20:44.581 [main] Signinpage - User clicks on signin button
[INFO ] 2024-07-25 15:20:44.581 [main] Members - >> Admin/User got logged in >>
[INFO ] 2024-07-25 15:20:47.366 [main] Memberspage - >> Admin/User got navigated to dashboard page
[INFO ] 2024-07-25 15:20:48.103 [main] Ticketspage - >> Admin/User got navigated to Tickets page
[INFO ] 2024-07-25 15:20:48.392 [main] Ticketspage - >> Admin/User clicked New Ticket btn
[INFO ] 2024-07-25 15:20:54.648 [main] Testhooks - Failed scenario screenshot got capturedT031_To verify the Tickets feature
[INFO ] 2024-07-25 15:22:35.052 [main] Testhooks - Execution Started
[INFO ] 2024-07-25 15:22:36.087 [main] Testhooks - Browser got launched
[INFO ] 2024-07-25 15:22:37.857 [main] Testhooks - Navigated to url
[INFO ] 2024-07-25 15:22:39.072 [main] Signinpage - User enters valid email address
[INFO ] 2024-07-25 15:22:39.209 [main] Signinpage - User enters valid password
[INFO ] 2024-07-25 15:22:39.325 [main] Signinpage - User clicks on signin button
[INFO ] 2024-07-25 15:22:39.325 [main] Members - >> Admin/User got logged in >>
[INFO ] 2024-07-25 15:22:48.063 [main] Memberspage - >> Admin/User got navigated to dashboard page
[INFO ] 2024-07-25 15:22:48.867 [main] Ticketspage - >> Admin/User got navigated to Tickets page
[INFO ] 2024-07-25 15:22:49.183 [main] Ticketspage - >> Admin/User clicked New Ticket btn
[INFO ] 2024-07-25 15:23:15.423 [main] Testhooks - Failed scenario screenshot got capturedT031_To verify the Tickets feature
[INFO ] 2024-07-25 15:43:28.918 [main] Testhooks - Execution Started
[INFO ] 2024-07-25 15:43:29.723 [main] Testhooks - Browser got launched
[INFO ] 2024-07-25 15:43:31.221 [main] Testhooks - Navigated to url
[INFO ] 2024-07-25 15:43:32.422 [main] Signinpage - User enters valid email address
[INFO ] 2024-07-25 15:43:32.567 [main] Signinpage - User enters valid password
[INFO ] 2024-07-25 15:43:32.675 [main] Signinpage - User clicks on signin button
[INFO ] 2024-07-25 15:43:32.675 [main] Members - >> Admin/User got logged in >>
[INFO ] 2024-07-25 15:43:36.326 [main] Memberspage - >> Admin/User got navigated to dashboard page
[INFO ] 2024-07-25 15:43:37.417 [main] Ticketspage - >> Admin/User got navigated to Tickets page
[INFO ] 2024-07-25 15:43:37.705 [main] Ticketspage - >> Admin/User clicked New Ticket btn
[INFO ] 2024-07-25 15:45:22.758 [main] Testhooks - Execution Started
[INFO ] 2024-07-25 15:45:23.533 [main] Testhooks - Browser got launched
[INFO ] 2024-07-25 15:45:25.402 [main] Testhooks - Navigated to url
[INFO ] 2024-07-25 15:45:26.599 [main] Signinpage - User enters valid email address
[INFO ] 2024-07-25 15:45:26.733 [main] Signinpage - User enters valid password
[INFO ] 2024-07-25 15:45:26.838 [main] Signinpage - User clicks on signin button
[INFO ] 2024-07-25 15:45:26.838 [main] Members - >> Admin/User got logged in >>
[INFO ] 2024-07-25 15:45:29.517 [main] Memberspage - >> Admin/User got navigated to dashboard page
[INFO ] 2024-07-25 15:45:34.184 [main] Ticketspage - >> Admin/User got navigated to Tickets page
[INFO ] 2024-07-25 15:45:34.470 [main] Ticketspage - >> Admin/User clicked New Ticket btn
[INFO ] 2024-07-25 15:46:18.980 [main] Testhooks - Failed scenario screenshot got capturedT031_To verify the Tickets feature
[INFO ] 2024-07-25 15:49:56.430 [main] Testhooks - Execution Started
[INFO ] 2024-07-25 15:49:57.250 [main] Testhooks - Browser got launched
[INFO ] 2024-07-25 15:49:58.511 [main] Testhooks - Navigated to url
[INFO ] 2024-07-25 15:49:59.695 [main] Signinpage - User enters valid email address
[INFO ] 2024-07-25 15:49:59.823 [main] Signinpage - User enters valid password
[INFO ] 2024-07-25 15:49:59.927 [main] Signinpage - User clicks on signin button
[INFO ] 2024-07-25 15:49:59.927 [main] Members - >> Admin/User got logged in >>
[INFO ] 2024-07-25 15:50:02.550 [main] Memberspage - >> Admin/User got navigated to dashboard page
[INFO ] 2024-07-25 15:50:18.284 [main] Ticketspage - >> Admin/User got navigated to Tickets page
[INFO ] 2024-07-25 15:50:18.561 [main] Ticketspage - >> Admin/User clicked New Ticket btn
[INFO ] 2024-07-25 15:50:25.979 [main] Testhooks - Failed scenario screenshot got capturedT031_To verify the Tickets feature
[INFO ] 2024-07-25 15:51:58.763 [main] Testhooks - Execution Started
[INFO ] 2024-07-25 15:51:59.552 [main] Testhooks - Browser got launched
[INFO ] 2024-07-25 15:52:01.138 [main] Testhooks - Navigated to url
[INFO ] 2024-07-25 15:52:02.406 [main] Signinpage - User enters valid email address
[INFO ] 2024-07-25 15:52:02.552 [main] Signinpage - User enters valid password
[INFO ] 2024-07-25 15:52:02.669 [main] Signinpage - User clicks on signin button
[INFO ] 2024-07-25 15:52:02.670 [main] Members - >> Admin/User got logged in >>
[INFO ] 2024-07-25 15:52:06.984 [main] Memberspage - >> Admin/User got navigated to dashboard page
[INFO ] 2024-07-25 15:52:08.675 [main] Testhooks - Failed scenario screenshot got capturedT031_To verify the Tickets feature
[INFO ] 2024-07-25 15:53:06.180 [main] Testhooks - Execution Started
[INFO ] 2024-07-25 15:53:06.978 [main] Testhooks - Browser got launched
[INFO ] 2024-07-25 15:53:26.397 [main] Testhooks - Navigated to url
[INFO ] 2024-07-25 15:53:27.614 [main] Signinpage - User enters valid email address
[INFO ] 2024-07-25 15:53:27.745 [main] Signinpage - User enters valid password
[INFO ] 2024-07-25 15:53:27.855 [main] Signinpage - User clicks on signin button
[INFO ] 2024-07-25 15:53:27.855 [main] Members - >> Admin/User got logged in >>
[INFO ] 2024-07-25 15:53:30.556 [main] Memberspage - >> Admin/User got navigated to dashboard page
[INFO ] 2024-07-25 15:53:32.168 [main] Testhooks - Failed scenario screenshot got capturedT031_To verify the Tickets feature
[INFO ] 2024-07-25 15:54:02.104 [main] Testhooks - Execution Started
[INFO ] 2024-07-25 15:54:03.215 [main] Testhooks - Browser got launched
[INFO ] 2024-07-25 15:54:04.930 [main] Testhooks - Navigated to url
[INFO ] 2024-07-25 15:54:06.137 [main] Signinpage - User enters valid email address
[INFO ] 2024-07-25 15:54:06.265 [main] Signinpage - User enters valid password
[INFO ] 2024-07-25 15:54:06.367 [main] Signinpage - User clicks on signin button
[INFO ] 2024-07-25 15:54:06.367 [main] Members - >> Admin/User got logged in >>
[INFO ] 2024-07-25 15:54:17.616 [main] Memberspage - >> Admin/User got navigated to dashboard page
[INFO ] 2024-07-25 15:54:18.503 [main] Ticketspage - >> Admin/User got navigated to Tickets page
[INFO ] 2024-07-25 15:54:18.757 [main] Ticketspage - >> Admin/User clicked New Ticket btn
[INFO ] 2024-07-25 15:54:27.204 [main] Testhooks - Failed scenario screenshot got capturedT031_To verify the Tickets feature
[INFO ] 2024-07-25 16:02:44.391 [main] Testhooks - Execution Started
[INFO ] 2024-07-25 16:02:45.167 [main] Testhooks - Browser got launched
[INFO ] 2024-07-25 16:02:47.223 [main] Testhooks - Navigated to url
[INFO ] 2024-07-25 16:02:48.434 [main] Signinpage - User enters valid email address
[INFO ] 2024-07-25 16:02:48.559 [main] Signinpage - User enters valid password
[INFO ] 2024-07-25 16:02:48.664 [main] Signinpage - User clicks on signin button
[INFO ] 2024-07-25 16:02:48.664 [main] Members - >> Admin/User got logged in >>
[INFO ] 2024-07-25 16:02:51.459 [main] Memberspage - >> Admin/User got navigated to dashboard page
[INFO ] 2024-07-25 16:02:52.216 [main] Ticketspage - >> Admin/User got navigated to Tickets page
[INFO ] 2024-07-25 16:02:52.479 [main] Ticketspage - >> Admin/User clicked New Ticket btn
[INFO ] 2024-07-25 16:03:01.648 [main] Testhooks - Failed scenario screenshot got capturedT031_To verify the Tickets feature
[INFO ] 2024-07-25 16:04:54.675 [main] Testhooks - Execution Started
[INFO ] 2024-07-25 16:04:55.547 [main] Testhooks - Browser got launched
[INFO ] 2024-07-25 16:04:56.940 [main] Testhooks - Navigated to url
[INFO ] 2024-07-25 16:04:58.152 [main] Signinpage - User enters valid email address
[INFO ] 2024-07-25 16:04:58.295 [main] Signinpage - User enters valid password
[INFO ] 2024-07-25 16:04:58.408 [main] Signinpage - User clicks on signin button
[INFO ] 2024-07-25 16:04:58.409 [main] Members - >> Admin/User got logged in >>
[INFO ] 2024-07-25 16:05:00.982 [main] Memberspage - >> Admin/User got navigated to dashboard page
[INFO ] 2024-07-25 16:05:02.794 [main] Testhooks - Failed scenario screenshot got capturedT031_To verify the Tickets feature
[INFO ] 2024-07-25 16:05:40.121 [main] Testhooks - Execution Started
[INFO ] 2024-07-25 16:05:41.019 [main] Testhooks - Browser got launched
[INFO ] 2024-07-25 16:05:42.755 [main] Testhooks - Navigated to url
[INFO ] 2024-07-25 16:05:43.987 [main] Signinpage - User enters valid email address
[INFO ] 2024-07-25 16:05:44.124 [main] Signinpage - User enters valid password
[INFO ] 2024-07-25 16:05:44.236 [main] Signinpage - User clicks on signin button
[INFO ] 2024-07-25 16:05:44.236 [main] Members - >> Admin/User got logged in >>
[INFO ] 2024-07-25 16:05:48.928 [main] Memberspage - >> Admin/User got navigated to dashboard page
[INFO ] 2024-07-25 16:05:50.000 [main] Ticketspage - >> Admin/User got navigated to Tickets page
[INFO ] 2024-07-25 16:05:50.280 [main] Ticketspage - >> Admin/User clicked New Ticket btn
[INFO ] 2024-07-25 16:05:59.309 [main] Testhooks - Failed scenario screenshot got capturedT031_To verify the Tickets feature
[INFO ] 2024-07-25 16:26:44.510 [main] Testhooks - Execution Started
[INFO ] 2024-07-25 16:26:45.433 [main] Testhooks - Browser got launched
[INFO ] 2024-07-25 16:26:47.246 [main] Testhooks - Navigated to url
[INFO ] 2024-07-25 16:26:59.063 [main] Testhooks - Execution Started
[INFO ] 2024-07-25 16:26:59.956 [main] Testhooks - Browser got launched
[INFO ] 2024-07-25 16:27:01.539 [main] Testhooks - Navigated to url
[INFO ] 2024-07-25 16:27:02.785 [main] Signinpage - User enters valid email address
[INFO ] 2024-07-25 16:27:02.949 [main] Signinpage - User enters valid password
[INFO ] 2024-07-25 16:27:03.073 [main] Signinpage - User clicks on signin button
[INFO ] 2024-07-25 16:27:03.074 [main] Members - >> Admin/User got logged in >>
[INFO ] 2024-07-25 16:27:05.808 [main] Memberspage - >> Admin/User got navigated to dashboard page
[INFO ] 2024-07-25 16:27:07.486 [main] Testhooks - Failed scenario screenshot got capturedT032_To verify the Tickets feature verify submitted
[INFO ] 2024-07-25 16:27:23.582 [main] Testhooks - Execution Started
[INFO ] 2024-07-25 16:27:24.584 [main] Testhooks - Browser got launched
[INFO ] 2024-07-25 16:27:25.941 [main] Testhooks - Navigated to url
[INFO ] 2024-07-25 16:27:27.164 [main] Signinpage - User enters valid email address
[INFO ] 2024-07-25 16:27:27.311 [main] Signinpage - User enters valid password
[INFO ] 2024-07-25 16:27:27.424 [main] Signinpage - User clicks on signin button
[INFO ] 2024-07-25 16:27:27.425 [main] Members - >> Admin/User got logged in >>
[INFO ] 2024-07-25 16:27:30.179 [main] Memberspage - >> Admin/User got navigated to dashboard page
[INFO ] 2024-07-25 16:27:34.405 [main] Ticketspage - >> Admin/User got navigated to Tickets page
[INFO ] 2024-07-25 16:27:46.989 [main] Testhooks - Failed scenario screenshot got capturedT032_To verify the Tickets feature verify submitted
[INFO ] 2024-07-25 16:30:25.851 [main] Testhooks - Execution Started
[INFO ] 2024-07-25 16:30:26.746 [main] Testhooks - Browser got launched
[INFO ] 2024-07-25 16:30:28.278 [main] Testhooks - Navigated to url
[INFO ] 2024-07-25 16:30:29.512 [main] Signinpage - User enters valid email address
[INFO ] 2024-07-25 16:30:29.654 [main] Signinpage - User enters valid password
[INFO ] 2024-07-25 16:30:29.768 [main] Signinpage - User clicks on signin button
[INFO ] 2024-07-25 16:30:29.769 [main] Members - >> Admin/User got logged in >>
[INFO ] 2024-07-25 16:30:32.913 [main] Memberspage - >> Admin/User got navigated to dashboard page
[INFO ] 2024-07-25 16:30:47.400 [main] Ticketspage - >> Admin/User got navigated to Tickets page
[INFO ] 2024-07-25 16:31:22.162 [main] Testhooks - Failed scenario screenshot got capturedT032_To verify the Tickets feature verify submitted
[INFO ] 2024-07-25 16:32:52.314 [main] Testhooks - Execution Started
[INFO ] 2024-07-25 16:32:53.236 [main] Testhooks - Browser got launched
[INFO ] 2024-07-25 16:32:54.819 [main] Testhooks - Navigated to url
[INFO ] 2024-07-25 16:32:56.053 [main] Signinpage - User enters valid email address
[INFO ] 2024-07-25 16:32:56.195 [main] Signinpage - User enters valid password
[INFO ] 2024-07-25 16:32:56.306 [main] Signinpage - User clicks on signin button
[INFO ] 2024-07-25 16:32:56.306 [main] Members - >> Admin/User got logged in >>
[INFO ] 2024-07-25 16:32:59.124 [main] Memberspage - >> Admin/User got navigated to dashboard page
[INFO ] 2024-07-25 16:32:59.926 [main] Ticketspage - >> Admin/User got navigated to Tickets page
[INFO ] 2024-07-25 16:33:01.650 [main] Testhooks - Failed scenario screenshot got capturedT032_To verify the Tickets feature verify submitted
[INFO ] 2024-07-25 16:33:17.582 [main] Testhooks - Execution Started
[INFO ] 2024-07-25 16:33:18.500 [main] Testhooks - Browser got launched
[INFO ] 2024-07-25 16:33:19.903 [main] Testhooks - Navigated to url
[INFO ] 2024-07-25 16:33:21.133 [main] Signinpage - User enters valid email address
[INFO ] 2024-07-25 16:33:21.275 [main] Signinpage - User enters valid password
[INFO ] 2024-07-25 16:33:21.395 [main] Signinpage - User clicks on signin button
[INFO ] 2024-07-25 16:33:21.395 [main] Members - >> Admin/User got logged in >>
[INFO ] 2024-07-25 16:33:24.202 [main] Memberspage - >> Admin/User got navigated to dashboard page
[INFO ] 2024-07-25 16:33:25.215 [main] Ticketspage - >> Admin/User got navigated to Tickets page
[INFO ] 2024-07-25 16:34:00.007 [main] Testhooks - Failed scenario screenshot got capturedT032_To verify the Tickets feature verify submitted
[INFO ] 2024-07-25 16:35:14.733 [main] Testhooks - Execution Started
[INFO ] 2024-07-25 16:35:15.654 [main] Testhooks - Browser got launched
[INFO ] 2024-07-25 16:35:17.236 [main] Testhooks - Navigated to url
[INFO ] 2024-07-25 16:35:18.458 [main] Signinpage - User enters valid email address
[INFO ] 2024-07-25 16:35:18.598 [main] Signinpage - User enters valid password
[INFO ] 2024-07-25 16:35:18.710 [main] Signinpage - User clicks on signin button
[INFO ] 2024-07-25 16:35:18.710 [main] Members - >> Admin/User got logged in >>
[INFO ] 2024-07-25 16:35:21.565 [main] Memberspage - >> Admin/User got navigated to dashboard page
[INFO ] 2024-07-25 16:35:22.786 [main] Ticketspage - >> Admin/User got navigated to Tickets page
[INFO ] 2024-07-25 16:35:57.550 [main] Testhooks - Failed scenario screenshot got capturedT032_To verify the Tickets feature verify submitted
[INFO ] 2024-07-25 16:41:06.582 [main] Testhooks - Execution Started
[INFO ] 2024-07-25 16:41:07.542 [main] Testhooks - Browser got launched
[INFO ] 2024-07-25 16:41:09.322 [main] Testhooks - Navigated to url
[INFO ] 2024-07-25 16:41:10.542 [main] Signinpage - User enters valid email address
[INFO ] 2024-07-25 16:41:10.683 [main] Signinpage - User enters valid password
[INFO ] 2024-07-25 16:41:10.801 [main] Signinpage - User clicks on signin button
[INFO ] 2024-07-25 16:41:10.801 [main] Members - >> Admin/User got logged in >>
[INFO ] 2024-07-25 16:41:18.643 [main] Memberspage - >> Admin/User got navigated to dashboard page
[INFO ] 2024-07-25 16:41:22.908 [main] Ticketspage - >> Admin/User got navigated to Tickets page
[INFO ] 2024-07-25 16:41:27.370 [main] Testhooks - Failed scenario screenshot got capturedT032_To verify the Tickets feature verify submitted
[INFO ] 2024-07-25 16:50:55.864 [main] Testhooks - Execution Started
[INFO ] 2024-07-25 16:50:56.856 [main] Testhooks - Browser got launched
[INFO ] 2024-07-25 16:50:59.751 [main] Testhooks - Navigated to url
[INFO ] 2024-07-25 16:51:01.000 [main] Signinpage - User enters valid email address
[INFO ] 2024-07-25 16:51:01.185 [main] Signinpage - User enters valid password
[INFO ] 2024-07-25 16:51:01.334 [main] Signinpage - User clicks on signin button
[INFO ] 2024-07-25 16:51:01.334 [main] Members - >> Admin/User got logged in >>
[INFO ] 2024-07-25 16:51:05.568 [main] Memberspage - >> Admin/User got navigated to dashboard page
[INFO ] 2024-07-25 16:51:07.357 [main] Testhooks - Failed scenario screenshot got capturedT033_To verify the Tickets feature verify submitted
[INFO ] 2024-07-25 16:51:23.483 [main] Testhooks - Execution Started
[INFO ] 2024-07-25 16:51:24.403 [main] Testhooks - Browser got launched
[INFO ] 2024-07-25 16:51:25.846 [main] Testhooks - Navigated to url
[INFO ] 2024-07-25 16:51:27.082 [main] Signinpage - User enters valid email address
[INFO ] 2024-07-25 16:51:27.223 [main] Signinpage - User enters valid password
[INFO ] 2024-07-25 16:51:27.339 [main] Signinpage - User clicks on signin button
[INFO ] 2024-07-25 16:51:27.339 [main] Members - >> Admin/User got logged in >>
[INFO ] 2024-07-25 16:51:30.123 [main] Memberspage - >> Admin/User got navigated to dashboard page
[INFO ] 2024-07-25 16:51:34.588 [main] Ticketspage - >> Admin/User got navigated to Tickets page
[INFO ] 2024-07-25 16:51:47.830 [main] Testhooks - Failed scenario screenshot got capturedT033_To verify the Tickets feature verify submitted
