[INFO ] 2024-07-30 10:18:18.457 [main] Testhooks - Execution Started
[INFO ] 2024-07-30 10:18:19.305 [main] Testhooks - Browser got launched
[INFO ] 2024-07-30 10:18:20.590 [main] Testhooks - Navigated to url
[INFO ] 2024-07-30 10:18:21.803 [main] Signinpage - User enters valid email address
[INFO ] 2024-07-30 10:18:21.932 [main] Signinpage - User enters valid password
[INFO ] 2024-07-30 10:18:22.045 [main] Signinpage - User clicks on signin button
[INFO ] 2024-07-30 10:18:22.045 [main] Members - >> Admin/User got logged in >>
[INFO ] 2024-07-30 10:18:24.765 [main] Memberspage - >> Admin/User got navigated to dashboard page
[INFO ] 2024-07-30 10:18:25.751 [main] Ticketspage - >> Admin/User got navigated to Tickets page
[INFO ] 2024-07-30 10:18:25.992 [main] Ticketspage - >> Admin/User clicked New Ticket btn
[INFO ] 2024-07-30 10:18:31.034 [main] Testhooks - Failed scenario screenshot got capturedT002_Create the Ticket with valid inputs
[INFO ] 2024-07-30 10:18:58.057 [main] Testhooks - Execution Started
[INFO ] 2024-07-30 10:18:58.872 [main] Testhooks - Browser got launched
[INFO ] 2024-07-30 10:19:00.177 [main] Testhooks - Navigated to url
[INFO ] 2024-07-30 10:19:01.387 [main] Signinpage - User enters valid email address
[INFO ] 2024-07-30 10:19:01.523 [main] Signinpage - User enters valid password
[INFO ] 2024-07-30 10:19:01.632 [main] Signinpage - User clicks on signin button
[INFO ] 2024-07-30 10:19:01.632 [main] Members - >> Admin/User got logged in >>
[INFO ] 2024-07-30 10:19:05.688 [main] Memberspage - >> Admin/User got navigated to dashboard page
[INFO ] 2024-07-30 10:19:06.479 [main] Ticketspage - >> Admin/User got navigated to Tickets page
[INFO ] 2024-07-30 10:19:06.742 [main] Ticketspage - >> Admin/User clicked New Ticket btn
[INFO ] 2024-07-30 10:19:11.240 [main] Testhooks - Failed scenario screenshot got capturedT002_Create the Ticket with valid inputs
[INFO ] 2024-07-30 10:19:23.545 [main] Testhooks - Execution Started
[INFO ] 2024-07-30 10:19:24.331 [main] Testhooks - Browser got launched
[INFO ] 2024-07-30 10:19:25.708 [main] Testhooks - Navigated to url
[INFO ] 2024-07-30 10:19:26.897 [main] Signinpage - User enters valid email address
[INFO ] 2024-07-30 10:19:27.030 [main] Signinpage - User enters valid password
[INFO ] 2024-07-30 10:19:27.133 [main] Signinpage - User clicks on signin button
[INFO ] 2024-07-30 10:19:27.133 [main] Members - >> Admin/User got logged in >>
[INFO ] 2024-07-30 10:19:29.808 [main] Memberspage - >> Admin/User got navigated to dashboard page
[INFO ] 2024-07-30 10:19:33.939 [main] Ticketspage - >> Admin/User got navigated to Tickets page
[INFO ] 2024-07-30 10:19:34.221 [main] Ticketspage - >> Admin/User clicked New Ticket btn
[INFO ] 2024-07-30 10:19:47.768 [main] Testhooks - Failed scenario screenshot got capturedT002_Create the Ticket with valid inputs
[INFO ] 2024-07-30 10:20:03.001 [main] Testhooks - Execution Started
[INFO ] 2024-07-30 10:20:03.779 [main] Testhooks - Browser got launched
[INFO ] 2024-07-30 10:20:05.121 [main] Testhooks - Navigated to url
[INFO ] 2024-07-30 10:20:06.329 [main] Signinpage - User enters valid email address
[INFO ] 2024-07-30 10:20:06.453 [main] Signinpage - User enters valid password
[INFO ] 2024-07-30 10:20:06.558 [main] Signinpage - User clicks on signin button
[INFO ] 2024-07-30 10:20:06.558 [main] Members - >> Admin/User got logged in >>
[INFO ] 2024-07-30 10:20:17.731 [main] Memberspage - >> Admin/User got navigated to dashboard page
[INFO ] 2024-07-30 10:20:18.683 [main] Ticketspage - >> Admin/User got navigated to Tickets page
[INFO ] 2024-07-30 10:20:18.936 [main] Ticketspage - >> Admin/User clicked New Ticket btn
[INFO ] 2024-07-30 10:20:23.735 [main] Testhooks - Failed scenario screenshot got capturedT002_Create the Ticket with valid inputs
[INFO ] 2024-07-30 10:21:00.102 [main] Testhooks - Execution Started
[INFO ] 2024-07-30 10:21:00.961 [main] Testhooks - Browser got launched
[INFO ] 2024-07-30 10:21:02.734 [main] Testhooks - Navigated to url
[INFO ] 2024-07-30 10:21:03.948 [main] Signinpage - User enters valid email address
[INFO ] 2024-07-30 10:21:04.082 [main] Signinpage - User enters valid password
[INFO ] 2024-07-30 10:21:04.187 [main] Signinpage - User clicks on signin button
[INFO ] 2024-07-30 10:21:04.187 [main] Members - >> Admin/User got logged in >>
[INFO ] 2024-07-30 10:21:06.661 [main] Memberspage - >> Admin/User got navigated to dashboard page
[INFO ] 2024-07-30 10:21:08.278 [main] Testhooks - Failed scenario screenshot got capturedT002_Create the Ticket with valid inputs
[INFO ] 2024-07-30 10:21:21.546 [main] Testhooks - Execution Started
[INFO ] 2024-07-30 10:21:22.330 [main] Testhooks - Browser got launched
[INFO ] 2024-07-30 10:21:23.577 [main] Testhooks - Navigated to url
[INFO ] 2024-07-30 10:21:24.770 [main] Signinpage - User enters valid email address
[INFO ] 2024-07-30 10:21:24.897 [main] Signinpage - User enters valid password
[INFO ] 2024-07-30 10:21:25.001 [main] Signinpage - User clicks on signin button
[INFO ] 2024-07-30 10:21:25.002 [main] Members - >> Admin/User got logged in >>
[INFO ] 2024-07-30 10:21:27.646 [main] Memberspage - >> Admin/User got navigated to dashboard page
[INFO ] 2024-07-30 10:21:28.741 [main] Ticketspage - >> Admin/User got navigated to Tickets page
[INFO ] 2024-07-30 10:21:29.032 [main] Ticketspage - >> Admin/User clicked New Ticket btn
[INFO ] 2024-07-30 10:21:42.740 [main] Testhooks - Failed scenario screenshot got capturedT002_Create the Ticket with valid inputs
[INFO ] 2024-07-30 10:22:16.770 [main] Testhooks - Execution Started
[INFO ] 2024-07-30 10:22:17.554 [main] Testhooks - Browser got launched
[INFO ] 2024-07-30 10:22:18.893 [main] Testhooks - Navigated to url
[INFO ] 2024-07-30 10:22:20.084 [main] Signinpage - User enters valid email address
[INFO ] 2024-07-30 10:22:20.210 [main] Signinpage - User enters valid password
[INFO ] 2024-07-30 10:22:20.320 [main] Signinpage - User clicks on signin button
[INFO ] 2024-07-30 10:22:20.320 [main] Members - >> Admin/User got logged in >>
[INFO ] 2024-07-30 10:22:23.025 [main] Memberspage - >> Admin/User got navigated to dashboard page
[INFO ] 2024-07-30 10:22:23.963 [main] Ticketspage - >> Admin/User got navigated to Tickets page
[INFO ] 2024-07-30 10:22:24.295 [main] Ticketspage - >> Admin/User clicked New Ticket btn
[INFO ] 2024-07-30 10:23:15.298 [main] Testhooks - Execution Started
[INFO ] 2024-07-30 10:23:16.086 [main] Testhooks - Browser got launched
[INFO ] 2024-07-30 10:23:17.385 [main] Testhooks - Navigated to url
[INFO ] 2024-07-30 10:23:18.600 [main] Signinpage - User enters valid email address
[INFO ] 2024-07-30 10:23:18.727 [main] Signinpage - User enters valid password
[INFO ] 2024-07-30 10:23:18.833 [main] Signinpage - User clicks on signin button
[INFO ] 2024-07-30 10:23:18.833 [main] Members - >> Admin/User got logged in >>
[INFO ] 2024-07-30 10:23:21.522 [main] Memberspage - >> Admin/User got navigated to dashboard page
[INFO ] 2024-07-30 10:23:22.256 [main] Ticketspage - >> Admin/User got navigated to Tickets page
[INFO ] 2024-07-30 10:23:22.512 [main] Ticketspage - >> Admin/User clicked New Ticket btn
[INFO ] 2024-07-30 10:26:13.565 [main] Testhooks - Execution Started
[INFO ] 2024-07-30 10:26:14.374 [main] Testhooks - Browser got launched
[INFO ] 2024-07-30 10:26:15.722 [main] Testhooks - Navigated to url
[INFO ] 2024-07-30 10:26:16.921 [main] Signinpage - User enters valid email address
[INFO ] 2024-07-30 10:26:17.053 [main] Signinpage - User enters valid password
[INFO ] 2024-07-30 10:26:17.159 [main] Signinpage - User clicks on signin button
[INFO ] 2024-07-30 10:26:17.159 [main] Members - >> Admin/User got logged in >>
[INFO ] 2024-07-30 10:26:19.845 [main] Memberspage - >> Admin/User got navigated to dashboard page
[INFO ] 2024-07-30 10:26:20.824 [main] Ticketspage - >> Admin/User got navigated to Tickets page
[INFO ] 2024-07-30 10:26:21.067 [main] Ticketspage - >> Admin/User clicked New Ticket btn
[INFO ] 2024-07-30 10:26:27.050 [main] Testhooks - Failed scenario screenshot got capturedT002_Create the Ticket with valid inputs
[INFO ] 2024-07-30 10:31:36.307 [main] Testhooks - Execution Started
[INFO ] 2024-07-30 10:31:37.110 [main] Testhooks - Browser got launched
[INFO ] 2024-07-30 10:31:38.781 [main] Testhooks - Navigated to url
[INFO ] 2024-07-30 10:31:39.973 [main] Signinpage - User enters valid email address
[INFO ] 2024-07-30 10:31:40.100 [main] Signinpage - User enters valid password
[INFO ] 2024-07-30 10:31:40.206 [main] Signinpage - User clicks on signin button
[INFO ] 2024-07-30 10:31:40.206 [main] Members - >> Admin/User got logged in >>
[INFO ] 2024-07-30 10:31:46.250 [main] Memberspage - >> Admin/User got navigated to dashboard page
[INFO ] 2024-07-30 10:31:47.599 [main] Ticketspage - >> Admin/User got navigated to Tickets page
[INFO ] 2024-07-30 10:31:47.850 [main] Ticketspage - >> Admin/User clicked New Ticket btn
[INFO ] 2024-07-30 10:31:56.690 [main] Testhooks - Failed scenario screenshot got capturedT002_Create the Ticket with valid inputs
[INFO ] 2024-07-30 10:35:39.596 [main] Testhooks - Execution Started
[INFO ] 2024-07-30 10:35:40.346 [main] Testhooks - Browser got launched
[INFO ] 2024-07-30 10:35:42.152 [main] Testhooks - Navigated to url
[INFO ] 2024-07-30 10:35:43.355 [main] Signinpage - User enters valid email address
[INFO ] 2024-07-30 10:35:43.487 [main] Signinpage - User enters valid password
[INFO ] 2024-07-30 10:35:43.593 [main] Signinpage - User clicks on signin button
[INFO ] 2024-07-30 10:35:43.593 [main] Members - >> Admin/User got logged in >>
[INFO ] 2024-07-30 10:35:47.031 [main] Memberspage - >> Admin/User got navigated to dashboard page
[INFO ] 2024-07-30 10:35:48.015 [main] Ticketspage - >> Admin/User got navigated to Tickets page
[INFO ] 2024-07-30 10:35:48.318 [main] Ticketspage - >> Admin/User clicked New Ticket btn
[INFO ] 2024-07-30 10:35:57.193 [main] Testhooks - Failed scenario screenshot got capturedT002_Create the Ticket with valid inputs
[INFO ] 2024-07-30 10:38:07.248 [main] Testhooks - Execution Started
[INFO ] 2024-07-30 10:38:08.143 [main] Testhooks - Browser got launched
[INFO ] 2024-07-30 10:38:09.725 [main] Testhooks - Navigated to url
[INFO ] 2024-07-30 10:38:10.939 [main] Signinpage - User enters valid email address
[INFO ] 2024-07-30 10:38:11.068 [main] Signinpage - User enters valid password
[INFO ] 2024-07-30 10:38:11.171 [main] Signinpage - User clicks on signin button
[INFO ] 2024-07-30 10:38:11.171 [main] Members - >> Admin/User got logged in >>
[INFO ] 2024-07-30 10:38:18.839 [main] Memberspage - >> Admin/User got navigated to dashboard page
[INFO ] 2024-07-30 10:38:20.026 [main] Ticketspage - >> Admin/User got navigated to Tickets page
[INFO ] 2024-07-30 10:38:20.308 [main] Ticketspage - >> Admin/User clicked New Ticket btn
[INFO ] 2024-07-30 10:38:28.171 [main] Testhooks - Failed scenario screenshot got capturedT002_Create the Ticket with valid inputs
[INFO ] 2024-07-30 10:39:05.091 [main] Testhooks - Execution Started
[INFO ] 2024-07-30 10:39:05.913 [main] Testhooks - Browser got launched
[INFO ] 2024-07-30 10:39:07.429 [main] Testhooks - Navigated to url
[INFO ] 2024-07-30 10:39:08.645 [main] Signinpage - User enters valid email address
[INFO ] 2024-07-30 10:39:08.774 [main] Signinpage - User enters valid password
[INFO ] 2024-07-30 10:39:08.877 [main] Signinpage - User clicks on signin button
[INFO ] 2024-07-30 10:39:08.877 [main] Members - >> Admin/User got logged in >>
[INFO ] 2024-07-30 10:39:20.390 [main] Memberspage - >> Admin/User got navigated to dashboard page
[INFO ] 2024-07-30 10:39:21.109 [main] Ticketspage - >> Admin/User got navigated to Tickets page
[INFO ] 2024-07-30 10:39:21.364 [main] Ticketspage - >> Admin/User clicked New Ticket btn
[INFO ] 2024-07-30 10:39:29.239 [main] Testhooks - Failed scenario screenshot got capturedT002_Create the Ticket with valid inputs
[INFO ] 2024-07-30 10:50:55.441 [main] Testhooks - Execution Started
[INFO ] 2024-07-30 10:50:56.271 [main] Testhooks - Browser got launched
[INFO ] 2024-07-30 10:50:57.578 [main] Testhooks - Navigated to url
[INFO ] 2024-07-30 10:50:58.786 [main] Signinpage - User enters valid email address
[INFO ] 2024-07-30 10:50:58.917 [main] Signinpage - User enters valid password
[INFO ] 2024-07-30 10:50:59.024 [main] Signinpage - User clicks on signin button
[INFO ] 2024-07-30 10:50:59.024 [main] Members - >> Admin/User got logged in >>
[INFO ] 2024-07-30 10:51:01.583 [main] Memberspage - >> Admin/User got navigated to dashboard page
[INFO ] 2024-07-30 10:51:03.268 [main] Testhooks - Failed scenario screenshot got capturedT002_Create the Ticket with valid inputs
[INFO ] 2024-07-30 10:51:25.518 [main] Testhooks - Execution Started
[INFO ] 2024-07-30 10:51:26.311 [main] Testhooks - Browser got launched
[INFO ] 2024-07-30 10:51:27.537 [main] Testhooks - Navigated to url
[INFO ] 2024-07-30 10:51:28.737 [main] Signinpage - User enters valid email address
[INFO ] 2024-07-30 10:51:28.868 [main] Signinpage - User enters valid password
[INFO ] 2024-07-30 10:51:28.971 [main] Signinpage - User clicks on signin button
[INFO ] 2024-07-30 10:51:28.971 [main] Members - >> Admin/User got logged in >>
[INFO ] 2024-07-30 10:51:31.532 [main] Memberspage - >> Admin/User got navigated to dashboard page
[INFO ] 2024-07-30 10:51:33.245 [main] Testhooks - Failed scenario screenshot got capturedT002_Create the Ticket with valid inputs
[INFO ] 2024-07-30 10:52:03.088 [main] Testhooks - Execution Started
[INFO ] 2024-07-30 10:52:03.945 [main] Testhooks - Browser got launched
[INFO ] 2024-07-30 10:52:05.176 [main] Testhooks - Navigated to url
[INFO ] 2024-07-30 10:52:06.393 [main] Signinpage - User enters valid email address
[INFO ] 2024-07-30 10:52:06.523 [main] Signinpage - User enters valid password
[INFO ] 2024-07-30 10:52:06.626 [main] Signinpage - User clicks on signin button
[INFO ] 2024-07-30 10:52:06.626 [main] Members - >> Admin/User got logged in >>
[INFO ] 2024-07-30 10:52:17.199 [main] Memberspage - >> Admin/User got navigated to dashboard page
[INFO ] 2024-07-30 10:52:18.194 [main] Ticketspage - >> Admin/User got navigated to Tickets page
[INFO ] 2024-07-30 10:52:18.461 [main] Ticketspage - >> Admin/User clicked New Ticket btn
[INFO ] 2024-07-30 10:52:26.332 [main] Testhooks - Failed scenario screenshot got capturedT002_Create the Ticket with valid inputs
[INFO ] 2024-07-30 10:52:54.316 [main] Testhooks - Execution Started
[INFO ] 2024-07-30 10:52:55.101 [main] Testhooks - Browser got launched
[INFO ] 2024-07-30 10:52:56.396 [main] Testhooks - Navigated to url
[INFO ] 2024-07-30 10:52:57.590 [main] Signinpage - User enters valid email address
[INFO ] 2024-07-30 10:52:57.720 [main] Signinpage - User enters valid password
[INFO ] 2024-07-30 10:52:57.825 [main] Signinpage - User clicks on signin button
[INFO ] 2024-07-30 10:52:57.825 [main] Members - >> Admin/User got logged in >>
[INFO ] 2024-07-30 10:53:00.311 [main] Memberspage - >> Admin/User got navigated to dashboard page
[INFO ] 2024-07-30 10:53:02.102 [main] Testhooks - Failed scenario screenshot got capturedT002_Create the Ticket with valid inputs
[INFO ] 2024-07-30 10:53:43.865 [main] Testhooks - Execution Started
[INFO ] 2024-07-30 10:53:44.667 [main] Testhooks - Browser got launched
[INFO ] 2024-07-30 10:53:46.421 [main] Testhooks - Navigated to url
[INFO ] 2024-07-30 10:53:47.631 [main] Signinpage - User enters valid email address
[INFO ] 2024-07-30 10:53:47.759 [main] Signinpage - User enters valid password
[INFO ] 2024-07-30 10:53:47.862 [main] Signinpage - User clicks on signin button
[INFO ] 2024-07-30 10:53:47.862 [main] Members - >> Admin/User got logged in >>
[INFO ] 2024-07-30 10:53:50.586 [main] Memberspage - >> Admin/User got navigated to dashboard page
[INFO ] 2024-07-30 10:53:51.339 [main] Ticketspage - >> Admin/User got navigated to Tickets page
[INFO ] 2024-07-30 10:53:51.674 [main] Ticketspage - >> Admin/User clicked New Ticket btn
[INFO ] 2024-07-30 10:53:59.585 [main] Testhooks - Failed scenario screenshot got capturedT002_Create the Ticket with valid inputs
[INFO ] 2024-07-30 10:55:40.350 [main] Testhooks - Execution Started
[INFO ] 2024-07-30 10:55:41.175 [main] Testhooks - Browser got launched
[INFO ] 2024-07-30 10:55:42.698 [main] Testhooks - Navigated to url
[INFO ] 2024-07-30 10:55:43.889 [main] Signinpage - User enters valid email address
[INFO ] 2024-07-30 10:55:44.015 [main] Signinpage - User enters valid password
[INFO ] 2024-07-30 10:55:44.121 [main] Signinpage - User clicks on signin button
[INFO ] 2024-07-30 10:55:44.121 [main] Members - >> Admin/User got logged in >>
[INFO ] 2024-07-30 10:55:47.155 [main] Memberspage - >> Admin/User got navigated to dashboard page
[INFO ] 2024-07-30 10:55:47.812 [main] Ticketspage - >> Admin/User got navigated to Tickets page
[INFO ] 2024-07-30 10:55:48.075 [main] Ticketspage - >> Admin/User clicked New Ticket btn
[INFO ] 2024-07-30 10:59:09.596 [main] Testhooks - Execution Started
[INFO ] 2024-07-30 10:59:10.430 [main] Testhooks - Browser got launched
[INFO ] 2024-07-30 10:59:12.103 [main] Testhooks - Navigated to url
[INFO ] 2024-07-30 10:59:13.289 [main] Signinpage - User enters valid email address
[INFO ] 2024-07-30 10:59:13.415 [main] Signinpage - User enters valid password
[INFO ] 2024-07-30 10:59:13.522 [main] Signinpage - User clicks on signin button
[INFO ] 2024-07-30 10:59:13.523 [main] Members - >> Admin/User got logged in >>
[INFO ] 2024-07-30 10:59:16.813 [main] Memberspage - >> Admin/User got navigated to dashboard page
[INFO ] 2024-07-30 10:59:17.879 [main] Ticketspage - >> Admin/User got navigated to Tickets page
[INFO ] 2024-07-30 10:59:23.105 [main] Testhooks - Failed scenario screenshot got capturedT031_To verify the Tickets feature upload photos videos and voice
[INFO ] 2024-07-30 11:22:36.347 [main] Testhooks - Execution Started
[INFO ] 2024-07-30 11:22:37.128 [main] Testhooks - Browser got launched
[INFO ] 2024-07-30 11:22:38.370 [main] Testhooks - Navigated to url
[INFO ] 2024-07-30 11:22:39.593 [main] Signinpage - User enters valid email address
[INFO ] 2024-07-30 11:22:39.720 [main] Signinpage - User enters valid password
[INFO ] 2024-07-30 11:22:39.826 [main] Signinpage - User clicks on signin button
[INFO ] 2024-07-30 11:22:39.826 [main] Members - >> Admin/User got logged in >>
[INFO ] 2024-07-30 11:22:52.032 [main] Memberspage - >> Admin/User got navigated to dashboard page
[INFO ] 2024-07-30 11:22:52.451 [main] Testhooks - Failed scenario screenshot got capturedT001_Verify Tickets page
[INFO ] 2024-07-30 14:09:25.604 [main] Testhooks - Execution Started
[INFO ] 2024-07-30 14:09:26.465 [main] Testhooks - Browser got launched
[INFO ] 2024-07-30 14:09:28.373 [main] Testhooks - Navigated to url
[INFO ] 2024-07-30 14:09:29.560 [main] Signinpage - User enters valid email address
[INFO ] 2024-07-30 14:09:29.697 [main] Signinpage - User enters valid password
[INFO ] 2024-07-30 14:09:29.807 [main] Signinpage - User clicks on signin button
[INFO ] 2024-07-30 14:09:29.807 [main] Members - >> Admin/User got logged in >>
[INFO ] 2024-07-30 14:09:32.704 [main] Memberspage - >> Admin/User got navigated to dashboard page
[INFO ] 2024-07-30 14:09:34.327 [main] Ticketspage - >> Admin/User got navigated to Tickets page
[INFO ] 2024-07-30 14:09:34.615 [main] Ticketspage - >> Admin/User clicked New Ticket btn
[INFO ] 2024-07-30 14:09:58.470 [main] Testhooks - Failed scenario screenshot got capturedT002_Create the Ticket with valid inputs
[INFO ] 2024-07-30 14:10:50.312 [main] Testhooks - Execution Started
[INFO ] 2024-07-30 14:10:51.148 [main] Testhooks - Browser got launched
[INFO ] 2024-07-30 14:10:52.424 [main] Testhooks - Navigated to url
[INFO ] 2024-07-30 14:10:53.625 [main] Signinpage - User enters valid email address
[INFO ] 2024-07-30 14:10:53.757 [main] Signinpage - User enters valid password
[INFO ] 2024-07-30 14:10:53.860 [main] Signinpage - User clicks on signin button
[INFO ] 2024-07-30 14:10:53.860 [main] Members - >> Admin/User got logged in >>
[INFO ] 2024-07-30 14:10:56.603 [main] Memberspage - >> Admin/User got navigated to dashboard page
[INFO ] 2024-07-30 14:10:57.619 [main] Ticketspage - >> Admin/User got navigated to Tickets page
[INFO ] 2024-07-30 14:10:57.875 [main] Ticketspage - >> Admin/User clicked New Ticket btn
[INFO ] 2024-07-30 14:11:18.760 [main] Testhooks - Failed scenario screenshot got capturedT002_Create the Ticket with valid inputs
[INFO ] 2024-07-30 14:12:17.402 [main] Testhooks - Execution Started
[INFO ] 2024-07-30 14:12:18.294 [main] Testhooks - Browser got launched
[INFO ] 2024-07-30 14:12:19.603 [main] Testhooks - Navigated to url
[INFO ] 2024-07-30 14:12:20.797 [main] Signinpage - User enters valid email address
[INFO ] 2024-07-30 14:12:20.929 [main] Signinpage - User enters valid password
[INFO ] 2024-07-30 14:12:21.036 [main] Signinpage - User clicks on signin button
[INFO ] 2024-07-30 14:12:21.036 [main] Members - >> Admin/User got logged in >>
[INFO ] 2024-07-30 14:12:23.544 [main] Memberspage - >> Admin/User got navigated to dashboard page
[INFO ] 2024-07-30 14:12:24.716 [main] Ticketspage - >> Admin/User got navigated to Tickets page
[INFO ] 2024-07-30 14:12:24.970 [main] Ticketspage - >> Admin/User clicked New Ticket btn
[INFO ] 2024-07-30 14:12:30.667 [main] Testhooks - Failed scenario screenshot got capturedT002_Create the Ticket with valid inputs
[INFO ] 2024-07-30 14:13:37.390 [main] Testhooks - Execution Started
[INFO ] 2024-07-30 14:13:38.159 [main] Testhooks - Browser got launched
[INFO ] 2024-07-30 14:13:39.758 [main] Testhooks - Navigated to url
[INFO ] 2024-07-30 14:13:40.961 [main] Signinpage - User enters valid email address
[INFO ] 2024-07-30 14:13:41.085 [main] Signinpage - User enters valid password
[INFO ] 2024-07-30 14:13:41.188 [main] Signinpage - User clicks on signin button
[INFO ] 2024-07-30 14:13:41.189 [main] Members - >> Admin/User got logged in >>
[INFO ] 2024-07-30 14:13:49.044 [main] Memberspage - >> Admin/User got navigated to dashboard page
[INFO ] 2024-07-30 14:13:50.204 [main] Ticketspage - >> Admin/User got navigated to Tickets page
[INFO ] 2024-07-30 14:13:50.583 [main] Ticketspage - >> Admin/User clicked New Ticket btn
[INFO ] 2024-07-30 14:13:58.322 [main] Testhooks - Failed scenario screenshot got capturedT002_Create the Ticket with valid inputs
[INFO ] 2024-07-30 14:15:56.407 [main] Testhooks - Execution Started
[INFO ] 2024-07-30 14:15:57.205 [main] Testhooks - Browser got launched
[INFO ] 2024-07-30 14:15:58.480 [main] Testhooks - Navigated to url
[INFO ] 2024-07-30 14:15:59.694 [main] Signinpage - User enters valid email address
[INFO ] 2024-07-30 14:15:59.820 [main] Signinpage - User enters valid password
[INFO ] 2024-07-30 14:15:59.924 [main] Signinpage - User clicks on signin button
[INFO ] 2024-07-30 14:15:59.924 [main] Members - >> Admin/User got logged in >>
[INFO ] 2024-07-30 14:16:03.005 [main] Memberspage - >> Admin/User got navigated to dashboard page
[INFO ] 2024-07-30 14:16:17.167 [main] Ticketspage - >> Admin/User got navigated to Tickets page
[INFO ] 2024-07-30 14:16:17.468 [main] Ticketspage - >> Admin/User clicked New Ticket btn
[INFO ] 2024-07-30 14:16:26.232 [main] Testhooks - Failed scenario screenshot got capturedT002_Create the Ticket with valid inputs
[INFO ] 2024-07-30 14:19:39.498 [main] Testhooks - Execution Started
[INFO ] 2024-07-30 14:19:40.349 [main] Testhooks - Browser got launched
[INFO ] 2024-07-30 14:19:43.680 [main] Testhooks - Navigated to url
[INFO ] 2024-07-30 14:19:44.894 [main] Signinpage - User enters valid email address
[INFO ] 2024-07-30 14:19:45.026 [main] Signinpage - User enters valid password
[INFO ] 2024-07-30 14:19:45.137 [main] Signinpage - User clicks on signin button
[INFO ] 2024-07-30 14:19:45.137 [main] Members - >> Admin/User got logged in >>
[INFO ] 2024-07-30 14:19:50.285 [main] Memberspage - >> Admin/User got navigated to dashboard page
[INFO ] 2024-07-30 14:19:51.326 [main] Ticketspage - >> Admin/User got navigated to Tickets page
[INFO ] 2024-07-30 14:19:51.596 [main] Ticketspage - >> Admin/User clicked New Ticket btn
[INFO ] 2024-07-30 14:19:57.171 [main] Testhooks - Failed scenario screenshot got capturedT002_Create the Ticket with valid inputs
[INFO ] 2024-07-30 14:20:49.717 [main] Testhooks - Execution Started
[INFO ] 2024-07-30 14:20:50.512 [main] Testhooks - Browser got launched
[INFO ] 2024-07-30 14:20:51.812 [main] Testhooks - Navigated to url
[INFO ] 2024-07-30 14:20:53.021 [main] Signinpage - User enters valid email address
[INFO ] 2024-07-30 14:20:53.155 [main] Signinpage - User enters valid password
[INFO ] 2024-07-30 14:20:53.261 [main] Signinpage - User clicks on signin button
[INFO ] 2024-07-30 14:20:53.261 [main] Members - >> Admin/User got logged in >>
[INFO ] 2024-07-30 14:20:55.979 [main] Memberspage - >> Admin/User got navigated to dashboard page
[INFO ] 2024-07-30 14:20:56.997 [main] Ticketspage - >> Admin/User got navigated to Tickets page
[INFO ] 2024-07-30 14:20:57.271 [main] Ticketspage - >> Admin/User clicked New Ticket btn
[INFO ] 2024-07-30 14:21:03.006 [main] Testhooks - Failed scenario screenshot got capturedT002_Create the Ticket with valid inputs
[INFO ] 2024-07-30 14:22:11.173 [main] Testhooks - Execution Started
[INFO ] 2024-07-30 14:22:11.930 [main] Testhooks - Browser got launched
[INFO ] 2024-07-30 14:22:14.055 [main] Testhooks - Navigated to url
[INFO ] 2024-07-30 14:22:15.274 [main] Signinpage - User enters valid email address
[INFO ] 2024-07-30 14:22:15.405 [main] Signinpage - User enters valid password
[INFO ] 2024-07-30 14:22:15.510 [main] Signinpage - User clicks on signin button
[INFO ] 2024-07-30 14:22:15.510 [main] Members - >> Admin/User got logged in >>
[INFO ] 2024-07-30 14:22:18.989 [main] Memberspage - >> Admin/User got navigated to dashboard page
[INFO ] 2024-07-30 14:22:20.133 [main] Ticketspage - >> Admin/User got navigated to Tickets page
[INFO ] 2024-07-30 14:22:20.380 [main] Ticketspage - >> Admin/User clicked New Ticket btn
[INFO ] 2024-07-30 14:22:26.204 [main] Testhooks - Failed scenario screenshot got capturedT002_Create the Ticket with valid inputs
[INFO ] 2024-07-30 14:25:01.360 [main] Testhooks - Execution Started
[INFO ] 2024-07-30 14:25:02.639 [main] Testhooks - Browser got launched
[INFO ] 2024-07-30 14:25:04.691 [main] Testhooks - Navigated to url
[INFO ] 2024-07-30 14:25:05.917 [main] Signinpage - User enters valid email address
[INFO ] 2024-07-30 14:25:06.053 [main] Signinpage - User enters valid password
[INFO ] 2024-07-30 14:25:06.161 [main] Signinpage - User clicks on signin button
[INFO ] 2024-07-30 14:25:06.161 [main] Members - >> Admin/User got logged in >>
[INFO ] 2024-07-30 14:25:17.766 [main] Memberspage - >> Admin/User got navigated to dashboard page
[INFO ] 2024-07-30 14:25:19.164 [main] Ticketspage - >> Admin/User got navigated to Tickets page
[INFO ] 2024-07-30 14:25:19.486 [main] Ticketspage - >> Admin/User clicked New Ticket btn
[INFO ] 2024-07-30 14:25:25.128 [main] Testhooks - Failed scenario screenshot got capturedT002_Create the Ticket with valid inputs
[INFO ] 2024-07-30 14:28:37.853 [main] Testhooks - Execution Started
[INFO ] 2024-07-30 14:28:38.750 [main] Testhooks - Browser got launched
[INFO ] 2024-07-30 14:28:40.372 [main] Testhooks - Navigated to url
[INFO ] 2024-07-30 14:28:41.595 [main] Signinpage - User enters valid email address
[INFO ] 2024-07-30 14:28:41.732 [main] Signinpage - User enters valid password
[INFO ] 2024-07-30 14:28:41.846 [main] Signinpage - User clicks on signin button
[INFO ] 2024-07-30 14:28:41.846 [main] Members - >> Admin/User got logged in >>
[INFO ] 2024-07-30 14:28:48.285 [main] Memberspage - >> Admin/User got navigated to dashboard page
[INFO ] 2024-07-30 14:28:49.245 [main] Ticketspage - >> Admin/User got navigated to Tickets page
[INFO ] 2024-07-30 14:28:49.541 [main] Ticketspage - >> Admin/User clicked New Ticket btn
[INFO ] 2024-07-30 14:30:05.192 [main] Testhooks - Execution Started
[INFO ] 2024-07-30 14:30:06.050 [main] Testhooks - Browser got launched
[INFO ] 2024-07-30 14:30:07.382 [main] Testhooks - Navigated to url
[INFO ] 2024-07-30 14:30:08.609 [main] Signinpage - User enters valid email address
[INFO ] 2024-07-30 14:30:08.746 [main] Signinpage - User enters valid password
[INFO ] 2024-07-30 14:30:08.859 [main] Signinpage - User clicks on signin button
[INFO ] 2024-07-30 14:30:08.860 [main] Members - >> Admin/User got logged in >>
[INFO ] 2024-07-30 14:30:21.692 [main] Memberspage - >> Admin/User got navigated to dashboard page
[INFO ] 2024-07-30 14:30:22.688 [main] Ticketspage - >> Admin/User got navigated to Tickets page
[INFO ] 2024-07-30 14:30:22.969 [main] Ticketspage - >> Admin/User clicked New Ticket btn
[INFO ] 2024-07-30 14:30:28.595 [main] Testhooks - Failed scenario screenshot got capturedT002_Create the Ticket with valid inputs
[INFO ] 2024-07-30 14:31:33.865 [main] Testhooks - Execution Started
[INFO ] 2024-07-30 14:31:34.765 [main] Testhooks - Browser got launched
[INFO ] 2024-07-30 14:31:36.315 [main] Testhooks - Navigated to url
[INFO ] 2024-07-30 14:31:37.544 [main] Signinpage - User enters valid email address
[INFO ] 2024-07-30 14:31:37.684 [main] Signinpage - User enters valid password
[INFO ] 2024-07-30 14:31:37.798 [main] Signinpage - User clicks on signin button
[INFO ] 2024-07-30 14:31:37.799 [main] Members - >> Admin/User got logged in >>
[INFO ] 2024-07-30 14:31:47.727 [main] Memberspage - >> Admin/User got navigated to dashboard page
[INFO ] 2024-07-30 14:31:48.680 [main] Ticketspage - >> Admin/User got navigated to Tickets page
[INFO ] 2024-07-30 14:31:48.951 [main] Ticketspage - >> Admin/User clicked New Ticket btn
[INFO ] 2024-07-30 14:31:53.631 [main] Testhooks - Failed scenario screenshot got capturedT002_Create the Ticket with valid inputs
[INFO ] 2024-07-30 14:33:05.609 [main] Testhooks - Execution Started
[INFO ] 2024-07-30 14:33:06.519 [main] Testhooks - Browser got launched
[INFO ] 2024-07-30 14:33:08.545 [main] Testhooks - Navigated to url
[INFO ] 2024-07-30 14:33:09.766 [main] Signinpage - User enters valid email address
[INFO ] 2024-07-30 14:33:09.901 [main] Signinpage - User enters valid password
[INFO ] 2024-07-30 14:33:10.013 [main] Signinpage - User clicks on signin button
[INFO ] 2024-07-30 14:33:10.013 [main] Members - >> Admin/User got logged in >>
[INFO ] 2024-07-30 14:33:20.454 [main] Memberspage - >> Admin/User got navigated to dashboard page
[INFO ] 2024-07-30 14:33:21.272 [main] Ticketspage - >> Admin/User got navigated to Tickets page
[INFO ] 2024-07-30 14:33:21.650 [main] Ticketspage - >> Admin/User clicked New Ticket btn
[INFO ] 2024-07-30 14:33:24.647 [main] Testhooks - Failed scenario screenshot got capturedT002_Create the Ticket with valid inputs
[INFO ] 2024-07-30 14:35:35.466 [main] Testhooks - Execution Started
[INFO ] 2024-07-30 14:35:36.379 [main] Testhooks - Browser got launched
[INFO ] 2024-07-30 14:35:38.455 [main] Testhooks - Navigated to url
[INFO ] 2024-07-30 14:35:39.680 [main] Signinpage - User enters valid email address
[INFO ] 2024-07-30 14:35:39.818 [main] Signinpage - User enters valid password
[INFO ] 2024-07-30 14:35:39.931 [main] Signinpage - User clicks on signin button
[INFO ] 2024-07-30 14:35:39.931 [main] Members - >> Admin/User got logged in >>
[INFO ] 2024-07-30 14:35:48.952 [main] Memberspage - >> Admin/User got navigated to dashboard page
[INFO ] 2024-07-30 14:35:49.971 [main] Ticketspage - >> Admin/User got navigated to Tickets page
[INFO ] 2024-07-30 14:35:50.326 [main] Ticketspage - >> Admin/User clicked New Ticket btn
[INFO ] 2024-07-30 14:35:55.003 [main] Testhooks - Failed scenario screenshot got capturedT002_Create the Ticket with valid inputs
[INFO ] 2024-07-30 14:36:55.662 [main] Testhooks - Execution Started
[INFO ] 2024-07-30 14:36:56.558 [main] Testhooks - Browser got launched
[INFO ] 2024-07-30 14:36:57.994 [main] Testhooks - Navigated to url
[INFO ] 2024-07-30 14:36:59.218 [main] Signinpage - User enters valid email address
[INFO ] 2024-07-30 14:36:59.358 [main] Signinpage - User enters valid password
[INFO ] 2024-07-30 14:36:59.469 [main] Signinpage - User clicks on signin button
[INFO ] 2024-07-30 14:36:59.469 [main] Members - >> Admin/User got logged in >>
[INFO ] 2024-07-30 14:37:02.164 [main] Memberspage - >> Admin/User got navigated to dashboard page
[INFO ] 2024-07-30 14:37:04.008 [main] Testhooks - Failed scenario screenshot got capturedT002_Create the Ticket with valid inputs
[INFO ] 2024-07-30 14:37:20.324 [main] Testhooks - Execution Started
[INFO ] 2024-07-30 14:37:21.239 [main] Testhooks - Browser got launched
[INFO ] 2024-07-30 14:37:22.620 [main] Testhooks - Navigated to url
[INFO ] 2024-07-30 14:37:23.848 [main] Signinpage - User enters valid email address
[INFO ] 2024-07-30 14:37:23.987 [main] Signinpage - User enters valid password
[INFO ] 2024-07-30 14:37:24.093 [main] Signinpage - User clicks on signin button
[INFO ] 2024-07-30 14:37:24.093 [main] Members - >> Admin/User got logged in >>
[INFO ] 2024-07-30 14:37:26.819 [main] Memberspage - >> Admin/User got navigated to dashboard page
[INFO ] 2024-07-30 14:37:27.787 [main] Ticketspage - >> Admin/User got navigated to Tickets page
[INFO ] 2024-07-30 14:37:28.203 [main] Ticketspage - >> Admin/User clicked New Ticket btn
[INFO ] 2024-07-30 14:37:33.025 [main] Testhooks - Failed scenario screenshot got capturedT002_Create the Ticket with valid inputs
[INFO ] 2024-07-30 14:37:40.169 [main] Testhooks - Execution Started
[INFO ] 2024-07-30 14:37:41.087 [main] Testhooks - Browser got launched
[INFO ] 2024-07-30 14:37:42.613 [main] Testhooks - Navigated to url
[INFO ] 2024-07-30 14:37:43.837 [main] Signinpage - User enters valid email address
[INFO ] 2024-07-30 14:37:43.977 [main] Signinpage - User enters valid password
[INFO ] 2024-07-30 14:37:44.093 [main] Signinpage - User clicks on signin button
[INFO ] 2024-07-30 14:37:44.093 [main] Members - >> Admin/User got logged in >>
[INFO ] 2024-07-30 14:37:47.387 [main] Memberspage - >> Admin/User got navigated to dashboard page
[INFO ] 2024-07-30 14:37:48.551 [main] Ticketspage - >> Admin/User got navigated to Tickets page
[INFO ] 2024-07-30 14:37:49.018 [main] Ticketspage - >> Admin/User clicked New Ticket btn
[INFO ] 2024-07-30 14:37:54.014 [main] Testhooks - Failed scenario screenshot got capturedT002_Create the Ticket with valid inputs
[INFO ] 2024-07-30 14:39:36.244 [main] Testhooks - Execution Started
[INFO ] 2024-07-30 14:39:37.172 [main] Testhooks - Browser got launched
[INFO ] 2024-07-30 14:39:38.805 [main] Testhooks - Navigated to url
[INFO ] 2024-07-30 14:39:40.034 [main] Signinpage - User enters valid email address
[INFO ] 2024-07-30 14:39:40.173 [main] Signinpage - User enters valid password
[INFO ] 2024-07-30 14:39:40.281 [main] Signinpage - User clicks on signin button
[INFO ] 2024-07-30 14:39:40.281 [main] Members - >> Admin/User got logged in >>
[INFO ] 2024-07-30 14:39:47.620 [main] Memberspage - >> Admin/User got navigated to dashboard page
[INFO ] 2024-07-30 14:39:48.651 [main] Ticketspage - >> Admin/User got navigated to Tickets page
[INFO ] 2024-07-30 14:39:49.019 [main] Ticketspage - >> Admin/User clicked New Ticket btn
[INFO ] 2024-07-30 14:39:53.672 [main] Testhooks - Failed scenario screenshot got capturedT002_Create the Ticket with valid inputs
[INFO ] 2024-07-30 14:45:28.374 [main] Testhooks - Execution Started
[INFO ] 2024-07-30 14:45:29.337 [main] Testhooks - Browser got launched
[INFO ] 2024-07-30 14:45:33.980 [main] Testhooks - Navigated to url
[INFO ] 2024-07-30 14:45:35.205 [main] Signinpage - User enters valid email address
[INFO ] 2024-07-30 14:45:35.344 [main] Signinpage - User enters valid password
[INFO ] 2024-07-30 14:45:35.457 [main] Signinpage - User clicks on signin button
[INFO ] 2024-07-30 14:45:35.457 [main] Members - >> Admin/User got logged in >>
[INFO ] 2024-07-30 14:45:37.994 [main] Memberspage - >> Admin/User got navigated to dashboard page
[INFO ] 2024-07-30 14:45:39.698 [main] Testhooks - Failed scenario screenshot got capturedT002_Create the Ticket with valid inputs
[INFO ] 2024-07-30 14:45:57.931 [main] Testhooks - Execution Started
[INFO ] 2024-07-30 14:45:58.877 [main] Testhooks - Browser got launched
[INFO ] 2024-07-30 14:46:00.265 [main] Testhooks - Navigated to url
[INFO ] 2024-07-30 14:46:01.540 [main] Signinpage - User enters valid email address
[INFO ] 2024-07-30 14:46:01.714 [main] Signinpage - User enters valid password
[INFO ] 2024-07-30 14:46:01.839 [main] Signinpage - User clicks on signin button
[INFO ] 2024-07-30 14:46:01.839 [main] Members - >> Admin/User got logged in >>
[INFO ] 2024-07-30 14:46:06.884 [main] Memberspage - >> Admin/User got navigated to dashboard page
[INFO ] 2024-07-30 14:46:08.638 [main] Testhooks - Failed scenario screenshot got capturedT002_Create the Ticket with valid inputs
[INFO ] 2024-07-30 14:46:32.193 [main] Testhooks - Execution Started
[INFO ] 2024-07-30 14:46:33.411 [main] Testhooks - Browser got launched
[INFO ] 2024-07-30 14:46:35.012 [main] Testhooks - Navigated to url
[INFO ] 2024-07-30 14:46:36.230 [main] Signinpage - User enters valid email address
[INFO ] 2024-07-30 14:46:36.369 [main] Signinpage - User enters valid password
[INFO ] 2024-07-30 14:46:36.481 [main] Signinpage - User clicks on signin button
[INFO ] 2024-07-30 14:46:36.482 [main] Members - >> Admin/User got logged in >>
[INFO ] 2024-07-30 14:46:48.517 [main] Memberspage - >> Admin/User got navigated to dashboard page
[INFO ] 2024-07-30 14:46:49.678 [main] Ticketspage - >> Admin/User got navigated to Tickets page
[INFO ] 2024-07-30 14:46:49.936 [main] Ticketspage - >> Admin/User clicked New Ticket btn
[INFO ] 2024-07-30 14:46:54.625 [main] Testhooks - Failed scenario screenshot got capturedT002_Create the Ticket with valid inputs
[INFO ] 2024-07-30 14:50:32.714 [main] Testhooks - Execution Started
[INFO ] 2024-07-30 14:50:33.876 [main] Testhooks - Browser got launched
[INFO ] 2024-07-30 14:50:35.347 [main] Testhooks - Navigated to url
[INFO ] 2024-07-30 14:50:36.596 [main] Signinpage - User enters valid email address
[INFO ] 2024-07-30 14:50:36.731 [main] Signinpage - User enters valid password
[INFO ] 2024-07-30 14:50:36.843 [main] Signinpage - User clicks on signin button
[INFO ] 2024-07-30 14:50:36.844 [main] Members - >> Admin/User got logged in >>
[INFO ] 2024-07-30 14:50:47.091 [main] Memberspage - >> Admin/User got navigated to dashboard page
[INFO ] 2024-07-30 14:50:47.914 [main] Ticketspage - >> Admin/User got navigated to Tickets page
[INFO ] 2024-07-30 14:50:48.335 [main] Ticketspage - >> Admin/User clicked New Ticket btn
[INFO ] 2024-07-30 14:50:53.115 [main] Testhooks - Failed scenario screenshot got capturedT002_Create the Ticket with valid inputs
[INFO ] 2024-07-30 14:51:51.871 [main] Testhooks - Execution Started
[INFO ] 2024-07-30 14:51:52.759 [main] Testhooks - Browser got launched
[INFO ] 2024-07-30 14:51:54.137 [main] Testhooks - Navigated to url
[INFO ] 2024-07-30 14:51:55.357 [main] Signinpage - User enters valid email address
[INFO ] 2024-07-30 14:51:55.495 [main] Signinpage - User enters valid password
[INFO ] 2024-07-30 14:51:55.604 [main] Signinpage - User clicks on signin button
[INFO ] 2024-07-30 14:51:55.604 [main] Members - >> Admin/User got logged in >>
[INFO ] 2024-07-30 14:51:58.096 [main] Memberspage - >> Admin/User got navigated to dashboard page
[INFO ] 2024-07-30 14:51:59.326 [main] Ticketspage - >> Admin/User got navigated to Tickets page
[INFO ] 2024-07-30 14:51:59.641 [main] Ticketspage - >> Admin/User clicked New Ticket btn
[INFO ] 2024-07-30 14:52:04.573 [main] Testhooks - Failed scenario screenshot got capturedT002_Create the Ticket with valid inputs
[INFO ] 2024-07-30 14:52:32.170 [main] Testhooks - Execution Started
[INFO ] 2024-07-30 14:52:33.222 [main] Testhooks - Browser got launched
[INFO ] 2024-07-30 14:52:34.622 [main] Testhooks - Navigated to url
[INFO ] 2024-07-30 14:52:35.850 [main] Signinpage - User enters valid email address
[INFO ] 2024-07-30 14:52:35.987 [main] Signinpage - User enters valid password
[INFO ] 2024-07-30 14:52:36.099 [main] Signinpage - User clicks on signin button
[INFO ] 2024-07-30 14:52:36.099 [main] Members - >> Admin/User got logged in >>
[INFO ] 2024-07-30 14:52:46.712 [main] Memberspage - >> Admin/User got navigated to dashboard page
[INFO ] 2024-07-30 14:52:47.363 [main] Ticketspage - >> Admin/User got navigated to Tickets page
[INFO ] 2024-07-30 14:52:47.798 [main] Ticketspage - >> Admin/User clicked New Ticket btn
[INFO ] 2024-07-30 14:52:52.536 [main] Testhooks - Failed scenario screenshot got capturedT002_Create the Ticket with valid inputs
[INFO ] 2024-07-30 18:05:08.955 [main] Testhooks - Execution Started
[INFO ] 2024-07-30 18:05:09.768 [main] Testhooks - Browser got launched
[INFO ] 2024-07-30 18:05:12.985 [main] Testhooks - Navigated to url
[INFO ] 2024-07-30 18:05:14.192 [main] Signinpage - User enters valid email address
[INFO ] 2024-07-30 18:05:14.329 [main] Signinpage - User enters valid password
[INFO ] 2024-07-30 18:05:14.436 [main] Signinpage - User clicks on signin button
[INFO ] 2024-07-30 18:05:14.437 [main] Members - >> Admin/User got logged in >>
[INFO ] 2024-07-30 18:05:18.004 [main] Memberspage - >> Admin/User got navigated to dashboard page
[INFO ] 2024-07-30 18:05:19.294 [main] Ticketspage - >> Admin/User got navigated to Tickets page
[INFO ] 2024-07-30 18:05:19.618 [main] Ticketspage - >> Admin/User clicked New Ticket btn
[INFO ] 2024-07-30 18:06:04.297 [main] Testhooks - Failed scenario screenshot got capturedT002_Create the Ticket with valid inputs
[INFO ] 2024-07-30 18:08:27.982 [main] Testhooks - Execution Started
[INFO ] 2024-07-30 18:08:28.828 [main] Testhooks - Browser got launched
[INFO ] 2024-07-30 18:08:31.526 [main] Testhooks - Navigated to url
[INFO ] 2024-07-30 18:08:32.730 [main] Signinpage - User enters valid email address
[INFO ] 2024-07-30 18:08:32.864 [main] Signinpage - User enters valid password
[INFO ] 2024-07-30 18:08:32.972 [main] Signinpage - User clicks on signin button
[INFO ] 2024-07-30 18:08:32.972 [main] Members - >> Admin/User got logged in >>
[INFO ] 2024-07-30 18:08:35.475 [main] Memberspage - >> Admin/User got navigated to dashboard page
[INFO ] 2024-07-30 18:08:37.265 [main] Testhooks - Failed scenario screenshot got capturedT002_Create the Ticket with valid inputs
[INFO ] 2024-07-30 18:08:51.823 [main] Testhooks - Execution Started
[INFO ] 2024-07-30 18:08:52.652 [main] Testhooks - Browser got launched
[INFO ] 2024-07-30 18:08:53.939 [main] Testhooks - Navigated to url
[INFO ] 2024-07-30 18:08:55.145 [main] Signinpage - User enters valid email address
[INFO ] 2024-07-30 18:08:55.283 [main] Signinpage - User enters valid password
[INFO ] 2024-07-30 18:08:55.388 [main] Signinpage - User clicks on signin button
[INFO ] 2024-07-30 18:08:55.388 [main] Members - >> Admin/User got logged in >>
[INFO ] 2024-07-30 18:08:58.071 [main] Memberspage - >> Admin/User got navigated to dashboard page
[INFO ] 2024-07-30 18:08:58.811 [main] Ticketspage - >> Admin/User got navigated to Tickets page
[INFO ] 2024-07-30 18:08:59.142 [main] Ticketspage - >> Admin/User clicked New Ticket btn
[INFO ] 2024-07-30 18:11:46.775 [main] Testhooks - Execution Started
[INFO ] 2024-07-30 18:11:47.591 [main] Testhooks - Browser got launched
[INFO ] 2024-07-30 18:11:48.884 [main] Testhooks - Navigated to url
[INFO ] 2024-07-30 18:11:50.098 [main] Signinpage - User enters valid email address
[INFO ] 2024-07-30 18:11:50.230 [main] Signinpage - User enters valid password
[INFO ] 2024-07-30 18:11:50.331 [main] Signinpage - User clicks on signin button
[INFO ] 2024-07-30 18:11:50.332 [main] Members - >> Admin/User got logged in >>
[INFO ] 2024-07-30 18:11:52.924 [main] Memberspage - >> Admin/User got navigated to dashboard page
[INFO ] 2024-07-30 18:11:53.997 [main] Ticketspage - >> Admin/User got navigated to Tickets page
[INFO ] 2024-07-30 18:11:54.274 [main] Ticketspage - >> Admin/User clicked New Ticket btn
