[INFO ] 2024-10-25 10:47:57.298 [main] Testhooks - Execution Started
[INFO ] 2024-10-25 10:47:58.172 [main] Testhooks - Browser got launched
[INFO ] 2024-10-25 10:47:59.578 [main] Testhooks - Navigated to url
[INFO ] 2024-10-25 10:48:00.771 [main] Signinpage - User enters valid email address
[INFO ] 2024-10-25 10:48:00.898 [main] Signinpage - User enters valid password
[INFO ] 2024-10-25 10:48:01.003 [main] Signinpage - User clicks on signin button
[INFO ] 2024-10-25 10:48:01.003 [main] Members - >> Admin/User got logged in >>
[INFO ] 2024-10-25 10:48:32.129 [main] Testhooks - Failed scenario screenshot got capturedT010_To verify the Stock View
[INFO ] 2024-10-25 10:48:32.281 [main] Testhooks - Browser got closed
[INFO ] 2024-10-25 18:48:53.384 [main] Testhooks - Execution Started
[INFO ] 2024-10-25 18:48:54.307 [main] Testhooks - Browser got launched
[INFO ] 2024-10-25 18:48:56.088 [main] Testhooks - Navigated to url
[INFO ] 2024-10-25 18:48:57.302 [main] Signinpage - User enters valid email address
[INFO ] 2024-10-25 18:48:57.430 [main] Signinpage - User enters valid password
[INFO ] 2024-10-25 18:48:57.539 [main] Signinpage - User clicks on signin button
[INFO ] 2024-10-25 18:48:57.539 [main] Members - >> Admin/User got logged in >>
[INFO ] 2024-10-25 18:49:00.172 [main] Memberspage - >> Admin/User got navigated to dashboard page
[INFO ] 2024-10-25 18:49:23.113 [main] Testhooks - Browser got closed
[INFO ] 2024-10-25 18:56:47.636 [main] Testhooks - Execution Started
[INFO ] 2024-10-25 18:56:48.577 [main] Testhooks - Browser got launched
[INFO ] 2024-10-25 18:56:50.218 [main] Testhooks - Navigated to url
[INFO ] 2024-10-25 18:56:51.435 [main] Signinpage - User enters valid email address
[INFO ] 2024-10-25 18:56:51.565 [main] Signinpage - User enters valid password
[INFO ] 2024-10-25 18:56:51.670 [main] Signinpage - User clicks on signin button
[INFO ] 2024-10-25 18:56:51.670 [main] Members - >> Admin/User got logged in >>
[INFO ] 2024-10-25 18:56:54.552 [main] Memberspage - >> Admin/User got navigated to dashboard page
[INFO ] 2024-10-25 18:57:08.401 [main] Testhooks - Failed scenario screenshot got capturedT002_Create the New Stock with valid inputs
[INFO ] 2024-10-25 18:57:08.545 [main] Testhooks - Browser got closed
