[INFO ] 2024-08-08 12:04:01.348 [main] Testhooks - Execution Started
[INFO ] 2024-08-08 12:04:02.255 [main] Testhooks - Browser got launched
[INFO ] 2024-08-08 12:04:05.686 [main] Testhooks - Navigated to url
[INFO ] 2024-08-08 12:04:06.893 [main] Signinpage - User enters valid email address
[INFO ] 2024-08-08 12:04:07.025 [main] Signinpage - User enters valid password
[INFO ] 2024-08-08 12:04:07.211 [main] Signinpage - User clicks on signin button
[INFO ] 2024-08-08 12:04:07.211 [main] Members - >> Admin/User got logged in >>
[INFO ] 2024-08-08 12:04:18.189 [main] Memberspage - >> Admin/User got navigated to dashboard page
[INFO ] 2024-08-08 12:04:19.263 [main] Billboardspage - >> Admin/User got navigated to billboard page
[INFO ] 2024-08-08 12:04:20.082 [main] Billboardspage - >> User selected the location:
[INFO ] 2024-08-08 12:04:33.634 [main] Testhooks - Browser got closed
[INFO ] 2024-08-08 12:07:44.860 [main] Testhooks - Execution Started
[INFO ] 2024-08-08 12:07:45.676 [main] Testhooks - Browser got launched
[INFO ] 2024-08-08 12:07:46.957 [main] Testhooks - Navigated to url
[INFO ] 2024-08-08 12:07:48.130 [main] Signinpage - User enters valid email address
[INFO ] 2024-08-08 12:07:48.251 [main] Signinpage - User enters valid password
[INFO ] 2024-08-08 12:07:48.359 [main] Signinpage - User clicks on signin button
[INFO ] 2024-08-08 12:07:48.359 [main] Members - >> Admin/User got logged in >>
[INFO ] 2024-08-08 12:07:51.128 [main] Memberspage - >> Admin/User got navigated to dashboard page
[INFO ] 2024-08-08 12:07:52.161 [main] Billboardspage - >> Admin/User got navigated to billboard page
[INFO ] 2024-08-08 12:07:52.943 [main] Billboardspage - >> User selected the location:
[INFO ] 2024-08-08 12:08:13.992 [main] Testhooks - Failed scenario screenshot got capturedT038_To verify the billboards features Mark it as non operational in Update BillBoard page
[INFO ] 2024-08-08 12:08:14.076 [main] Testhooks - Browser got closed
[INFO ] 2024-08-08 12:08:53.870 [main] Testhooks - Execution Started
[INFO ] 2024-08-08 12:08:54.694 [main] Testhooks - Browser got launched
[INFO ] 2024-08-08 12:08:56.061 [main] Testhooks - Navigated to url
[INFO ] 2024-08-08 12:08:57.262 [main] Signinpage - User enters valid email address
[INFO ] 2024-08-08 12:08:57.399 [main] Signinpage - User enters valid password
[INFO ] 2024-08-08 12:08:57.509 [main] Signinpage - User clicks on signin button
[INFO ] 2024-08-08 12:08:57.509 [main] Members - >> Admin/User got logged in >>
[INFO ] 2024-08-08 12:09:00.196 [main] Memberspage - >> Admin/User got navigated to dashboard page
[INFO ] 2024-08-08 12:09:03.575 [main] Billboardspage - >> Admin/User got navigated to billboard page
[INFO ] 2024-08-08 12:09:04.174 [main] Billboardspage - >> User selected the location:
[INFO ] 2024-08-08 12:09:04.969 [main] Testhooks - Browser got closed
[INFO ] 2024-08-08 12:35:04.764 [main] Testhooks - Execution Started
[INFO ] 2024-08-08 12:35:05.577 [main] Testhooks - Browser got launched
[INFO ] 2024-08-08 12:35:07.275 [main] Testhooks - Navigated to url
[INFO ] 2024-08-08 12:35:08.494 [main] Signinpage - User enters valid email address
[INFO ] 2024-08-08 12:35:08.624 [main] Signinpage - User enters valid password
[INFO ] 2024-08-08 12:35:08.728 [main] Signinpage - User clicks on signin button
[INFO ] 2024-08-08 12:35:08.728 [main] Members - >> Admin/User got logged in >>
[INFO ] 2024-08-08 12:35:17.570 [main] Memberspage - >> Admin/User got navigated to dashboard page
[INFO ] 2024-08-08 12:35:18.671 [main] Billboardspage - >> Admin/User got navigated to billboard page
[INFO ] 2024-08-08 12:35:19.524 [main] Billboardspage - >> User selected the location:
[INFO ] 2024-08-08 12:35:40.718 [main] Testhooks - Failed scenario screenshot got capturedT038_To verify the billboards features Mark it as non operational in Update BillBoard page
[INFO ] 2024-08-08 12:35:40.809 [main] Testhooks - Browser got closed
[INFO ] 2024-08-08 12:40:21.327 [main] Testhooks - Execution Started
[INFO ] 2024-08-08 12:40:22.127 [main] Testhooks - Browser got launched
[INFO ] 2024-08-08 12:40:23.459 [main] Testhooks - Navigated to url
[INFO ] 2024-08-08 12:40:24.664 [main] Signinpage - User enters valid email address
[INFO ] 2024-08-08 12:40:24.784 [main] Signinpage - User enters valid password
[INFO ] 2024-08-08 12:40:24.885 [main] Signinpage - User clicks on signin button
[INFO ] 2024-08-08 12:40:24.886 [main] Members - >> Admin/User got logged in >>
[INFO ] 2024-08-08 12:40:27.488 [main] Memberspage - >> Admin/User got navigated to dashboard page
[INFO ] 2024-08-08 12:40:28.688 [main] Billboardspage - >> Admin/User got navigated to billboard page
[INFO ] 2024-08-08 12:40:29.518 [main] Billboardspage - >> User selected the location:
[INFO ] 2024-08-08 12:40:44.694 [main] Testhooks - Failed scenario screenshot got capturedT037_To verify the billboards features clicks Mark it as non operational in Update BillBoard page
[INFO ] 2024-08-08 12:40:44.783 [main] Testhooks - Browser got closed
[INFO ] 2024-08-08 12:45:35.437 [main] Testhooks - Execution Started
[INFO ] 2024-08-08 12:45:36.408 [main] Testhooks - Browser got launched
[INFO ] 2024-08-08 12:45:38.041 [main] Testhooks - Navigated to url
[INFO ] 2024-08-08 12:45:39.260 [main] Signinpage - User enters valid email address
[INFO ] 2024-08-08 12:45:39.396 [main] Signinpage - User enters valid password
[INFO ] 2024-08-08 12:45:39.509 [main] Signinpage - User clicks on signin button
[INFO ] 2024-08-08 12:45:39.509 [main] Members - >> Admin/User got logged in >>
[INFO ] 2024-08-08 12:45:46.392 [main] Memberspage - >> Admin/User got navigated to dashboard page
[INFO ] 2024-08-08 12:45:48.340 [main] Billboardspage - >> Admin/User got navigated to billboard page
[INFO ] 2024-08-08 12:45:49.154 [main] Billboardspage - >> User selected the location:
[INFO ] 2024-08-08 12:45:50.684 [main] Testhooks - Browser got closed
[INFO ] 2024-08-08 12:46:05.315 [main] Testhooks - Execution Started
[INFO ] 2024-08-08 12:46:06.189 [main] Testhooks - Browser got launched
[INFO ] 2024-08-08 12:46:08.199 [main] Testhooks - Navigated to url
[INFO ] 2024-08-08 12:46:09.407 [main] Signinpage - User enters valid email address
[INFO ] 2024-08-08 12:46:09.541 [main] Signinpage - User enters valid password
[INFO ] 2024-08-08 12:46:09.651 [main] Signinpage - User clicks on signin button
[INFO ] 2024-08-08 12:46:09.651 [main] Members - >> Admin/User got logged in >>
[INFO ] 2024-08-08 12:46:16.816 [main] Memberspage - >> Admin/User got navigated to dashboard page
[INFO ] 2024-08-08 12:46:17.930 [main] Billboardspage - >> Admin/User got navigated to billboard page
[INFO ] 2024-08-08 12:46:18.799 [main] Billboardspage - >> User selected the location:
[INFO ] 2024-08-08 12:46:20.349 [main] Billboardspage - User enters reason
[INFO ] 2024-08-08 12:46:20.958 [main] Testhooks - Failed scenario screenshot got capturedT038_To verify the billboards features Mark it as non operational in Update BillBoard page
[INFO ] 2024-08-08 12:46:21.062 [main] Testhooks - Browser got closed
[INFO ] 2024-08-08 15:55:41.483 [main] Testhooks - Execution Started
[INFO ] 2024-08-08 15:55:42.282 [main] Testhooks - Browser got launched
[INFO ] 2024-08-08 15:55:43.825 [main] Testhooks - Navigated to url
[INFO ] 2024-08-08 15:55:45.002 [main] Signinpage - User enters valid email address
[INFO ] 2024-08-08 15:55:45.125 [main] Signinpage - User enters valid password
[INFO ] 2024-08-08 15:55:45.227 [main] Signinpage - User clicks on signin button
[INFO ] 2024-08-08 15:55:45.228 [main] Members - >> Admin/User got logged in >>
[INFO ] 2024-08-08 15:55:47.756 [main] Memberspage - >> Admin/User got navigated to dashboard page
[INFO ] 2024-08-08 15:55:48.883 [main] Billboardspage - >> Admin/User got navigated to billboard page
[INFO ] 2024-08-08 15:55:49.734 [main] Billboardspage - >> User selected the location:
[INFO ] 2024-08-08 15:56:00.817 [main] Testhooks - Failed scenario screenshot got capturedT038_To verify the billboards features Mark it as non operational in Update BillBoard page
[INFO ] 2024-08-08 15:56:00.918 [main] Testhooks - Browser got closed
[INFO ] 2024-08-08 15:56:43.819 [main] Testhooks - Execution Started
[INFO ] 2024-08-08 15:56:44.645 [main] Testhooks - Browser got launched
[INFO ] 2024-08-08 15:56:45.981 [main] Testhooks - Navigated to url
[INFO ] 2024-08-08 15:56:47.161 [main] Signinpage - User enters valid email address
[INFO ] 2024-08-08 15:56:47.284 [main] Signinpage - User enters valid password
[INFO ] 2024-08-08 15:56:47.388 [main] Signinpage - User clicks on signin button
[INFO ] 2024-08-08 15:56:47.388 [main] Members - >> Admin/User got logged in >>
[INFO ] 2024-08-08 15:56:50.004 [main] Memberspage - >> Admin/User got navigated to dashboard page
[INFO ] 2024-08-08 15:56:51.222 [main] Billboardspage - >> Admin/User got navigated to billboard page
[INFO ] 2024-08-08 15:56:52.129 [main] Billboardspage - >> User selected the location:
[INFO ] 2024-08-08 15:56:53.584 [main] Billboardspage - User enters reason
[INFO ] 2024-08-08 15:56:54.228 [main] Testhooks - Browser got closed
[INFO ] 2024-08-08 15:57:10.029 [main] Testhooks - Execution Started
[INFO ] 2024-08-08 15:57:10.839 [main] Testhooks - Browser got launched
[INFO ] 2024-08-08 15:57:13.076 [main] Testhooks - Navigated to url
[INFO ] 2024-08-08 15:57:14.282 [main] Signinpage - User enters valid email address
[INFO ] 2024-08-08 15:57:14.404 [main] Signinpage - User enters valid password
[INFO ] 2024-08-08 15:57:14.506 [main] Signinpage - User clicks on signin button
[INFO ] 2024-08-08 15:57:14.506 [main] Members - >> Admin/User got logged in >>
[INFO ] 2024-08-08 15:57:19.411 [main] Memberspage - >> Admin/User got navigated to dashboard page
[INFO ] 2024-08-08 15:57:21.058 [main] Billboardspage - >> Admin/User got navigated to billboard page
[INFO ] 2024-08-08 15:57:21.832 [main] Billboardspage - >> User selected the location:
[INFO ] 2024-08-08 15:57:33.050 [main] Testhooks - Failed scenario screenshot got capturedT038_To verify the billboards features Mark it as non operational in Update BillBoard page
[INFO ] 2024-08-08 15:57:33.150 [main] Testhooks - Browser got closed
[INFO ] 2024-08-08 15:57:57.177 [main] Testhooks - Execution Started
[INFO ] 2024-08-08 15:57:58.114 [main] Testhooks - Browser got launched
[INFO ] 2024-08-08 15:58:00.743 [main] Testhooks - Navigated to url
[INFO ] 2024-08-08 15:58:02.024 [main] Signinpage - User enters valid email address
[INFO ] 2024-08-08 15:58:02.190 [main] Signinpage - User enters valid password
[INFO ] 2024-08-08 15:58:02.336 [main] Signinpage - User clicks on signin button
[INFO ] 2024-08-08 15:58:02.337 [main] Members - >> Admin/User got logged in >>
[INFO ] 2024-08-08 15:58:05.498 [main] Memberspage - >> Admin/User got navigated to dashboard page
[INFO ] 2024-08-08 15:58:07.327 [main] Testhooks - Failed scenario screenshot got capturedT038_To verify the billboards features Mark it as non operational in Update BillBoard page
[INFO ] 2024-08-08 15:58:07.425 [main] Testhooks - Browser got closed
[INFO ] 2024-08-08 15:58:14.308 [main] Testhooks - Execution Started
[INFO ] 2024-08-08 15:58:15.205 [main] Testhooks - Browser got launched
[INFO ] 2024-08-08 15:58:16.785 [main] Testhooks - Navigated to url
[INFO ] 2024-08-08 15:58:17.991 [main] Signinpage - User enters valid email address
[INFO ] 2024-08-08 15:58:18.126 [main] Signinpage - User enters valid password
[INFO ] 2024-08-08 15:58:18.236 [main] Signinpage - User clicks on signin button
[INFO ] 2024-08-08 15:58:18.236 [main] Members - >> Admin/User got logged in >>
[INFO ] 2024-08-08 15:58:20.915 [main] Memberspage - >> Admin/User got navigated to dashboard page
[INFO ] 2024-08-08 15:58:21.957 [main] Billboardspage - >> Admin/User got navigated to billboard page
[INFO ] 2024-08-08 15:58:22.842 [main] Billboardspage - >> User selected the location:
[INFO ] 2024-08-08 15:58:24.520 [main] Billboardspage - User enters reason
[INFO ] 2024-08-08 15:58:25.147 [main] Testhooks - Browser got closed
[INFO ] 2024-08-08 16:58:02.816 [main] Testhooks - Execution Started
[INFO ] 2024-08-08 16:58:03.776 [main] Testhooks - Browser got launched
[INFO ] 2024-08-08 16:58:06.102 [main] Testhooks - Navigated to url
[INFO ] 2024-08-08 16:58:07.321 [main] Signinpage - User enters valid email address
[INFO ] 2024-08-08 16:58:07.457 [main] Signinpage - User enters valid password
[INFO ] 2024-08-08 16:58:07.571 [main] Signinpage - User clicks on signin button
[INFO ] 2024-08-08 16:58:07.572 [main] Members - >> Admin/User got logged in >>
[INFO ] 2024-08-08 16:58:17.257 [main] Memberspage - >> Admin/User got navigated to dashboard page
[INFO ] 2024-08-08 16:58:19.140 [main] Billboardspage - >> Admin/User got navigated to billboard page
[INFO ] 2024-08-08 16:58:20.371 [main] Testhooks - Browser got closed
[INFO ] 2024-08-08 17:03:58.189 [main] Testhooks - Execution Started
[INFO ] 2024-08-08 17:03:59.140 [main] Testhooks - Browser got launched
[INFO ] 2024-08-08 17:04:00.680 [main] Testhooks - Navigated to url
[INFO ] 2024-08-08 17:04:01.900 [main] Signinpage - User enters valid email address
[INFO ] 2024-08-08 17:04:02.059 [main] Signinpage - User enters valid password
[INFO ] 2024-08-08 17:04:02.174 [main] Signinpage - User clicks on signin button
[INFO ] 2024-08-08 17:04:02.174 [main] Members - >> Admin/User got logged in >>
[INFO ] 2024-08-08 17:04:04.732 [main] Memberspage - >> Admin/User got navigated to dashboard page
[INFO ] 2024-08-08 17:04:06.621 [main] Testhooks - Failed scenario screenshot got capturedT043_To verify the billboards features approve Mark it as non operational
[INFO ] 2024-08-08 17:04:06.721 [main] Testhooks - Browser got closed
[INFO ] 2024-08-08 17:04:22.276 [main] Testhooks - Execution Started
[INFO ] 2024-08-08 17:04:23.215 [main] Testhooks - Browser got launched
[INFO ] 2024-08-08 17:04:24.620 [main] Testhooks - Navigated to url
[INFO ] 2024-08-08 17:04:25.831 [main] Signinpage - User enters valid email address
[INFO ] 2024-08-08 17:04:25.960 [main] Signinpage - User enters valid password
[INFO ] 2024-08-08 17:04:26.074 [main] Signinpage - User clicks on signin button
[INFO ] 2024-08-08 17:04:26.074 [main] Members - >> Admin/User got logged in >>
[INFO ] 2024-08-08 17:04:28.735 [main] Memberspage - >> Admin/User got navigated to dashboard page
[INFO ] 2024-08-08 17:04:29.878 [main] Billboardspage - >> Admin/User got navigated to billboard page
[INFO ] 2024-08-08 17:04:31.706 [main] Testhooks - Failed scenario screenshot got capturedT043_To verify the billboards features approve Mark it as non operational
[INFO ] 2024-08-08 17:04:31.873 [main] Testhooks - Browser got closed
[INFO ] 2024-08-08 17:06:03.503 [main] Testhooks - Execution Started
[INFO ] 2024-08-08 17:06:04.319 [main] Testhooks - Browser got launched
[INFO ] 2024-08-08 17:06:06.048 [main] Testhooks - Navigated to url
[INFO ] 2024-08-08 17:06:07.229 [main] Signinpage - User enters valid email address
[INFO ] 2024-08-08 17:06:07.350 [main] Signinpage - User enters valid password
[INFO ] 2024-08-08 17:06:07.453 [main] Signinpage - User clicks on signin button
[INFO ] 2024-08-08 17:06:07.454 [main] Members - >> Admin/User got logged in >>
[INFO ] 2024-08-08 17:06:18.781 [main] Memberspage - >> Admin/User got navigated to dashboard page
[INFO ] 2024-08-08 17:06:19.929 [main] Billboardspage - >> Admin/User got navigated to billboard page
[INFO ] 2024-08-08 17:06:21.384 [main] Testhooks - Browser got closed
[INFO ] 2024-08-08 17:21:31.099 [main] Testhooks - Execution Started
[INFO ] 2024-08-08 17:21:32.330 [main] Testhooks - Browser got launched
[INFO ] 2024-08-08 17:21:34.172 [main] Testhooks - Navigated to url
[INFO ] 2024-08-08 17:21:35.375 [main] Signinpage - User enters valid email address
[INFO ] 2024-08-08 17:21:35.498 [main] Signinpage - User enters valid password
[INFO ] 2024-08-08 17:21:35.597 [main] Signinpage - User clicks on signin button
[INFO ] 2024-08-08 17:21:35.598 [main] Members - >> Admin/User got logged in >>
[INFO ] 2024-08-08 17:21:47.591 [main] Memberspage - >> Admin/User got navigated to dashboard page
[INFO ] 2024-08-08 17:21:48.644 [main] Billboardspage - >> Admin/User got navigated to billboard page
[INFO ] 2024-08-08 17:22:10.055 [main] Testhooks - Failed scenario screenshot got capturedT043_To verify the billboards features approve Mark it as non operational
[INFO ] 2024-08-08 17:22:10.147 [main] Testhooks - Browser got closed
[INFO ] 2024-08-08 17:42:41.414 [main] Testhooks - Execution Started
[INFO ] 2024-08-08 17:42:42.303 [main] Testhooks - Browser got launched
[INFO ] 2024-08-08 17:42:44.096 [main] Testhooks - Navigated to url
[INFO ] 2024-08-08 17:42:45.299 [main] Signinpage - User enters valid email address
[INFO ] 2024-08-08 17:42:45.430 [main] Signinpage - User enters valid password
[INFO ] 2024-08-08 17:42:45.545 [main] Signinpage - User clicks on signin button
[INFO ] 2024-08-08 17:42:45.546 [main] Members - >> Admin/User got logged in >>
[INFO ] 2024-08-08 17:42:48.665 [main] Memberspage - >> Admin/User got navigated to dashboard page
[INFO ] 2024-08-08 17:42:49.721 [main] Billboardspage - >> Admin/User got navigated to billboard page
[INFO ] 2024-08-08 17:42:50.025 [main] Billboardspage - >> Admin/User clicked new billboard btn
[INFO ] 2024-08-08 17:43:14.086 [main] Testhooks - Failed scenario screenshot got capturedT002_Invite the Billboard with valid inputs
[INFO ] 2024-08-08 17:43:14.227 [main] Testhooks - Browser got closed
[INFO ] 2024-08-08 17:44:53.249 [main] Testhooks - Execution Started
[INFO ] 2024-08-08 17:44:54.179 [main] Testhooks - Browser got launched
[INFO ] 2024-08-08 17:44:55.617 [main] Testhooks - Navigated to url
[INFO ] 2024-08-08 17:44:56.823 [main] Signinpage - User enters valid email address
[INFO ] 2024-08-08 17:44:56.956 [main] Signinpage - User enters valid password
[INFO ] 2024-08-08 17:44:57.065 [main] Signinpage - User clicks on signin button
[INFO ] 2024-08-08 17:44:57.065 [main] Members - >> Admin/User got logged in >>
[INFO ] 2024-08-08 17:44:59.853 [main] Memberspage - >> Admin/User got navigated to dashboard page
[INFO ] 2024-08-08 17:45:03.652 [main] Billboardspage - >> Admin/User got navigated to billboard page
[INFO ] 2024-08-08 17:45:04.033 [main] Billboardspage - >> Admin/User clicked new billboard btn
[INFO ] 2024-08-08 17:45:28.200 [main] Testhooks - Failed scenario screenshot got capturedT002_Invite the Billboard with valid inputs
[INFO ] 2024-08-08 17:45:28.349 [main] Testhooks - Browser got closed
[INFO ] 2024-08-08 17:47:07.535 [main] Testhooks - Execution Started
[INFO ] 2024-08-08 17:47:08.450 [main] Testhooks - Browser got launched
[INFO ] 2024-08-08 17:47:10.355 [main] Testhooks - Navigated to url
[INFO ] 2024-08-08 17:47:11.563 [main] Signinpage - User enters valid email address
[INFO ] 2024-08-08 17:47:11.693 [main] Signinpage - User enters valid password
[INFO ] 2024-08-08 17:47:11.802 [main] Signinpage - User clicks on signin button
[INFO ] 2024-08-08 17:47:11.802 [main] Members - >> Admin/User got logged in >>
[INFO ] 2024-08-08 17:47:18.964 [main] Memberspage - >> Admin/User got navigated to dashboard page
[INFO ] 2024-08-08 17:47:20.154 [main] Billboardspage - >> Admin/User got navigated to billboard page
[INFO ] 2024-08-08 17:47:20.467 [main] Billboardspage - >> Admin/User clicked new billboard btn
[INFO ] 2024-08-08 17:47:44.579 [main] Testhooks - Failed scenario screenshot got capturedT002_Invite the Billboard with valid inputs
[INFO ] 2024-08-08 17:47:44.721 [main] Testhooks - Browser got closed
[INFO ] 2024-08-08 17:50:56.210 [main] Testhooks - Execution Started
[INFO ] 2024-08-08 17:50:57.091 [main] Testhooks - Browser got launched
[INFO ] 2024-08-08 17:50:58.504 [main] Testhooks - Navigated to url
[INFO ] 2024-08-08 17:50:59.719 [main] Signinpage - User enters valid email address
[INFO ] 2024-08-08 17:50:59.852 [main] Signinpage - User enters valid password
[INFO ] 2024-08-08 17:50:59.965 [main] Signinpage - User clicks on signin button
[INFO ] 2024-08-08 17:50:59.965 [main] Members - >> Admin/User got logged in >>
[INFO ] 2024-08-08 17:51:02.763 [main] Memberspage - >> Admin/User got navigated to dashboard page
[INFO ] 2024-08-08 17:51:14.945 [main] Testhooks - Failed scenario screenshot got capturedT002_Invite the Billboard with valid inputs
[INFO ] 2024-08-08 17:51:15.094 [main] Testhooks - Browser got closed
[INFO ] 2024-08-08 17:51:27.549 [main] Testhooks - Execution Started
[INFO ] 2024-08-08 17:51:28.402 [main] Testhooks - Browser got launched
[INFO ] 2024-08-08 17:51:29.722 [main] Testhooks - Navigated to url
[INFO ] 2024-08-08 17:51:30.964 [main] Signinpage - User enters valid email address
[INFO ] 2024-08-08 17:51:31.126 [main] Signinpage - User enters valid password
[INFO ] 2024-08-08 17:51:31.262 [main] Signinpage - User clicks on signin button
[INFO ] 2024-08-08 17:51:31.262 [main] Members - >> Admin/User got logged in >>
[INFO ] 2024-08-08 17:51:35.133 [main] Memberspage - >> Admin/User got navigated to dashboard page
[INFO ] 2024-08-08 17:51:36.973 [main] Testhooks - Failed scenario screenshot got capturedT002_Invite the Billboard with valid inputs
[INFO ] 2024-08-08 17:51:37.065 [main] Testhooks - Browser got closed
[INFO ] 2024-08-08 17:51:49.318 [main] Testhooks - Execution Started
[INFO ] 2024-08-08 17:51:50.172 [main] Testhooks - Browser got launched
[INFO ] 2024-08-08 17:51:51.577 [main] Testhooks - Navigated to url
[INFO ] 2024-08-08 17:51:52.784 [main] Signinpage - User enters valid email address
[INFO ] 2024-08-08 17:51:52.920 [main] Signinpage - User enters valid password
[INFO ] 2024-08-08 17:51:53.034 [main] Signinpage - User clicks on signin button
[INFO ] 2024-08-08 17:51:53.034 [main] Members - >> Admin/User got logged in >>
[INFO ] 2024-08-08 17:51:55.622 [main] Memberspage - >> Admin/User got navigated to dashboard page
[INFO ] 2024-08-08 17:51:56.830 [main] Billboardspage - >> Admin/User got navigated to billboard page
[INFO ] 2024-08-08 17:51:57.172 [main] Billboardspage - >> Admin/User clicked new billboard btn
[INFO ] 2024-08-08 17:52:11.015 [main] Testhooks - Failed scenario screenshot got capturedT002_Invite the Billboard with valid inputs
[INFO ] 2024-08-08 17:52:11.162 [main] Testhooks - Browser got closed
[INFO ] 2024-08-08 17:52:34.718 [main] Testhooks - Execution Started
[INFO ] 2024-08-08 17:52:35.619 [main] Testhooks - Browser got launched
[INFO ] 2024-08-08 17:52:37.221 [main] Testhooks - Navigated to url
[INFO ] 2024-08-08 17:52:38.428 [main] Signinpage - User enters valid email address
[INFO ] 2024-08-08 17:52:38.562 [main] Signinpage - User enters valid password
[INFO ] 2024-08-08 17:52:38.673 [main] Signinpage - User clicks on signin button
[INFO ] 2024-08-08 17:52:38.674 [main] Members - >> Admin/User got logged in >>
[INFO ] 2024-08-08 17:52:48.133 [main] Memberspage - >> Admin/User got navigated to dashboard page
[INFO ] 2024-08-08 17:52:49.234 [main] Billboardspage - >> Admin/User got navigated to billboard page
[INFO ] 2024-08-08 17:52:49.583 [main] Billboardspage - >> Admin/User clicked new billboard btn
[INFO ] 2024-08-08 17:53:03.182 [main] Testhooks - Failed scenario screenshot got capturedT002_Invite the Billboard with valid inputs
[INFO ] 2024-08-08 17:53:03.325 [main] Testhooks - Browser got closed
[INFO ] 2024-08-08 17:55:37.939 [main] Testhooks - Execution Started
[INFO ] 2024-08-08 17:55:38.851 [main] Testhooks - Browser got launched
[INFO ] 2024-08-08 17:55:40.573 [main] Testhooks - Navigated to url
[INFO ] 2024-08-08 17:55:41.778 [main] Signinpage - User enters valid email address
[INFO ] 2024-08-08 17:55:41.911 [main] Signinpage - User enters valid password
[INFO ] 2024-08-08 17:55:42.022 [main] Signinpage - User clicks on signin button
[INFO ] 2024-08-08 17:55:42.022 [main] Members - >> Admin/User got logged in >>
[INFO ] 2024-08-08 17:55:46.857 [main] Memberspage - >> Admin/User got navigated to dashboard page
[INFO ] 2024-08-08 17:55:48.054 [main] Billboardspage - >> Admin/User got navigated to billboard page
[INFO ] 2024-08-08 17:55:48.441 [main] Billboardspage - >> Admin/User clicked new billboard btn
[INFO ] 2024-08-08 17:56:02.462 [main] Testhooks - Failed scenario screenshot got capturedT002_Invite the Billboard with valid inputs
[INFO ] 2024-08-08 17:56:02.609 [main] Testhooks - Browser got closed
[INFO ] 2024-08-08 17:56:27.338 [main] Testhooks - Execution Started
[INFO ] 2024-08-08 17:56:28.253 [main] Testhooks - Browser got launched
[INFO ] 2024-08-08 17:56:29.717 [main] Testhooks - Navigated to url
[INFO ] 2024-08-08 17:56:31.010 [main] Signinpage - User enters valid email address
[INFO ] 2024-08-08 17:56:31.175 [main] Signinpage - User enters valid password
[INFO ] 2024-08-08 17:56:31.318 [main] Signinpage - User clicks on signin button
[INFO ] 2024-08-08 17:56:31.318 [main] Members - >> Admin/User got logged in >>
[INFO ] 2024-08-08 17:56:34.878 [main] Memberspage - >> Admin/User got navigated to dashboard page
[INFO ] 2024-08-08 17:56:36.661 [main] Testhooks - Failed scenario screenshot got capturedT002_Invite the Billboard with valid inputs
[INFO ] 2024-08-08 17:56:36.755 [main] Testhooks - Browser got closed
[INFO ] 2024-08-08 17:57:10.101 [main] Testhooks - Execution Started
[INFO ] 2024-08-08 17:57:11.002 [main] Testhooks - Browser got launched
[INFO ] 2024-08-08 17:57:12.636 [main] Testhooks - Navigated to url
[INFO ] 2024-08-08 17:57:13.847 [main] Signinpage - User enters valid email address
[INFO ] 2024-08-08 17:57:13.978 [main] Signinpage - User enters valid password
[INFO ] 2024-08-08 17:57:14.088 [main] Signinpage - User clicks on signin button
[INFO ] 2024-08-08 17:57:14.088 [main] Members - >> Admin/User got logged in >>
[INFO ] 2024-08-08 17:57:18.892 [main] Memberspage - >> Admin/User got navigated to dashboard page
[INFO ] 2024-08-08 17:57:19.992 [main] Billboardspage - >> Admin/User got navigated to billboard page
[INFO ] 2024-08-08 17:57:20.299 [main] Billboardspage - >> Admin/User clicked new billboard btn
[INFO ] 2024-08-08 17:57:34.287 [main] Testhooks - Failed scenario screenshot got capturedT002_Invite the Billboard with valid inputs
[INFO ] 2024-08-08 17:57:34.430 [main] Testhooks - Browser got closed
[INFO ] 2024-08-08 17:59:34.044 [main] Testhooks - Execution Started
[INFO ] 2024-08-08 17:59:34.935 [main] Testhooks - Browser got launched
[INFO ] 2024-08-08 17:59:36.265 [main] Testhooks - Navigated to url
[INFO ] 2024-08-08 17:59:37.472 [main] Signinpage - User enters valid email address
[INFO ] 2024-08-08 17:59:37.601 [main] Signinpage - User enters valid password
[INFO ] 2024-08-08 17:59:37.712 [main] Signinpage - User clicks on signin button
[INFO ] 2024-08-08 17:59:37.712 [main] Members - >> Admin/User got logged in >>
[INFO ] 2024-08-08 17:59:50.063 [main] Memberspage - >> Admin/User got navigated to dashboard page
[INFO ] 2024-08-08 17:59:51.116 [main] Billboardspage - >> Admin/User got navigated to billboard page
[INFO ] 2024-08-08 17:59:51.397 [main] Billboardspage - >> Admin/User clicked new billboard btn
[INFO ] 2024-08-08 18:00:15.233 [main] Testhooks - Failed scenario screenshot got capturedT002_Invite the Billboard with valid inputs
[INFO ] 2024-08-08 18:00:15.324 [main] Testhooks - Browser got closed
[INFO ] 2024-08-08 18:01:05.553 [main] Testhooks - Execution Started
[INFO ] 2024-08-08 18:01:06.478 [main] Testhooks - Browser got launched
[INFO ] 2024-08-08 18:01:08.232 [main] Testhooks - Navigated to url
[INFO ] 2024-08-08 18:01:09.436 [main] Signinpage - User enters valid email address
[INFO ] 2024-08-08 18:01:09.577 [main] Signinpage - User enters valid password
[INFO ] 2024-08-08 18:01:09.684 [main] Signinpage - User clicks on signin button
[INFO ] 2024-08-08 18:01:09.684 [main] Members - >> Admin/User got logged in >>
[INFO ] 2024-08-08 18:01:19.699 [main] Memberspage - >> Admin/User got navigated to dashboard page
[INFO ] 2024-08-08 18:01:20.774 [main] Billboardspage - >> Admin/User got navigated to billboard page
[INFO ] 2024-08-08 18:01:21.100 [main] Billboardspage - >> Admin/User clicked new billboard btn
[INFO ] 2024-08-08 18:01:45.023 [main] Testhooks - Failed scenario screenshot got capturedT002_Invite the Billboard with valid inputs
[INFO ] 2024-08-08 18:01:45.111 [main] Testhooks - Browser got closed
[INFO ] 2024-08-08 18:03:53.913 [main] Testhooks - Execution Started
[INFO ] 2024-08-08 18:03:54.880 [main] Testhooks - Browser got launched
[INFO ] 2024-08-08 18:03:56.374 [main] Testhooks - Navigated to url
[INFO ] 2024-08-08 18:03:57.586 [main] Signinpage - User enters valid email address
[INFO ] 2024-08-08 18:03:57.730 [main] Signinpage - User enters valid password
[INFO ] 2024-08-08 18:03:57.859 [main] Signinpage - User clicks on signin button
[INFO ] 2024-08-08 18:03:57.860 [main] Members - >> Admin/User got logged in >>
[INFO ] 2024-08-08 18:04:00.354 [main] Memberspage - >> Admin/User got navigated to dashboard page
[INFO ] 2024-08-08 18:04:02.042 [main] Testhooks - Failed scenario screenshot got capturedT002_Invite the Billboard with valid inputs
[INFO ] 2024-08-08 18:04:02.202 [main] Testhooks - Browser got closed
[INFO ] 2024-08-08 18:05:32.934 [main] Testhooks - Execution Started
[INFO ] 2024-08-08 18:05:33.819 [main] Testhooks - Browser got launched
[INFO ] 2024-08-08 18:05:35.307 [main] Testhooks - Navigated to url
[INFO ] 2024-08-08 18:05:36.516 [main] Signinpage - User enters valid email address
[INFO ] 2024-08-08 18:05:36.645 [main] Signinpage - User enters valid password
[INFO ] 2024-08-08 18:05:36.753 [main] Signinpage - User clicks on signin button
[INFO ] 2024-08-08 18:05:36.753 [main] Members - >> Admin/User got logged in >>
[INFO ] 2024-08-08 18:05:47.180 [main] Memberspage - >> Admin/User got navigated to dashboard page
[INFO ] 2024-08-08 18:05:48.309 [main] Billboardspage - >> Admin/User got navigated to billboard page
[INFO ] 2024-08-08 18:05:48.676 [main] Billboardspage - >> Admin/User clicked new billboard btn
[INFO ] 2024-08-08 18:06:12.563 [main] Testhooks - Failed scenario screenshot got capturedT002_Invite the Billboard with valid inputs
[INFO ] 2024-08-08 18:06:12.705 [main] Testhooks - Browser got closed
[INFO ] 2024-08-08 18:07:03.969 [main] Testhooks - Execution Started
[INFO ] 2024-08-08 18:07:04.897 [main] Testhooks - Browser got launched
[INFO ] 2024-08-08 18:07:06.562 [main] Testhooks - Navigated to url
[INFO ] 2024-08-08 18:07:07.770 [main] Signinpage - User enters valid email address
[INFO ] 2024-08-08 18:07:07.903 [main] Signinpage - User enters valid password
[INFO ] 2024-08-08 18:07:08.014 [main] Signinpage - User clicks on signin button
[INFO ] 2024-08-08 18:07:08.014 [main] Members - >> Admin/User got logged in >>
[INFO ] 2024-08-08 18:07:20.978 [main] Memberspage - >> Admin/User got navigated to dashboard page
[INFO ] 2024-08-08 18:07:22.022 [main] Billboardspage - >> Admin/User got navigated to billboard page
[INFO ] 2024-08-08 18:07:22.298 [main] Billboardspage - >> Admin/User clicked new billboard btn
[INFO ] 2024-08-08 18:07:28.525 [main] Billboardspage - >> Admin/User clicked new billboard btn
[INFO ] 2024-08-08 18:07:28.799 [main] Testhooks - Browser got closed
[INFO ] 2024-08-08 18:08:47.039 [main] Testhooks - Execution Started
[INFO ] 2024-08-08 18:08:47.978 [main] Testhooks - Browser got launched
[INFO ] 2024-08-08 18:08:49.392 [main] Testhooks - Navigated to url
[INFO ] 2024-08-08 18:08:50.608 [main] Signinpage - User enters valid email address
[INFO ] 2024-08-08 18:08:50.744 [main] Signinpage - User enters valid password
[INFO ] 2024-08-08 18:08:50.856 [main] Signinpage - User clicks on signin button
[INFO ] 2024-08-08 18:08:50.856 [main] Members - >> Admin/User got logged in >>
[INFO ] 2024-08-08 18:08:53.674 [main] Memberspage - >> Admin/User got navigated to dashboard page
[INFO ] 2024-08-08 18:08:54.764 [main] Billboardspage - >> Admin/User got navigated to billboard page
[INFO ] 2024-08-08 18:08:55.130 [main] Billboardspage - >> Admin/User clicked new billboard btn
[INFO ] 2024-08-08 18:09:01.332 [main] Billboardspage - >> Admin/User clicked new billboard btn
[INFO ] 2024-08-08 18:09:01.708 [main] Testhooks - Browser got closed
