[INFO ] 2024-09-05 01:52:37.486 [main] Testhooks - Execution Started
[INFO ] 2024-09-05 01:52:38.372 [main] Testhooks - Browser got launched
[INFO ] 2024-09-05 01:52:40.792 [main] Testhooks - Navigated to url
[INFO ] 2024-09-05 01:52:42.010 [main] Signinpage - User enters valid email address
[INFO ] 2024-09-05 01:52:42.143 [main] Signinpage - User enters valid password
[INFO ] 2024-09-05 01:52:42.291 [main] Signinpage - User clicks on signin button
[INFO ] 2024-09-05 01:52:42.291 [main] Members - >> Admin/User got logged in >>
[INFO ] 2024-09-05 01:52:45.427 [main] Memberspage - >> Admin/User got navigated to dashboard page
[INFO ] 2024-09-05 01:52:45.891 [main] Inventorypage - >> Admin/User got navigated to inventory page
[INFO ] 2024-09-05 02:00:56.853 [main] Testhooks - Execution Started
[INFO ] 2024-09-05 02:00:57.793 [main] Testhooks - Browser got launched
[INFO ] 2024-09-05 02:00:59.561 [main] Testhooks - Navigated to url
[INFO ] 2024-09-05 02:01:01.004 [main] Signinpage - User enters valid email address
[INFO ] 2024-09-05 02:01:01.468 [main] Signinpage - User enters valid password
[INFO ] 2024-09-05 02:01:01.684 [main] Signinpage - User clicks on signin button
[INFO ] 2024-09-05 02:01:01.685 [main] Members - >> Admin/User got logged in >>
[INFO ] 2024-09-05 02:01:04.152 [main] Memberspage - >> Admin/User got navigated to dashboard page
[INFO ] 2024-09-05 02:01:05.901 [main] Testhooks - Failed scenario screenshot got capturedT_DamageRec.supplier02_Create the New Return with valid inputs
[INFO ] 2024-09-05 02:01:25.935 [main] Testhooks - Execution Started
[INFO ] 2024-09-05 02:01:26.871 [main] Testhooks - Browser got launched
[INFO ] 2024-09-05 02:01:28.615 [main] Testhooks - Navigated to url
[INFO ] 2024-09-05 02:01:29.837 [main] Signinpage - User enters valid email address
[INFO ] 2024-09-05 02:01:29.992 [main] Signinpage - User enters valid password
[INFO ] 2024-09-05 02:01:30.106 [main] Signinpage - User clicks on signin button
[INFO ] 2024-09-05 02:01:30.109 [main] Members - >> Admin/User got logged in >>
[INFO ] 2024-09-05 02:01:34.171 [main] Memberspage - >> Admin/User got navigated to dashboard page
[INFO ] 2024-09-05 02:01:36.051 [main] Testhooks - Failed scenario screenshot got capturedT_DamageRec.supplier02_Create the New Return with valid inputs
[INFO ] 2024-09-05 02:02:06.259 [main] Testhooks - Execution Started
[INFO ] 2024-09-05 02:02:07.146 [main] Testhooks - Browser got launched
[INFO ] 2024-09-05 02:02:08.872 [main] Testhooks - Navigated to url
[INFO ] 2024-09-05 02:02:10.097 [main] Signinpage - User enters valid email address
[INFO ] 2024-09-05 02:02:10.229 [main] Signinpage - User enters valid password
[INFO ] 2024-09-05 02:02:10.342 [main] Signinpage - User clicks on signin button
[INFO ] 2024-09-05 02:02:10.342 [main] Members - >> Admin/User got logged in >>
[INFO ] 2024-09-05 02:02:14.564 [main] Memberspage - >> Admin/User got navigated to dashboard page
[INFO ] 2024-09-05 02:02:15.108 [main] Inventorypage - >> Admin/User got navigated to inventory page
[INFO ] 2024-09-05 02:04:25.796 [main] Testhooks - Execution Started
[INFO ] 2024-09-05 02:04:26.696 [main] Testhooks - Browser got launched
[INFO ] 2024-09-05 02:04:28.977 [main] Testhooks - Navigated to url
[INFO ] 2024-09-05 02:04:30.198 [main] Signinpage - User enters valid email address
[INFO ] 2024-09-05 02:04:30.365 [main] Signinpage - User enters valid password
[INFO ] 2024-09-05 02:04:30.558 [main] Signinpage - User clicks on signin button
[INFO ] 2024-09-05 02:04:30.558 [main] Members - >> Admin/User got logged in >>
[INFO ] 2024-09-05 02:04:33.872 [main] Memberspage - >> Admin/User got navigated to dashboard page
[INFO ] 2024-09-05 02:04:35.730 [main] Testhooks - Failed scenario screenshot got capturedT_DamageRec.supplier02_Create the New Return with valid inputs
[INFO ] 2024-09-05 02:05:01.418 [main] Testhooks - Execution Started
[INFO ] 2024-09-05 02:05:02.941 [main] Testhooks - Browser got launched
[INFO ] 2024-09-05 02:05:04.692 [main] Testhooks - Navigated to url
[INFO ] 2024-09-05 02:05:05.915 [main] Signinpage - User enters valid email address
[INFO ] 2024-09-05 02:05:06.070 [main] Signinpage - User enters valid password
[INFO ] 2024-09-05 02:05:06.177 [main] Signinpage - User clicks on signin button
[INFO ] 2024-09-05 02:05:06.177 [main] Members - >> Admin/User got logged in >>
[INFO ] 2024-09-05 02:05:15.274 [main] Memberspage - >> Admin/User got navigated to dashboard page
[INFO ] 2024-09-05 02:05:16.519 [main] Inventorypage - >> Admin/User got navigated to inventory page
[INFO ] 2024-09-05 02:05:43.756 [main] Testhooks - Failed scenario screenshot got capturedT_DamageRec.supplier02_Create the New Return with valid inputs
[INFO ] 2024-09-05 02:06:27.067 [main] Testhooks - Execution Started
[INFO ] 2024-09-05 02:06:27.914 [main] Testhooks - Browser got launched
[INFO ] 2024-09-05 02:06:29.694 [main] Testhooks - Navigated to url
[INFO ] 2024-09-05 02:06:31.030 [main] Signinpage - User enters valid email address
[INFO ] 2024-09-05 02:06:31.284 [main] Signinpage - User enters valid password
[INFO ] 2024-09-05 02:06:31.528 [main] Signinpage - User clicks on signin button
[INFO ] 2024-09-05 02:06:31.528 [main] Members - >> Admin/User got logged in >>
[INFO ] 2024-09-05 02:06:34.154 [main] Memberspage - >> Admin/User got navigated to dashboard page
[INFO ] 2024-09-05 02:06:35.998 [main] Testhooks - Failed scenario screenshot got capturedT_DamageRec.supplier02_Create the New Return with valid inputs
[INFO ] 2024-09-05 02:06:53.488 [main] Testhooks - Execution Started
[INFO ] 2024-09-05 02:06:54.349 [main] Testhooks - Browser got launched
[INFO ] 2024-09-05 02:06:56.030 [main] Testhooks - Navigated to url
[INFO ] 2024-09-05 02:06:57.258 [main] Signinpage - User enters valid email address
[INFO ] 2024-09-05 02:06:57.400 [main] Signinpage - User enters valid password
[INFO ] 2024-09-05 02:06:57.513 [main] Signinpage - User clicks on signin button
[INFO ] 2024-09-05 02:06:57.513 [main] Members - >> Admin/User got logged in >>
[INFO ] 2024-09-05 02:07:00.218 [main] Memberspage - >> Admin/User got navigated to dashboard page
[INFO ] 2024-09-05 02:07:01.373 [main] Inventorypage - >> Admin/User got navigated to inventory page
[INFO ] 2024-09-05 02:07:32.688 [main] Testhooks - Failed scenario screenshot got capturedT_DamageRec.supplier02_Create the New Return with valid inputs
[INFO ] 2024-09-05 02:08:14.175 [main] Testhooks - Execution Started
[INFO ] 2024-09-05 02:08:15.014 [main] Testhooks - Browser got launched
[INFO ] 2024-09-05 02:08:16.854 [main] Testhooks - Navigated to url
[INFO ] 2024-09-05 02:08:18.065 [main] Signinpage - User enters valid email address
[INFO ] 2024-09-05 02:08:18.201 [main] Signinpage - User enters valid password
[INFO ] 2024-09-05 02:08:18.311 [main] Signinpage - User clicks on signin button
[INFO ] 2024-09-05 02:08:18.311 [main] Members - >> Admin/User got logged in >>
[INFO ] 2024-09-05 02:08:20.946 [main] Memberspage - >> Admin/User got navigated to dashboard page
[INFO ] 2024-09-05 02:08:21.388 [main] Inventorypage - >> Admin/User got navigated to inventory page
[INFO ] 2024-09-05 02:08:50.388 [main] Testhooks - Failed scenario screenshot got capturedT_DamageRec.supplier02_Create the New Return with valid inputs
[INFO ] 2024-09-05 13:49:37.367 [main] Testhooks - Execution Started
[INFO ] 2024-09-05 13:49:38.288 [main] Testhooks - Browser got launched
[INFO ] 2024-09-05 13:49:40.190 [main] Testhooks - Navigated to url
[INFO ] 2024-09-05 13:49:41.395 [main] Signinpage - User enters valid email address
[INFO ] 2024-09-05 13:49:41.531 [main] Signinpage - User enters valid password
[INFO ] 2024-09-05 13:49:41.636 [main] Signinpage - User clicks on signin button
[INFO ] 2024-09-05 13:49:41.637 [main] Members - >> Admin/User got logged in >>
[INFO ] 2024-09-05 13:49:44.860 [main] Memberspage - >> Admin/User got navigated to dashboard page
[INFO ] 2024-09-05 13:49:45.455 [main] Inventorypage - >> Admin/User got navigated to inventory page
[INFO ] 2024-09-05 13:50:14.467 [main] Testhooks - Failed scenario screenshot got capturedT_DamageRec.supplier02_Create the New Return with valid inputs
[INFO ] 2024-09-05 13:51:38.344 [main] Testhooks - Execution Started
[INFO ] 2024-09-05 13:51:39.162 [main] Testhooks - Browser got launched
[INFO ] 2024-09-05 13:51:41.247 [main] Testhooks - Navigated to url
[INFO ] 2024-09-05 13:51:42.450 [main] Signinpage - User enters valid email address
[INFO ] 2024-09-05 13:51:42.622 [main] Signinpage - User enters valid password
[INFO ] 2024-09-05 13:51:42.751 [main] Signinpage - User clicks on signin button
[INFO ] 2024-09-05 13:51:42.751 [main] Members - >> Admin/User got logged in >>
[INFO ] 2024-09-05 13:51:45.876 [main] Memberspage - >> Admin/User got navigated to dashboard page
[INFO ] 2024-09-05 13:51:46.434 [main] Inventorypage - >> Admin/User got navigated to inventory page
[INFO ] 2024-09-05 13:52:15.880 [main] Testhooks - Failed scenario screenshot got capturedT_DamageRec.supplier02_Create the New Return with valid inputs
[INFO ] 2024-09-05 13:54:49.854 [main] Testhooks - Execution Started
[INFO ] 2024-09-05 13:54:50.773 [main] Testhooks - Browser got launched
[INFO ] 2024-09-05 13:54:52.388 [main] Testhooks - Navigated to url
[INFO ] 2024-09-05 13:54:53.609 [main] Signinpage - User enters valid email address
[INFO ] 2024-09-05 13:54:53.763 [main] Signinpage - User enters valid password
[INFO ] 2024-09-05 13:54:53.877 [main] Signinpage - User clicks on signin button
[INFO ] 2024-09-05 13:54:53.878 [main] Members - >> Admin/User got logged in >>
[INFO ] 2024-09-05 13:54:56.744 [main] Memberspage - >> Admin/User got navigated to dashboard page
[INFO ] 2024-09-05 13:54:57.956 [main] Inventorypage - >> Admin/User got navigated to inventory page
[INFO ] 2024-09-05 13:55:08.442 [main] Testhooks - Failed scenario screenshot got capturedT_DamageRec.supplier02_Create the New Return with valid inputs
[INFO ] 2024-09-05 13:56:04.053 [main] Testhooks - Execution Started
[INFO ] 2024-09-05 13:56:05.018 [main] Testhooks - Browser got launched
[INFO ] 2024-09-05 13:56:07.076 [main] Testhooks - Navigated to url
[INFO ] 2024-09-05 13:56:08.290 [main] Signinpage - User enters valid email address
[INFO ] 2024-09-05 13:56:08.425 [main] Signinpage - User enters valid password
[INFO ] 2024-09-05 13:56:08.545 [main] Signinpage - User clicks on signin button
[INFO ] 2024-09-05 13:56:08.545 [main] Members - >> Admin/User got logged in >>
[INFO ] 2024-09-05 13:56:15.225 [main] Memberspage - >> Admin/User got navigated to dashboard page
[INFO ] 2024-09-05 13:56:15.821 [main] Inventorypage - >> Admin/User got navigated to inventory page
[INFO ] 2024-09-05 13:57:16.078 [main] Testhooks - Failed scenario screenshot got capturedT_DamageRec.supplier02_Create the New Return with valid inputs
[INFO ] 2024-09-05 14:08:52.866 [main] Testhooks - Execution Started
[INFO ] 2024-09-05 14:08:53.710 [main] Testhooks - Browser got launched
[INFO ] 2024-09-05 14:08:55.395 [main] Testhooks - Navigated to url
[INFO ] 2024-09-05 14:08:56.616 [main] Signinpage - User enters valid email address
[INFO ] 2024-09-05 14:08:56.753 [main] Signinpage - User enters valid password
[INFO ] 2024-09-05 14:08:56.864 [main] Signinpage - User clicks on signin button
[INFO ] 2024-09-05 14:08:56.864 [main] Members - >> Admin/User got logged in >>
[INFO ] 2024-09-05 14:08:59.286 [main] Memberspage - >> Admin/User got navigated to dashboard page
[INFO ] 2024-09-05 14:09:00.040 [main] Inventorypage - >> Admin/User got navigated to inventory page
[INFO ] 2024-09-05 14:09:10.316 [main] Testhooks - Failed scenario screenshot got capturedT_DamageRec.supplier02_Create the New Return with valid inputs
[INFO ] 2024-09-05 14:09:58.722 [main] Testhooks - Execution Started
[INFO ] 2024-09-05 14:09:59.573 [main] Testhooks - Browser got launched
[INFO ] 2024-09-05 14:10:01.740 [main] Testhooks - Navigated to url
[INFO ] 2024-09-05 14:10:03.034 [main] Signinpage - User enters valid email address
[INFO ] 2024-09-05 14:10:03.178 [main] Signinpage - User enters valid password
[INFO ] 2024-09-05 14:10:03.292 [main] Signinpage - User clicks on signin button
[INFO ] 2024-09-05 14:10:03.292 [main] Members - >> Admin/User got logged in >>
[INFO ] 2024-09-05 14:10:18.889 [main] Memberspage - >> Admin/User got navigated to dashboard page
[INFO ] 2024-09-05 14:10:19.403 [main] Inventorypage - >> Admin/User got navigated to inventory page
[INFO ] 2024-09-05 14:10:31.804 [main] Testhooks - Failed scenario screenshot got capturedT_DamageRec.supplier02_Create the New Return with valid inputs
[INFO ] 2024-09-05 14:12:22.320 [main] Testhooks - Execution Started
[INFO ] 2024-09-05 14:12:23.218 [main] Testhooks - Browser got launched
[INFO ] 2024-09-05 14:12:24.860 [main] Testhooks - Navigated to url
[INFO ] 2024-09-05 14:12:26.074 [main] Signinpage - User enters valid email address
[INFO ] 2024-09-05 14:12:26.211 [main] Signinpage - User enters valid password
[INFO ] 2024-09-05 14:12:26.323 [main] Signinpage - User clicks on signin button
[INFO ] 2024-09-05 14:12:26.323 [main] Members - >> Admin/User got logged in >>
[INFO ] 2024-09-05 14:12:28.879 [main] Memberspage - >> Admin/User got navigated to dashboard page
[INFO ] 2024-09-05 14:12:29.326 [main] Inventorypage - >> Admin/User got navigated to inventory page
[INFO ] 2024-09-05 14:12:39.632 [main] Testhooks - Failed scenario screenshot got capturedT_DamageRec.supplier02_Create the New Return with valid inputs
[INFO ] 2024-09-05 14:13:06.318 [main] Testhooks - Execution Started
[INFO ] 2024-09-05 14:13:07.201 [main] Testhooks - Browser got launched
[INFO ] 2024-09-05 14:13:09.365 [main] Testhooks - Navigated to url
[INFO ] 2024-09-05 14:13:10.583 [main] Signinpage - User enters valid email address
[INFO ] 2024-09-05 14:13:10.719 [main] Signinpage - User enters valid password
[INFO ] 2024-09-05 14:13:10.830 [main] Signinpage - User clicks on signin button
[INFO ] 2024-09-05 14:13:10.830 [main] Members - >> Admin/User got logged in >>
[INFO ] 2024-09-05 14:13:17.954 [main] Memberspage - >> Admin/User got navigated to dashboard page
[INFO ] 2024-09-05 14:13:18.942 [main] Inventorypage - >> Admin/User got navigated to inventory page
[INFO ] 2024-09-05 14:14:31.089 [main] Testhooks - Failed scenario screenshot got capturedT_DamageRec.supplier02_Create the New Return with valid inputs
[INFO ] 2024-09-05 23:53:56.451 [main] Testhooks - Execution Started
[INFO ] 2024-09-05 23:53:57.291 [main] Testhooks - Browser got launched
[INFO ] 2024-09-05 23:53:58.922 [main] Testhooks - Navigated to url
[INFO ] 2024-09-05 23:54:00.108 [main] Signinpage - User enters valid email address
[INFO ] 2024-09-05 23:54:00.242 [main] Signinpage - User enters valid password
[INFO ] 2024-09-05 23:54:00.367 [main] Signinpage - User clicks on signin button
[INFO ] 2024-09-05 23:54:00.367 [main] Members - >> Admin/User got logged in >>
[INFO ] 2024-09-05 23:54:04.017 [main] Memberspage - >> Admin/User got navigated to dashboard page
[INFO ] 2024-09-05 23:54:05.788 [main] Testhooks - Failed scenario screenshot got capturedT_DamageRec.supplier14_To verify DamageRecSupplier edit of any field
[INFO ] 2024-09-05 23:54:24.645 [main] Testhooks - Execution Started
[INFO ] 2024-09-05 23:54:25.465 [main] Testhooks - Browser got launched
[INFO ] 2024-09-05 23:54:26.951 [main] Testhooks - Navigated to url
[INFO ] 2024-09-05 23:54:28.152 [main] Signinpage - User enters valid email address
[INFO ] 2024-09-05 23:54:28.279 [main] Signinpage - User enters valid password
[INFO ] 2024-09-05 23:54:28.387 [main] Signinpage - User clicks on signin button
[INFO ] 2024-09-05 23:54:28.387 [main] Members - >> Admin/User got logged in >>
[INFO ] 2024-09-05 23:54:32.227 [main] Memberspage - >> Admin/User got navigated to dashboard page
[INFO ] 2024-09-05 23:54:33.052 [main] Inventorypage - >> Admin/User got navigated to inventory page
[INFO ] 2024-09-05 23:57:09.992 [main] Testhooks - Execution Started
[INFO ] 2024-09-05 23:57:10.804 [main] Testhooks - Browser got launched
[INFO ] 2024-09-05 23:57:12.572 [main] Testhooks - Navigated to url
[INFO ] 2024-09-05 23:57:13.766 [main] Signinpage - User enters valid email address
[INFO ] 2024-09-05 23:57:13.895 [main] Signinpage - User enters valid password
[INFO ] 2024-09-05 23:57:14.000 [main] Signinpage - User clicks on signin button
[INFO ] 2024-09-05 23:57:14.000 [main] Members - >> Admin/User got logged in >>
[INFO ] 2024-09-05 23:57:16.562 [main] Memberspage - >> Admin/User got navigated to dashboard page
[INFO ] 2024-09-05 23:57:17.059 [main] Inventorypage - >> Admin/User got navigated to inventory page
[INFO ] 2024-09-05 23:57:33.031 [main] Testhooks - Failed scenario screenshot got capturedT_DamageRec.supplier16_To verify the DamageRecSupplier feature pagination 1st to 2nd page
